#
# There is insufficient memory for the Java Runtime Environment to continue.
# Native memory allocation (malloc) failed to allocate 955136 bytes for Chunk::new
# Possible reasons:
#   The system is out of physical RAM or swap space
#   The process is running with CompressedOops enabled, and the Java Heap may be blocking the growth of the native heap
# Possible solutions:
#   Reduce memory load on the system
#   Increase physical memory or swap space
#   Check if swap backing store is full
#   Decrease Java heap size (-Xmx/-Xms)
#   Decrease number of Java threads
#   Decrease Java thread stack sizes (-Xss)
#   Set larger code cache with -XX:ReservedCodeCacheSize=
#   JVM is running with Unscaled Compressed Oops mode in which the Java heap is
#     placed in the first 4GB address space. The Java Heap base address is the
#     maximum limit for the native heap growth. Please use -XX:HeapBaseMinAddress
#     to set the Java Heap base and to place the Java Heap above 4GB virtual address.
# This output file may be truncated or incomplete.
#
#  Out of Memory Error (arena.cpp:168), pid=16352, tid=11288
#
# JRE version: Java(TM) SE Runtime Environment (21.0.8+12) (build 21.0.8+12-LTS-250)
# Java VM: Java HotSpot(TM) 64-Bit Server VM (21.0.8+12-LTS-250, mixed mode, sharing, tiered, compressed oops, compressed class ptrs, g1 gc, windows-amd64)
# No core dump will be written. Minidumps are not enabled by default on client versions of Windows
#

---------------  S U M M A R Y ------------

Command Line: -Dmaven.home=EMBEDDED -Dclassworlds.conf=C:\Users\SUJITHA\eclipse-workspace\My Maven project 2025\.metadata\.plugins\org.eclipse.m2e.launching\launches\m2conf3792112907097629787.tmp -Dmaven.multiModuleProjectDirectory=C:\Users\SUJITHA\eclipse-workspace\My Maven project 2025\qa-framework -Dfile.encoding=Cp1252 -XX:+ShowCodeDetailsInExceptionMessages org.codehaus.plexus.classworlds.launcher.Launcher -B test

Host: Intel(R) Core(TM) i3-1005G1 CPU @ 1.20GHz, 4 cores, 7G,  Windows 11 , 64 bit Build 26100 (10.0.26100.6725)
Time: Mon Nov  3 12:55:04 2025 India Standard Time elapsed time: 13.834359 seconds (0d 0h 0m 13s)

---------------  T H R E A D  ---------------

Current thread (0x000001ba7fa4c4f0):  JavaThread "C2 CompilerThread0" daemon [_thread_in_native, id=11288, stack(0x000000a690e00000,0x000000a690f00000) (1024K)]


Current CompileTask:
C2:  13834 5250   !   4       org.apache.maven.plugin.surefire.booterclient.output.ForkClient::processLine (715 bytes)

Stack: [0x000000a690e00000,0x000000a690f00000]
Native frames: (J=compiled Java code, j=interpreted, Vv=VM code, C=native code)
V  [jvm.dll+0x6cc179]
V  [jvm.dll+0x8584c1]
V  [jvm.dll+0x85a9ee]
V  [jvm.dll+0x85b0c3]
V  [jvm.dll+0x27ebf6]
V  [jvm.dll+0xc4f4d]
V  [jvm.dll+0xc5483]
V  [jvm.dll+0x2f209d]
V  [jvm.dll+0x5f6daa]
V  [jvm.dll+0x250702]
V  [jvm.dll+0x2492e3]
V  [jvm.dll+0x246b44]
V  [jvm.dll+0x1c7a3e]
V  [jvm.dll+0x256359]
V  [jvm.dll+0x2548ea]
V  [jvm.dll+0x3efef6]
V  [jvm.dll+0x80279b]
V  [jvm.dll+0x6ca85d]
C  [ucrtbase.dll+0x37b0]
C  [KERNEL32.DLL+0x2e8d7]
C  [ntdll.dll+0x8c53c]


---------------  P R O C E S S  ---------------

Threads class SMR info:
_java_thread_list=0x000001ba49257700, length=22, elements={
0x000001ba6394b7d0, 0x000001ba7fa342b0, 0x000001ba7fa361c0, 0x000001ba7fa418e0,
0x000001ba7fa42420, 0x000001ba7fa49d10, 0x000001ba7fa4b770, 0x000001ba7fa4c4f0,
0x000001ba7faa7c20, 0x000001ba7fc9b600, 0x000001ba7fcb4290, 0x000001ba490bf110,
0x000001ba490bf770, 0x000001ba49708910, 0x000001ba492a80a0, 0x000001ba492a8700,
0x000001ba492a8d60, 0x000001ba48d3c9b0, 0x000001ba4a3e3270, 0x000001ba476eddc0,
0x000001ba476eca10, 0x000001ba476ed730
}

Java Threads: ( => current thread )
  0x000001ba6394b7d0 JavaThread "main"                              [_thread_in_native, id=7332, stack(0x000000a690000000,0x000000a690100000) (1024K)]
  0x000001ba7fa342b0 JavaThread "Reference Handler"          daemon [_thread_blocked, id=8392, stack(0x000000a690800000,0x000000a690900000) (1024K)]
  0x000001ba7fa361c0 JavaThread "Finalizer"                  daemon [_thread_blocked, id=14312, stack(0x000000a690900000,0x000000a690a00000) (1024K)]
  0x000001ba7fa418e0 JavaThread "Signal Dispatcher"          daemon [_thread_blocked, id=1804, stack(0x000000a690a00000,0x000000a690b00000) (1024K)]
  0x000001ba7fa42420 JavaThread "Attach Listener"            daemon [_thread_blocked, id=10732, stack(0x000000a690b00000,0x000000a690c00000) (1024K)]
  0x000001ba7fa49d10 JavaThread "Service Thread"             daemon [_thread_blocked, id=1404, stack(0x000000a690c00000,0x000000a690d00000) (1024K)]
  0x000001ba7fa4b770 JavaThread "Monitor Deflation Thread"   daemon [_thread_blocked, id=9152, stack(0x000000a690d00000,0x000000a690e00000) (1024K)]
=>0x000001ba7fa4c4f0 JavaThread "C2 CompilerThread0"         daemon [_thread_in_native, id=11288, stack(0x000000a690e00000,0x000000a690f00000) (1024K)]
  0x000001ba7faa7c20 JavaThread "C1 CompilerThread0"         daemon [_thread_blocked, id=4884, stack(0x000000a690f00000,0x000000a691000000) (1024K)]
  0x000001ba7fc9b600 JavaThread "Notification Thread"        daemon [_thread_blocked, id=8552, stack(0x000000a691000000,0x000000a691100000) (1024K)]
  0x000001ba7fcb4290 JavaThread "Common-Cleaner"             daemon [_thread_blocked, id=18064, stack(0x000000a691100000,0x000000a691200000) (1024K)]
  0x000001ba490bf110 JavaThread "resolver-1"                 daemon [_thread_blocked, id=12312, stack(0x000000a691600000,0x000000a691700000) (1024K)]
  0x000001ba490bf770 JavaThread "resolver-2"                 daemon [_thread_blocked, id=17412, stack(0x000000a691700000,0x000000a691800000) (1024K)]
  0x000001ba49708910 JavaThread "resolver-3"                 daemon [_thread_blocked, id=14652, stack(0x000000a691800000,0x000000a691900000) (1024K)]
  0x000001ba492a80a0 JavaThread "resolver-4"                 daemon [_thread_blocked, id=13284, stack(0x000000a691900000,0x000000a691a00000) (1024K)]
  0x000001ba492a8700 JavaThread "resolver-5"                 daemon [_thread_blocked, id=8784, stack(0x000000a691a00000,0x000000a691b00000) (1024K)]
  0x000001ba492a8d60 JavaThread "timeout-check-timer"        daemon [_thread_blocked, id=14648, stack(0x000000a691b00000,0x000000a691c00000) (1024K)]
  0x000001ba48d3c9b0 JavaThread "ping-timer-10s"             daemon [_thread_blocked, id=16832, stack(0x000000a691c00000,0x000000a691d00000) (1024K)]
  0x000001ba4a3e3270 JavaThread "ThreadedStreamConsumer"     daemon [_thread_in_Java, id=6112, stack(0x000000a691d00000,0x000000a691e00000) (1024K)]
  0x000001ba476eddc0 JavaThread "Thread-2"                          [_thread_blocked, id=8776, stack(0x000000a691e00000,0x000000a691f00000) (1024K)]
  0x000001ba476eca10 JavaThread "Thread-3"                          [_thread_in_native, id=3444, stack(0x000000a691f00000,0x000000a692000000) (1024K)]
  0x000001ba476ed730 JavaThread "Thread-4"                          [_thread_in_native, id=496, stack(0x000000a692000000,0x000000a692100000) (1024K)]
Total: 22

Other Threads:
  0x000001ba7fa199b0 VMThread "VM Thread"                           [id=4400, stack(0x000000a690700000,0x000000a690800000) (1024K)]
  0x000001ba7fa08590 WatcherThread "VM Periodic Task Thread"        [id=17604, stack(0x000000a690600000,0x000000a690700000) (1024K)]
  0x000001ba652d7f40 WorkerThread "GC Thread#0"                     [id=9004, stack(0x000000a690100000,0x000000a690200000) (1024K)]
  0x000001ba475f1d10 WorkerThread "GC Thread#1"                     [id=8052, stack(0x000000a691200000,0x000000a691300000) (1024K)]
  0x000001ba4762d940 WorkerThread "GC Thread#2"                     [id=8660, stack(0x000000a691300000,0x000000a691400000) (1024K)]
  0x000001ba4762dce0 WorkerThread "GC Thread#3"                     [id=17996, stack(0x000000a691400000,0x000000a691500000) (1024K)]
  0x000001ba652e8db0 ConcurrentGCThread "G1 Main Marker"            [id=3808, stack(0x000000a690200000,0x000000a690300000) (1024K)]
  0x000001ba652e98b0 WorkerThread "G1 Conc#0"                       [id=12868, stack(0x000000a690300000,0x000000a690400000) (1024K)]
  0x000001ba6534e240 ConcurrentGCThread "G1 Refine#0"               [id=17452, stack(0x000000a690400000,0x000000a690500000) (1024K)]
  0x000001ba7f8d79a0 ConcurrentGCThread "G1 Service"                [id=13736, stack(0x000000a690500000,0x000000a690600000) (1024K)]
Total: 10

Threads with active compile tasks:
C2 CompilerThread0    13860 5250   !   4       org.apache.maven.plugin.surefire.booterclient.output.ForkClient::processLine (715 bytes)
Total: 1

VM state: not at safepoint (normal execution)

VM Mutex/Monitor currently owned by a thread: None

Heap address: 0x0000000084c00000, size: 1972 MB, Compressed Oops mode: 32-bit

CDS archive(s) mapped at: [0x000001ba02000000-0x000001ba02c90000-0x000001ba02c90000), size 13172736, SharedBaseAddress: 0x000001ba02000000, ArchiveRelocationMode: 1.
Compressed class space mapped at: 0x000001ba03000000-0x000001ba43000000, reserved size: 1073741824
Narrow klass base: 0x000001ba02000000, Narrow klass shift: 0, Narrow klass range: 0x100000000

GC Precious Log:
 CardTable entry size: 512
 Card Set container configuration: InlinePtr #cards 5 size 8 Array Of Cards #cards 12 size 40 Howl #buckets 4 coarsen threshold 1843 Howl Bitmap #cards 512 size 80 coarsen threshold 460 Card regions per heap region 1 cards per card region 2048
 CPUs: 4 total, 4 available
 Memory: 7880M
 Large Page Support: Disabled
 NUMA Support: Disabled
 Compressed Oops: Enabled (32-bit)
 Heap Region Size: 1M
 Heap Min Capacity: 8M
 Heap Initial Capacity: 124M
 Heap Max Capacity: 1972M
 Pre-touch: Disabled
 Parallel Workers: 4
 Concurrent Workers: 1
 Concurrent Refinement Workers: 4
 Periodic GC: Disabled

Heap:
 garbage-first heap   total 126976K, used 21261K [0x0000000084c00000, 0x0000000100000000)
  region size 1024K, 7 young (7168K), 6 survivors (6144K)
 Metaspace       used 18486K, committed 18880K, reserved 1114112K
  class space    used 1898K, committed 2112K, reserved 1048576K

Heap Regions: E=young(eden), S=young(survivor), O=old, HS=humongous(starts), HC=humongous(continues), CS=collection set, F=free, TAMS=top-at-mark-start, PB=parsable bottom
|   0|0x0000000084c00000, 0x0000000084d00000, 0x0000000084d00000|100%| O|  |TAMS 0x0000000084c00000| PB 0x0000000084c00000| Untracked 
|   1|0x0000000084d00000, 0x0000000084e00000, 0x0000000084e00000|100%| O|  |TAMS 0x0000000084d00000| PB 0x0000000084d00000| Untracked 
|   2|0x0000000084e00000, 0x0000000084f00000, 0x0000000084f00000|100%| O|  |TAMS 0x0000000084e00000| PB 0x0000000084e00000| Untracked 
|   3|0x0000000084f00000, 0x0000000085000000, 0x0000000085000000|100%| O|  |TAMS 0x0000000084f00000| PB 0x0000000084f00000| Untracked 
|   4|0x0000000085000000, 0x0000000085100000, 0x0000000085100000|100%| O|  |TAMS 0x0000000085000000| PB 0x0000000085000000| Untracked 
|   5|0x0000000085100000, 0x0000000085200000, 0x0000000085200000|100%| O|  |TAMS 0x0000000085100000| PB 0x0000000085100000| Untracked 
|   6|0x0000000085200000, 0x0000000085300000, 0x0000000085300000|100%| O|  |TAMS 0x0000000085200000| PB 0x0000000085200000| Untracked 
|   7|0x0000000085300000, 0x0000000085400000, 0x0000000085400000|100%| O|  |TAMS 0x0000000085300000| PB 0x0000000085300000| Untracked 
|   8|0x0000000085400000, 0x0000000085500000, 0x0000000085500000|100%| O|  |TAMS 0x0000000085400000| PB 0x0000000085400000| Untracked 
|   9|0x0000000085500000, 0x0000000085600000, 0x0000000085600000|100%| O|  |TAMS 0x0000000085500000| PB 0x0000000085500000| Untracked 
|  10|0x0000000085600000, 0x0000000085700000, 0x0000000085700000|100%| O|  |TAMS 0x0000000085600000| PB 0x0000000085600000| Untracked 
|  11|0x0000000085700000, 0x0000000085800000, 0x0000000085800000|100%| O|  |TAMS 0x0000000085700000| PB 0x0000000085700000| Untracked 
|  12|0x0000000085800000, 0x0000000085900000, 0x0000000085900000|100%| O|  |TAMS 0x0000000085800000| PB 0x0000000085800000| Untracked 
|  13|0x0000000085900000, 0x0000000085a00000, 0x0000000085a00000|100%| O|  |TAMS 0x0000000085900000| PB 0x0000000085900000| Untracked 
|  14|0x0000000085a00000, 0x0000000085ac4428, 0x0000000085b00000| 76%| O|  |TAMS 0x0000000085a00000| PB 0x0000000085a00000| Untracked 
|  15|0x0000000085b00000, 0x0000000085b00000, 0x0000000085c00000|  0%| F|  |TAMS 0x0000000085b00000| PB 0x0000000085b00000| Untracked 
|  16|0x0000000085c00000, 0x0000000085c00000, 0x0000000085d00000|  0%| F|  |TAMS 0x0000000085c00000| PB 0x0000000085c00000| Untracked 
|  17|0x0000000085d00000, 0x0000000085d00000, 0x0000000085e00000|  0%| F|  |TAMS 0x0000000085d00000| PB 0x0000000085d00000| Untracked 
|  18|0x0000000085e00000, 0x0000000085e00000, 0x0000000085f00000|  0%| F|  |TAMS 0x0000000085e00000| PB 0x0000000085e00000| Untracked 
|  19|0x0000000085f00000, 0x0000000085f00000, 0x0000000086000000|  0%| F|  |TAMS 0x0000000085f00000| PB 0x0000000085f00000| Untracked 
|  20|0x0000000086000000, 0x0000000086000000, 0x0000000086100000|  0%| F|  |TAMS 0x0000000086000000| PB 0x0000000086000000| Untracked 
|  21|0x0000000086100000, 0x0000000086100000, 0x0000000086200000|  0%| F|  |TAMS 0x0000000086100000| PB 0x0000000086100000| Untracked 
|  22|0x0000000086200000, 0x0000000086200000, 0x0000000086300000|  0%| F|  |TAMS 0x0000000086200000| PB 0x0000000086200000| Untracked 
|  23|0x0000000086300000, 0x0000000086300000, 0x0000000086400000|  0%| F|  |TAMS 0x0000000086300000| PB 0x0000000086300000| Untracked 
|  24|0x0000000086400000, 0x0000000086400000, 0x0000000086500000|  0%| F|  |TAMS 0x0000000086400000| PB 0x0000000086400000| Untracked 
|  25|0x0000000086500000, 0x0000000086500000, 0x0000000086600000|  0%| F|  |TAMS 0x0000000086500000| PB 0x0000000086500000| Untracked 
|  26|0x0000000086600000, 0x0000000086600000, 0x0000000086700000|  0%| F|  |TAMS 0x0000000086600000| PB 0x0000000086600000| Untracked 
|  27|0x0000000086700000, 0x0000000086700000, 0x0000000086800000|  0%| F|  |TAMS 0x0000000086700000| PB 0x0000000086700000| Untracked 
|  28|0x0000000086800000, 0x0000000086800000, 0x0000000086900000|  0%| F|  |TAMS 0x0000000086800000| PB 0x0000000086800000| Untracked 
|  29|0x0000000086900000, 0x0000000086900000, 0x0000000086a00000|  0%| F|  |TAMS 0x0000000086900000| PB 0x0000000086900000| Untracked 
|  30|0x0000000086a00000, 0x0000000086a00000, 0x0000000086b00000|  0%| F|  |TAMS 0x0000000086a00000| PB 0x0000000086a00000| Untracked 
|  31|0x0000000086b00000, 0x0000000086b00000, 0x0000000086c00000|  0%| F|  |TAMS 0x0000000086b00000| PB 0x0000000086b00000| Untracked 
|  32|0x0000000086c00000, 0x0000000086c00000, 0x0000000086d00000|  0%| F|  |TAMS 0x0000000086c00000| PB 0x0000000086c00000| Untracked 
|  33|0x0000000086d00000, 0x0000000086d00000, 0x0000000086e00000|  0%| F|  |TAMS 0x0000000086d00000| PB 0x0000000086d00000| Untracked 
|  34|0x0000000086e00000, 0x0000000086e00000, 0x0000000086f00000|  0%| F|  |TAMS 0x0000000086e00000| PB 0x0000000086e00000| Untracked 
|  35|0x0000000086f00000, 0x0000000086f00000, 0x0000000087000000|  0%| F|  |TAMS 0x0000000086f00000| PB 0x0000000086f00000| Untracked 
|  36|0x0000000087000000, 0x0000000087000000, 0x0000000087100000|  0%| F|  |TAMS 0x0000000087000000| PB 0x0000000087000000| Untracked 
|  37|0x0000000087100000, 0x0000000087100000, 0x0000000087200000|  0%| F|  |TAMS 0x0000000087100000| PB 0x0000000087100000| Untracked 
|  38|0x0000000087200000, 0x0000000087200000, 0x0000000087300000|  0%| F|  |TAMS 0x0000000087200000| PB 0x0000000087200000| Untracked 
|  39|0x0000000087300000, 0x0000000087300000, 0x0000000087400000|  0%| F|  |TAMS 0x0000000087300000| PB 0x0000000087300000| Untracked 
|  40|0x0000000087400000, 0x0000000087400000, 0x0000000087500000|  0%| F|  |TAMS 0x0000000087400000| PB 0x0000000087400000| Untracked 
|  41|0x0000000087500000, 0x0000000087500000, 0x0000000087600000|  0%| F|  |TAMS 0x0000000087500000| PB 0x0000000087500000| Untracked 
|  42|0x0000000087600000, 0x0000000087600000, 0x0000000087700000|  0%| F|  |TAMS 0x0000000087600000| PB 0x0000000087600000| Untracked 
|  43|0x0000000087700000, 0x0000000087700000, 0x0000000087800000|  0%| F|  |TAMS 0x0000000087700000| PB 0x0000000087700000| Untracked 
|  44|0x0000000087800000, 0x0000000087800000, 0x0000000087900000|  0%| F|  |TAMS 0x0000000087800000| PB 0x0000000087800000| Untracked 
|  45|0x0000000087900000, 0x0000000087900000, 0x0000000087a00000|  0%| F|  |TAMS 0x0000000087900000| PB 0x0000000087900000| Untracked 
|  46|0x0000000087a00000, 0x0000000087a00000, 0x0000000087b00000|  0%| F|  |TAMS 0x0000000087a00000| PB 0x0000000087a00000| Untracked 
|  47|0x0000000087b00000, 0x0000000087b00000, 0x0000000087c00000|  0%| F|  |TAMS 0x0000000087b00000| PB 0x0000000087b00000| Untracked 
|  48|0x0000000087c00000, 0x0000000087c00000, 0x0000000087d00000|  0%| F|  |TAMS 0x0000000087c00000| PB 0x0000000087c00000| Untracked 
|  49|0x0000000087d00000, 0x0000000087d00000, 0x0000000087e00000|  0%| F|  |TAMS 0x0000000087d00000| PB 0x0000000087d00000| Untracked 
|  50|0x0000000087e00000, 0x0000000087e00000, 0x0000000087f00000|  0%| F|  |TAMS 0x0000000087e00000| PB 0x0000000087e00000| Untracked 
|  51|0x0000000087f00000, 0x0000000087f00000, 0x0000000088000000|  0%| F|  |TAMS 0x0000000087f00000| PB 0x0000000087f00000| Untracked 
|  52|0x0000000088000000, 0x00000000880ff090, 0x0000000088100000| 99%| S|CS|TAMS 0x0000000088000000| PB 0x0000000088000000| Complete 
|  53|0x0000000088100000, 0x0000000088200000, 0x0000000088200000|100%| S|CS|TAMS 0x0000000088100000| PB 0x0000000088100000| Complete 
|  54|0x0000000088200000, 0x0000000088300000, 0x0000000088300000|100%| S|CS|TAMS 0x0000000088200000| PB 0x0000000088200000| Complete 
|  55|0x0000000088300000, 0x0000000088400000, 0x0000000088400000|100%| S|CS|TAMS 0x0000000088300000| PB 0x0000000088300000| Complete 
|  56|0x0000000088400000, 0x0000000088500000, 0x0000000088500000|100%| S|CS|TAMS 0x0000000088400000| PB 0x0000000088400000| Complete 
|  57|0x0000000088500000, 0x0000000088600000, 0x0000000088600000|100%| S|CS|TAMS 0x0000000088500000| PB 0x0000000088500000| Complete 
|  58|0x0000000088600000, 0x0000000088600000, 0x0000000088700000|  0%| F|  |TAMS 0x0000000088600000| PB 0x0000000088600000| Untracked 
|  59|0x0000000088700000, 0x0000000088700000, 0x0000000088800000|  0%| F|  |TAMS 0x0000000088700000| PB 0x0000000088700000| Untracked 
|  60|0x0000000088800000, 0x0000000088800000, 0x0000000088900000|  0%| F|  |TAMS 0x0000000088800000| PB 0x0000000088800000| Untracked 
|  61|0x0000000088900000, 0x0000000088900000, 0x0000000088a00000|  0%| F|  |TAMS 0x0000000088900000| PB 0x0000000088900000| Untracked 
|  62|0x0000000088a00000, 0x0000000088a00000, 0x0000000088b00000|  0%| F|  |TAMS 0x0000000088a00000| PB 0x0000000088a00000| Untracked 
|  63|0x0000000088b00000, 0x0000000088b00000, 0x0000000088c00000|  0%| F|  |TAMS 0x0000000088b00000| PB 0x0000000088b00000| Untracked 
|  64|0x0000000088c00000, 0x0000000088c00000, 0x0000000088d00000|  0%| F|  |TAMS 0x0000000088c00000| PB 0x0000000088c00000| Untracked 
|  65|0x0000000088d00000, 0x0000000088d00000, 0x0000000088e00000|  0%| F|  |TAMS 0x0000000088d00000| PB 0x0000000088d00000| Untracked 
|  66|0x0000000088e00000, 0x0000000088e00000, 0x0000000088f00000|  0%| F|  |TAMS 0x0000000088e00000| PB 0x0000000088e00000| Untracked 
|  67|0x0000000088f00000, 0x0000000088f00000, 0x0000000089000000|  0%| F|  |TAMS 0x0000000088f00000| PB 0x0000000088f00000| Untracked 
|  68|0x0000000089000000, 0x0000000089000000, 0x0000000089100000|  0%| F|  |TAMS 0x0000000089000000| PB 0x0000000089000000| Untracked 
|  69|0x0000000089100000, 0x0000000089100000, 0x0000000089200000|  0%| F|  |TAMS 0x0000000089100000| PB 0x0000000089100000| Untracked 
|  70|0x0000000089200000, 0x0000000089200000, 0x0000000089300000|  0%| F|  |TAMS 0x0000000089200000| PB 0x0000000089200000| Untracked 
|  71|0x0000000089300000, 0x0000000089300000, 0x0000000089400000|  0%| F|  |TAMS 0x0000000089300000| PB 0x0000000089300000| Untracked 
|  72|0x0000000089400000, 0x0000000089400000, 0x0000000089500000|  0%| F|  |TAMS 0x0000000089400000| PB 0x0000000089400000| Untracked 
|  73|0x0000000089500000, 0x0000000089500000, 0x0000000089600000|  0%| F|  |TAMS 0x0000000089500000| PB 0x0000000089500000| Untracked 
|  74|0x0000000089600000, 0x0000000089600000, 0x0000000089700000|  0%| F|  |TAMS 0x0000000089600000| PB 0x0000000089600000| Untracked 
|  75|0x0000000089700000, 0x0000000089700000, 0x0000000089800000|  0%| F|  |TAMS 0x0000000089700000| PB 0x0000000089700000| Untracked 
|  76|0x0000000089800000, 0x0000000089800000, 0x0000000089900000|  0%| F|  |TAMS 0x0000000089800000| PB 0x0000000089800000| Untracked 
|  77|0x0000000089900000, 0x0000000089900000, 0x0000000089a00000|  0%| F|  |TAMS 0x0000000089900000| PB 0x0000000089900000| Untracked 
|  78|0x0000000089a00000, 0x0000000089a00000, 0x0000000089b00000|  0%| F|  |TAMS 0x0000000089a00000| PB 0x0000000089a00000| Untracked 
|  79|0x0000000089b00000, 0x0000000089b00000, 0x0000000089c00000|  0%| F|  |TAMS 0x0000000089b00000| PB 0x0000000089b00000| Untracked 
|  80|0x0000000089c00000, 0x0000000089c00000, 0x0000000089d00000|  0%| F|  |TAMS 0x0000000089c00000| PB 0x0000000089c00000| Untracked 
|  81|0x0000000089d00000, 0x0000000089d00000, 0x0000000089e00000|  0%| F|  |TAMS 0x0000000089d00000| PB 0x0000000089d00000| Untracked 
|  82|0x0000000089e00000, 0x0000000089e00000, 0x0000000089f00000|  0%| F|  |TAMS 0x0000000089e00000| PB 0x0000000089e00000| Untracked 
|  83|0x0000000089f00000, 0x0000000089f00000, 0x000000008a000000|  0%| F|  |TAMS 0x0000000089f00000| PB 0x0000000089f00000| Untracked 
|  84|0x000000008a000000, 0x000000008a000000, 0x000000008a100000|  0%| F|  |TAMS 0x000000008a000000| PB 0x000000008a000000| Untracked 
|  85|0x000000008a100000, 0x000000008a100000, 0x000000008a200000|  0%| F|  |TAMS 0x000000008a100000| PB 0x000000008a100000| Untracked 
|  86|0x000000008a200000, 0x000000008a200000, 0x000000008a300000|  0%| F|  |TAMS 0x000000008a200000| PB 0x000000008a200000| Untracked 
|  87|0x000000008a300000, 0x000000008a300000, 0x000000008a400000|  0%| F|  |TAMS 0x000000008a300000| PB 0x000000008a300000| Untracked 
|  88|0x000000008a400000, 0x000000008a400000, 0x000000008a500000|  0%| F|  |TAMS 0x000000008a400000| PB 0x000000008a400000| Untracked 
|  89|0x000000008a500000, 0x000000008a500000, 0x000000008a600000|  0%| F|  |TAMS 0x000000008a500000| PB 0x000000008a500000| Untracked 
|  90|0x000000008a600000, 0x000000008a600000, 0x000000008a700000|  0%| F|  |TAMS 0x000000008a600000| PB 0x000000008a600000| Untracked 
|  91|0x000000008a700000, 0x000000008a700000, 0x000000008a800000|  0%| F|  |TAMS 0x000000008a700000| PB 0x000000008a700000| Untracked 
|  92|0x000000008a800000, 0x000000008a800000, 0x000000008a900000|  0%| F|  |TAMS 0x000000008a800000| PB 0x000000008a800000| Untracked 
|  93|0x000000008a900000, 0x000000008a900000, 0x000000008aa00000|  0%| F|  |TAMS 0x000000008a900000| PB 0x000000008a900000| Untracked 
|  94|0x000000008aa00000, 0x000000008aa00000, 0x000000008ab00000|  0%| F|  |TAMS 0x000000008aa00000| PB 0x000000008aa00000| Untracked 
|  95|0x000000008ab00000, 0x000000008ab00000, 0x000000008ac00000|  0%| F|  |TAMS 0x000000008ab00000| PB 0x000000008ab00000| Untracked 
|  96|0x000000008ac00000, 0x000000008ac00000, 0x000000008ad00000|  0%| F|  |TAMS 0x000000008ac00000| PB 0x000000008ac00000| Untracked 
|  97|0x000000008ad00000, 0x000000008ad00000, 0x000000008ae00000|  0%| F|  |TAMS 0x000000008ad00000| PB 0x000000008ad00000| Untracked 
|  98|0x000000008ae00000, 0x000000008ae00000, 0x000000008af00000|  0%| F|  |TAMS 0x000000008ae00000| PB 0x000000008ae00000| Untracked 
|  99|0x000000008af00000, 0x000000008af00000, 0x000000008b000000|  0%| F|  |TAMS 0x000000008af00000| PB 0x000000008af00000| Untracked 
| 100|0x000000008b000000, 0x000000008b000000, 0x000000008b100000|  0%| F|  |TAMS 0x000000008b000000| PB 0x000000008b000000| Untracked 
| 101|0x000000008b100000, 0x000000008b100000, 0x000000008b200000|  0%| F|  |TAMS 0x000000008b100000| PB 0x000000008b100000| Untracked 
| 102|0x000000008b200000, 0x000000008b200000, 0x000000008b300000|  0%| F|  |TAMS 0x000000008b200000| PB 0x000000008b200000| Untracked 
| 103|0x000000008b300000, 0x000000008b300000, 0x000000008b400000|  0%| F|  |TAMS 0x000000008b300000| PB 0x000000008b300000| Untracked 
| 104|0x000000008b400000, 0x000000008b400000, 0x000000008b500000|  0%| F|  |TAMS 0x000000008b400000| PB 0x000000008b400000| Untracked 
| 105|0x000000008b500000, 0x000000008b500000, 0x000000008b600000|  0%| F|  |TAMS 0x000000008b500000| PB 0x000000008b500000| Untracked 
| 106|0x000000008b600000, 0x000000008b600000, 0x000000008b700000|  0%| F|  |TAMS 0x000000008b600000| PB 0x000000008b600000| Untracked 
| 107|0x000000008b700000, 0x000000008b700000, 0x000000008b800000|  0%| F|  |TAMS 0x000000008b700000| PB 0x000000008b700000| Untracked 
| 108|0x000000008b800000, 0x000000008b800000, 0x000000008b900000|  0%| F|  |TAMS 0x000000008b800000| PB 0x000000008b800000| Untracked 
| 109|0x000000008b900000, 0x000000008b900000, 0x000000008ba00000|  0%| F|  |TAMS 0x000000008b900000| PB 0x000000008b900000| Untracked 
| 110|0x000000008ba00000, 0x000000008ba00000, 0x000000008bb00000|  0%| F|  |TAMS 0x000000008ba00000| PB 0x000000008ba00000| Untracked 
| 111|0x000000008bb00000, 0x000000008bb00000, 0x000000008bc00000|  0%| F|  |TAMS 0x000000008bb00000| PB 0x000000008bb00000| Untracked 
| 112|0x000000008bc00000, 0x000000008bc00000, 0x000000008bd00000|  0%| F|  |TAMS 0x000000008bc00000| PB 0x000000008bc00000| Untracked 
| 113|0x000000008bd00000, 0x000000008bd00000, 0x000000008be00000|  0%| F|  |TAMS 0x000000008bd00000| PB 0x000000008bd00000| Untracked 
| 114|0x000000008be00000, 0x000000008be00000, 0x000000008bf00000|  0%| F|  |TAMS 0x000000008be00000| PB 0x000000008be00000| Untracked 
| 115|0x000000008bf00000, 0x000000008bf00000, 0x000000008c000000|  0%| F|  |TAMS 0x000000008bf00000| PB 0x000000008bf00000| Untracked 
| 116|0x000000008c000000, 0x000000008c000000, 0x000000008c100000|  0%| F|  |TAMS 0x000000008c000000| PB 0x000000008c000000| Untracked 
| 117|0x000000008c100000, 0x000000008c100000, 0x000000008c200000|  0%| F|  |TAMS 0x000000008c100000| PB 0x000000008c100000| Untracked 
| 118|0x000000008c200000, 0x000000008c200000, 0x000000008c300000|  0%| F|  |TAMS 0x000000008c200000| PB 0x000000008c200000| Untracked 
| 119|0x000000008c300000, 0x000000008c300000, 0x000000008c400000|  0%| F|  |TAMS 0x000000008c300000| PB 0x000000008c300000| Untracked 
| 120|0x000000008c400000, 0x000000008c400000, 0x000000008c500000|  0%| F|  |TAMS 0x000000008c400000| PB 0x000000008c400000| Untracked 
| 121|0x000000008c500000, 0x000000008c500000, 0x000000008c600000|  0%| F|  |TAMS 0x000000008c500000| PB 0x000000008c500000| Untracked 
| 122|0x000000008c600000, 0x000000008c600000, 0x000000008c700000|  0%| F|  |TAMS 0x000000008c600000| PB 0x000000008c600000| Untracked 
| 123|0x000000008c700000, 0x000000008c800000, 0x000000008c800000|100%| E|  |TAMS 0x000000008c700000| PB 0x000000008c700000| Complete 

Card table byte_map: [0x000001ba7d170000,0x000001ba7d550000] _byte_map_base: 0x000001ba7cd4a000

Marking Bits: (CMBitMap*) 0x000001ba652d8640
 Bits: [0x000001ba7d550000, 0x000001ba7f420000)

Polling page: 0x000001ba63c10000

Metaspace:

Usage:
  Non-class:     16.20 MB used.
      Class:      1.85 MB used.
       Both:     18.05 MB used.

Virtual space:
  Non-class space:       64.00 MB reserved,      16.38 MB ( 26%) committed,  1 nodes.
      Class space:        1.00 GB reserved,       2.06 MB ( <1%) committed,  1 nodes.
             Both:        1.06 GB reserved,      18.44 MB (  2%) committed. 

Chunk freelists:
   Non-Class:  14.80 MB
       Class:  13.98 MB
        Both:  28.78 MB

MaxMetaspaceSize: unlimited
CompressedClassSpaceSize: 1.00 GB
Initial GC threshold: 21.00 MB
Current GC threshold: 21.00 MB
CDS: on
 - commit_granule_bytes: 65536.
 - commit_granule_words: 8192.
 - virtual_space_node_default_size: 8388608.
 - enlarge_chunks_in_place: 1.
 - use_allocation_guard: 0.


Internal statistics:

num_allocs_failed_limit: 0.
num_arena_births: 294.
num_arena_deaths: 0.
num_vsnodes_births: 2.
num_vsnodes_deaths: 0.
num_space_committed: 295.
num_space_uncommitted: 0.
num_chunks_returned_to_freelist: 0.
num_chunks_taken_from_freelist: 910.
num_chunk_merges: 0.
num_chunk_splits: 655.
num_chunks_enlarged: 505.
num_inconsistent_stats: 0.

CodeHeap 'non-profiled nmethods': size=120000Kb used=3119Kb max_used=3119Kb free=116880Kb
 bounds [0x000001ba75240000, 0x000001ba75550000, 0x000001ba7c770000]
CodeHeap 'profiled nmethods': size=120000Kb used=11567Kb max_used=11567Kb free=108432Kb
 bounds [0x000001ba6d770000, 0x000001ba6e2c0000, 0x000001ba74ca0000]
CodeHeap 'non-nmethods': size=5760Kb used=1609Kb max_used=1658Kb free=4150Kb
 bounds [0x000001ba74ca0000, 0x000001ba74f10000, 0x000001ba75240000]
 total_blobs=5785 nmethods=5248 adapters=441
 compilation: enabled
              stopped_count=0, restarted_count=0
 full_count=0

Compilation events (20 events):
Event: 13.338 Thread 0x000001ba7fa4c4f0 nmethod 5241 0x000001ba75547110 code [0x000001ba755472a0, 0x000001ba755473b0]
Event: 13.388 Thread 0x000001ba7fa4c4f0 5242   !   4       java.io.FileInputStream::read (32 bytes)
Event: 13.389 Thread 0x000001ba7fa4c4f0 nmethod 5242 0x000001ba75547490 code [0x000001ba75547640, 0x000001ba755477a0]
Event: 13.404 Thread 0x000001ba7fa4c4f0 5243       4       org.fusesource.jansi.FilterPrintStream::write (24 bytes)
Event: 13.411 Thread 0x000001ba7fa4c4f0 nmethod 5243 0x000001ba75547990 code [0x000001ba75547b60, 0x000001ba75548110]
Event: 13.446 Thread 0x000001ba7fa4c4f0 5244       4       java.util.concurrent.ArrayBlockingQueue::dequeue (75 bytes)
Event: 13.448 Thread 0x000001ba7fa4c4f0 nmethod 5244 0x000001ba75548490 code [0x000001ba75548640, 0x000001ba755488e0]
Event: 13.448 Thread 0x000001ba7fa4c4f0 5245   !   4       java.util.concurrent.ArrayBlockingQueue::take (46 bytes)
Event: 13.459 Thread 0x000001ba7fa4c4f0 nmethod 5245 0x000001ba75548b10 code [0x000001ba75548d40, 0x000001ba755494a8]
Event: 13.459 Thread 0x000001ba7fa4c4f0 5246       4       sun.nio.cs.MS1252::newDecoder (14 bytes)
Event: 13.464 Thread 0x000001ba7fa4c4f0 nmethod 5246 0x000001ba75549a90 code [0x000001ba75549c60, 0x000001ba7554a048]
Event: 13.477 Thread 0x000001ba7fa4c4f0 5247       4       org.apache.maven.surefire.shade.org.apache.commons.io.output.ThresholdingOutputStream::write (27 bytes)
Event: 13.483 Thread 0x000001ba7fa4c4f0 nmethod 5247 0x000001ba7554a310 code [0x000001ba7554a4e0, 0x000001ba7554ac00]
Event: 13.483 Thread 0x000001ba7fa4c4f0 5248   !   4       org.apache.maven.surefire.shade.org.apache.commons.io.output.ByteArrayOutputStream::write (151 bytes)
Event: 13.487 Thread 0x000001ba7fa4c4f0 nmethod 5248 0x000001ba7554b010 code [0x000001ba7554b1c0, 0x000001ba7554b7d8]
Event: 13.541 Thread 0x000001ba7fa4c4f0 5249       4       java.lang.StringUTF16::charAt (11 bytes)
Event: 13.542 Thread 0x000001ba7fa4c4f0 nmethod 5249 0x000001ba7554ba90 code [0x000001ba7554bc20, 0x000001ba7554bcd0]
Event: 13.561 Thread 0x000001ba7fa4c4f0 5250   !   4       org.apache.maven.plugin.surefire.booterclient.output.ForkClient::processLine (715 bytes)
Event: 13.652 Thread 0x000001ba7faa7c20 5253       3       org.apache.maven.surefire.shade.org.apache.maven.shared.utils.cli.StreamPumper::consumeLine (25 bytes)
Event: 13.652 Thread 0x000001ba7faa7c20 nmethod 5253 0x000001ba6e2bb910 code [0x000001ba6e2bbac0, 0x000001ba6e2bbda0]

GC Heap History (11 events):
Event: 1.768 GC heap before
{Heap before GC invocations=0 (full 0):
 garbage-first heap   total 126976K, used 13312K [0x0000000084c00000, 0x0000000100000000)
  region size 1024K, 13 young (13312K), 0 survivors (0K)
 Metaspace       used 3882K, committed 4032K, reserved 1114112K
  class space    used 370K, committed 448K, reserved 1048576K
}
Event: 1.775 GC heap after
{Heap after GC invocations=1 (full 0):
 garbage-first heap   total 126976K, used 3392K [0x0000000084c00000, 0x0000000100000000)
  region size 1024K, 2 young (2048K), 2 survivors (2048K)
 Metaspace       used 3882K, committed 4032K, reserved 1114112K
  class space    used 370K, committed 448K, reserved 1048576K
}
Event: 2.448 GC heap before
{Heap before GC invocations=1 (full 0):
 garbage-first heap   total 126976K, used 18752K [0x0000000084c00000, 0x0000000100000000)
  region size 1024K, 18 young (18432K), 2 survivors (2048K)
 Metaspace       used 6315K, committed 6528K, reserved 1114112K
  class space    used 701K, committed 832K, reserved 1048576K
}
Event: 2.453 GC heap after
{Heap after GC invocations=2 (full 0):
 garbage-first heap   total 126976K, used 4360K [0x0000000084c00000, 0x0000000100000000)
  region size 1024K, 1 young (1024K), 1 survivors (1024K)
 Metaspace       used 6315K, committed 6528K, reserved 1114112K
  class space    used 701K, committed 832K, reserved 1048576K
}
Event: 4.484 GC heap before
{Heap before GC invocations=2 (full 0):
 garbage-first heap   total 126976K, used 78088K [0x0000000084c00000, 0x0000000100000000)
  region size 1024K, 74 young (75776K), 1 survivors (1024K)
 Metaspace       used 13353K, committed 13632K, reserved 1114112K
  class space    used 1460K, committed 1600K, reserved 1048576K
}
Event: 4.500 GC heap after
{Heap after GC invocations=3 (full 0):
 garbage-first heap   total 126976K, used 11333K [0x0000000084c00000, 0x0000000100000000)
  region size 1024K, 8 young (8192K), 8 survivors (8192K)
 Metaspace       used 13353K, committed 13632K, reserved 1114112K
  class space    used 1460K, committed 1600K, reserved 1048576K
}
Event: 5.603 GC heap before
{Heap before GC invocations=3 (full 0):
 garbage-first heap   total 126976K, used 78917K [0x0000000084c00000, 0x0000000100000000)
  region size 1024K, 74 young (75776K), 8 survivors (8192K)
 Metaspace       used 14050K, committed 14336K, reserved 1114112K
  class space    used 1477K, committed 1600K, reserved 1048576K
}
Event: 5.623 GC heap after
{Heap after GC invocations=4 (full 0):
 garbage-first heap   total 126976K, used 15360K [0x0000000084c00000, 0x0000000100000000)
  region size 1024K, 4 young (4096K), 4 survivors (4096K)
 Metaspace       used 14050K, committed 14336K, reserved 1114112K
  class space    used 1477K, committed 1600K, reserved 1048576K
}
Event: 7.305 GC heap before
{Heap before GC invocations=4 (full 0):
 garbage-first heap   total 126976K, used 87040K [0x0000000084c00000, 0x0000000100000000)
  region size 1024K, 74 young (75776K), 4 survivors (4096K)
 Metaspace       used 17175K, committed 17600K, reserved 1114112K
  class space    used 1786K, committed 1984K, reserved 1048576K
}
Event: 7.317 GC heap after
{Heap after GC invocations=5 (full 0):
 garbage-first heap   total 126976K, used 19456K [0x0000000084c00000, 0x0000000100000000)
  region size 1024K, 8 young (8192K), 8 survivors (8192K)
 Metaspace       used 17175K, committed 17600K, reserved 1114112K
  class space    used 1786K, committed 1984K, reserved 1048576K
}
Event: 13.778 GC heap before
{Heap before GC invocations=5 (full 0):
 garbage-first heap   total 126976K, used 87040K [0x0000000084c00000, 0x0000000100000000)
  region size 1024K, 74 young (75776K), 8 survivors (8192K)
 Metaspace       used 18486K, committed 18880K, reserved 1114112K
  class space    used 1898K, committed 2112K, reserved 1048576K
}

Dll operation events (9 events):
Event: 0.016 Loaded shared library C:\Program Files\Java\jdk-21\bin\java.dll
Event: 0.077 Loaded shared library C:\Program Files\Java\jdk-21\bin\jsvml.dll
Event: 0.317 Loaded shared library C:\Program Files\Java\jdk-21\bin\net.dll
Event: 0.319 Loaded shared library C:\Program Files\Java\jdk-21\bin\nio.dll
Event: 0.326 Loaded shared library C:\Program Files\Java\jdk-21\bin\zip.dll
Event: 0.944 Loaded shared library C:\Program Files\Java\jdk-21\bin\verify.dll
Event: 0.958 Loaded shared library C:\Program Files\Java\jdk-21\bin\jimage.dll
Event: 1.124 Loaded shared library C:\Users\SUJITHA\AppData\Local\Temp\jansi-1.17.1-12545970991195018620.dll
Event: 1.149 Loaded shared library C:\Users\SUJITHA\AppData\Local\Temp\jansi-1.17.1-17998944082236142625.dll

Deoptimization events (20 events):
Event: 12.411 Thread 0x000001ba476eca10 DEOPT PACKING pc=0x000001ba6de13273 sp=0x000000a691fff040
Event: 12.411 Thread 0x000001ba476eca10 DEOPT UNPACKING pc=0x000001ba74cf88e2 sp=0x000000a691ffe4f0 mode 0
Event: 12.442 Thread 0x000001ba476eca10 DEOPT PACKING pc=0x000001ba6e282983 sp=0x000000a691fff160
Event: 12.442 Thread 0x000001ba476eca10 DEOPT UNPACKING pc=0x000001ba74cf88e2 sp=0x000000a691ffe668 mode 0
Event: 12.447 Thread 0x000001ba476eca10 DEOPT PACKING pc=0x000001ba6e282983 sp=0x000000a691fff160
Event: 12.447 Thread 0x000001ba476eca10 DEOPT UNPACKING pc=0x000001ba74cf88e2 sp=0x000000a691ffe668 mode 0
Event: 12.466 Thread 0x000001ba476eca10 DEOPT PACKING pc=0x000001ba6e282983 sp=0x000000a691fff160
Event: 12.466 Thread 0x000001ba476eca10 DEOPT UNPACKING pc=0x000001ba74cf88e2 sp=0x000000a691ffe668 mode 0
Event: 12.467 Thread 0x000001ba476eca10 DEOPT PACKING pc=0x000001ba6e282983 sp=0x000000a691fff160
Event: 12.467 Thread 0x000001ba476eca10 DEOPT UNPACKING pc=0x000001ba74cf88e2 sp=0x000000a691ffe668 mode 0
Event: 12.468 Thread 0x000001ba476eca10 DEOPT PACKING pc=0x000001ba6e282983 sp=0x000000a691fff160
Event: 12.468 Thread 0x000001ba476eca10 DEOPT UNPACKING pc=0x000001ba74cf88e2 sp=0x000000a691ffe668 mode 0
Event: 12.681 Thread 0x000001ba476eca10 Uncommon trap: trap_request=0xffffff45 fr.pc=0x000001ba754f351c relative=0x000000000000017c
Event: 12.681 Thread 0x000001ba476eca10 Uncommon trap: reason=unstable_if action=reinterpret pc=0x000001ba754f351c method=java.util.concurrent.locks.ReentrantLock$NonfairSync.initialTryLock()Z @ 25 c2
Event: 12.681 Thread 0x000001ba476eca10 DEOPT PACKING pc=0x000001ba754f351c sp=0x000000a691fff190
Event: 12.681 Thread 0x000001ba476eca10 DEOPT UNPACKING pc=0x000001ba74cf7da2 sp=0x000000a691fff130 mode 2
Event: 13.648 Thread 0x000001ba476eca10 Uncommon trap: trap_request=0xffffff45 fr.pc=0x000001ba7554673c relative=0x00000000000006bc
Event: 13.648 Thread 0x000001ba476eca10 Uncommon trap: reason=unstable_if action=reinterpret pc=0x000001ba7554673c method=java.util.concurrent.ArrayBlockingQueue.enqueue(Ljava/lang/Object;)V @ 25 c2
Event: 13.648 Thread 0x000001ba476eca10 DEOPT PACKING pc=0x000001ba7554673c sp=0x000000a691fff300
Event: 13.648 Thread 0x000001ba476eca10 DEOPT UNPACKING pc=0x000001ba74cf7da2 sp=0x000000a691fff180 mode 2

Classes loaded (20 events):
Event: 7.535 Loading class jdk/internal/logger/LoggerFinderLoader$TemporaryLoggerFinder
Event: 7.535 Loading class jdk/internal/logger/LoggerFinderLoader$TemporaryLoggerFinder done
Event: 7.536 Loading class sun/util/logging/internal/LoggingProviderImpl$JULWrapper
Event: 7.536 Loading class sun/util/logging/PlatformLogger$ConfigurableBridge$LoggerConfiguration
Event: 7.536 Loading class sun/util/logging/PlatformLogger$ConfigurableBridge$LoggerConfiguration done
Event: 7.536 Loading class sun/util/logging/internal/LoggingProviderImpl$JULWrapper done
Event: 7.536 Loading class java/lang/System$Logger$Level
Event: 7.536 Loading class java/lang/System$Logger$Level done
Event: 11.366 Loading class sun/nio/cs/UTF_8$Encoder
Event: 11.366 Loading class sun/nio/cs/UTF_8$Encoder done
Event: 11.746 Loading class java/io/SequenceInputStream
Event: 11.746 Loading class java/io/SequenceInputStream done
Event: 12.377 Loading class sun/nio/cs/ThreadLocalCoders
Event: 12.378 Loading class sun/nio/cs/ThreadLocalCoders done
Event: 12.378 Loading class sun/nio/cs/ThreadLocalCoders$1
Event: 12.378 Loading class sun/nio/cs/ThreadLocalCoders$Cache
Event: 12.378 Loading class sun/nio/cs/ThreadLocalCoders$Cache done
Event: 12.378 Loading class sun/nio/cs/ThreadLocalCoders$1 done
Event: 12.378 Loading class sun/nio/cs/ThreadLocalCoders$2
Event: 12.378 Loading class sun/nio/cs/ThreadLocalCoders$2 done

Classes unloaded (0 events):
No events

Classes redefined (0 events):
No events

Internal exceptions (20 events):
Event: 4.913 Thread 0x000001ba6394b7d0 Implicit null exception at 0x000001ba753c0098 to 0x000001ba753c0268
Event: 4.913 Thread 0x000001ba6394b7d0 Implicit null exception at 0x000001ba7531f29a to 0x000001ba7531f49c
Event: 4.914 Thread 0x000001ba6394b7d0 Implicit null exception at 0x000001ba752f1b3d to 0x000001ba752f1bc1
Event: 6.008 Thread 0x000001ba6394b7d0 Exception <a 'java/lang/NoClassDefFoundError'{0x000000008bd56168}: org/apache/maven/doxia/sink/SinkEventAttributes> (0x000000008bd56168) 
thrown [s\open\src\hotspot\share\classfile\systemDictionary.cpp, line 301]
Event: 6.012 Thread 0x000001ba6394b7d0 Exception <a 'java/lang/NoClassDefFoundError'{0x000000008bd7dcc8}: org/apache/maven/doxia/sink/SinkEventAttributes> (0x000000008bd7dcc8) 
thrown [s\open\src\hotspot\share\classfile\systemDictionary.cpp, line 301]
Event: 6.026 Thread 0x000001ba6394b7d0 Exception <a 'java/lang/NoClassDefFoundError'{0x000000008bc0dd90}: org/apache/maven/doxia/sink/SinkEventAttributes> (0x000000008bc0dd90) 
thrown [s\open\src\hotspot\share\classfile\systemDictionary.cpp, line 301]
Event: 6.027 Thread 0x000001ba6394b7d0 Exception <a 'java/lang/NoClassDefFoundError'{0x000000008bc171c0}: org/apache/maven/doxia/sink/SinkEventAttributes> (0x000000008bc171c0) 
thrown [s\open\src\hotspot\share\classfile\systemDictionary.cpp, line 301]
Event: 6.051 Thread 0x000001ba6394b7d0 Exception <a 'java/lang/NoClassDefFoundError'{0x000000008bc9a800}: org/apache/maven/doxia/sink/SinkEventAttributes> (0x000000008bc9a800) 
thrown [s\open\src\hotspot\share\classfile\systemDictionary.cpp, line 301]
Event: 6.052 Thread 0x000001ba6394b7d0 Exception <a 'java/lang/NoClassDefFoundError'{0x000000008bca4bb8}: org/apache/maven/doxia/sink/SinkEventAttributes> (0x000000008bca4bb8) 
thrown [s\open\src\hotspot\share\classfile\systemDictionary.cpp, line 301]
Event: 6.118 Thread 0x000001ba6394b7d0 Exception <a 'java/lang/NoSuchMethodError'{0x000000008ba2c730}: 'void java.lang.invoke.Invokers$Holder.invokeExact_MT(java.lang.Object, java.lang.Object, int, java.lang.Object)'> (0x000000008ba2c730) 
thrown [s\open\src\hotspot\share\interpreter\linkResolver.cpp, line 773]
Event: 7.132 Thread 0x000001ba6394b7d0 Exception <a 'java/lang/NoSuchMethodError'{0x0000000089152f60}: 'int java.lang.invoke.DirectMethodHandle$Holder.invokeVirtual(java.lang.Object, java.lang.Object)'> (0x0000000089152f60) 
thrown [s\open\src\hotspot\share\interpreter\linkResolver.cpp, line 773]
Event: 7.143 Thread 0x000001ba6394b7d0 Exception <a 'java/lang/NoSuchMethodError'{0x00000000890d4a10}: 'java.lang.String org.apache.maven.execution.MavenExecutionRequest.getFailureBehavior()'> (0x00000000890d4a10) 
thrown [s\open\src\hotspot\share\interpreter\linkResolver.cpp, line 869]
Event: 7.154 Thread 0x000001ba491dd7e0 Exception <a 'java/lang/NoSuchMethodError'{0x000000008903daf8}: 'java.lang.Object java.lang.invoke.DirectMethodHandle$Holder.invokeStatic(java.lang.Object, long, java.lang.Object)'> (0x000000008903daf8) 
thrown [s\open\src\hotspot\share\interpreter\linkResolver.cpp, line 773]
Event: 7.154 Thread 0x000001ba491dd7e0 Exception <a 'java/lang/NoSuchMethodError'{0x0000000089040fe0}: 'java.lang.Object java.lang.invoke.DirectMethodHandle$Holder.invokeStaticInit(java.lang.Object, long, java.lang.Object)'> (0x0000000089040fe0) 
thrown [s\open\src\hotspot\share\interpreter\linkResolver.cpp, line 773]
Event: 7.155 Thread 0x000001ba491dd7e0 Exception <a 'java/lang/NoSuchMethodError'{0x00000000890465c0}: 'java.lang.Object java.lang.invoke.DirectMethodHandle$Holder.newInvokeSpecial(java.lang.Object, long)'> (0x00000000890465c0) 
thrown [s\open\src\hotspot\share\interpreter\linkResolver.cpp, line 773]
Event: 7.157 Thread 0x000001ba491dd7e0 Exception <a 'java/lang/NoSuchMethodError'{0x000000008904b7b8}: 'long java.lang.invoke.DirectMethodHandle$Holder.invokeInterface(java.lang.Object, java.lang.Object)'> (0x000000008904b7b8) 
thrown [s\open\src\hotspot\share\interpreter\linkResolver.cpp, line 773]
Event: 7.158 Thread 0x000001ba491dd7e0 Exception <a 'java/lang/NoSuchMethodError'{0x000000008904fad0}: 'long java.lang.invoke.DelegatingMethodHandle$Holder.reinvoke_L(java.lang.Object, java.lang.Object)'> (0x000000008904fad0) 
thrown [s\open\src\hotspot\share\interpreter\linkResolver.cpp, line 773]
Event: 7.174 Thread 0x000001ba6394b7d0 Exception <a 'java/lang/NoSuchMethodError'{0x0000000088f8f5e8}: 'java.lang.Object java.lang.invoke.DirectMethodHandle$Holder.invokeInterface(java.lang.Object, java.lang.Object)'> (0x0000000088f8f5e8) 
thrown [s\open\src\hotspot\share\interpreter\linkResolver.cpp, line 773]
Event: 7.470 Thread 0x000001ba6394b7d0 Exception <a 'java/lang/NoSuchMethodError'{0x000000008b814458}: 'java.lang.Object java.lang.invoke.Invokers$Holder.invokeExact_MT(java.lang.Object, java.lang.Object, java.lang.Object, java.lang.Object, java.lang.Object, java.lang.Object)'> (0x000000008b814458) 
thrown [s\open\src\hotspot\share\interpreter\linkResolver.cpp, line 773]
Event: 7.532 Thread 0x000001ba6394b7d0 Exception <a 'java/lang/NoSuchMethodError'{0x000000008b706648}: 'void java.lang.invoke.DirectMethodHandle$Holder.invokeStatic(java.lang.Object, long)'> (0x000000008b706648) 
thrown [s\open\src\hotspot\share\interpreter\linkResolver.cpp, line 773]

ZGC Phase Switch (0 events):
No events

VM Operations (20 events):
Event: 7.317 Executing VM operation: G1CollectForAllocation (G1 Evacuation Pause) done
Event: 7.432 Executing VM operation: HandshakeAllThreads (Deoptimize)
Event: 7.432 Executing VM operation: HandshakeAllThreads (Deoptimize) done
Event: 7.440 Executing VM operation: HandshakeAllThreads (Deoptimize)
Event: 7.440 Executing VM operation: HandshakeAllThreads (Deoptimize) done
Event: 7.448 Executing VM operation: HandshakeAllThreads (Deoptimize)
Event: 7.448 Executing VM operation: HandshakeAllThreads (Deoptimize) done
Event: 7.512 Executing VM operation: HandshakeAllThreads (Deoptimize)
Event: 7.512 Executing VM operation: HandshakeAllThreads (Deoptimize) done
Event: 7.534 Executing VM operation: HandshakeAllThreads (Deoptimize)
Event: 7.534 Executing VM operation: HandshakeAllThreads (Deoptimize) done
Event: 8.543 Executing VM operation: Cleanup
Event: 8.543 Executing VM operation: Cleanup done
Event: 11.552 Executing VM operation: Cleanup
Event: 11.568 Executing VM operation: Cleanup done
Event: 12.572 Executing VM operation: Cleanup
Event: 12.572 Executing VM operation: Cleanup done
Event: 13.575 Executing VM operation: Cleanup
Event: 13.575 Executing VM operation: Cleanup done
Event: 13.778 Executing VM operation: G1CollectForAllocation (G1 Evacuation Pause)

Events (20 events):
Event: 0.310 Thread 0x000001ba7fcb4290 Thread added: 0x000001ba7fcb4290
Event: 2.073 Thread 0x000001ba475a8360 Thread added: 0x000001ba475a8360
Event: 2.752 Thread 0x000001ba475a8360 Thread exited: 0x000001ba475a8360
Event: 3.385 Thread 0x000001ba484d19b0 Thread added: 0x000001ba484d19b0
Event: 7.124 Thread 0x000001ba491dd7e0 Thread added: 0x000001ba491dd7e0
Event: 7.159 Thread 0x000001ba491dd7e0 Thread exited: 0x000001ba491dd7e0
Event: 7.263 Thread 0x000001ba490bf110 Thread added: 0x000001ba490bf110
Event: 7.263 Thread 0x000001ba490bf770 Thread added: 0x000001ba490bf770
Event: 7.263 Thread 0x000001ba49708910 Thread added: 0x000001ba49708910
Event: 7.391 Thread 0x000001ba492a80a0 Thread added: 0x000001ba492a80a0
Event: 7.391 Thread 0x000001ba492a8700 Thread added: 0x000001ba492a8700
Event: 7.429 Thread 0x000001ba492a8d60 Thread added: 0x000001ba492a8d60
Event: 7.438 Thread 0x000001ba48d3c9b0 Thread added: 0x000001ba48d3c9b0
Event: 7.512 Thread 0x000001ba4a3e3270 Thread added: 0x000001ba4a3e3270
Event: 7.545 Thread 0x000001ba476eddc0 Thread added: 0x000001ba476eddc0
Event: 7.545 Thread 0x000001ba476eca10 Thread added: 0x000001ba476eca10
Event: 7.545 Thread 0x000001ba476ed730 Thread added: 0x000001ba476ed730
Event: 7.938 Thread 0x000001ba484d19b0 Thread exited: 0x000001ba484d19b0
Event: 12.473 Thread 0x000001ba4a742000 Thread added: 0x000001ba4a742000
Event: 12.966 Thread 0x000001ba4a742000 Thread exited: 0x000001ba4a742000


Dynamic libraries:
0x00007ff6b6070000 - 0x00007ff6b6080000 	C:\Program Files\Java\jdk-21\bin\javaw.exe
0x00007ffb74840000 - 0x00007ffb74aa8000 	C:\WINDOWS\SYSTEM32\ntdll.dll
0x00007ffb73b80000 - 0x00007ffb73c49000 	C:\WINDOWS\System32\KERNEL32.DLL
0x00007ffb720b0000 - 0x00007ffb724a2000 	C:\WINDOWS\System32\KERNELBASE.dll
0x00007ffb71f60000 - 0x00007ffb720ab000 	C:\WINDOWS\System32\ucrtbase.dll
0x00007ffb6c6f0000 - 0x00007ffb6c709000 	C:\Program Files\Java\jdk-21\bin\jli.dll
0x00007ffb72d90000 - 0x00007ffb72e44000 	C:\WINDOWS\System32\ADVAPI32.dll
0x00007ffb73df0000 - 0x00007ffb73e99000 	C:\WINDOWS\System32\msvcrt.dll
0x00007ffb73180000 - 0x00007ffb73226000 	C:\WINDOWS\System32\sechost.dll
0x00007ffb74570000 - 0x00007ffb74688000 	C:\WINDOWS\System32\RPCRT4.dll
0x00007ffb738c0000 - 0x00007ffb73a85000 	C:\WINDOWS\System32\USER32.dll
0x00007ffb719d0000 - 0x00007ffb719f7000 	C:\WINDOWS\System32\win32u.dll
0x00007ffb746e0000 - 0x00007ffb7470b000 	C:\WINDOWS\System32\GDI32.dll
0x00007ffb71a00000 - 0x00007ffb71b2d000 	C:\WINDOWS\System32\gdi32full.dll
0x00007ffb71bc0000 - 0x00007ffb71c63000 	C:\WINDOWS\System32\msvcp_win.dll
0x00007ffb6c1f0000 - 0x00007ffb6c20b000 	C:\Program Files\Java\jdk-21\bin\VCRUNTIME140.dll
0x00007ffb52d00000 - 0x00007ffb52f93000 	C:\WINDOWS\WinSxS\amd64_microsoft.windows.common-controls_6595b64144ccf1df_6.0.26100.6899_none_3e0efeeae32e88c1\COMCTL32.dll
0x00007ffb63690000 - 0x00007ffb6369b000 	C:\WINDOWS\SYSTEM32\VERSION.dll
0x00007ffb741b0000 - 0x00007ffb741df000 	C:\WINDOWS\System32\IMM32.DLL
0x00007ffb6c260000 - 0x00007ffb6c26c000 	C:\Program Files\Java\jdk-21\bin\vcruntime140_1.dll
0x00007ffb5b550000 - 0x00007ffb5b5de000 	C:\Program Files\Java\jdk-21\bin\msvcp140.dll
0x00007ffacce70000 - 0x00007ffacdb8d000 	C:\Program Files\Java\jdk-21\bin\server\jvm.dll
0x00007ffb73d70000 - 0x00007ffb73de4000 	C:\WINDOWS\System32\WS2_32.dll
0x00007ffb71850000 - 0x00007ffb718ae000 	C:\WINDOWS\SYSTEM32\POWRPROF.dll
0x00007ffb5c710000 - 0x00007ffb5c745000 	C:\WINDOWS\SYSTEM32\WINMM.dll
0x00007ffb71830000 - 0x00007ffb71844000 	C:\WINDOWS\SYSTEM32\UMPDC.dll
0x00007ffb70780000 - 0x00007ffb7079b000 	C:\WINDOWS\SYSTEM32\kernel.appcore.dll
0x00007ffb63a70000 - 0x00007ffb63a7a000 	C:\Program Files\Java\jdk-21\bin\jimage.dll
0x00007ffb6eed0000 - 0x00007ffb6f112000 	C:\WINDOWS\SYSTEM32\DBGHELP.DLL
0x00007ffb741f0000 - 0x00007ffb7456b000 	C:\WINDOWS\System32\combase.dll
0x00007ffb73aa0000 - 0x00007ffb73b77000 	C:\WINDOWS\System32\OLEAUT32.dll
0x00007ffb52060000 - 0x00007ffb5209c000 	C:\WINDOWS\SYSTEM32\dbgcore.DLL
0x00007ffb724b0000 - 0x00007ffb72548000 	C:\WINDOWS\System32\bcryptPrimitives.dll
0x00007ffb63a50000 - 0x00007ffb63a6f000 	C:\Program Files\Java\jdk-21\bin\java.dll
0x00007ffb72640000 - 0x00007ffb72d8d000 	C:\WINDOWS\System32\SHELL32.dll
0x00007ffb71c70000 - 0x00007ffb71ddb000 	C:\WINDOWS\System32\wintypes.dll
0x00007ffb6f610000 - 0x00007ffb6fe6d000 	C:\WINDOWS\SYSTEM32\windows.storage.dll
0x00007ffb73c70000 - 0x00007ffb73d62000 	C:\WINDOWS\System32\SHCORE.dll
0x00007ffb74710000 - 0x00007ffb74772000 	C:\WINDOWS\System32\shlwapi.dll
0x00007ffb718f0000 - 0x00007ffb71919000 	C:\WINDOWS\SYSTEM32\profapi.dll
0x00007ffb497d0000 - 0x00007ffb498a7000 	C:\Program Files\Java\jdk-21\bin\jsvml.dll
0x00007ffb5b650000 - 0x00007ffb5b660000 	C:\Program Files\Java\jdk-21\bin\net.dll
0x00007ffb645b0000 - 0x00007ffb646cf000 	C:\WINDOWS\SYSTEM32\WINHTTP.dll
0x00007ffb70d10000 - 0x00007ffb70d7b000 	C:\WINDOWS\system32\mswsock.dll
0x00007ffb5b630000 - 0x00007ffb5b646000 	C:\Program Files\Java\jdk-21\bin\nio.dll
0x00007ffb55e90000 - 0x00007ffb55ea8000 	C:\Program Files\Java\jdk-21\bin\zip.dll
0x00007ffb55e30000 - 0x00007ffb55e40000 	C:\Program Files\Java\jdk-21\bin\verify.dll
0x00007ffb70fc0000 - 0x00007ffb70fdb000 	C:\WINDOWS\SYSTEM32\CRYPTSP.dll
0x00007ffb706e0000 - 0x00007ffb7071b000 	C:\WINDOWS\system32\rsaenh.dll
0x00007ffb70db0000 - 0x00007ffb70ddb000 	C:\WINDOWS\SYSTEM32\USERENV.dll
0x00007ffb718c0000 - 0x00007ffb718e6000 	C:\WINDOWS\SYSTEM32\bcrypt.dll
0x00007ffb70fe0000 - 0x00007ffb70fec000 	C:\WINDOWS\SYSTEM32\CRYPTBASE.dll
0x00007ffb701c0000 - 0x00007ffb701f4000 	C:\WINDOWS\SYSTEM32\IPHLPAPI.DLL
0x00007ffb738a0000 - 0x00007ffb738aa000 	C:\WINDOWS\System32\NSI.dll
0x00007ffb50710000 - 0x00007ffb5071a000 	C:\Users\SUJITHA\AppData\Local\Temp\jansi-1.17.1-12545970991195018620.dll
0x00007ffb49a40000 - 0x00007ffb49a4a000 	C:\Users\SUJITHA\AppData\Local\Temp\jansi-1.17.1-17998944082236142625.dll

dbghelp: loaded successfully - version: 4.0.5 - missing functions: none
symbol engine: initialized successfully - sym options: 0x614 - pdb path: .;C:\Program Files\Java\jdk-21\bin;C:\WINDOWS\SYSTEM32;C:\WINDOWS\WinSxS\amd64_microsoft.windows.common-controls_6595b64144ccf1df_6.0.26100.6899_none_3e0efeeae32e88c1;C:\Program Files\Java\jdk-21\bin\server;C:\Users\SUJITHA\AppData\Local\Temp

VM Arguments:
jvm_args: -Dmaven.home=EMBEDDED -Dclassworlds.conf=C:\Users\SUJITHA\eclipse-workspace\My Maven project 2025\.metadata\.plugins\org.eclipse.m2e.launching\launches\m2conf3792112907097629787.tmp -Dmaven.multiModuleProjectDirectory=C:\Users\SUJITHA\eclipse-workspace\My Maven project 2025\qa-framework -Dfile.encoding=Cp1252 -XX:+ShowCodeDetailsInExceptionMessages 
java_command: org.codehaus.plexus.classworlds.launcher.Launcher -B test
java_class_path (initial): F:\Eclipse\eclipse\plugins\org.eclipse.m2e.maven.runtime_1.18.0.20210618-2246\jars\plexus-classworlds-2.6.0.jar
Launcher Type: SUN_STANDARD

[Global flags]
     intx CICompilerCount                          = 3                                         {product} {ergonomic}
     uint ConcGCThreads                            = 1                                         {product} {ergonomic}
     uint G1ConcRefinementThreads                  = 4                                         {product} {ergonomic}
   size_t G1HeapRegionSize                         = 1048576                                   {product} {ergonomic}
    uintx GCDrainStackTargetSize                   = 64                                        {product} {ergonomic}
   size_t InitialHeapSize                          = 130023424                                 {product} {ergonomic}
   size_t MarkStackSize                            = 4194304                                   {product} {ergonomic}
   size_t MaxHeapSize                              = 2067791872                                {product} {ergonomic}
   size_t MaxNewSize                               = 1240465408                                {product} {ergonomic}
   size_t MinHeapDeltaBytes                        = 1048576                                   {product} {ergonomic}
   size_t MinHeapSize                              = 8388608                                   {product} {ergonomic}
    uintx NonNMethodCodeHeapSize                   = 5832780                                {pd product} {ergonomic}
    uintx NonProfiledCodeHeapSize                  = 122912730                              {pd product} {ergonomic}
    uintx ProfiledCodeHeapSize                     = 122912730                              {pd product} {ergonomic}
    uintx ReservedCodeCacheSize                    = 251658240                              {pd product} {ergonomic}
     bool SegmentedCodeCache                       = true                                      {product} {ergonomic}
     bool ShowCodeDetailsInExceptionMessages       = true                                   {manageable} {command line}
   size_t SoftMaxHeapSize                          = 2067791872                             {manageable} {ergonomic}
     bool UseCompressedOops                        = true                           {product lp64_product} {ergonomic}
     bool UseG1GC                                  = true                                      {product} {ergonomic}
     bool UseLargePagesIndividualAllocation        = false                                  {pd product} {ergonomic}

Logging:
Log output configuration:
 #0: stdout all=warning uptime,level,tags foldmultilines=false
 #1: stderr all=off uptime,level,tags foldmultilines=false

Environment Variables:
JAVA_HOME=C:\Program Files\Java\jdk-21
PATH=F:/Eclipse/eclipse//plugins/org.eclipse.justj.openjdk.hotspot.jre.full.win32.x86_64_16.0.2.v20210721-1149/jre/bin/server;F:/Eclipse/eclipse//plugins/org.eclipse.justj.openjdk.hotspot.jre.full.win32.x86_64_16.0.2.v20210721-1149/jre/bin;C:\Program Files\Common Files\Oracle\Java\javapath;C:\WINDOWS\system32;C:\WINDOWS;C:\WINDOWS\System32\Wbem;C:\WINDOWS\System32\WindowsPowerShell\v1.0\;C:\WINDOWS\System32\OpenSSH\;C:\Program Files\nodejs\;C:\Program Files\Docker\Docker\resources\bin;C:\Users\SUJITHA\AppData\Local\Microsoft\WindowsApps;C:\Users\SUJITHA\AppData\Roaming\npm;C:\Program Files\nodejs;C:\Program Files\nodejs\node_modules;C:\Program Files\Java\jdk-21\bin;C:\Program Files\apache-maven-3.9.11\bin;;F:\Eclipse\eclipse;
USERNAME=SUJITHA
OS=Windows_NT
PROCESSOR_IDENTIFIER=Intel64 Family 6 Model 126 Stepping 5, GenuineIntel
TMP=C:\Users\SUJITHA\AppData\Local\Temp
TEMP=C:\Users\SUJITHA\AppData\Local\Temp




Periodic native trim disabled

---------------  S Y S T E M  ---------------

OS:
 Windows 11 , 64 bit Build 26100 (10.0.26100.6725)
OS uptime: 0 days 1:33 hours
Hyper-V role detected

CPU: total 4 (initial active 4) (2 cores per cpu, 2 threads per core) family 6 model 126 stepping 5 microcode 0xa0, cx8, cmov, fxsr, ht, mmx, 3dnowpref, sse, sse2, sse3, ssse3, sse4.1, sse4.2, popcnt, lzcnt, tsc, tscinvbit, avx, avx2, aes, erms, clmul, bmi1, bmi2, adx, avx512f, avx512dq, avx512cd, avx512bw, avx512vl, sha, fma, vzeroupper, avx512_vpopcntdq, avx512_vpclmulqdq, avx512_vaes, avx512_vnni, clflush, clflushopt, avx512_vbmi2, avx512_vbmi, hv, rdtscp, rdpid, fsrm, gfni, avx512_bitalg, f16c, avx512_ifma
Processor Information for all 4 processors :
  Max Mhz: 1190, Current Mhz: 1190, Mhz Limit: 1190

Memory: 4k page, system-wide physical 7880M (788M free)
TotalPageFile size 9928M (AvailPageFile size 5M)
current process WorkingSet (physical memory assigned to process): 198M, peak: 222M
current process commit charge ("private bytes"): 255M, peak: 284M

vm_info: Java HotSpot(TM) 64-Bit Server VM (21.0.8+12-LTS-250) for windows-amd64 JRE (21.0.8+12-LTS-250), built on 2025-06-27T08:11:22Z by "mach5one" with MS VC++ 17.6 (VS2022)

END.
