#
# There is insufficient memory for the Java Runtime Environment to continue.
# Native memory allocation (malloc) failed to allocate 328432 bytes for Chunk::new
# Possible reasons:
#   The system is out of physical RAM or swap space
#   The process is running with CompressedOops enabled, and the Java Heap may be blocking the growth of the native heap
# Possible solutions:
#   Reduce memory load on the system
#   Increase physical memory or swap space
#   Check if swap backing store is full
#   Decrease Java heap size (-Xmx/-Xms)
#   Decrease number of Java threads
#   Decrease Java thread stack sizes (-Xss)
#   Set larger code cache with -XX:ReservedCodeCacheSize=
#   JVM is running with Unscaled Compressed Oops mode in which the Java heap is
#     placed in the first 4GB address space. The Java Heap base address is the
#     maximum limit for the native heap growth. Please use -XX:HeapBaseMinAddress
#     to set the Java Heap base and to place the Java Heap above 4GB virtual address.
# This output file may be truncated or incomplete.
#
#  Out of Memory Error (arena.cpp:168), pid=4880, tid=11384
#
# JRE version: Java(TM) SE Runtime Environment (21.0.8+12) (build 21.0.8+12-LTS-250)
# Java VM: Java HotSpot(TM) 64-Bit Server VM (21.0.8+12-LTS-250, mixed mode, sharing, tiered, compressed oops, compressed class ptrs, g1 gc, windows-amd64)
# No core dump will be written. Minidumps are not enabled by default on client versions of Windows
#

---------------  S U M M A R Y ------------

Command Line: -Dmaven.home=EMBEDDED -Dclassworlds.conf=C:\Users\SUJITHA\eclipse-workspace\My Maven project 2025\.metadata\.plugins\org.eclipse.m2e.launching\launches\m2conf4752086936075472682.tmp -Dmaven.multiModuleProjectDirectory=C:\Users\SUJITHA\eclipse-workspace\My Maven project 2025\qa-framework -Dfile.encoding=Cp1252 -XX:+ShowCodeDetailsInExceptionMessages org.codehaus.plexus.classworlds.launcher.Launcher -B test

Host: Intel(R) Core(TM) i3-1005G1 CPU @ 1.20GHz, 4 cores, 7G,  Windows 11 , 64 bit Build 26100 (10.0.26100.6725)
Time: Mon Nov  3 12:57:02 2025 India Standard Time elapsed time: 15.915736 seconds (0d 0h 0m 15s)

---------------  T H R E A D  ---------------

Current thread (0x000001f5ff152eb0):  JavaThread "C2 CompilerThread0" daemon [_thread_in_native, id=11384, stack(0x000000050ee00000,0x000000050ef00000) (1024K)]


Current CompileTask:
C2:  15915 5257  s    4       org.apache.maven.plugin.surefire.report.Utf8RecodingDeferredFileOutputStream::write (131 bytes)

Stack: [0x000000050ee00000,0x000000050ef00000]
Native frames: (J=compiled Java code, j=interpreted, Vv=VM code, C=native code)
V  [jvm.dll+0x6cc179]
V  [jvm.dll+0x8584c1]
V  [jvm.dll+0x85a9ee]
V  [jvm.dll+0x85b0c3]
V  [jvm.dll+0x27ebf6]
V  [jvm.dll+0xc4f4d]
V  [jvm.dll+0xc5483]
V  [jvm.dll+0x3b6abc]
V  [jvm.dll+0x382a35]
V  [jvm.dll+0x381eaa]
V  [jvm.dll+0x247670]
V  [jvm.dll+0x246c4f]
V  [jvm.dll+0x1c7a3e]
V  [jvm.dll+0x256359]
V  [jvm.dll+0x2548ea]
V  [jvm.dll+0x3efef6]
V  [jvm.dll+0x80279b]
V  [jvm.dll+0x6ca85d]
C  [ucrtbase.dll+0x37b0]
C  [KERNEL32.DLL+0x2e8d7]
C  [ntdll.dll+0x8c53c]


---------------  P R O C E S S  ---------------

Threads class SMR info:
_java_thread_list=0x000001f5df286410, length=22, elements={
0x000001f5fa2789c0, 0x000001f5ff13ad10, 0x000001f5ff13f860, 0x000001f5ff142f90,
0x000001f5ff143ad0, 0x000001f5ff14c620, 0x000001f5ff14e2a0, 0x000001f5ff152eb0,
0x000001f5ff15e3e0, 0x000001f5995ec770, 0x000001f5995f17b0, 0x000001f5e16f6a00,
0x000001f5e004b030, 0x000001f5dfcdc710, 0x000001f5997e8650, 0x000001f5e06a9520,
0x000001f5e1007d50, 0x000001f5e1cb5050, 0x000001f5e21aa5a0, 0x000001f5e0dac530,
0x000001f5e0f8fe30, 0x000001f5e04ba1f0
}

Java Threads: ( => current thread )
  0x000001f5fa2789c0 JavaThread "main"                              [_thread_in_native, id=11092, stack(0x000000050e000000,0x000000050e100000) (1024K)]
  0x000001f5ff13ad10 JavaThread "Reference Handler"          daemon [_thread_blocked, id=17444, stack(0x000000050e800000,0x000000050e900000) (1024K)]
  0x000001f5ff13f860 JavaThread "Finalizer"                  daemon [_thread_blocked, id=5220, stack(0x000000050e900000,0x000000050ea00000) (1024K)]
  0x000001f5ff142f90 JavaThread "Signal Dispatcher"          daemon [_thread_blocked, id=8244, stack(0x000000050ea00000,0x000000050eb00000) (1024K)]
  0x000001f5ff143ad0 JavaThread "Attach Listener"            daemon [_thread_blocked, id=15272, stack(0x000000050eb00000,0x000000050ec00000) (1024K)]
  0x000001f5ff14c620 JavaThread "Service Thread"             daemon [_thread_blocked, id=8264, stack(0x000000050ec00000,0x000000050ed00000) (1024K)]
  0x000001f5ff14e2a0 JavaThread "Monitor Deflation Thread"   daemon [_thread_blocked, id=13380, stack(0x000000050ed00000,0x000000050ee00000) (1024K)]
=>0x000001f5ff152eb0 JavaThread "C2 CompilerThread0"         daemon [_thread_in_native, id=11384, stack(0x000000050ee00000,0x000000050ef00000) (1024K)]
  0x000001f5ff15e3e0 JavaThread "C1 CompilerThread0"         daemon [_thread_blocked, id=15760, stack(0x000000050ef00000,0x000000050f000000) (1024K)]
  0x000001f5995ec770 JavaThread "Notification Thread"        daemon [_thread_blocked, id=17164, stack(0x000000050f000000,0x000000050f100000) (1024K)]
  0x000001f5995f17b0 JavaThread "Common-Cleaner"             daemon [_thread_blocked, id=2684, stack(0x000000050f100000,0x000000050f200000) (1024K)]
  0x000001f5e16f6a00 JavaThread "resolver-1"                 daemon [_thread_blocked, id=14096, stack(0x000000050f600000,0x000000050f700000) (1024K)]
  0x000001f5e004b030 JavaThread "resolver-2"                 daemon [_thread_blocked, id=17680, stack(0x000000050f700000,0x000000050f800000) (1024K)]
  0x000001f5dfcdc710 JavaThread "resolver-3"                 daemon [_thread_blocked, id=16368, stack(0x000000050f800000,0x000000050f900000) (1024K)]
  0x000001f5997e8650 JavaThread "resolver-4"                 daemon [_thread_blocked, id=18048, stack(0x000000050f900000,0x000000050fa00000) (1024K)]
  0x000001f5e06a9520 JavaThread "resolver-5"                 daemon [_thread_blocked, id=9696, stack(0x000000050fa00000,0x000000050fb00000) (1024K)]
  0x000001f5e1007d50 JavaThread "timeout-check-timer"        daemon [_thread_blocked, id=16200, stack(0x000000050fb00000,0x000000050fc00000) (1024K)]
  0x000001f5e1cb5050 JavaThread "ping-timer-10s"             daemon [_thread_blocked, id=8204, stack(0x000000050fc00000,0x000000050fd00000) (1024K)]
  0x000001f5e21aa5a0 JavaThread "ThreadedStreamConsumer"     daemon [_thread_in_native, id=16096, stack(0x000000050fd00000,0x000000050fe00000) (1024K)]
  0x000001f5e0dac530 JavaThread "Thread-2"                          [_thread_blocked, id=2760, stack(0x000000050fe00000,0x000000050ff00000) (1024K)]
  0x000001f5e0f8fe30 JavaThread "Thread-3"                          [_thread_in_native, id=12840, stack(0x000000050ff00000,0x0000000510000000) (1024K)]
  0x000001f5e04ba1f0 JavaThread "Thread-4"                          [_thread_in_native, id=9116, stack(0x0000000510000000,0x0000000510100000) (1024K)]
Total: 22

Other Threads:
  0x000001f5ff122990 VMThread "VM Thread"                           [id=16872, stack(0x000000050e700000,0x000000050e800000) (1024K)]
  0x000001f5ff112a30 WatcherThread "VM Periodic Task Thread"        [id=5952, stack(0x000000050e600000,0x000000050e700000) (1024K)]
  0x000001f5fbd65fa0 WorkerThread "GC Thread#0"                     [id=18156, stack(0x000000050e100000,0x000000050e200000) (1024K)]
  0x000001f5df569ef0 WorkerThread "GC Thread#1"                     [id=11184, stack(0x000000050f200000,0x000000050f300000) (1024K)]
  0x000001f5df579600 WorkerThread "GC Thread#2"                     [id=7884, stack(0x000000050f300000,0x000000050f400000) (1024K)]
  0x000001f5df82dd00 WorkerThread "GC Thread#3"                     [id=2956, stack(0x000000050f400000,0x000000050f500000) (1024K)]
  0x000001f5fbd77920 ConcurrentGCThread "G1 Main Marker"            [id=10940, stack(0x000000050e200000,0x000000050e300000) (1024K)]
  0x000001f5fbd7a5e0 WorkerThread "G1 Conc#0"                       [id=5236, stack(0x000000050e300000,0x000000050e400000) (1024K)]
  0x000001f5fbdde020 ConcurrentGCThread "G1 Refine#0"               [id=15808, stack(0x000000050e400000,0x000000050e500000) (1024K)]
  0x000001f5fbddea30 ConcurrentGCThread "G1 Service"                [id=13716, stack(0x000000050e500000,0x000000050e600000) (1024K)]
Total: 10

Threads with active compile tasks:
C2 CompilerThread0    15943 5257  s    4       org.apache.maven.plugin.surefire.report.Utf8RecodingDeferredFileOutputStream::write (131 bytes)
Total: 1

VM state: not at safepoint (normal execution)

VM Mutex/Monitor currently owned by a thread: None

Heap address: 0x0000000084c00000, size: 1972 MB, Compressed Oops mode: 32-bit

CDS archive(s) mapped at: [0x000001f59a000000-0x000001f59ac90000-0x000001f59ac90000), size 13172736, SharedBaseAddress: 0x000001f59a000000, ArchiveRelocationMode: 1.
Compressed class space mapped at: 0x000001f59b000000-0x000001f5db000000, reserved size: 1073741824
Narrow klass base: 0x000001f59a000000, Narrow klass shift: 0, Narrow klass range: 0x100000000

GC Precious Log:
 CardTable entry size: 512
 Card Set container configuration: InlinePtr #cards 5 size 8 Array Of Cards #cards 12 size 40 Howl #buckets 4 coarsen threshold 1843 Howl Bitmap #cards 512 size 80 coarsen threshold 460 Card regions per heap region 1 cards per card region 2048
 CPUs: 4 total, 4 available
 Memory: 7880M
 Large Page Support: Disabled
 NUMA Support: Disabled
 Compressed Oops: Enabled (32-bit)
 Heap Region Size: 1M
 Heap Min Capacity: 8M
 Heap Initial Capacity: 124M
 Heap Max Capacity: 1972M
 Pre-touch: Disabled
 Parallel Workers: 4
 Concurrent Workers: 1
 Concurrent Refinement Workers: 4
 Periodic GC: Disabled

Heap:
 garbage-first heap   total 126976K, used 79269K [0x0000000084c00000, 0x0000000100000000)
  region size 1024K, 59 young (60416K), 2 survivors (2048K)
 Metaspace       used 18465K, committed 18880K, reserved 1114112K
  class space    used 1901K, committed 2112K, reserved 1048576K

Heap Regions: E=young(eden), S=young(survivor), O=old, HS=humongous(starts), HC=humongous(continues), CS=collection set, F=free, TAMS=top-at-mark-start, PB=parsable bottom
|   0|0x0000000084c00000, 0x0000000084d00000, 0x0000000084d00000|100%| O|  |TAMS 0x0000000084c00000| PB 0x0000000084c00000| Untracked 
|   1|0x0000000084d00000, 0x0000000084e00000, 0x0000000084e00000|100%| O|  |TAMS 0x0000000084d00000| PB 0x0000000084d00000| Untracked 
|   2|0x0000000084e00000, 0x0000000084f00000, 0x0000000084f00000|100%| O|  |TAMS 0x0000000084e00000| PB 0x0000000084e00000| Untracked 
|   3|0x0000000084f00000, 0x0000000085000000, 0x0000000085000000|100%| O|  |TAMS 0x0000000084f00000| PB 0x0000000084f00000| Untracked 
|   4|0x0000000085000000, 0x0000000085100000, 0x0000000085100000|100%| O|  |TAMS 0x0000000085000000| PB 0x0000000085000000| Untracked 
|   5|0x0000000085100000, 0x0000000085200000, 0x0000000085200000|100%| O|  |TAMS 0x0000000085100000| PB 0x0000000085100000| Untracked 
|   6|0x0000000085200000, 0x0000000085300000, 0x0000000085300000|100%| O|  |TAMS 0x0000000085200000| PB 0x0000000085200000| Untracked 
|   7|0x0000000085300000, 0x0000000085400000, 0x0000000085400000|100%| O|  |TAMS 0x0000000085300000| PB 0x0000000085300000| Untracked 
|   8|0x0000000085400000, 0x0000000085500000, 0x0000000085500000|100%| O|  |TAMS 0x0000000085400000| PB 0x0000000085400000| Untracked 
|   9|0x0000000085500000, 0x0000000085600000, 0x0000000085600000|100%| O|  |TAMS 0x0000000085500000| PB 0x0000000085500000| Untracked 
|  10|0x0000000085600000, 0x0000000085700000, 0x0000000085700000|100%| O|  |TAMS 0x0000000085600000| PB 0x0000000085600000| Untracked 
|  11|0x0000000085700000, 0x0000000085800000, 0x0000000085800000|100%| O|  |TAMS 0x0000000085700000| PB 0x0000000085700000| Untracked 
|  12|0x0000000085800000, 0x0000000085900000, 0x0000000085900000|100%| O|  |TAMS 0x0000000085800000| PB 0x0000000085800000| Untracked 
|  13|0x0000000085900000, 0x0000000085a00000, 0x0000000085a00000|100%| O|  |TAMS 0x0000000085900000| PB 0x0000000085900000| Untracked 
|  14|0x0000000085a00000, 0x0000000085b00000, 0x0000000085b00000|100%| O|  |TAMS 0x0000000085a00000| PB 0x0000000085a00000| Untracked 
|  15|0x0000000085b00000, 0x0000000085c00000, 0x0000000085c00000|100%|HS|  |TAMS 0x0000000085b00000| PB 0x0000000085b00000| Complete 
|  16|0x0000000085c00000, 0x0000000085d00000, 0x0000000085d00000|100%| O|  |TAMS 0x0000000085c00000| PB 0x0000000085c00000| Untracked 
|  17|0x0000000085d00000, 0x0000000085e00000, 0x0000000085e00000|100%| O|  |TAMS 0x0000000085d00000| PB 0x0000000085d00000| Untracked 
|  18|0x0000000085e00000, 0x0000000085f00000, 0x0000000085f00000|100%| O|  |TAMS 0x0000000085e00000| PB 0x0000000085e00000| Untracked 
|  19|0x0000000085f00000, 0x0000000085fddb80, 0x0000000086000000| 86%| O|  |TAMS 0x0000000085f00000| PB 0x0000000085f00000| Untracked 
|  20|0x0000000086000000, 0x0000000086000000, 0x0000000086100000|  0%| F|  |TAMS 0x0000000086000000| PB 0x0000000086000000| Untracked 
|  21|0x0000000086100000, 0x0000000086100000, 0x0000000086200000|  0%| F|  |TAMS 0x0000000086100000| PB 0x0000000086100000| Untracked 
|  22|0x0000000086200000, 0x0000000086200000, 0x0000000086300000|  0%| F|  |TAMS 0x0000000086200000| PB 0x0000000086200000| Untracked 
|  23|0x0000000086300000, 0x0000000086300000, 0x0000000086400000|  0%| F|  |TAMS 0x0000000086300000| PB 0x0000000086300000| Untracked 
|  24|0x0000000086400000, 0x0000000086400000, 0x0000000086500000|  0%| F|  |TAMS 0x0000000086400000| PB 0x0000000086400000| Untracked 
|  25|0x0000000086500000, 0x0000000086500000, 0x0000000086600000|  0%| F|  |TAMS 0x0000000086500000| PB 0x0000000086500000| Untracked 
|  26|0x0000000086600000, 0x0000000086600000, 0x0000000086700000|  0%| F|  |TAMS 0x0000000086600000| PB 0x0000000086600000| Untracked 
|  27|0x0000000086700000, 0x0000000086700000, 0x0000000086800000|  0%| F|  |TAMS 0x0000000086700000| PB 0x0000000086700000| Untracked 
|  28|0x0000000086800000, 0x0000000086800000, 0x0000000086900000|  0%| F|  |TAMS 0x0000000086800000| PB 0x0000000086800000| Untracked 
|  29|0x0000000086900000, 0x0000000086900000, 0x0000000086a00000|  0%| F|  |TAMS 0x0000000086900000| PB 0x0000000086900000| Untracked 
|  30|0x0000000086a00000, 0x0000000086a00000, 0x0000000086b00000|  0%| F|  |TAMS 0x0000000086a00000| PB 0x0000000086a00000| Untracked 
|  31|0x0000000086b00000, 0x0000000086b00000, 0x0000000086c00000|  0%| F|  |TAMS 0x0000000086b00000| PB 0x0000000086b00000| Untracked 
|  32|0x0000000086c00000, 0x0000000086c00000, 0x0000000086d00000|  0%| F|  |TAMS 0x0000000086c00000| PB 0x0000000086c00000| Untracked 
|  33|0x0000000086d00000, 0x0000000086d00000, 0x0000000086e00000|  0%| F|  |TAMS 0x0000000086d00000| PB 0x0000000086d00000| Untracked 
|  34|0x0000000086e00000, 0x0000000086e00000, 0x0000000086f00000|  0%| F|  |TAMS 0x0000000086e00000| PB 0x0000000086e00000| Untracked 
|  35|0x0000000086f00000, 0x0000000086f00000, 0x0000000087000000|  0%| F|  |TAMS 0x0000000086f00000| PB 0x0000000086f00000| Untracked 
|  36|0x0000000087000000, 0x0000000087000000, 0x0000000087100000|  0%| F|  |TAMS 0x0000000087000000| PB 0x0000000087000000| Untracked 
|  37|0x0000000087100000, 0x0000000087100000, 0x0000000087200000|  0%| F|  |TAMS 0x0000000087100000| PB 0x0000000087100000| Untracked 
|  38|0x0000000087200000, 0x0000000087200000, 0x0000000087300000|  0%| F|  |TAMS 0x0000000087200000| PB 0x0000000087200000| Untracked 
|  39|0x0000000087300000, 0x0000000087300000, 0x0000000087400000|  0%| F|  |TAMS 0x0000000087300000| PB 0x0000000087300000| Untracked 
|  40|0x0000000087400000, 0x0000000087400000, 0x0000000087500000|  0%| F|  |TAMS 0x0000000087400000| PB 0x0000000087400000| Untracked 
|  41|0x0000000087500000, 0x0000000087500000, 0x0000000087600000|  0%| F|  |TAMS 0x0000000087500000| PB 0x0000000087500000| Untracked 
|  42|0x0000000087600000, 0x0000000087600000, 0x0000000087700000|  0%| F|  |TAMS 0x0000000087600000| PB 0x0000000087600000| Untracked 
|  43|0x0000000087700000, 0x0000000087700000, 0x0000000087800000|  0%| F|  |TAMS 0x0000000087700000| PB 0x0000000087700000| Untracked 
|  44|0x0000000087800000, 0x0000000087800000, 0x0000000087900000|  0%| F|  |TAMS 0x0000000087800000| PB 0x0000000087800000| Untracked 
|  45|0x0000000087900000, 0x0000000087900000, 0x0000000087a00000|  0%| F|  |TAMS 0x0000000087900000| PB 0x0000000087900000| Untracked 
|  46|0x0000000087a00000, 0x0000000087a00000, 0x0000000087b00000|  0%| F|  |TAMS 0x0000000087a00000| PB 0x0000000087a00000| Untracked 
|  47|0x0000000087b00000, 0x0000000087b00000, 0x0000000087c00000|  0%| F|  |TAMS 0x0000000087b00000| PB 0x0000000087b00000| Untracked 
|  48|0x0000000087c00000, 0x0000000087c8b9a0, 0x0000000087d00000| 54%| S|CS|TAMS 0x0000000087c00000| PB 0x0000000087c00000| Complete 
|  49|0x0000000087d00000, 0x0000000087e00000, 0x0000000087e00000|100%| S|CS|TAMS 0x0000000087d00000| PB 0x0000000087d00000| Complete 
|  50|0x0000000087e00000, 0x0000000087e00000, 0x0000000087f00000|  0%| F|  |TAMS 0x0000000087e00000| PB 0x0000000087e00000| Untracked 
|  51|0x0000000087f00000, 0x0000000087f00000, 0x0000000088000000|  0%| F|  |TAMS 0x0000000087f00000| PB 0x0000000087f00000| Untracked 
|  52|0x0000000088000000, 0x0000000088000000, 0x0000000088100000|  0%| F|  |TAMS 0x0000000088000000| PB 0x0000000088000000| Untracked 
|  53|0x0000000088100000, 0x0000000088100000, 0x0000000088200000|  0%| F|  |TAMS 0x0000000088100000| PB 0x0000000088100000| Untracked 
|  54|0x0000000088200000, 0x0000000088200000, 0x0000000088300000|  0%| F|  |TAMS 0x0000000088200000| PB 0x0000000088200000| Untracked 
|  55|0x0000000088300000, 0x0000000088300000, 0x0000000088400000|  0%| F|  |TAMS 0x0000000088300000| PB 0x0000000088300000| Untracked 
|  56|0x0000000088400000, 0x0000000088400000, 0x0000000088500000|  0%| F|  |TAMS 0x0000000088400000| PB 0x0000000088400000| Untracked 
|  57|0x0000000088500000, 0x0000000088500000, 0x0000000088600000|  0%| F|  |TAMS 0x0000000088500000| PB 0x0000000088500000| Untracked 
|  58|0x0000000088600000, 0x0000000088600000, 0x0000000088700000|  0%| F|  |TAMS 0x0000000088600000| PB 0x0000000088600000| Untracked 
|  59|0x0000000088700000, 0x0000000088700000, 0x0000000088800000|  0%| F|  |TAMS 0x0000000088700000| PB 0x0000000088700000| Untracked 
|  60|0x0000000088800000, 0x0000000088800000, 0x0000000088900000|  0%| F|  |TAMS 0x0000000088800000| PB 0x0000000088800000| Untracked 
|  61|0x0000000088900000, 0x0000000088900000, 0x0000000088a00000|  0%| F|  |TAMS 0x0000000088900000| PB 0x0000000088900000| Untracked 
|  62|0x0000000088a00000, 0x0000000088a00000, 0x0000000088b00000|  0%| F|  |TAMS 0x0000000088a00000| PB 0x0000000088a00000| Untracked 
|  63|0x0000000088b00000, 0x0000000088b00000, 0x0000000088c00000|  0%| F|  |TAMS 0x0000000088b00000| PB 0x0000000088b00000| Untracked 
|  64|0x0000000088c00000, 0x0000000088c00000, 0x0000000088d00000|  0%| F|  |TAMS 0x0000000088c00000| PB 0x0000000088c00000| Untracked 
|  65|0x0000000088d00000, 0x0000000088d00000, 0x0000000088e00000|  0%| F|  |TAMS 0x0000000088d00000| PB 0x0000000088d00000| Untracked 
|  66|0x0000000088e00000, 0x0000000088e00000, 0x0000000088f00000|  0%| F|  |TAMS 0x0000000088e00000| PB 0x0000000088e00000| Untracked 
|  67|0x0000000088f00000, 0x0000000089000000, 0x0000000089000000|100%| E|  |TAMS 0x0000000088f00000| PB 0x0000000088f00000| Complete 
|  68|0x0000000089000000, 0x0000000089100000, 0x0000000089100000|100%| E|CS|TAMS 0x0000000089000000| PB 0x0000000089000000| Complete 
|  69|0x0000000089100000, 0x0000000089200000, 0x0000000089200000|100%| E|CS|TAMS 0x0000000089100000| PB 0x0000000089100000| Complete 
|  70|0x0000000089200000, 0x0000000089300000, 0x0000000089300000|100%| E|CS|TAMS 0x0000000089200000| PB 0x0000000089200000| Complete 
|  71|0x0000000089300000, 0x0000000089400000, 0x0000000089400000|100%| E|CS|TAMS 0x0000000089300000| PB 0x0000000089300000| Complete 
|  72|0x0000000089400000, 0x0000000089500000, 0x0000000089500000|100%| E|CS|TAMS 0x0000000089400000| PB 0x0000000089400000| Complete 
|  73|0x0000000089500000, 0x0000000089600000, 0x0000000089600000|100%| E|CS|TAMS 0x0000000089500000| PB 0x0000000089500000| Complete 
|  74|0x0000000089600000, 0x0000000089700000, 0x0000000089700000|100%| E|CS|TAMS 0x0000000089600000| PB 0x0000000089600000| Complete 
|  75|0x0000000089700000, 0x0000000089800000, 0x0000000089800000|100%| E|CS|TAMS 0x0000000089700000| PB 0x0000000089700000| Complete 
|  76|0x0000000089800000, 0x0000000089900000, 0x0000000089900000|100%| E|CS|TAMS 0x0000000089800000| PB 0x0000000089800000| Complete 
|  77|0x0000000089900000, 0x0000000089a00000, 0x0000000089a00000|100%| E|CS|TAMS 0x0000000089900000| PB 0x0000000089900000| Complete 
|  78|0x0000000089a00000, 0x0000000089b00000, 0x0000000089b00000|100%| E|CS|TAMS 0x0000000089a00000| PB 0x0000000089a00000| Complete 
|  79|0x0000000089b00000, 0x0000000089c00000, 0x0000000089c00000|100%| E|CS|TAMS 0x0000000089b00000| PB 0x0000000089b00000| Complete 
|  80|0x0000000089c00000, 0x0000000089d00000, 0x0000000089d00000|100%| E|CS|TAMS 0x0000000089c00000| PB 0x0000000089c00000| Complete 
|  81|0x0000000089d00000, 0x0000000089e00000, 0x0000000089e00000|100%| E|CS|TAMS 0x0000000089d00000| PB 0x0000000089d00000| Complete 
|  82|0x0000000089e00000, 0x0000000089f00000, 0x0000000089f00000|100%| E|CS|TAMS 0x0000000089e00000| PB 0x0000000089e00000| Complete 
|  83|0x0000000089f00000, 0x000000008a000000, 0x000000008a000000|100%| E|CS|TAMS 0x0000000089f00000| PB 0x0000000089f00000| Complete 
|  84|0x000000008a000000, 0x000000008a100000, 0x000000008a100000|100%| E|CS|TAMS 0x000000008a000000| PB 0x000000008a000000| Complete 
|  85|0x000000008a100000, 0x000000008a200000, 0x000000008a200000|100%| E|CS|TAMS 0x000000008a100000| PB 0x000000008a100000| Complete 
|  86|0x000000008a200000, 0x000000008a300000, 0x000000008a300000|100%| E|CS|TAMS 0x000000008a200000| PB 0x000000008a200000| Complete 
|  87|0x000000008a300000, 0x000000008a400000, 0x000000008a400000|100%| E|CS|TAMS 0x000000008a300000| PB 0x000000008a300000| Complete 
|  88|0x000000008a400000, 0x000000008a500000, 0x000000008a500000|100%| E|CS|TAMS 0x000000008a400000| PB 0x000000008a400000| Complete 
|  89|0x000000008a500000, 0x000000008a600000, 0x000000008a600000|100%| E|CS|TAMS 0x000000008a500000| PB 0x000000008a500000| Complete 
|  90|0x000000008a600000, 0x000000008a700000, 0x000000008a700000|100%| E|CS|TAMS 0x000000008a600000| PB 0x000000008a600000| Complete 
|  91|0x000000008a700000, 0x000000008a800000, 0x000000008a800000|100%| E|CS|TAMS 0x000000008a700000| PB 0x000000008a700000| Complete 
|  92|0x000000008a800000, 0x000000008a900000, 0x000000008a900000|100%| E|CS|TAMS 0x000000008a800000| PB 0x000000008a800000| Complete 
|  93|0x000000008a900000, 0x000000008aa00000, 0x000000008aa00000|100%| E|CS|TAMS 0x000000008a900000| PB 0x000000008a900000| Complete 
|  94|0x000000008aa00000, 0x000000008ab00000, 0x000000008ab00000|100%| E|CS|TAMS 0x000000008aa00000| PB 0x000000008aa00000| Complete 
|  95|0x000000008ab00000, 0x000000008ac00000, 0x000000008ac00000|100%| E|CS|TAMS 0x000000008ab00000| PB 0x000000008ab00000| Complete 
|  96|0x000000008ac00000, 0x000000008ad00000, 0x000000008ad00000|100%| E|CS|TAMS 0x000000008ac00000| PB 0x000000008ac00000| Complete 
|  97|0x000000008ad00000, 0x000000008ae00000, 0x000000008ae00000|100%| E|CS|TAMS 0x000000008ad00000| PB 0x000000008ad00000| Complete 
|  98|0x000000008ae00000, 0x000000008af00000, 0x000000008af00000|100%| E|CS|TAMS 0x000000008ae00000| PB 0x000000008ae00000| Complete 
|  99|0x000000008af00000, 0x000000008b000000, 0x000000008b000000|100%| E|CS|TAMS 0x000000008af00000| PB 0x000000008af00000| Complete 
| 100|0x000000008b000000, 0x000000008b100000, 0x000000008b100000|100%| E|CS|TAMS 0x000000008b000000| PB 0x000000008b000000| Complete 
| 101|0x000000008b100000, 0x000000008b200000, 0x000000008b200000|100%| E|CS|TAMS 0x000000008b100000| PB 0x000000008b100000| Complete 
| 102|0x000000008b200000, 0x000000008b300000, 0x000000008b300000|100%| E|CS|TAMS 0x000000008b200000| PB 0x000000008b200000| Complete 
| 103|0x000000008b300000, 0x000000008b400000, 0x000000008b400000|100%| E|CS|TAMS 0x000000008b300000| PB 0x000000008b300000| Complete 
| 104|0x000000008b400000, 0x000000008b500000, 0x000000008b500000|100%| E|CS|TAMS 0x000000008b400000| PB 0x000000008b400000| Complete 
| 105|0x000000008b500000, 0x000000008b600000, 0x000000008b600000|100%| E|CS|TAMS 0x000000008b500000| PB 0x000000008b500000| Complete 
| 106|0x000000008b600000, 0x000000008b700000, 0x000000008b700000|100%| E|CS|TAMS 0x000000008b600000| PB 0x000000008b600000| Complete 
| 107|0x000000008b700000, 0x000000008b800000, 0x000000008b800000|100%| E|CS|TAMS 0x000000008b700000| PB 0x000000008b700000| Complete 
| 108|0x000000008b800000, 0x000000008b900000, 0x000000008b900000|100%| E|CS|TAMS 0x000000008b800000| PB 0x000000008b800000| Complete 
| 109|0x000000008b900000, 0x000000008ba00000, 0x000000008ba00000|100%| E|CS|TAMS 0x000000008b900000| PB 0x000000008b900000| Complete 
| 110|0x000000008ba00000, 0x000000008bb00000, 0x000000008bb00000|100%| E|CS|TAMS 0x000000008ba00000| PB 0x000000008ba00000| Complete 
| 111|0x000000008bb00000, 0x000000008bc00000, 0x000000008bc00000|100%| E|CS|TAMS 0x000000008bb00000| PB 0x000000008bb00000| Complete 
| 112|0x000000008bc00000, 0x000000008bd00000, 0x000000008bd00000|100%| E|CS|TAMS 0x000000008bc00000| PB 0x000000008bc00000| Complete 
| 113|0x000000008bd00000, 0x000000008be00000, 0x000000008be00000|100%| E|CS|TAMS 0x000000008bd00000| PB 0x000000008bd00000| Complete 
| 114|0x000000008be00000, 0x000000008bf00000, 0x000000008bf00000|100%| E|CS|TAMS 0x000000008be00000| PB 0x000000008be00000| Complete 
| 115|0x000000008bf00000, 0x000000008c000000, 0x000000008c000000|100%| E|CS|TAMS 0x000000008bf00000| PB 0x000000008bf00000| Complete 
| 116|0x000000008c000000, 0x000000008c100000, 0x000000008c100000|100%| E|CS|TAMS 0x000000008c000000| PB 0x000000008c000000| Complete 
| 117|0x000000008c100000, 0x000000008c200000, 0x000000008c200000|100%| E|CS|TAMS 0x000000008c100000| PB 0x000000008c100000| Complete 
| 118|0x000000008c200000, 0x000000008c300000, 0x000000008c300000|100%| E|CS|TAMS 0x000000008c200000| PB 0x000000008c200000| Complete 
| 119|0x000000008c300000, 0x000000008c400000, 0x000000008c400000|100%| E|CS|TAMS 0x000000008c300000| PB 0x000000008c300000| Complete 
| 120|0x000000008c400000, 0x000000008c500000, 0x000000008c500000|100%| E|CS|TAMS 0x000000008c400000| PB 0x000000008c400000| Complete 
| 121|0x000000008c500000, 0x000000008c600000, 0x000000008c600000|100%| E|CS|TAMS 0x000000008c500000| PB 0x000000008c500000| Complete 
| 122|0x000000008c600000, 0x000000008c700000, 0x000000008c700000|100%| E|CS|TAMS 0x000000008c600000| PB 0x000000008c600000| Complete 
| 123|0x000000008c700000, 0x000000008c800000, 0x000000008c800000|100%| E|CS|TAMS 0x000000008c700000| PB 0x000000008c700000| Complete 

Card table byte_map: [0x000001f5fc8c0000,0x000001f5fcca0000] _byte_map_base: 0x000001f5fc49a000

Marking Bits: (CMBitMap*) 0x000001f5fbd666a0
 Bits: [0x000001f5fcca0000, 0x000001f5feb70000)

Polling page: 0x000001f5fa440000

Metaspace:

Usage:
  Non-class:     16.18 MB used.
      Class:      1.86 MB used.
       Both:     18.03 MB used.

Virtual space:
  Non-class space:       64.00 MB reserved,      16.38 MB ( 26%) committed,  1 nodes.
      Class space:        1.00 GB reserved,       2.06 MB ( <1%) committed,  1 nodes.
             Both:        1.06 GB reserved,      18.44 MB (  2%) committed. 

Chunk freelists:
   Non-Class:  14.83 MB
       Class:  13.98 MB
        Both:  28.81 MB

MaxMetaspaceSize: unlimited
CompressedClassSpaceSize: 1.00 GB
Initial GC threshold: 21.00 MB
Current GC threshold: 21.00 MB
CDS: on
 - commit_granule_bytes: 65536.
 - commit_granule_words: 8192.
 - virtual_space_node_default_size: 8388608.
 - enlarge_chunks_in_place: 1.
 - use_allocation_guard: 0.


Internal statistics:

num_allocs_failed_limit: 0.
num_arena_births: 294.
num_arena_deaths: 0.
num_vsnodes_births: 2.
num_vsnodes_deaths: 0.
num_space_committed: 295.
num_space_uncommitted: 0.
num_chunks_returned_to_freelist: 0.
num_chunks_taken_from_freelist: 912.
num_chunk_merges: 0.
num_chunk_splits: 653.
num_chunks_enlarged: 501.
num_inconsistent_stats: 0.

CodeHeap 'non-profiled nmethods': size=120000Kb used=3373Kb max_used=3373Kb free=116626Kb
 bounds [0x000001f58fea0000, 0x000001f5901f0000, 0x000001f5973d0000]
CodeHeap 'profiled nmethods': size=120000Kb used=11406Kb max_used=11406Kb free=108593Kb
 bounds [0x000001f5883d0000, 0x000001f588f00000, 0x000001f58f900000]
CodeHeap 'non-nmethods': size=5760Kb used=1608Kb max_used=1657Kb free=4151Kb
 bounds [0x000001f58f900000, 0x000001f58fb70000, 0x000001f58fea0000]
 total_blobs=5792 nmethods=5255 adapters=441
 compilation: enabled
              stopped_count=0, restarted_count=0
 full_count=0

Compilation events (20 events):
Event: 13.944 Thread 0x000001f5ff152eb0 nmethod 5246 0x000001f5901e2990 code [0x000001f5901e2c20, 0x000001f5901e4050]
Event: 13.944 Thread 0x000001f5ff152eb0 5247  s!   4       org.apache.maven.plugin.surefire.report.TestSetRunListener::writeTestOutput (56 bytes)
Event: 13.947 Thread 0x000001f5ff152eb0 nmethod 5247 0x000001f5901e4b10 code [0x000001f5901e4cc0, 0x000001f5901e50e8]
Event: 13.969 Thread 0x000001f5ff152eb0 5248   !   4       org.apache.maven.plugin.surefire.booterclient.output.ForkClient::processLine (715 bytes)
Event: 13.991 Thread 0x000001f5ff152eb0 nmethod 5248 0x000001f5901e5310 code [0x000001f5901e5840, 0x000001f5901e6cb8]
Event: 14.444 Thread 0x000001f5ff15e3e0 5249       3       java.util.concurrent.locks.ReentrantLock$NonfairSync::tryAcquire (27 bytes)
Event: 14.444 Thread 0x000001f5ff15e3e0 nmethod 5249 0x000001f588eed910 code [0x000001f588eedae0, 0x000001f588eedd68]
Event: 14.661 Thread 0x000001f5ff15e3e0 5251       3       java.util.concurrent.ConcurrentLinkedQueue::updateHead (26 bytes)
Event: 14.663 Thread 0x000001f5ff15e3e0 nmethod 5251 0x000001f588eede10 code [0x000001f588eee180, 0x000001f588eef810]
Event: 14.753 Thread 0x000001f5ff15e3e0 5252       3       jdk.internal.misc.Unsafe::putIntUnaligned (14 bytes)
Event: 14.753 Thread 0x000001f5ff15e3e0 nmethod 5252 0x000001f588eefe90 code [0x000001f588ef0040, 0x000001f588ef0288]
Event: 14.761 Thread 0x000001f5ff15e3e0 5253       3       org.apache.maven.surefire.shade.org.apache.commons.io.output.ThresholdingOutputStream::write (27 bytes)
Event: 14.762 Thread 0x000001f5ff15e3e0 nmethod 5253 0x000001f588ef0390 code [0x000001f588ef0560, 0x000001f588ef0940]
Event: 14.764 Thread 0x000001f5ff15e3e0 5254  s    3       org.apache.maven.plugin.surefire.report.Utf8RecodingDeferredFileOutputStream::write (131 bytes)
Event: 14.764 Thread 0x000001f5ff152eb0 5255   !   4       java.nio.charset.Charset::decode (31 bytes)
Event: 14.766 Thread 0x000001f5ff15e3e0 nmethod 5254 0x000001f588ef0b10 code [0x000001f588ef0f20, 0x000001f588ef2f90]
Event: 14.794 Thread 0x000001f5ff152eb0 nmethod 5255 0x000001f5901e8490 code [0x000001f5901e8700, 0x000001f5901e9970]
Event: 15.759 Thread 0x000001f5ff152eb0 5256       4       org.apache.maven.surefire.shade.org.apache.commons.io.output.ThresholdingOutputStream::write (27 bytes)
Event: 15.768 Thread 0x000001f5ff152eb0 nmethod 5256 0x000001f5901ea390 code [0x000001f5901ea5a0, 0x000001f5901eaed0]
Event: 15.768 Thread 0x000001f5ff152eb0 5257  s    4       org.apache.maven.plugin.surefire.report.Utf8RecodingDeferredFileOutputStream::write (131 bytes)

GC Heap History (14 events):
Event: 1.490 GC heap before
{Heap before GC invocations=0 (full 0):
 garbage-first heap   total 126976K, used 13312K [0x0000000084c00000, 0x0000000100000000)
  region size 1024K, 13 young (13312K), 0 survivors (0K)
 Metaspace       used 3864K, committed 4032K, reserved 1114112K
  class space    used 372K, committed 448K, reserved 1048576K
}
Event: 1.495 GC heap after
{Heap after GC invocations=1 (full 0):
 garbage-first heap   total 126976K, used 3520K [0x0000000084c00000, 0x0000000100000000)
  region size 1024K, 2 young (2048K), 2 survivors (2048K)
 Metaspace       used 3864K, committed 4032K, reserved 1114112K
  class space    used 372K, committed 448K, reserved 1048576K
}
Event: 2.040 GC heap before
{Heap before GC invocations=1 (full 0):
 garbage-first heap   total 126976K, used 19904K [0x0000000084c00000, 0x0000000100000000)
  region size 1024K, 18 young (18432K), 2 survivors (2048K)
 Metaspace       used 6320K, committed 6528K, reserved 1114112K
  class space    used 704K, committed 832K, reserved 1048576K
}
Event: 2.045 GC heap after
{Heap after GC invocations=2 (full 0):
 garbage-first heap   total 126976K, used 4230K [0x0000000084c00000, 0x0000000100000000)
  region size 1024K, 1 young (1024K), 1 survivors (1024K)
 Metaspace       used 6320K, committed 6528K, reserved 1114112K
  class space    used 704K, committed 832K, reserved 1048576K
}
Event: 3.389 GC heap before
{Heap before GC invocations=2 (full 0):
 garbage-first heap   total 126976K, used 77958K [0x0000000084c00000, 0x0000000100000000)
  region size 1024K, 74 young (75776K), 1 survivors (1024K)
 Metaspace       used 13329K, committed 13632K, reserved 1114112K
  class space    used 1463K, committed 1600K, reserved 1048576K
}
Event: 3.400 GC heap after
{Heap after GC invocations=3 (full 0):
 garbage-first heap   total 126976K, used 11347K [0x0000000084c00000, 0x0000000100000000)
  region size 1024K, 8 young (8192K), 8 survivors (8192K)
 Metaspace       used 13329K, committed 13632K, reserved 1114112K
  class space    used 1463K, committed 1600K, reserved 1048576K
}
Event: 4.298 GC heap before
{Heap before GC invocations=3 (full 0):
 garbage-first heap   total 126976K, used 78931K [0x0000000084c00000, 0x0000000100000000)
  region size 1024K, 74 young (75776K), 8 survivors (8192K)
 Metaspace       used 14007K, committed 14272K, reserved 1114112K
  class space    used 1480K, committed 1600K, reserved 1048576K
}
Event: 4.316 GC heap after
{Heap after GC invocations=4 (full 0):
 garbage-first heap   total 126976K, used 15655K [0x0000000084c00000, 0x0000000100000000)
  region size 1024K, 4 young (4096K), 4 survivors (4096K)
 Metaspace       used 14007K, committed 14272K, reserved 1114112K
  class space    used 1480K, committed 1600K, reserved 1048576K
}
Event: 5.451 GC heap before
{Heap before GC invocations=4 (full 0):
 garbage-first heap   total 126976K, used 87335K [0x0000000084c00000, 0x0000000100000000)
  region size 1024K, 74 young (75776K), 4 survivors (4096K)
 Metaspace       used 17149K, committed 17536K, reserved 1114112K
  class space    used 1789K, committed 1984K, reserved 1048576K
}
Event: 5.460 GC heap after
{Heap after GC invocations=5 (full 0):
 garbage-first heap   total 126976K, used 20263K [0x0000000084c00000, 0x0000000100000000)
  region size 1024K, 9 young (9216K), 9 survivors (9216K)
 Metaspace       used 17149K, committed 17536K, reserved 1114112K
  class space    used 1789K, committed 1984K, reserved 1048576K
}
Event: 8.399 GC heap before
{Heap before GC invocations=5 (full 0):
 garbage-first heap   total 126976K, used 85799K [0x0000000084c00000, 0x0000000100000000)
  region size 1024K, 74 young (75776K), 9 survivors (9216K)
 Metaspace       used 18457K, committed 18880K, reserved 1114112K
  class space    used 1901K, committed 2112K, reserved 1048576K
}
Event: 8.405 GC heap after
{Heap after GC invocations=6 (full 0):
 garbage-first heap   total 126976K, used 21480K [0x0000000084c00000, 0x0000000100000000)
  region size 1024K, 6 young (6144K), 6 survivors (6144K)
 Metaspace       used 18457K, committed 18880K, reserved 1114112K
  class space    used 1901K, committed 2112K, reserved 1048576K
}
Event: 14.189 GC heap before
{Heap before GC invocations=6 (full 0):
 garbage-first heap   total 126976K, used 92136K [0x0000000084c00000, 0x0000000100000000)
  region size 1024K, 74 young (75776K), 6 survivors (6144K)
 Metaspace       used 18462K, committed 18880K, reserved 1114112K
  class space    used 1901K, committed 2112K, reserved 1048576K
}
Event: 14.197 GC heap after
{Heap after GC invocations=7 (full 0):
 garbage-first heap   total 126976K, used 21925K [0x0000000084c00000, 0x0000000100000000)
  region size 1024K, 2 young (2048K), 2 survivors (2048K)
 Metaspace       used 18462K, committed 18880K, reserved 1114112K
  class space    used 1901K, committed 2112K, reserved 1048576K
}

Dll operation events (9 events):
Event: 0.009 Loaded shared library C:\Program Files\Java\jdk-21\bin\java.dll
Event: 0.060 Loaded shared library C:\Program Files\Java\jdk-21\bin\jsvml.dll
Event: 0.303 Loaded shared library C:\Program Files\Java\jdk-21\bin\net.dll
Event: 0.305 Loaded shared library C:\Program Files\Java\jdk-21\bin\nio.dll
Event: 0.329 Loaded shared library C:\Program Files\Java\jdk-21\bin\zip.dll
Event: 0.847 Loaded shared library C:\Program Files\Java\jdk-21\bin\verify.dll
Event: 0.857 Loaded shared library C:\Program Files\Java\jdk-21\bin\jimage.dll
Event: 0.968 Loaded shared library C:\Users\SUJITHA\AppData\Local\Temp\jansi-1.17.1-10050277241367474541.dll
Event: 0.985 Loaded shared library C:\Users\SUJITHA\AppData\Local\Temp\jansi-1.17.1-2629249276403346315.dll

Deoptimization events (20 events):
Event: 9.423 Thread 0x000001f5e21aa5a0 Uncommon trap: trap_request=0xffffff45 fr.pc=0x000001f5901b5d9c relative=0x000000000000361c
Event: 9.423 Thread 0x000001f5e21aa5a0 Uncommon trap: reason=unstable_if action=reinterpret pc=0x000001f5901b5d9c method=org.apache.maven.plugin.surefire.booterclient.output.ForkClient.processLine(Ljava/lang/String;)V @ 29 c2
Event: 9.423 Thread 0x000001f5e21aa5a0 DEOPT PACKING pc=0x000001f5901b5d9c sp=0x000000050fdff2d0
Event: 9.423 Thread 0x000001f5e21aa5a0 DEOPT UNPACKING pc=0x000001f58f957da2 sp=0x000000050fdff300 mode 2
Event: 9.423 Thread 0x000001f5e21aa5a0 Uncommon trap: trap_request=0xffffff45 fr.pc=0x000001f5901cc444 relative=0x0000000000003da4
Event: 9.423 Thread 0x000001f5e21aa5a0 Uncommon trap: reason=unstable_if action=reinterpret pc=0x000001f5901cc444 method=org.apache.maven.plugin.surefire.report.TestSetRunListener.writeTestOutput([BIIZ)V @ 2 c2
Event: 9.423 Thread 0x000001f5e21aa5a0 DEOPT PACKING pc=0x000001f5901cc444 sp=0x000000050fdff220
Event: 9.423 Thread 0x000001f5e21aa5a0 DEOPT UNPACKING pc=0x000001f58f957da2 sp=0x000000050fdff1d0 mode 2
Event: 9.423 Thread 0x000001f5e21aa5a0 Uncommon trap: trap_request=0xffffff45 fr.pc=0x000001f5901c2470 relative=0x00000000000032b0
Event: 9.423 Thread 0x000001f5e21aa5a0 Uncommon trap: reason=unstable_if action=reinterpret pc=0x000001f5901c2470 method=org.apache.maven.plugin.surefire.report.TestSetRunListener.writeTestOutput([BIIZ)V @ 2 c2
Event: 9.423 Thread 0x000001f5e21aa5a0 DEOPT PACKING pc=0x000001f5901c2470 sp=0x000000050fdff160
Event: 9.423 Thread 0x000001f5e21aa5a0 DEOPT UNPACKING pc=0x000001f58f957da2 sp=0x000000050fdff1c8 mode 2
Event: 14.753 Thread 0x000001f5e21aa5a0 Uncommon trap: trap_request=0xffffff45 fr.pc=0x000001f5901d5614 relative=0x0000000000002114
Event: 14.753 Thread 0x000001f5e21aa5a0 Uncommon trap: reason=unstable_if action=reinterpret pc=0x000001f5901d5614 method=org.apache.maven.surefire.shade.org.apache.commons.io.output.ThresholdingOutputStream.checkThreshold(I)V @ 20 c2
Event: 14.753 Thread 0x000001f5e21aa5a0 DEOPT PACKING pc=0x000001f5901d5614 sp=0x000000050fdff1d0
Event: 14.753 Thread 0x000001f5e21aa5a0 DEOPT UNPACKING pc=0x000001f58f957da2 sp=0x000000050fdff108 mode 2
Event: 14.757 Thread 0x000001f5e21aa5a0 Uncommon trap: trap_request=0xffffff45 fr.pc=0x000001f5901af030 relative=0x00000000000004d0
Event: 14.757 Thread 0x000001f5e21aa5a0 Uncommon trap: reason=unstable_if action=reinterpret pc=0x000001f5901af030 method=org.apache.maven.surefire.shade.org.apache.commons.io.output.ThresholdingOutputStream.checkThreshold(I)V @ 4 c2
Event: 14.757 Thread 0x000001f5e21aa5a0 DEOPT PACKING pc=0x000001f5901af030 sp=0x000000050fdff160
Event: 14.757 Thread 0x000001f5e21aa5a0 DEOPT UNPACKING pc=0x000001f58f957da2 sp=0x000000050fdff108 mode 2

Classes loaded (20 events):
Event: 5.656 Loading class jdk/internal/logger/LoggerFinderLoader$TemporaryLoggerFinder
Event: 5.656 Loading class jdk/internal/logger/LoggerFinderLoader$TemporaryLoggerFinder done
Event: 5.657 Loading class sun/util/logging/internal/LoggingProviderImpl$JULWrapper
Event: 5.657 Loading class sun/util/logging/PlatformLogger$ConfigurableBridge$LoggerConfiguration
Event: 5.657 Loading class sun/util/logging/PlatformLogger$ConfigurableBridge$LoggerConfiguration done
Event: 5.657 Loading class sun/util/logging/internal/LoggingProviderImpl$JULWrapper done
Event: 5.657 Loading class java/lang/System$Logger$Level
Event: 5.657 Loading class java/lang/System$Logger$Level done
Event: 6.384 Loading class sun/nio/cs/UTF_8$Encoder
Event: 6.384 Loading class sun/nio/cs/UTF_8$Encoder done
Event: 6.706 Loading class java/io/SequenceInputStream
Event: 6.706 Loading class java/io/SequenceInputStream done
Event: 7.091 Loading class sun/nio/cs/ThreadLocalCoders
Event: 7.092 Loading class sun/nio/cs/ThreadLocalCoders done
Event: 7.092 Loading class sun/nio/cs/ThreadLocalCoders$1
Event: 7.093 Loading class sun/nio/cs/ThreadLocalCoders$Cache
Event: 7.093 Loading class sun/nio/cs/ThreadLocalCoders$Cache done
Event: 7.093 Loading class sun/nio/cs/ThreadLocalCoders$1 done
Event: 7.093 Loading class sun/nio/cs/ThreadLocalCoders$2
Event: 7.093 Loading class sun/nio/cs/ThreadLocalCoders$2 done

Classes unloaded (0 events):
No events

Classes redefined (0 events):
No events

Internal exceptions (20 events):
Event: 2.756 Thread 0x000001f5fa2789c0 Exception <a 'java/lang/NoSuchMethodError'{0x000000008aa61088}: 'void java.lang.invoke.DelegatingMethodHandle$Holder.reinvoke_L(java.lang.Object, java.lang.Object, int)'> (0x000000008aa61088) 
thrown [s\open\src\hotspot\share\interpreter\linkResolver.cpp, line 773]
Event: 3.762 Thread 0x000001f5fa2789c0 Implicit null exception at 0x000001f590029d18 to 0x000001f590029ee8
Event: 4.561 Thread 0x000001f5fa2789c0 Exception <a 'java/lang/NoClassDefFoundError'{0x000000008bea3518}: org/apache/maven/doxia/sink/SinkEventAttributes> (0x000000008bea3518) 
thrown [s\open\src\hotspot\share\classfile\systemDictionary.cpp, line 301]
Event: 4.564 Thread 0x000001f5fa2789c0 Exception <a 'java/lang/NoClassDefFoundError'{0x000000008beb86d0}: org/apache/maven/doxia/sink/SinkEventAttributes> (0x000000008beb86d0) 
thrown [s\open\src\hotspot\share\classfile\systemDictionary.cpp, line 301]
Event: 4.571 Thread 0x000001f5fa2789c0 Exception <a 'java/lang/NoClassDefFoundError'{0x000000008bef83f8}: org/apache/maven/doxia/sink/SinkEventAttributes> (0x000000008bef83f8) 
thrown [s\open\src\hotspot\share\classfile\systemDictionary.cpp, line 301]
Event: 4.586 Thread 0x000001f5fa2789c0 Exception <a 'java/lang/NoClassDefFoundError'{0x000000008bdb1de0}: org/apache/maven/doxia/sink/SinkEventAttributes> (0x000000008bdb1de0) 
thrown [s\open\src\hotspot\share\classfile\systemDictionary.cpp, line 301]
Event: 4.593 Thread 0x000001f5fa2789c0 Exception <a 'java/lang/NoClassDefFoundError'{0x000000008bdf0fc0}: org/apache/maven/doxia/sink/SinkEventAttributes> (0x000000008bdf0fc0) 
thrown [s\open\src\hotspot\share\classfile\systemDictionary.cpp, line 301]
Event: 4.598 Thread 0x000001f5fa2789c0 Exception <a 'java/lang/NoClassDefFoundError'{0x000000008bc229f8}: org/apache/maven/doxia/sink/SinkEventAttributes> (0x000000008bc229f8) 
thrown [s\open\src\hotspot\share\classfile\systemDictionary.cpp, line 301]
Event: 4.629 Thread 0x000001f5fa2789c0 Exception <a 'java/lang/NoSuchMethodError'{0x000000008bbab278}: 'void java.lang.invoke.Invokers$Holder.invokeExact_MT(java.lang.Object, java.lang.Object, int, java.lang.Object)'> (0x000000008bbab278) 
thrown [s\open\src\hotspot\share\interpreter\linkResolver.cpp, line 773]
Event: 5.296 Thread 0x000001f5e0ba04f0 Exception <a 'java/lang/NoSuchMethodError'{0x00000000892bda58}: 'java.lang.Object java.lang.invoke.DirectMethodHandle$Holder.invokeStatic(java.lang.Object, long, java.lang.Object)'> (0x00000000892bda58) 
thrown [s\open\src\hotspot\share\interpreter\linkResolver.cpp, line 773]
Event: 5.297 Thread 0x000001f5e0ba04f0 Exception <a 'java/lang/NoSuchMethodError'{0x00000000892c0f40}: 'java.lang.Object java.lang.invoke.DirectMethodHandle$Holder.invokeStaticInit(java.lang.Object, long, java.lang.Object)'> (0x00000000892c0f40) 
thrown [s\open\src\hotspot\share\interpreter\linkResolver.cpp, line 773]
Event: 5.297 Thread 0x000001f5fa2789c0 Exception <a 'java/lang/NoSuchMethodError'{0x000000008915dcb8}: 'int java.lang.invoke.DirectMethodHandle$Holder.invokeVirtual(java.lang.Object, java.lang.Object)'> (0x000000008915dcb8) 
thrown [s\open\src\hotspot\share\interpreter\linkResolver.cpp, line 773]
Event: 5.297 Thread 0x000001f5e0ba04f0 Exception <a 'java/lang/NoSuchMethodError'{0x00000000892c6520}: 'java.lang.Object java.lang.invoke.DirectMethodHandle$Holder.newInvokeSpecial(java.lang.Object, long)'> (0x00000000892c6520) 
thrown [s\open\src\hotspot\share\interpreter\linkResolver.cpp, line 773]
Event: 5.302 Thread 0x000001f5e0ba04f0 Exception <a 'java/lang/NoSuchMethodError'{0x00000000892cb718}: 'long java.lang.invoke.DirectMethodHandle$Holder.invokeInterface(java.lang.Object, java.lang.Object)'> (0x00000000892cb718) 
thrown [s\open\src\hotspot\share\interpreter\linkResolver.cpp, line 773]
Event: 5.303 Thread 0x000001f5e0ba04f0 Exception <a 'java/lang/NoSuchMethodError'{0x00000000892cfa30}: 'long java.lang.invoke.DelegatingMethodHandle$Holder.reinvoke_L(java.lang.Object, java.lang.Object)'> (0x00000000892cfa30) 
thrown [s\open\src\hotspot\share\interpreter\linkResolver.cpp, line 773]
Event: 5.319 Thread 0x000001f5fa2789c0 Exception <a 'java/lang/NoSuchMethodError'{0x0000000089067f08}: 'java.lang.String org.apache.maven.execution.MavenExecutionRequest.getFailureBehavior()'> (0x0000000089067f08) 
thrown [s\open\src\hotspot\share\interpreter\linkResolver.cpp, line 869]
Event: 5.344 Thread 0x000001f5fa2789c0 Exception <a 'java/lang/NoSuchMethodError'{0x0000000088f22a70}: 'java.lang.Object java.lang.invoke.DirectMethodHandle$Holder.invokeInterface(java.lang.Object, java.lang.Object)'> (0x0000000088f22a70) 
thrown [s\open\src\hotspot\share\interpreter\linkResolver.cpp, line 773]
Event: 5.588 Thread 0x000001f5fa2789c0 Exception <a 'java/lang/NoSuchMethodError'{0x000000008b9a3c88}: 'java.lang.Object java.lang.invoke.Invokers$Holder.invokeExact_MT(java.lang.Object, java.lang.Object, java.lang.Object, java.lang.Object, java.lang.Object, java.lang.Object)'> (0x000000008b9a3c88) 
thrown [s\open\src\hotspot\share\interpreter\linkResolver.cpp, line 773]
Event: 5.651 Thread 0x000001f5fa2789c0 Exception <a 'java/lang/NoSuchMethodError'{0x000000008b8e8d28}: 'void java.lang.invoke.DirectMethodHandle$Holder.invokeStatic(java.lang.Object, long)'> (0x000000008b8e8d28) 
thrown [s\open\src\hotspot\share\interpreter\linkResolver.cpp, line 773]
Event: 7.093 Thread 0x000001f5e21aa5a0 Implicit null exception at 0x000001f5900ce41d to 0x000001f5900ce544

ZGC Phase Switch (0 events):
No events

VM Operations (20 events):
Event: 5.563 Executing VM operation: HandshakeAllThreads (Deoptimize)
Event: 5.564 Executing VM operation: HandshakeAllThreads (Deoptimize) done
Event: 5.571 Executing VM operation: HandshakeAllThreads (Deoptimize)
Event: 5.571 Executing VM operation: HandshakeAllThreads (Deoptimize) done
Event: 5.632 Executing VM operation: HandshakeAllThreads (Deoptimize)
Event: 5.632 Executing VM operation: HandshakeAllThreads (Deoptimize) done
Event: 5.653 Executing VM operation: HandshakeAllThreads (Deoptimize)
Event: 5.653 Executing VM operation: HandshakeAllThreads (Deoptimize) done
Event: 6.668 Executing VM operation: Cleanup
Event: 6.688 Executing VM operation: Cleanup done
Event: 7.688 Executing VM operation: Cleanup
Event: 7.688 Executing VM operation: Cleanup done
Event: 8.399 Executing VM operation: G1CollectForAllocation (G1 Evacuation Pause)
Event: 8.405 Executing VM operation: G1CollectForAllocation (G1 Evacuation Pause) done
Event: 11.430 Executing VM operation: Cleanup
Event: 11.430 Executing VM operation: Cleanup done
Event: 13.454 Executing VM operation: Cleanup
Event: 13.454 Executing VM operation: Cleanup done
Event: 14.189 Executing VM operation: G1CollectForAllocation (G1 Evacuation Pause)
Event: 14.198 Executing VM operation: G1CollectForAllocation (G1 Evacuation Pause) done

Events (20 events):
Event: 1.470 Thread 0x000001f5df15d960 Thread exited: 0x000001f5df15d960
Event: 1.755 Thread 0x000001f5df8d2e20 Thread added: 0x000001f5df8d2e20
Event: 5.278 Thread 0x000001f5e0ba04f0 Thread added: 0x000001f5e0ba04f0
Event: 5.304 Thread 0x000001f5e0ba04f0 Thread exited: 0x000001f5e0ba04f0
Event: 5.410 Thread 0x000001f5e16f6a00 Thread added: 0x000001f5e16f6a00
Event: 5.411 Thread 0x000001f5e004b030 Thread added: 0x000001f5e004b030
Event: 5.411 Thread 0x000001f5dfcdc710 Thread added: 0x000001f5dfcdc710
Event: 5.525 Thread 0x000001f5997e8650 Thread added: 0x000001f5997e8650
Event: 5.525 Thread 0x000001f5e06a9520 Thread added: 0x000001f5e06a9520
Event: 5.552 Thread 0x000001f5e1007d50 Thread added: 0x000001f5e1007d50
Event: 5.561 Thread 0x000001f5e1cb5050 Thread added: 0x000001f5e1cb5050
Event: 5.633 Thread 0x000001f5e21aa5a0 Thread added: 0x000001f5e21aa5a0
Event: 5.662 Thread 0x000001f5e0dac530 Thread added: 0x000001f5e0dac530
Event: 5.662 Thread 0x000001f5e0f8fe30 Thread added: 0x000001f5e0f8fe30
Event: 5.662 Thread 0x000001f5e04ba1f0 Thread added: 0x000001f5e04ba1f0
Event: 6.261 Thread 0x000001f5df8d2e20 Thread exited: 0x000001f5df8d2e20
Event: 7.133 Thread 0x000001f5df8d5700 Thread added: 0x000001f5df8d5700
Event: 7.574 Thread 0x000001f5df8d5700 Thread exited: 0x000001f5df8d5700
Event: 8.654 Thread 0x000001f5df8d4290 Thread added: 0x000001f5df8d4290
Event: 9.424 Thread 0x000001f5df8d4290 Thread exited: 0x000001f5df8d4290


Dynamic libraries:
0x00007ff6b6070000 - 0x00007ff6b6080000 	C:\Program Files\Java\jdk-21\bin\javaw.exe
0x00007ffb74840000 - 0x00007ffb74aa8000 	C:\WINDOWS\SYSTEM32\ntdll.dll
0x00007ffb73b80000 - 0x00007ffb73c49000 	C:\WINDOWS\System32\KERNEL32.DLL
0x00007ffb720b0000 - 0x00007ffb724a2000 	C:\WINDOWS\System32\KERNELBASE.dll
0x00007ffb71f60000 - 0x00007ffb720ab000 	C:\WINDOWS\System32\ucrtbase.dll
0x00007ffb6c1f0000 - 0x00007ffb6c20b000 	C:\Program Files\Java\jdk-21\bin\VCRUNTIME140.dll
0x00007ffb6c6f0000 - 0x00007ffb6c709000 	C:\Program Files\Java\jdk-21\bin\jli.dll
0x00007ffb72d90000 - 0x00007ffb72e44000 	C:\WINDOWS\System32\ADVAPI32.dll
0x00007ffb73df0000 - 0x00007ffb73e99000 	C:\WINDOWS\System32\msvcrt.dll
0x00007ffb73180000 - 0x00007ffb73226000 	C:\WINDOWS\System32\sechost.dll
0x00007ffb74570000 - 0x00007ffb74688000 	C:\WINDOWS\System32\RPCRT4.dll
0x00007ffb738c0000 - 0x00007ffb73a85000 	C:\WINDOWS\System32\USER32.dll
0x00007ffb719d0000 - 0x00007ffb719f7000 	C:\WINDOWS\System32\win32u.dll
0x00007ffb746e0000 - 0x00007ffb7470b000 	C:\WINDOWS\System32\GDI32.dll
0x00007ffb71a00000 - 0x00007ffb71b2d000 	C:\WINDOWS\System32\gdi32full.dll
0x00007ffb71bc0000 - 0x00007ffb71c63000 	C:\WINDOWS\System32\msvcp_win.dll
0x00007ffb52d00000 - 0x00007ffb52f93000 	C:\WINDOWS\WinSxS\amd64_microsoft.windows.common-controls_6595b64144ccf1df_6.0.26100.6899_none_3e0efeeae32e88c1\COMCTL32.dll
0x00007ffb63690000 - 0x00007ffb6369b000 	C:\WINDOWS\SYSTEM32\VERSION.dll
0x00007ffb741b0000 - 0x00007ffb741df000 	C:\WINDOWS\System32\IMM32.DLL
0x00007ffb6c260000 - 0x00007ffb6c26c000 	C:\Program Files\Java\jdk-21\bin\vcruntime140_1.dll
0x00007ffb5b550000 - 0x00007ffb5b5de000 	C:\Program Files\Java\jdk-21\bin\msvcp140.dll
0x00007ffacce70000 - 0x00007ffacdb8d000 	C:\Program Files\Java\jdk-21\bin\server\jvm.dll
0x00007ffb73d70000 - 0x00007ffb73de4000 	C:\WINDOWS\System32\WS2_32.dll
0x00007ffb71850000 - 0x00007ffb718ae000 	C:\WINDOWS\SYSTEM32\POWRPROF.dll
0x00007ffb5c710000 - 0x00007ffb5c745000 	C:\WINDOWS\SYSTEM32\WINMM.dll
0x00007ffb71830000 - 0x00007ffb71844000 	C:\WINDOWS\SYSTEM32\UMPDC.dll
0x00007ffb70780000 - 0x00007ffb7079b000 	C:\WINDOWS\SYSTEM32\kernel.appcore.dll
0x00007ffb63a70000 - 0x00007ffb63a7a000 	C:\Program Files\Java\jdk-21\bin\jimage.dll
0x00007ffb6eed0000 - 0x00007ffb6f112000 	C:\WINDOWS\SYSTEM32\DBGHELP.DLL
0x00007ffb741f0000 - 0x00007ffb7456b000 	C:\WINDOWS\System32\combase.dll
0x00007ffb73aa0000 - 0x00007ffb73b77000 	C:\WINDOWS\System32\OLEAUT32.dll
0x00007ffb52060000 - 0x00007ffb5209c000 	C:\WINDOWS\SYSTEM32\dbgcore.DLL
0x00007ffb724b0000 - 0x00007ffb72548000 	C:\WINDOWS\System32\bcryptPrimitives.dll
0x00007ffb63a50000 - 0x00007ffb63a6f000 	C:\Program Files\Java\jdk-21\bin\java.dll
0x00007ffb72640000 - 0x00007ffb72d8d000 	C:\WINDOWS\System32\SHELL32.dll
0x00007ffb71c70000 - 0x00007ffb71ddb000 	C:\WINDOWS\System32\wintypes.dll
0x00007ffb6f610000 - 0x00007ffb6fe6d000 	C:\WINDOWS\SYSTEM32\windows.storage.dll
0x00007ffb73c70000 - 0x00007ffb73d62000 	C:\WINDOWS\System32\SHCORE.dll
0x00007ffb74710000 - 0x00007ffb74772000 	C:\WINDOWS\System32\shlwapi.dll
0x00007ffb718f0000 - 0x00007ffb71919000 	C:\WINDOWS\SYSTEM32\profapi.dll
0x00007ffb497d0000 - 0x00007ffb498a7000 	C:\Program Files\Java\jdk-21\bin\jsvml.dll
0x00007ffb5b650000 - 0x00007ffb5b660000 	C:\Program Files\Java\jdk-21\bin\net.dll
0x00007ffb645b0000 - 0x00007ffb646cf000 	C:\WINDOWS\SYSTEM32\WINHTTP.dll
0x00007ffb70d10000 - 0x00007ffb70d7b000 	C:\WINDOWS\system32\mswsock.dll
0x00007ffb5b630000 - 0x00007ffb5b646000 	C:\Program Files\Java\jdk-21\bin\nio.dll
0x00007ffb55e90000 - 0x00007ffb55ea8000 	C:\Program Files\Java\jdk-21\bin\zip.dll
0x00007ffb55e30000 - 0x00007ffb55e40000 	C:\Program Files\Java\jdk-21\bin\verify.dll
0x00007ffb70fc0000 - 0x00007ffb70fdb000 	C:\WINDOWS\SYSTEM32\CRYPTSP.dll
0x00007ffb706e0000 - 0x00007ffb7071b000 	C:\WINDOWS\system32\rsaenh.dll
0x00007ffb70db0000 - 0x00007ffb70ddb000 	C:\WINDOWS\SYSTEM32\USERENV.dll
0x00007ffb718c0000 - 0x00007ffb718e6000 	C:\WINDOWS\SYSTEM32\bcrypt.dll
0x00007ffb70fe0000 - 0x00007ffb70fec000 	C:\WINDOWS\SYSTEM32\CRYPTBASE.dll
0x00007ffb701c0000 - 0x00007ffb701f4000 	C:\WINDOWS\SYSTEM32\IPHLPAPI.DLL
0x00007ffb738a0000 - 0x00007ffb738aa000 	C:\WINDOWS\System32\NSI.dll
0x00007ffb50710000 - 0x00007ffb5071a000 	C:\Users\SUJITHA\AppData\Local\Temp\jansi-1.17.1-10050277241367474541.dll
0x00007ffb49a40000 - 0x00007ffb49a4a000 	C:\Users\SUJITHA\AppData\Local\Temp\jansi-1.17.1-2629249276403346315.dll

dbghelp: loaded successfully - version: 4.0.5 - missing functions: none
symbol engine: initialized successfully - sym options: 0x614 - pdb path: .;C:\Program Files\Java\jdk-21\bin;C:\WINDOWS\SYSTEM32;C:\WINDOWS\WinSxS\amd64_microsoft.windows.common-controls_6595b64144ccf1df_6.0.26100.6899_none_3e0efeeae32e88c1;C:\Program Files\Java\jdk-21\bin\server;C:\Users\SUJITHA\AppData\Local\Temp

VM Arguments:
jvm_args: -Dmaven.home=EMBEDDED -Dclassworlds.conf=C:\Users\SUJITHA\eclipse-workspace\My Maven project 2025\.metadata\.plugins\org.eclipse.m2e.launching\launches\m2conf4752086936075472682.tmp -Dmaven.multiModuleProjectDirectory=C:\Users\SUJITHA\eclipse-workspace\My Maven project 2025\qa-framework -Dfile.encoding=Cp1252 -XX:+ShowCodeDetailsInExceptionMessages 
java_command: org.codehaus.plexus.classworlds.launcher.Launcher -B test
java_class_path (initial): F:\Eclipse\eclipse\plugins\org.eclipse.m2e.maven.runtime_1.18.0.20210618-2246\jars\plexus-classworlds-2.6.0.jar
Launcher Type: SUN_STANDARD

[Global flags]
     intx CICompilerCount                          = 3                                         {product} {ergonomic}
     uint ConcGCThreads                            = 1                                         {product} {ergonomic}
     uint G1ConcRefinementThreads                  = 4                                         {product} {ergonomic}
   size_t G1HeapRegionSize                         = 1048576                                   {product} {ergonomic}
    uintx GCDrainStackTargetSize                   = 64                                        {product} {ergonomic}
   size_t InitialHeapSize                          = 130023424                                 {product} {ergonomic}
   size_t MarkStackSize                            = 4194304                                   {product} {ergonomic}
   size_t MaxHeapSize                              = 2067791872                                {product} {ergonomic}
   size_t MaxNewSize                               = 1240465408                                {product} {ergonomic}
   size_t MinHeapDeltaBytes                        = 1048576                                   {product} {ergonomic}
   size_t MinHeapSize                              = 8388608                                   {product} {ergonomic}
    uintx NonNMethodCodeHeapSize                   = 5832780                                {pd product} {ergonomic}
    uintx NonProfiledCodeHeapSize                  = 122912730                              {pd product} {ergonomic}
    uintx ProfiledCodeHeapSize                     = 122912730                              {pd product} {ergonomic}
    uintx ReservedCodeCacheSize                    = 251658240                              {pd product} {ergonomic}
     bool SegmentedCodeCache                       = true                                      {product} {ergonomic}
     bool ShowCodeDetailsInExceptionMessages       = true                                   {manageable} {command line}
   size_t SoftMaxHeapSize                          = 2067791872                             {manageable} {ergonomic}
     bool UseCompressedOops                        = true                           {product lp64_product} {ergonomic}
     bool UseG1GC                                  = true                                      {product} {ergonomic}
     bool UseLargePagesIndividualAllocation        = false                                  {pd product} {ergonomic}

Logging:
Log output configuration:
 #0: stdout all=warning uptime,level,tags foldmultilines=false
 #1: stderr all=off uptime,level,tags foldmultilines=false

Environment Variables:
JAVA_HOME=C:\Program Files\Java\jdk-21
PATH=F:/Eclipse/eclipse//plugins/org.eclipse.justj.openjdk.hotspot.jre.full.win32.x86_64_16.0.2.v20210721-1149/jre/bin/server;F:/Eclipse/eclipse//plugins/org.eclipse.justj.openjdk.hotspot.jre.full.win32.x86_64_16.0.2.v20210721-1149/jre/bin;C:\Program Files\Common Files\Oracle\Java\javapath;C:\WINDOWS\system32;C:\WINDOWS;C:\WINDOWS\System32\Wbem;C:\WINDOWS\System32\WindowsPowerShell\v1.0\;C:\WINDOWS\System32\OpenSSH\;C:\Program Files\nodejs\;C:\Program Files\Docker\Docker\resources\bin;C:\Users\SUJITHA\AppData\Local\Microsoft\WindowsApps;C:\Users\SUJITHA\AppData\Roaming\npm;C:\Program Files\nodejs;C:\Program Files\nodejs\node_modules;C:\Program Files\Java\jdk-21\bin;C:\Program Files\apache-maven-3.9.11\bin;;F:\Eclipse\eclipse;
USERNAME=SUJITHA
OS=Windows_NT
PROCESSOR_IDENTIFIER=Intel64 Family 6 Model 126 Stepping 5, GenuineIntel
TMP=C:\Users\SUJITHA\AppData\Local\Temp
TEMP=C:\Users\SUJITHA\AppData\Local\Temp




Periodic native trim disabled

---------------  S Y S T E M  ---------------

OS:
 Windows 11 , 64 bit Build 26100 (10.0.26100.6725)
OS uptime: 0 days 1:35 hours
Hyper-V role detected

CPU: total 4 (initial active 4) (2 cores per cpu, 2 threads per core) family 6 model 126 stepping 5 microcode 0xa0, cx8, cmov, fxsr, ht, mmx, 3dnowpref, sse, sse2, sse3, ssse3, sse4.1, sse4.2, popcnt, lzcnt, tsc, tscinvbit, avx, avx2, aes, erms, clmul, bmi1, bmi2, adx, avx512f, avx512dq, avx512cd, avx512bw, avx512vl, sha, fma, vzeroupper, avx512_vpopcntdq, avx512_vpclmulqdq, avx512_vaes, avx512_vnni, clflush, clflushopt, avx512_vbmi2, avx512_vbmi, hv, rdtscp, rdpid, fsrm, gfni, avx512_bitalg, f16c, avx512_ifma
Processor Information for all 4 processors :
  Max Mhz: 1190, Current Mhz: 1190, Mhz Limit: 1190

Memory: 4k page, system-wide physical 7880M (704M free)
TotalPageFile size 9928M (AvailPageFile size 3M)
current process WorkingSet (physical memory assigned to process): 191M, peak: 223M
current process commit charge ("private bytes"): 244M, peak: 284M

vm_info: Java HotSpot(TM) 64-Bit Server VM (21.0.8+12-LTS-250) for windows-amd64 JRE (21.0.8+12-LTS-250), built on 2025-06-27T08:11:22Z by "mach5one" with MS VC++ 17.6 (VS2022)

END.
