#
# There is insufficient memory for the Java Runtime Environment to continue.
# Native memory allocation (malloc) failed to allocate 1704976 bytes for Chunk::new
# Possible reasons:
#   The system is out of physical RAM or swap space
#   The process is running with CompressedOops enabled, and the Java Heap may be blocking the growth of the native heap
# Possible solutions:
#   Reduce memory load on the system
#   Increase physical memory or swap space
#   Check if swap backing store is full
#   Decrease Java heap size (-Xmx/-Xms)
#   Decrease number of Java threads
#   Decrease Java thread stack sizes (-Xss)
#   Set larger code cache with -XX:ReservedCodeCacheSize=
#   JVM is running with Unscaled Compressed Oops mode in which the Java heap is
#     placed in the first 4GB address space. The Java Heap base address is the
#     maximum limit for the native heap growth. Please use -XX:HeapBaseMinAddress
#     to set the Java Heap base and to place the Java Heap above 4GB virtual address.
# This output file may be truncated or incomplete.
#
#  Out of Memory Error (arena.cpp:168), pid=5060, tid=3740
#
# JRE version: Java(TM) SE Runtime Environment (21.0.8+12) (build 21.0.8+12-LTS-250)
# Java VM: Java HotSpot(TM) 64-Bit Server VM (21.0.8+12-LTS-250, mixed mode, sharing, tiered, compressed oops, compressed class ptrs, g1 gc, windows-amd64)
# No core dump will be written. Minidumps are not enabled by default on client versions of Windows
#

---------------  S U M M A R Y ------------

Command Line: -javaagent:C:\\Users\\SUJITHA\\.m2\\repository\\org\\jacoco\\org.jacoco.agent\\0.8.4\\org.jacoco.agent-0.8.4-runtime.jar=destfile=C:\\Users\\SUJITHA\\eclipse-workspace\\My Maven project 2025\\qa-framework\\target\\jacoco.exec C:\Users\SUJITHA\AppData\Local\Temp\surefire3436952459276208510\surefirebooter14486576122038544941.jar C:\Users\SUJITHA\AppData\Local\Temp\surefire3436952459276208510 2025-11-03T12-59-52_392-jvmRun1 surefire1628151716254752517tmp surefire_02163995727277653781tmp

Host: Intel(R) Core(TM) i3-1005G1 CPU @ 1.20GHz, 4 cores, 7G,  Windows 11 , 64 bit Build 26100 (10.0.26100.6725)
Time: Mon Nov  3 13:00:10 2025 India Standard Time elapsed time: 17.149176 seconds (0d 0h 0m 17s)

---------------  T H R E A D  ---------------

Current thread (0x000002016f2f97c0):  JavaThread "C2 CompilerThread0" daemon [_thread_in_native, id=3740, stack(0x00000081f7400000,0x00000081f7500000) (1024K)]


Current CompileTask:
C2:  17149 4500   !   4       jdk.internal.loader.BuiltinClassLoader::loadClassOrNull (143 bytes)

Stack: [0x00000081f7400000,0x00000081f7500000]
Native frames: (J=compiled Java code, j=interpreted, Vv=VM code, C=native code)
V  [jvm.dll+0x6cc179]
V  [jvm.dll+0x8584c1]
V  [jvm.dll+0x85a9ee]
V  [jvm.dll+0x85b0c3]
V  [jvm.dll+0x27ebf6]
V  [jvm.dll+0xc4f4d]
V  [jvm.dll+0xc5483]
V  [jvm.dll+0x3b6a82]
V  [jvm.dll+0x382a35]
V  [jvm.dll+0x381eaa]
V  [jvm.dll+0x247670]
V  [jvm.dll+0x246c4f]
V  [jvm.dll+0x1c7a3e]
V  [jvm.dll+0x256359]
V  [jvm.dll+0x2548ea]
V  [jvm.dll+0x3efef6]
V  [jvm.dll+0x80279b]
V  [jvm.dll+0x6ca85d]
C  [ucrtbase.dll+0x37b0]
C  [KERNEL32.DLL+0x2e8d7]
C  [ntdll.dll+0x8c53c]


---------------  P R O C E S S  ---------------

Threads class SMR info:
_java_thread_list=0x00000201770ea940, length=29, elements={
0x0000020151003dd0, 0x000002016f2e7eb0, 0x000002016f2ed720, 0x000002016f2ef430,
0x000002016f2f2f90, 0x000002016f2f3d30, 0x000002016f2f4d00, 0x000002016f2f97c0,
0x000002016f3066f0, 0x000002016f2bef70, 0x0000020174390af0, 0x0000020174645980,
0x00000201745712e0, 0x0000020176255a50, 0x0000020175280350, 0x0000020177424670,
0x0000020175186080, 0x0000020177225ac0, 0x00000201773b70f0, 0x00000201773b7e10,
0x00000201773b84a0, 0x00000201773b6a60, 0x00000201773b9ee0, 0x00000201773b7780,
0x00000201773b8b30, 0x00000201773b9850, 0x00000201773b91c0, 0x00000201780e3e20,
0x00000201780e5860
}

Java Threads: ( => current thread )
  0x0000020151003dd0 JavaThread "Forwarding findElement on session 94acad89b193a37a63c4b5374f5330cd to remote"        [_thread_blocked, id=11728, stack(0x00000081f6600000,0x00000081f6700000) (1024K)]
  0x000002016f2e7eb0 JavaThread "Reference Handler"          daemon [_thread_blocked, id=16732, stack(0x00000081f6e00000,0x00000081f6f00000) (1024K)]
  0x000002016f2ed720 JavaThread "Finalizer"                  daemon [_thread_blocked, id=10840, stack(0x00000081f6f00000,0x00000081f7000000) (1024K)]
  0x000002016f2ef430 JavaThread "Signal Dispatcher"          daemon [_thread_blocked, id=15424, stack(0x00000081f7000000,0x00000081f7100000) (1024K)]
  0x000002016f2f2f90 JavaThread "Attach Listener"            daemon [_thread_blocked, id=14648, stack(0x00000081f7100000,0x00000081f7200000) (1024K)]
  0x000002016f2f3d30 JavaThread "Service Thread"             daemon [_thread_blocked, id=1760, stack(0x00000081f7200000,0x00000081f7300000) (1024K)]
  0x000002016f2f4d00 JavaThread "Monitor Deflation Thread"   daemon [_thread_blocked, id=9152, stack(0x00000081f7300000,0x00000081f7400000) (1024K)]
=>0x000002016f2f97c0 JavaThread "C2 CompilerThread0"         daemon [_thread_in_native, id=3740, stack(0x00000081f7400000,0x00000081f7500000) (1024K)]
  0x000002016f3066f0 JavaThread "C1 CompilerThread0"         daemon [_thread_blocked, id=17648, stack(0x00000081f7500000,0x00000081f7600000) (1024K)]
  0x000002016f2bef70 JavaThread "Common-Cleaner"             daemon [_thread_blocked, id=18156, stack(0x00000081f7600000,0x00000081f7700000) (1024K)]
  0x0000020174390af0 JavaThread "Notification Thread"        daemon [_thread_blocked, id=16032, stack(0x00000081f7800000,0x00000081f7900000) (1024K)]
  0x0000020174645980 JavaThread "surefire-forkedjvm-command-thread" daemon [_thread_in_native, id=15556, stack(0x00000081f7900000,0x00000081f7a00000) (1024K)]
  0x00000201745712e0 JavaThread "surefire-forkedjvm-ping-30s" daemon [_thread_blocked, id=16872, stack(0x00000081f7d00000,0x00000081f7e00000) (1024K)]
  0x0000020176255a50 JavaThread "Keep-Alive-Timer"           daemon [_thread_blocked, id=3856, stack(0x00000081f7e00000,0x00000081f7f00000) (1024K)]
  0x0000020175280350 JavaThread "ForkJoinPool.commonPool-worker-1" daemon [_thread_blocked, id=15924, stack(0x00000081f7700000,0x00000081f7800000) (1024K)]
  0x0000020177424670 JavaThread "HttpClient-1-SelectorManager" daemon [_thread_in_native, id=7780, stack(0x00000081f7f00000,0x00000081f8000000) (1024K)]
  0x0000020175186080 JavaThread "External Process Output Forwarder - C:\Users\SUJITHA\.cache\selenium\chromedriver\win64\142.0.7444.59\chromedriver.exe" daemon [_thread_in_native, id=7980, stack(0x00000081f8000000,0x00000081f8100000) (1024K)]
  0x0000020177225ac0 JavaThread "Driver Service Executor"    daemon [_thread_blocked, id=17192, stack(0x00000081f8100000,0x00000081f8200000) (1024K)]
  0x00000201773b70f0 JavaThread "Driver Service Executor"    daemon [_thread_in_native, id=16220, stack(0x00000081f8200000,0x00000081f8300000) (1024K)]
  0x00000201773b7e10 JavaThread "UrlChecker-2"               daemon [_thread_blocked, id=18344, stack(0x00000081f8300000,0x00000081f8400000) (1024K)]
  0x00000201773b84a0 JavaThread "JdkHttpClient-0-0"          daemon [_thread_blocked, id=9452, stack(0x00000081f8500000,0x00000081f8600000) (1024K)]
  0x00000201773b6a60 JavaThread "CompletableFutureDelayScheduler" daemon [_thread_blocked, id=11920, stack(0x00000081f8600000,0x00000081f8700000) (1024K)]
  0x00000201773b9ee0 JavaThread "JdkHttpClient-0-1"          daemon [_thread_blocked, id=16640, stack(0x00000081f8700000,0x00000081f8800000) (1024K)]
  0x00000201773b7780 JavaThread "JdkHttpClient-0-2"          daemon [_thread_blocked, id=18388, stack(0x00000081f8800000,0x00000081f8900000) (1024K)]
  0x00000201773b8b30 JavaThread "HttpClient-2-SelectorManager" daemon [_thread_in_native, id=18320, stack(0x00000081f8900000,0x00000081f8a00000) (1024K)]
  0x00000201773b9850 JavaThread "JdkHttpClient-1-0"          daemon [_thread_blocked, id=8304, stack(0x00000081f8a00000,0x00000081f8b00000) (1024K)]
  0x00000201773b91c0 JavaThread "JdkHttpClient-1-1"          daemon [_thread_blocked, id=13208, stack(0x00000081f8b00000,0x00000081f8c00000) (1024K)]
  0x00000201780e3e20 JavaThread "JdkHttpClient-1-2"          daemon [_thread_blocked, id=10964, stack(0x00000081f8c00000,0x00000081f8d00000) (1024K)]
  0x00000201780e5860 JavaThread "JdkHttpClient-1-3"          daemon [_thread_blocked, id=584, stack(0x00000081f8d00000,0x00000081f8e00000) (1024K)]
Total: 29

Other Threads:
  0x000002016f2cee00 VMThread "VM Thread"                           [id=10044, stack(0x00000081f6d00000,0x00000081f6e00000) (1024K)]
  0x000002016f2be180 WatcherThread "VM Periodic Task Thread"        [id=18112, stack(0x00000081f6c00000,0x00000081f6d00000) (1024K)]
  0x0000020153357dd0 WorkerThread "GC Thread#0"                     [id=17944, stack(0x00000081f6700000,0x00000081f6800000) (1024K)]
  0x00000201744294b0 WorkerThread "GC Thread#1"                     [id=16812, stack(0x00000081f7a00000,0x00000081f7b00000) (1024K)]
  0x00000201748cc130 WorkerThread "GC Thread#2"                     [id=9376, stack(0x00000081f7b00000,0x00000081f7c00000) (1024K)]
  0x00000201748cd160 WorkerThread "GC Thread#3"                     [id=7280, stack(0x00000081f7c00000,0x00000081f7d00000) (1024K)]
  0x0000020153369ac0 ConcurrentGCThread "G1 Main Marker"            [id=16132, stack(0x00000081f6800000,0x00000081f6900000) (1024K)]
  0x000002015336a5c0 WorkerThread "G1 Conc#0"                       [id=104, stack(0x00000081f6900000,0x00000081f6a00000) (1024K)]
  0x000002016f18d520 ConcurrentGCThread "G1 Refine#0"               [id=15512, stack(0x00000081f6a00000,0x00000081f6b00000) (1024K)]
  0x000002016f18ed50 ConcurrentGCThread "G1 Service"                [id=11568, stack(0x00000081f6b00000,0x00000081f6c00000) (1024K)]
Total: 10

Threads with active compile tasks:
C2 CompilerThread0    17178 4500   !   4       jdk.internal.loader.BuiltinClassLoader::loadClassOrNull (143 bytes)
Total: 1

VM state: not at safepoint (normal execution)

VM Mutex/Monitor currently owned by a thread: None

Heap address: 0x0000000084c00000, size: 1972 MB, Compressed Oops mode: 32-bit

CDS archive(s) mapped at: [0x0000020100000000-0x0000020100c90000-0x0000020100c90000), size 13172736, SharedBaseAddress: 0x0000020100000000, ArchiveRelocationMode: 1.
Compressed class space mapped at: 0x0000020101000000-0x0000020141000000, reserved size: 1073741824
Narrow klass base: 0x0000020100000000, Narrow klass shift: 0, Narrow klass range: 0x100000000

GC Precious Log:
 CardTable entry size: 512
 Card Set container configuration: InlinePtr #cards 5 size 8 Array Of Cards #cards 12 size 40 Howl #buckets 4 coarsen threshold 1843 Howl Bitmap #cards 512 size 80 coarsen threshold 460 Card regions per heap region 1 cards per card region 2048
 CPUs: 4 total, 4 available
 Memory: 7880M
 Large Page Support: Disabled
 NUMA Support: Disabled
 Compressed Oops: Enabled (32-bit)
 Heap Region Size: 1M
 Heap Min Capacity: 8M
 Heap Initial Capacity: 124M
 Heap Max Capacity: 1972M
 Pre-touch: Disabled
 Parallel Workers: 4
 Concurrent Workers: 1
 Concurrent Refinement Workers: 4
 Periodic GC: Disabled

Heap:
 garbage-first heap   total 46080K, used 17802K [0x0000000084c00000, 0x0000000100000000)
  region size 1024K, 7 young (7168K), 3 survivors (3072K)
 Metaspace       used 32779K, committed 33216K, reserved 1114112K
  class space    used 3537K, committed 3712K, reserved 1048576K

Heap Regions: E=young(eden), S=young(survivor), O=old, HS=humongous(starts), HC=humongous(continues), CS=collection set, F=free, TAMS=top-at-mark-start, PB=parsable bottom
|   0|0x0000000084c00000, 0x0000000084d00000, 0x0000000084d00000|100%| O|  |TAMS 0x0000000084c00000| PB 0x0000000084c00000| Untracked 
|   1|0x0000000084d00000, 0x0000000084e00000, 0x0000000084e00000|100%| O|  |TAMS 0x0000000084d00000| PB 0x0000000084d00000| Untracked 
|   2|0x0000000084e00000, 0x0000000084f00000, 0x0000000084f00000|100%| O|  |TAMS 0x0000000084e00000| PB 0x0000000084e00000| Untracked 
|   3|0x0000000084f00000, 0x0000000085000000, 0x0000000085000000|100%| O|  |TAMS 0x0000000084f00000| PB 0x0000000084f00000| Untracked 
|   4|0x0000000085000000, 0x000000008507b2f0, 0x0000000085100000| 48%| O|  |TAMS 0x0000000085000000| PB 0x0000000085000000| Untracked 
|   5|0x0000000085100000, 0x0000000085200000, 0x0000000085200000|100%| O|  |TAMS 0x0000000085100000| PB 0x0000000085100000| Untracked 
|   6|0x0000000085200000, 0x0000000085300000, 0x0000000085300000|100%| O|  |TAMS 0x0000000085200000| PB 0x0000000085200000| Untracked 
|   7|0x0000000085300000, 0x0000000085400000, 0x0000000085400000|100%| O|  |TAMS 0x0000000085300000| PB 0x0000000085300000| Untracked 
|   8|0x0000000085400000, 0x0000000085500000, 0x0000000085500000|100%| O|  |TAMS 0x0000000085400000| PB 0x0000000085400000| Untracked 
|   9|0x0000000085500000, 0x0000000085600000, 0x0000000085600000|100%| O|  |TAMS 0x0000000085500000| PB 0x0000000085500000| Untracked 
|  10|0x0000000085600000, 0x0000000085700000, 0x0000000085700000|100%| O|  |TAMS 0x0000000085600000| PB 0x0000000085600000| Untracked 
|  11|0x0000000085700000, 0x0000000085800000, 0x0000000085800000|100%| O|  |TAMS 0x0000000085700000| PB 0x0000000085700000| Untracked 
|  12|0x0000000085800000, 0x0000000085800000, 0x0000000085900000|  0%| F|  |TAMS 0x0000000085800000| PB 0x0000000085800000| Untracked 
|  13|0x0000000085900000, 0x0000000085900000, 0x0000000085a00000|  0%| F|  |TAMS 0x0000000085900000| PB 0x0000000085900000| Untracked 
|  14|0x0000000085a00000, 0x0000000085a00000, 0x0000000085b00000|  0%| F|  |TAMS 0x0000000085a00000| PB 0x0000000085a00000| Untracked 
|  15|0x0000000085b00000, 0x0000000085be7760, 0x0000000085c00000| 90%| S|CS|TAMS 0x0000000085b00000| PB 0x0000000085b00000| Complete 
|  16|0x0000000085c00000, 0x0000000085c00000, 0x0000000085d00000|  0%| F|  |TAMS 0x0000000085c00000| PB 0x0000000085c00000| Untracked 
|  17|0x0000000085d00000, 0x0000000085d00000, 0x0000000085e00000|  0%| F|  |TAMS 0x0000000085d00000| PB 0x0000000085d00000| Untracked 
|  18|0x0000000085e00000, 0x0000000085f00000, 0x0000000085f00000|100%| S|CS|TAMS 0x0000000085e00000| PB 0x0000000085e00000| Complete 
|  19|0x0000000085f00000, 0x0000000086000000, 0x0000000086000000|100%| S|CS|TAMS 0x0000000085f00000| PB 0x0000000085f00000| Complete 
|  20|0x0000000086000000, 0x0000000086000000, 0x0000000086100000|  0%| F|  |TAMS 0x0000000086000000| PB 0x0000000086000000| Untracked 
|  21|0x0000000086100000, 0x0000000086100000, 0x0000000086200000|  0%| F|  |TAMS 0x0000000086100000| PB 0x0000000086100000| Untracked 
|  22|0x0000000086200000, 0x0000000086200000, 0x0000000086300000|  0%| F|  |TAMS 0x0000000086200000| PB 0x0000000086200000| Untracked 
|  23|0x0000000086300000, 0x0000000086300000, 0x0000000086400000|  0%| F|  |TAMS 0x0000000086300000| PB 0x0000000086300000| Untracked 
|  24|0x0000000086400000, 0x0000000086400000, 0x0000000086500000|  0%| F|  |TAMS 0x0000000086400000| PB 0x0000000086400000| Untracked 
|  25|0x0000000086500000, 0x0000000086500000, 0x0000000086600000|  0%| F|  |TAMS 0x0000000086500000| PB 0x0000000086500000| Untracked 
|  26|0x0000000086600000, 0x0000000086600000, 0x0000000086700000|  0%| F|  |TAMS 0x0000000086600000| PB 0x0000000086600000| Untracked 
|  27|0x0000000086700000, 0x0000000086700000, 0x0000000086800000|  0%| F|  |TAMS 0x0000000086700000| PB 0x0000000086700000| Untracked 
|  28|0x0000000086800000, 0x0000000086800000, 0x0000000086900000|  0%| F|  |TAMS 0x0000000086800000| PB 0x0000000086800000| Untracked 
|  29|0x0000000086900000, 0x0000000086900000, 0x0000000086a00000|  0%| F|  |TAMS 0x0000000086900000| PB 0x0000000086900000| Untracked 
|  30|0x0000000086a00000, 0x0000000086a00000, 0x0000000086b00000|  0%| F|  |TAMS 0x0000000086a00000| PB 0x0000000086a00000| Untracked 
|  31|0x0000000086b00000, 0x0000000086b00000, 0x0000000086c00000|  0%| F|  |TAMS 0x0000000086b00000| PB 0x0000000086b00000| Untracked 
|  32|0x0000000086c00000, 0x0000000086c00000, 0x0000000086d00000|  0%| F|  |TAMS 0x0000000086c00000| PB 0x0000000086c00000| Untracked 
|  33|0x0000000086d00000, 0x0000000086d00000, 0x0000000086e00000|  0%| F|  |TAMS 0x0000000086d00000| PB 0x0000000086d00000| Untracked 
|  34|0x0000000086e00000, 0x0000000086e00000, 0x0000000086f00000|  0%| F|  |TAMS 0x0000000086e00000| PB 0x0000000086e00000| Untracked 
|  35|0x0000000086f00000, 0x0000000086f00000, 0x0000000087000000|  0%| F|  |TAMS 0x0000000086f00000| PB 0x0000000086f00000| Untracked 
|  36|0x0000000087000000, 0x0000000087000000, 0x0000000087100000|  0%| F|  |TAMS 0x0000000087000000| PB 0x0000000087000000| Untracked 
|  37|0x0000000087100000, 0x0000000087100000, 0x0000000087200000|  0%| F|  |TAMS 0x0000000087100000| PB 0x0000000087100000| Untracked 
|  38|0x0000000087200000, 0x0000000087200000, 0x0000000087300000|  0%| F|  |TAMS 0x0000000087200000| PB 0x0000000087200000| Untracked 
|  49|0x0000000087d00000, 0x0000000087d00000, 0x0000000087e00000|  0%| F|  |TAMS 0x0000000087d00000| PB 0x0000000087d00000| Untracked 
|  55|0x0000000088300000, 0x0000000088300000, 0x0000000088400000|  0%| F|  |TAMS 0x0000000088300000| PB 0x0000000088300000| Untracked 
|  56|0x0000000088400000, 0x0000000088500000, 0x0000000088500000|100%| E|  |TAMS 0x0000000088400000| PB 0x0000000088400000| Complete 
|  57|0x0000000088500000, 0x0000000088600000, 0x0000000088600000|100%| E|CS|TAMS 0x0000000088500000| PB 0x0000000088500000| Complete 
|  58|0x0000000088600000, 0x0000000088700000, 0x0000000088700000|100%| E|CS|TAMS 0x0000000088600000| PB 0x0000000088600000| Complete 
|  59|0x0000000088700000, 0x0000000088800000, 0x0000000088800000|100%| E|CS|TAMS 0x0000000088700000| PB 0x0000000088700000| Complete 

Card table byte_map: [0x000002016ab80000,0x000002016af60000] _byte_map_base: 0x000002016a75a000

Marking Bits: (CMBitMap*) 0x0000020153358ce0
 Bits: [0x000002016af60000, 0x000002016ce30000)

Polling page: 0x0000020152a20000

Metaspace:

Usage:
  Non-class:     28.56 MB used.
      Class:      3.45 MB used.
       Both:     32.01 MB used.

Virtual space:
  Non-class space:       64.00 MB reserved,      28.81 MB ( 45%) committed,  1 nodes.
      Class space:        1.00 GB reserved,       3.62 MB ( <1%) committed,  1 nodes.
             Both:        1.06 GB reserved,      32.44 MB (  3%) committed. 

Chunk freelists:
   Non-Class:  2.69 MB
       Class:  12.39 MB
        Both:  15.08 MB

MaxMetaspaceSize: unlimited
CompressedClassSpaceSize: 1.00 GB
Initial GC threshold: 21.00 MB
Current GC threshold: 35.25 MB
CDS: on
 - commit_granule_bytes: 65536.
 - commit_granule_words: 8192.
 - virtual_space_node_default_size: 8388608.
 - enlarge_chunks_in_place: 1.
 - use_allocation_guard: 0.


Internal statistics:

num_allocs_failed_limit: 3.
num_arena_births: 472.
num_arena_deaths: 0.
num_vsnodes_births: 2.
num_vsnodes_deaths: 0.
num_space_committed: 518.
num_space_uncommitted: 0.
num_chunks_returned_to_freelist: 3.
num_chunks_taken_from_freelist: 1313.
num_chunk_merges: 3.
num_chunk_splits: 914.
num_chunks_enlarged: 682.
num_inconsistent_stats: 0.

CodeHeap 'non-profiled nmethods': size=120000Kb used=3608Kb max_used=3608Kb free=116391Kb
 bounds [0x0000020163270000, 0x0000020163600000, 0x000002016a7a0000]
CodeHeap 'profiled nmethods': size=120000Kb used=9617Kb max_used=9617Kb free=110383Kb
 bounds [0x000002015b7a0000, 0x000002015c110000, 0x0000020162cd0000]
CodeHeap 'non-nmethods': size=5760Kb used=1801Kb max_used=1826Kb free=3958Kb
 bounds [0x0000020162cd0000, 0x0000020162f40000, 0x0000020163270000]
 total_blobs=5166 nmethods=4510 adapters=560
 compilation: enabled
              stopped_count=0, restarted_count=0
 full_count=0

Compilation events (20 events):
Event: 16.453 Thread 0x000002016f3066f0 4508       3       java.lang.reflect.ProxyGenerator$ProxyMethod::codeClassForName (35 bytes)
Event: 16.453 Thread 0x000002016f3066f0 nmethod 4508 0x000002015c100a90 code [0x000002015c100ca0, 0x000002015c1011f8]
Event: 16.461 Thread 0x000002016f3066f0 4509   !   3       java.lang.reflect.Field::declaredAnnotations (82 bytes)
Event: 16.462 Thread 0x000002016f3066f0 nmethod 4509 0x000002015c101390 code [0x000002015c1015a0, 0x000002015c101ad8]
Event: 16.465 Thread 0x000002016f3066f0 4510       2       java.nio.ByteBuffer::position (6 bytes)
Event: 16.465 Thread 0x000002016f3066f0 nmethod 4510 0x000002015c101d90 code [0x000002015c101f40, 0x000002015c102070]
Event: 16.465 Thread 0x000002016f3066f0 4511       3       java.nio.HeapByteBuffer::getShort (29 bytes)
Event: 16.466 Thread 0x000002016f3066f0 nmethod 4511 0x000002015c102110 code [0x000002015c102360, 0x000002015c102c68]
Event: 16.466 Thread 0x000002016f3066f0 4514       3       java.nio.charset.CoderResult::isUnderflow (13 bytes)
Event: 16.466 Thread 0x000002016f3066f0 nmethod 4514 0x000002015c103090 code [0x000002015c103220, 0x000002015c103388]
Event: 16.466 Thread 0x000002016f3066f0 4512       3       java.lang.StackStreamFactory$FrameBuffer::isActive (13 bytes)
Event: 16.466 Thread 0x000002016f3066f0 nmethod 4512 0x000002015c103410 code [0x000002015c1035a0, 0x000002015c103708]
Event: 16.466 Thread 0x000002016f3066f0 4513       3       java.lang.StackStreamFactory$StackFrameTraverser$StackFrameBuffer::at (10 bytes)
Event: 16.467 Thread 0x000002016f3066f0 nmethod 4513 0x000002015c103790 code [0x000002015c103960, 0x000002015c103cf8]
Event: 16.486 Thread 0x000002016f3066f0 4515       3       java.util.LinkedHashMap$LinkedHashIterator::<init> (47 bytes)
Event: 16.486 Thread 0x000002016f3066f0 nmethod 4515 0x000002015c103e90 code [0x000002015c104040, 0x000002015c104300]
Event: 16.487 Thread 0x000002016f3066f0 4516       1       java.nio.HeapByteBuffer::isReadOnly (2 bytes)
Event: 16.487 Thread 0x000002016f3066f0 nmethod 4516 0x00000201635f5a90 code [0x00000201635f5c20, 0x00000201635f5ce8]
Event: 16.487 Thread 0x000002016f3066f0 4517       1       java.util.TreeMap$Entry::getKey (5 bytes)
Event: 16.488 Thread 0x000002016f3066f0 nmethod 4517 0x00000201635f5d90 code [0x00000201635f5f20, 0x00000201635f5fe8]

GC Heap History (20 events):
Event: 5.965 GC heap before
{Heap before GC invocations=3 (full 0):
 garbage-first heap   total 126976K, used 79972K [0x0000000084c00000, 0x0000000100000000)
  region size 1024K, 74 young (75776K), 5 survivors (5120K)
 Metaspace       used 18326K, committed 18496K, reserved 1114112K
  class space    used 1840K, committed 1920K, reserved 1048576K
}
Event: 5.972 GC heap after
{Heap after GC invocations=4 (full 0):
 garbage-first heap   total 126976K, used 10111K [0x0000000084c00000, 0x0000000100000000)
  region size 1024K, 5 young (5120K), 5 survivors (5120K)
 Metaspace       used 18326K, committed 18496K, reserved 1114112K
  class space    used 1840K, committed 1920K, reserved 1048576K
}
Event: 7.326 GC heap before
{Heap before GC invocations=4 (full 0):
 garbage-first heap   total 126976K, used 74623K [0x0000000084c00000, 0x0000000100000000)
  region size 1024K, 69 young (70656K), 5 survivors (5120K)
 Metaspace       used 21269K, committed 21504K, reserved 1114112K
  class space    used 2119K, committed 2240K, reserved 1048576K
}
Event: 7.336 GC heap after
{Heap after GC invocations=5 (full 0):
 garbage-first heap   total 126976K, used 11053K [0x0000000084c00000, 0x0000000100000000)
  region size 1024K, 6 young (6144K), 6 survivors (6144K)
 Metaspace       used 21269K, committed 21504K, reserved 1114112K
  class space    used 2119K, committed 2240K, reserved 1048576K
}
Event: 7.689 GC heap before
{Heap before GC invocations=6 (full 0):
 garbage-first heap   total 37888K, used 27437K [0x0000000084c00000, 0x0000000100000000)
  region size 1024K, 22 young (22528K), 6 survivors (6144K)
 Metaspace       used 21973K, committed 22272K, reserved 1114112K
  class space    used 2196K, committed 2368K, reserved 1048576K
}
Event: 7.701 GC heap after
{Heap after GC invocations=7 (full 0):
 garbage-first heap   total 37888K, used 11776K [0x0000000084c00000, 0x0000000100000000)
  region size 1024K, 3 young (3072K), 3 survivors (3072K)
 Metaspace       used 21973K, committed 22272K, reserved 1114112K
  class space    used 2196K, committed 2368K, reserved 1048576K
}
Event: 8.095 GC heap before
{Heap before GC invocations=7 (full 0):
 garbage-first heap   total 37888K, used 29184K [0x0000000084c00000, 0x0000000100000000)
  region size 1024K, 21 young (21504K), 3 survivors (3072K)
 Metaspace       used 22723K, committed 23040K, reserved 1114112K
  class space    used 2279K, committed 2432K, reserved 1048576K
}
Event: 8.102 GC heap after
{Heap after GC invocations=8 (full 0):
 garbage-first heap   total 37888K, used 11407K [0x0000000084c00000, 0x0000000100000000)
  region size 1024K, 1 young (1024K), 1 survivors (1024K)
 Metaspace       used 22723K, committed 23040K, reserved 1114112K
  class space    used 2279K, committed 2432K, reserved 1048576K
}
Event: 8.639 GC heap before
{Heap before GC invocations=8 (full 0):
 garbage-first heap   total 37888K, used 31887K [0x0000000084c00000, 0x0000000100000000)
  region size 1024K, 21 young (21504K), 1 survivors (1024K)
 Metaspace       used 23701K, committed 24000K, reserved 1114112K
  class space    used 2361K, committed 2496K, reserved 1048576K
}
Event: 8.641 GC heap after
{Heap after GC invocations=9 (full 0):
 garbage-first heap   total 46080K, used 11497K [0x0000000084c00000, 0x0000000100000000)
  region size 1024K, 1 young (1024K), 1 survivors (1024K)
 Metaspace       used 23701K, committed 24000K, reserved 1114112K
  class space    used 2361K, committed 2496K, reserved 1048576K
}
Event: 9.145 GC heap before
{Heap before GC invocations=9 (full 0):
 garbage-first heap   total 46080K, used 38121K [0x0000000084c00000, 0x0000000100000000)
  region size 1024K, 27 young (27648K), 1 survivors (1024K)
 Metaspace       used 25105K, committed 25408K, reserved 1114112K
  class space    used 2528K, committed 2688K, reserved 1048576K
}
Event: 9.148 GC heap after
{Heap after GC invocations=10 (full 0):
 garbage-first heap   total 46080K, used 11777K [0x0000000084c00000, 0x0000000100000000)
  region size 1024K, 1 young (1024K), 1 survivors (1024K)
 Metaspace       used 25105K, committed 25408K, reserved 1114112K
  class space    used 2528K, committed 2688K, reserved 1048576K
}
Event: 9.471 GC heap before
{Heap before GC invocations=10 (full 0):
 garbage-first heap   total 46080K, used 38401K [0x0000000084c00000, 0x0000000100000000)
  region size 1024K, 27 young (27648K), 1 survivors (1024K)
 Metaspace       used 25949K, committed 26240K, reserved 1114112K
  class space    used 2607K, committed 2752K, reserved 1048576K
}
Event: 9.474 GC heap after
{Heap after GC invocations=11 (full 0):
 garbage-first heap   total 46080K, used 11911K [0x0000000084c00000, 0x0000000100000000)
  region size 1024K, 2 young (2048K), 2 survivors (2048K)
 Metaspace       used 25949K, committed 26240K, reserved 1114112K
  class space    used 2607K, committed 2752K, reserved 1048576K
}
Event: 10.767 GC heap before
{Heap before GC invocations=11 (full 0):
 garbage-first heap   total 46080K, used 36487K [0x0000000084c00000, 0x0000000100000000)
  region size 1024K, 27 young (27648K), 2 survivors (2048K)
 Metaspace       used 28071K, committed 28352K, reserved 1114112K
  class space    used 2873K, committed 3008K, reserved 1048576K
}
Event: 10.772 GC heap after
{Heap after GC invocations=12 (full 0):
 garbage-first heap   total 46080K, used 13444K [0x0000000084c00000, 0x0000000100000000)
  region size 1024K, 3 young (3072K), 3 survivors (3072K)
 Metaspace       used 28071K, committed 28352K, reserved 1114112K
  class space    used 2873K, committed 3008K, reserved 1048576K
}
Event: 12.348 GC heap before
{Heap before GC invocations=12 (full 0):
 garbage-first heap   total 46080K, used 38020K [0x0000000084c00000, 0x0000000100000000)
  region size 1024K, 27 young (27648K), 3 survivors (3072K)
 Metaspace       used 30310K, committed 30656K, reserved 1114112K
  class space    used 3189K, committed 3328K, reserved 1048576K
}
Event: 12.357 GC heap after
{Heap after GC invocations=13 (full 0):
 garbage-first heap   total 46080K, used 13993K [0x0000000084c00000, 0x0000000100000000)
  region size 1024K, 3 young (3072K), 3 survivors (3072K)
 Metaspace       used 30310K, committed 30656K, reserved 1114112K
  class space    used 3189K, committed 3328K, reserved 1048576K
}
Event: 16.197 GC heap before
{Heap before GC invocations=13 (full 0):
 garbage-first heap   total 46080K, used 38569K [0x0000000084c00000, 0x0000000100000000)
  region size 1024K, 27 young (27648K), 3 survivors (3072K)
 Metaspace       used 32541K, committed 32960K, reserved 1114112K
  class space    used 3500K, committed 3648K, reserved 1048576K
}
Event: 16.203 GC heap after
{Heap after GC invocations=14 (full 0):
 garbage-first heap   total 46080K, used 14730K [0x0000000084c00000, 0x0000000100000000)
  region size 1024K, 3 young (3072K), 3 survivors (3072K)
 Metaspace       used 32541K, committed 32960K, reserved 1114112K
  class space    used 3500K, committed 3648K, reserved 1048576K
}

Dll operation events (13 events):
Event: 0.011 Loaded shared library C:\Program Files\Java\jdk-21\bin\java.dll
Event: 0.044 Loaded shared library C:\Program Files\Java\jdk-21\bin\jsvml.dll
Event: 0.111 Loaded shared library C:\Program Files\Java\jdk-21\bin\zip.dll
Event: 0.115 Loaded shared library C:\Program Files\Java\jdk-21\bin\instrument.dll
Event: 0.120 Loaded shared library C:\Program Files\Java\jdk-21\bin\net.dll
Event: 0.121 Loaded shared library C:\Program Files\Java\jdk-21\bin\nio.dll
Event: 0.124 Loaded shared library C:\Program Files\Java\jdk-21\bin\zip.dll
Event: 0.239 Loaded shared library C:\Program Files\Java\jdk-21\bin\verify.dll
Event: 0.266 Loaded shared library C:\Program Files\Java\jdk-21\bin\jimage.dll
Event: 0.462 Loaded shared library C:\Program Files\Java\jdk-21\bin\management.dll
Event: 0.465 Loaded shared library C:\Program Files\Java\jdk-21\bin\management_ext.dll
Event: 1.436 Loaded shared library C:\Program Files\Java\jdk-21\bin\sunmscapi.dll
Event: 2.358 Loaded shared library C:\Program Files\Java\jdk-21\bin\extnet.dll

Deoptimization events (20 events):
Event: 15.282 Thread 0x00000201773b8b30 DEOPT PACKING pc=0x00000201633469a8 sp=0x00000081f89fe890
Event: 15.282 Thread 0x00000201773b8b30 DEOPT UNPACKING pc=0x0000020162d27da2 sp=0x00000081f89fe828 mode 2
Event: 15.321 Thread 0x0000020151003dd0 DEOPT PACKING pc=0x000002015bc50e4d sp=0x00000081f66fd3d0
Event: 15.321 Thread 0x0000020151003dd0 DEOPT UNPACKING pc=0x0000020162d288e2 sp=0x00000081f66fc848 mode 0
Event: 16.185 Thread 0x0000020151003dd0 Uncommon trap: trap_request=0xffffff45 fr.pc=0x0000020163477ef4 relative=0x00000000000004f4
Event: 16.185 Thread 0x0000020151003dd0 Uncommon trap: reason=unstable_if action=reinterpret pc=0x0000020163477ef4 method=sun.nio.cs.StreamEncoder.growByteBufferIfNeeded(I)V @ 42 c2
Event: 16.185 Thread 0x0000020151003dd0 DEOPT PACKING pc=0x0000020163477ef4 sp=0x00000081f66fd700
Event: 16.185 Thread 0x0000020151003dd0 DEOPT UNPACKING pc=0x0000020162d27da2 sp=0x00000081f66fd640 mode 2
Event: 16.185 Thread 0x0000020151003dd0 Uncommon trap: trap_request=0xffffff45 fr.pc=0x000002016355be8c relative=0x000000000000050c
Event: 16.185 Thread 0x0000020151003dd0 Uncommon trap: reason=unstable_if action=reinterpret pc=0x000002016355be8c method=org.apache.maven.surefire.util.internal.StringUtils.escapeBytesToPrintable([B[BII)Lorg/apache/maven/surefire/util/internal/StringUtils$EncodedArray; @ 223 c2
Event: 16.185 Thread 0x0000020151003dd0 DEOPT PACKING pc=0x000002016355be8c sp=0x00000081f66fd6a0
Event: 16.185 Thread 0x0000020151003dd0 DEOPT UNPACKING pc=0x0000020162d27da2 sp=0x00000081f66fd628 mode 2
Event: 16.204 Thread 0x000002016f2e7eb0 Uncommon trap: trap_request=0xffffff45 fr.pc=0x00000201632cd51c relative=0x000000000000017c
Event: 16.204 Thread 0x000002016f2e7eb0 Uncommon trap: reason=unstable_if action=reinterpret pc=0x00000201632cd51c method=java.util.concurrent.locks.ReentrantLock$NonfairSync.initialTryLock()Z @ 25 c2
Event: 16.204 Thread 0x000002016f2e7eb0 DEOPT PACKING pc=0x00000201632cd51c sp=0x00000081f6eff5d0
Event: 16.204 Thread 0x000002016f2e7eb0 DEOPT UNPACKING pc=0x0000020162d27da2 sp=0x00000081f6eff570 mode 2
Event: 16.420 Thread 0x0000020151003dd0 Uncommon trap: trap_request=0xffffff45 fr.pc=0x00000201635e3248 relative=0x0000000000000ee8
Event: 16.420 Thread 0x0000020151003dd0 Uncommon trap: reason=unstable_if action=reinterpret pc=0x00000201635e3248 method=jdk.internal.org.objectweb.asm.SymbolTable.addType(Ljava/lang/String;)I @ 33 c2
Event: 16.420 Thread 0x0000020151003dd0 DEOPT PACKING pc=0x00000201635e3248 sp=0x00000081f66fd0a0
Event: 16.420 Thread 0x0000020151003dd0 DEOPT UNPACKING pc=0x0000020162d27da2 sp=0x00000081f66fd068 mode 2

Classes loaded (20 events):
Event: 16.181 Loading class java/util/ResourceBundle$3
Event: 16.181 Loading class java/util/ResourceBundle$3 done
Event: 16.181 Loading class sun/util/logging/resources/logging
Event: 16.181 Loading class sun/util/logging/resources/logging done
Event: 16.181 Loading class java/util/ResourceBundle$BundleReference
Event: 16.182 Loading class java/util/ResourceBundle$BundleReference done
Event: 16.182 Loading class sun/util/logging/resources/logging_en
Event: 16.182 Loading class sun/util/logging/resources/logging_en done
Event: 16.182 Loading class sun/util/logging/resources/logging_en
Event: 16.182 Loading class sun/util/logging/resources/logging_en done
Event: 16.182 Loading class sun/util/logging/resources/logging_en_IN
Event: 16.182 Loading class sun/util/logging/resources/logging_en_IN done
Event: 16.182 Loading class sun/util/logging/resources/logging_en_IN
Event: 16.182 Loading class sun/util/logging/resources/logging_en_IN done
Event: 16.184 Loading class java/util/Formatter$DateTime
Event: 16.185 Loading class java/util/Formatter$DateTime done
Event: 16.206 Loading class java/lang/Throwable$WrappedPrintWriter
Event: 16.206 Loading class java/lang/Throwable$WrappedPrintWriter done
Event: 16.455 Loading class java/util/AbstractList$ListItr
Event: 16.455 Loading class java/util/AbstractList$ListItr done

Classes unloaded (0 events):
No events

Classes redefined (0 events):
No events

Internal exceptions (20 events):
Event: 11.459 Thread 0x0000020151003dd0 Exception <a 'java/lang/NoSuchMethodError'{0x0000000086a12660}: 'int java.lang.invoke.DirectMethodHandle$Holder.invokeStatic(java.lang.Object, long)'> (0x0000000086a12660) 
thrown [s\open\src\hotspot\share\interpreter\linkResolver.cpp, line 773]
Event: 11.472 Thread 0x0000020151003dd0 Exception <a 'java/lang/NoSuchMethodError'{0x0000000086a33d60}: 'java.lang.Object java.lang.invoke.DirectMethodHandle$Holder.invokeSpecial(java.lang.Object, java.lang.Object, int, java.lang.Object, java.lang.Object)'> (0x0000000086a33d60) 
thrown [s\open\src\hotspot\share\interpreter\linkResolver.cpp, line 773]
Event: 11.472 Thread 0x0000020151003dd0 Exception <a 'java/lang/NoSuchMethodError'{0x0000000086a37990}: 'java.lang.Object java.lang.invoke.DelegatingMethodHandle$Holder.delegate(java.lang.Object, int, java.lang.Object, java.lang.Object)'> (0x0000000086a37990) 
thrown [s\open\src\hotspot\share\interpreter\linkResolver.cpp, line 773]
Event: 11.487 Thread 0x0000020151003dd0 Exception <a 'java/lang/NoSuchMethodError'{0x0000000086a47e38}: 'int java.lang.invoke.Invokers$Holder.linkToTargetMethod(java.lang.Object, java.lang.Object, java.lang.Object)'> (0x0000000086a47e38) 
thrown [s\open\src\hotspot\share\interpreter\linkResolver.cpp, line 773]
Event: 11.724 Thread 0x0000020151003dd0 Exception <a 'java/lang/NoSuchMethodError'{0x00000000865947f0}: 'java.lang.Object java.lang.invoke.DirectMethodHandle$Holder.invokeInterface(java.lang.Object, java.lang.Object, java.lang.Object)'> (0x00000000865947f0) 
thrown [s\open\src\hotspot\share\interpreter\linkResolver.cpp, line 773]
Event: 11.725 Thread 0x0000020151003dd0 Exception <a 'java/lang/IncompatibleClassChangeError'{0x0000000086597be8}: Found class java.lang.Object, but interface was expected> (0x0000000086597be8) 
thrown [s\open\src\hotspot\share\interpreter\linkResolver.cpp, line 840]
Event: 11.732 Thread 0x0000020151003dd0 Exception <a 'java/lang/NoSuchMethodError'{0x000000008659e5f8}: 'int java.lang.invoke.DirectMethodHandle$Holder.invokeSpecialIFC(java.lang.Object, java.lang.Object, java.lang.Object, java.lang.Object)'> (0x000000008659e5f8) 
thrown [s\open\src\hotspot\share\interpreter\linkResolver.cpp, line 773]
Event: 11.752 Thread 0x0000020151003dd0 Exception <a 'java/lang/NoSuchMethodError'{0x000000008644d898}: 'java.lang.Object java.lang.invoke.DirectMethodHandle$Holder.invokeVirtual(java.lang.Object, java.lang.Object, java.lang.Object, java.lang.Object)'> (0x000000008644d898) 
thrown [s\open\src\hotspot\share\interpreter\linkResolver.cpp, line 773]
Event: 12.040 Thread 0x00000201773b7e10 Exception <a 'java/net/ConnectException'{0x00000000864fd0b8}: Connection refused: getsockopt> (0x00000000864fd0b8) 
thrown [s\open\src\hotspot\share\prims\jni.cpp, line 539]
Event: 12.076 Thread 0x00000201773b7e10 Exception <a 'java/net/ConnectException'{0x00000000864fea90}: Connection refused: getsockopt> (0x00000000864fea90) 
thrown [s\open\src\hotspot\share\prims\jni.cpp, line 539]
Event: 12.101 Thread 0x00000201773b7e10 Exception <a 'java/net/ConnectException'{0x00000000864ffa08}: Connection refused: getsockopt> (0x00000000864ffa08) 
thrown [s\open\src\hotspot\share\prims\jni.cpp, line 539]
Event: 12.344 Thread 0x0000020151003dd0 Exception <a 'java/lang/NoSuchMethodError'{0x00000000861eea70}: 'java.lang.Object java.lang.invoke.DirectMethodHandle$Holder.newInvokeSpecial(java.lang.Object, java.lang.Object, int, int)'> (0x00000000861eea70) 
thrown [s\open\src\hotspot\share\interpreter\linkResolver.cpp, line 773]
Event: 12.358 Thread 0x0000020151003dd0 Exception <a 'java/lang/NoSuchMethodError'{0x00000000860000c8}: 'void java.lang.invoke.DirectMethodHandle$Holder.invokeStatic(java.lang.Object, java.lang.Object, int)'> (0x00000000860000c8) 
thrown [s\open\src\hotspot\share\interpreter\linkResolver.cpp, line 773]
Event: 12.516 Thread 0x00000201773b84a0 Exception <a 'java/lang/NoSuchMethodError'{0x000000008854a1d0}: 'void java.lang.invoke.DirectMethodHandle$Holder.invokeStatic(java.lang.Object, java.lang.Object, java.lang.Object, java.lang.Object, java.lang.Object, java.lang.Object, java.lang.Object)'> (0x000000008854a1d0) 
thrown [s\open\src\hotspot\share\interpreter\linkResolver.cpp, line 773]
Event: 12.726 Thread 0x00000201773b84a0 Exception <a 'java/lang/NoSuchMethodError'{0x00000000883858e8}: 'java.lang.Object java.lang.invoke.DirectMethodHandle$Holder.invokeSpecial(java.lang.Object, java.lang.Object, java.lang.Object, java.lang.Object, int)'> (0x00000000883858e8) 
thrown [s\open\src\hotspot\share\interpreter\linkResolver.cpp, line 773]
Event: 12.728 Thread 0x00000201773b84a0 Exception <a 'java/lang/NoSuchMethodError'{0x0000000088389240}: 'java.lang.Object java.lang.invoke.Invokers$Holder.linkToTargetMethod(java.lang.Object, java.lang.Object, int, java.lang.Object)'> (0x0000000088389240) 
thrown [s\open\src\hotspot\share\interpreter\linkResolver.cpp, line 773]
Event: 15.143 Thread 0x00000201773b9ee0 Exception <a 'java/lang/NoSuchMethodError'{0x0000000086e85948}: 'void java.lang.invoke.DirectMethodHandle$Holder.invokeSpecial(java.lang.Object, java.lang.Object, java.lang.Object, java.lang.Object, java.lang.Object, java.lang.Object, java.lang.Object)'> (0x0000000086e85948) 
thrown [s\open\src\hotspot\share\interpreter\linkResolver.cpp, line 773]
Event: 15.175 Thread 0x0000020151003dd0 Exception <a 'java/lang/NoSuchMethodError'{0x000000008866dfb0}: 'java.lang.Object java.lang.invoke.DirectMethodHandle$Holder.invokeSpecialIFC(java.lang.Object, java.lang.Object, java.lang.Object)'> (0x000000008866dfb0) 
thrown [s\open\src\hotspot\share\interpreter\linkResolver.cpp, line 773]
Event: 16.181 Thread 0x0000020151003dd0 Exception <a 'java/lang/ClassNotFoundException'{0x000000008617f208}: sun/util/logging/resources/spi/loggingProvider> (0x000000008617f208) 
thrown [s\open\src\hotspot\share\classfile\systemDictionary.cpp, line 312]
Event: 16.476 Thread 0x0000020151003dd0 Exception <a 'java/lang/NoSuchMethodError'{0x00000000884d6d30}: 'void java.lang.invoke.DirectMethodHandle$Holder.invokeStaticInit(java.lang.Object, java.lang.Object)'> (0x00000000884d6d30) 
thrown [s\open\src\hotspot\share\interpreter\linkResolver.cpp, line 773]

ZGC Phase Switch (0 events):
No events

VM Operations (20 events):
Event: 10.479 Executing VM operation: Cleanup
Event: 10.497 Executing VM operation: Cleanup done
Event: 10.767 Executing VM operation: G1CollectForAllocation (G1 Evacuation Pause)
Event: 10.772 Executing VM operation: G1CollectForAllocation (G1 Evacuation Pause) done
Event: 11.775 Executing VM operation: Cleanup
Event: 11.775 Executing VM operation: Cleanup done
Event: 12.348 Executing VM operation: G1CollectForAllocation (G1 Evacuation Pause)
Event: 12.357 Executing VM operation: G1CollectForAllocation (G1 Evacuation Pause) done
Event: 13.361 Executing VM operation: Cleanup
Event: 13.362 Executing VM operation: Cleanup done
Event: 14.364 Executing VM operation: Cleanup
Event: 14.364 Executing VM operation: Cleanup done
Event: 15.118 Executing VM operation: HandshakeAllThreads (Deoptimize)
Event: 15.118 Executing VM operation: HandshakeAllThreads (Deoptimize) done
Event: 15.122 Executing VM operation: HandshakeAllThreads (Deoptimize)
Event: 15.122 Executing VM operation: HandshakeAllThreads (Deoptimize) done
Event: 16.131 Executing VM operation: Cleanup
Event: 16.131 Executing VM operation: Cleanup done
Event: 16.197 Executing VM operation: G1CollectForAllocation (G1 Evacuation Pause)
Event: 16.203 Executing VM operation: G1CollectForAllocation (G1 Evacuation Pause) done

Events (20 events):
Event: 10.896 Thread 0x0000020175280350 Thread added: 0x0000020175280350
Event: 11.111 Thread 0x00000201761ec3d0 Thread exited: 0x00000201761ec3d0
Event: 11.117 Thread 0x0000020175280350 Thread exited: 0x0000020175280350
Event: 11.307 Thread 0x0000020175280350 Thread added: 0x0000020175280350
Event: 11.629 Thread 0x0000020177424670 Thread added: 0x0000020177424670
Event: 12.004 Thread 0x0000020175186080 Thread added: 0x0000020175186080
Event: 12.007 Thread 0x0000020177225ac0 Thread added: 0x0000020177225ac0
Event: 12.011 Thread 0x00000201773b70f0 Thread added: 0x00000201773b70f0
Event: 12.031 Thread 0x00000201773b7e10 Thread added: 0x00000201773b7e10
Event: 12.448 Thread 0x00000201773b84a0 Thread added: 0x00000201773b84a0
Event: 12.454 Thread 0x00000201773b6a60 Thread added: 0x00000201773b6a60
Event: 12.486 Thread 0x00000201761ec3d0 Thread added: 0x00000201761ec3d0
Event: 12.717 Thread 0x00000201761ec3d0 Thread exited: 0x00000201761ec3d0
Event: 13.928 Thread 0x00000201773b9ee0 Thread added: 0x00000201773b9ee0
Event: 13.942 Thread 0x00000201773b7780 Thread added: 0x00000201773b7780
Event: 15.269 Thread 0x00000201773b8b30 Thread added: 0x00000201773b8b30
Event: 15.270 Thread 0x00000201773b9850 Thread added: 0x00000201773b9850
Event: 15.279 Thread 0x00000201773b91c0 Thread added: 0x00000201773b91c0
Event: 15.280 Thread 0x00000201780e3e20 Thread added: 0x00000201780e3e20
Event: 15.280 Thread 0x00000201780e5860 Thread added: 0x00000201780e5860


Dynamic libraries:
0x00007ff6fbda0000 - 0x00007ff6fbdb0000 	C:\Program Files\Java\jdk-21\bin\java.exe
0x00007ffb74840000 - 0x00007ffb74aa8000 	C:\WINDOWS\SYSTEM32\ntdll.dll
0x00007ffb73b80000 - 0x00007ffb73c49000 	C:\WINDOWS\System32\KERNEL32.DLL
0x00007ffb720b0000 - 0x00007ffb724a2000 	C:\WINDOWS\System32\KERNELBASE.dll
0x00007ffb71f60000 - 0x00007ffb720ab000 	C:\WINDOWS\System32\ucrtbase.dll
0x00007ffb6c6f0000 - 0x00007ffb6c709000 	C:\Program Files\Java\jdk-21\bin\jli.dll
0x00007ffb72d90000 - 0x00007ffb72e44000 	C:\WINDOWS\System32\ADVAPI32.dll
0x00007ffb73df0000 - 0x00007ffb73e99000 	C:\WINDOWS\System32\msvcrt.dll
0x00007ffb73180000 - 0x00007ffb73226000 	C:\WINDOWS\System32\sechost.dll
0x00007ffb74570000 - 0x00007ffb74688000 	C:\WINDOWS\System32\RPCRT4.dll
0x00007ffb738c0000 - 0x00007ffb73a85000 	C:\WINDOWS\System32\USER32.dll
0x00007ffb719d0000 - 0x00007ffb719f7000 	C:\WINDOWS\System32\win32u.dll
0x00007ffb746e0000 - 0x00007ffb7470b000 	C:\WINDOWS\System32\GDI32.dll
0x00007ffb6c1f0000 - 0x00007ffb6c20b000 	C:\Program Files\Java\jdk-21\bin\VCRUNTIME140.dll
0x00007ffb71a00000 - 0x00007ffb71b2d000 	C:\WINDOWS\System32\gdi32full.dll
0x00007ffb71bc0000 - 0x00007ffb71c63000 	C:\WINDOWS\System32\msvcp_win.dll
0x00007ffb52d00000 - 0x00007ffb52f93000 	C:\WINDOWS\WinSxS\amd64_microsoft.windows.common-controls_6595b64144ccf1df_6.0.26100.6899_none_3e0efeeae32e88c1\COMCTL32.dll
0x00007ffb63690000 - 0x00007ffb6369b000 	C:\WINDOWS\SYSTEM32\VERSION.dll
0x00007ffb741b0000 - 0x00007ffb741df000 	C:\WINDOWS\System32\IMM32.DLL
0x00007ffb6c260000 - 0x00007ffb6c26c000 	C:\Program Files\Java\jdk-21\bin\vcruntime140_1.dll
0x00007ffb5b550000 - 0x00007ffb5b5de000 	C:\Program Files\Java\jdk-21\bin\msvcp140.dll
0x00007ffacce70000 - 0x00007ffacdb8d000 	C:\Program Files\Java\jdk-21\bin\server\jvm.dll
0x00007ffb73d70000 - 0x00007ffb73de4000 	C:\WINDOWS\System32\WS2_32.dll
0x00007ffb71850000 - 0x00007ffb718ae000 	C:\WINDOWS\SYSTEM32\POWRPROF.dll
0x00007ffb5c710000 - 0x00007ffb5c745000 	C:\WINDOWS\SYSTEM32\WINMM.dll
0x00007ffb71830000 - 0x00007ffb71844000 	C:\WINDOWS\SYSTEM32\UMPDC.dll
0x00007ffb70780000 - 0x00007ffb7079b000 	C:\WINDOWS\SYSTEM32\kernel.appcore.dll
0x00007ffb63a70000 - 0x00007ffb63a7a000 	C:\Program Files\Java\jdk-21\bin\jimage.dll
0x00007ffb6eed0000 - 0x00007ffb6f112000 	C:\WINDOWS\SYSTEM32\DBGHELP.DLL
0x00007ffb741f0000 - 0x00007ffb7456b000 	C:\WINDOWS\System32\combase.dll
0x00007ffb73aa0000 - 0x00007ffb73b77000 	C:\WINDOWS\System32\OLEAUT32.dll
0x00007ffb52060000 - 0x00007ffb5209c000 	C:\WINDOWS\SYSTEM32\dbgcore.DLL
0x00007ffb724b0000 - 0x00007ffb72548000 	C:\WINDOWS\System32\bcryptPrimitives.dll
0x00007ffb64010000 - 0x00007ffb6401f000 	C:\Program Files\Java\jdk-21\bin\instrument.dll
0x00007ffb63a50000 - 0x00007ffb63a6f000 	C:\Program Files\Java\jdk-21\bin\java.dll
0x00007ffb72640000 - 0x00007ffb72d8d000 	C:\WINDOWS\System32\SHELL32.dll
0x00007ffb71c70000 - 0x00007ffb71ddb000 	C:\WINDOWS\System32\wintypes.dll
0x00007ffb6f610000 - 0x00007ffb6fe6d000 	C:\WINDOWS\SYSTEM32\windows.storage.dll
0x00007ffb73c70000 - 0x00007ffb73d62000 	C:\WINDOWS\System32\SHCORE.dll
0x00007ffb74710000 - 0x00007ffb74772000 	C:\WINDOWS\System32\shlwapi.dll
0x00007ffb718f0000 - 0x00007ffb71919000 	C:\WINDOWS\SYSTEM32\profapi.dll
0x00007ffb497d0000 - 0x00007ffb498a7000 	C:\Program Files\Java\jdk-21\bin\jsvml.dll
0x00007ffb55e90000 - 0x00007ffb55ea8000 	C:\Program Files\Java\jdk-21\bin\zip.dll
0x00007ffb5b650000 - 0x00007ffb5b660000 	C:\Program Files\Java\jdk-21\bin\net.dll
0x00007ffb645b0000 - 0x00007ffb646cf000 	C:\WINDOWS\SYSTEM32\WINHTTP.dll
0x00007ffb70d10000 - 0x00007ffb70d7b000 	C:\WINDOWS\system32\mswsock.dll
0x00007ffb5b630000 - 0x00007ffb5b646000 	C:\Program Files\Java\jdk-21\bin\nio.dll
0x00007ffb50710000 - 0x00007ffb50720000 	C:\Program Files\Java\jdk-21\bin\verify.dll
0x00007ffb0f6d0000 - 0x00007ffb0f6e8000 	C:\WINDOWS\system32\napinsp.dll
0x00007ffb70260000 - 0x00007ffb70386000 	C:\WINDOWS\SYSTEM32\DNSAPI.dll
0x00007ffb701c0000 - 0x00007ffb701f4000 	C:\WINDOWS\SYSTEM32\IPHLPAPI.DLL
0x00007ffb738a0000 - 0x00007ffb738aa000 	C:\WINDOWS\System32\NSI.dll
0x00007ffb0c5f0000 - 0x00007ffb0c602000 	C:\WINDOWS\System32\winrnr.dll
0x00007ffb55eb0000 - 0x00007ffb55ed8000 	C:\WINDOWS\system32\nlansp_c.dll
0x00007ffb644d0000 - 0x00007ffb644e6000 	C:\WINDOWS\system32\wshbth.dll
0x00007ffb53ff0000 - 0x00007ffb53ffb000 	C:\Windows\System32\rasadhlp.dll
0x00007ffb63600000 - 0x00007ffb63686000 	C:\WINDOWS\System32\fwpuclnt.dll
0x00007ffb55e20000 - 0x00007ffb55e2a000 	C:\Program Files\Java\jdk-21\bin\management.dll
0x00007ffb525c0000 - 0x00007ffb525cb000 	C:\Program Files\Java\jdk-21\bin\management_ext.dll
0x00007ffb73a90000 - 0x00007ffb73a98000 	C:\WINDOWS\System32\PSAPI.DLL
0x00007ffb497c0000 - 0x00007ffb497ce000 	C:\Program Files\Java\jdk-21\bin\sunmscapi.dll
0x00007ffb71de0000 - 0x00007ffb71f57000 	C:\WINDOWS\System32\CRYPT32.dll
0x00007ffb711e0000 - 0x00007ffb71210000 	C:\WINDOWS\SYSTEM32\ncrypt.dll
0x00007ffb71190000 - 0x00007ffb711cf000 	C:\WINDOWS\SYSTEM32\NTASN1.dll
0x00007ffb70fc0000 - 0x00007ffb70fdb000 	C:\WINDOWS\SYSTEM32\CRYPTSP.dll
0x00007ffb706e0000 - 0x00007ffb7071b000 	C:\WINDOWS\system32\rsaenh.dll
0x00007ffb70db0000 - 0x00007ffb70ddb000 	C:\WINDOWS\SYSTEM32\USERENV.dll
0x00007ffb718c0000 - 0x00007ffb718e6000 	C:\WINDOWS\SYSTEM32\bcrypt.dll
0x00007ffb70fe0000 - 0x00007ffb70fec000 	C:\WINDOWS\SYSTEM32\CRYPTBASE.dll
0x00007ffb49a30000 - 0x00007ffb49a39000 	C:\Program Files\Java\jdk-21\bin\extnet.dll
0x00007ffaceb50000 - 0x00007ffaceb58000 	C:\WINDOWS\system32\wshunix.dll

dbghelp: loaded successfully - version: 4.0.5 - missing functions: none
symbol engine: initialized successfully - sym options: 0x614 - pdb path: .;C:\Program Files\Java\jdk-21\bin;C:\WINDOWS\SYSTEM32;C:\WINDOWS\WinSxS\amd64_microsoft.windows.common-controls_6595b64144ccf1df_6.0.26100.6899_none_3e0efeeae32e88c1;C:\Program Files\Java\jdk-21\bin\server

VM Arguments:
jvm_args: -javaagent:C:\\Users\\SUJITHA\\.m2\\repository\\org\\jacoco\\org.jacoco.agent\\0.8.4\\org.jacoco.agent-0.8.4-runtime.jar=destfile=C:\\Users\\SUJITHA\\eclipse-workspace\\My Maven project 2025\\qa-framework\\target\\jacoco.exec 
java_command: C:\Users\SUJITHA\AppData\Local\Temp\surefire3436952459276208510\surefirebooter14486576122038544941.jar C:\Users\SUJITHA\AppData\Local\Temp\surefire3436952459276208510 2025-11-03T12-59-52_392-jvmRun1 surefire1628151716254752517tmp surefire_02163995727277653781tmp
java_class_path (initial): C:\Users\SUJITHA\AppData\Local\Temp\surefire3436952459276208510\surefirebooter14486576122038544941.jar
Launcher Type: SUN_STANDARD

[Global flags]
     intx CICompilerCount                          = 3                                         {product} {ergonomic}
     uint ConcGCThreads                            = 1                                         {product} {ergonomic}
     uint G1ConcRefinementThreads                  = 4                                         {product} {ergonomic}
   size_t G1HeapRegionSize                         = 1048576                                   {product} {ergonomic}
    uintx GCDrainStackTargetSize                   = 64                                        {product} {ergonomic}
   size_t InitialHeapSize                          = 130023424                                 {product} {ergonomic}
   size_t MarkStackSize                            = 4194304                                   {product} {ergonomic}
   size_t MaxHeapSize                              = 2067791872                                {product} {ergonomic}
   size_t MaxNewSize                               = 1240465408                                {product} {ergonomic}
   size_t MinHeapDeltaBytes                        = 1048576                                   {product} {ergonomic}
   size_t MinHeapSize                              = 8388608                                   {product} {ergonomic}
    uintx NonNMethodCodeHeapSize                   = 5832780                                {pd product} {ergonomic}
    uintx NonProfiledCodeHeapSize                  = 122912730                              {pd product} {ergonomic}
    uintx ProfiledCodeHeapSize                     = 122912730                              {pd product} {ergonomic}
    uintx ReservedCodeCacheSize                    = 251658240                              {pd product} {ergonomic}
     bool SegmentedCodeCache                       = true                                      {product} {ergonomic}
   size_t SoftMaxHeapSize                          = 2067791872                             {manageable} {ergonomic}
     bool UseCompressedOops                        = true                           {product lp64_product} {ergonomic}
     bool UseG1GC                                  = true                                      {product} {ergonomic}
     bool UseLargePagesIndividualAllocation        = false                                  {pd product} {ergonomic}

Logging:
Log output configuration:
 #0: stdout all=warning uptime,level,tags foldmultilines=false
 #1: stderr all=off uptime,level,tags foldmultilines=false

Environment Variables:
JAVA_HOME=C:\Program Files\Java\jdk-21
PATH=C:\Program Files\Common Files\Oracle\Java\javapath;C:\WINDOWS\system32;C:\WINDOWS;C:\WINDOWS\System32\Wbem;C:\WINDOWS\System32\WindowsPowerShell\v1.0\;C:\WINDOWS\System32\OpenSSH\;C:\Program Files\nodejs\;C:\Program Files\Docker\Docker\resources\bin;C:\Users\SUJITHA\AppData\Local\Microsoft\WindowsApps;C:\Users\SUJITHA\AppData\Roaming\npm;C:\Program Files\nodejs;C:\Program Files\nodejs\node_modules;C:\Program Files\Java\jdk-21\bin;C:\Program Files\apache-maven-3.9.11\bin;
USERNAME=SUJITHA
OS=Windows_NT
PROCESSOR_IDENTIFIER=Intel64 Family 6 Model 126 Stepping 5, GenuineIntel
TMP=C:\Users\SUJITHA\AppData\Local\Temp
TEMP=C:\Users\SUJITHA\AppData\Local\Temp




Periodic native trim disabled

---------------  S Y S T E M  ---------------

OS:
 Windows 11 , 64 bit Build 26100 (10.0.26100.6725)
OS uptime: 0 days 1:38 hours
Hyper-V role detected

CPU: total 4 (initial active 4) (2 cores per cpu, 2 threads per core) family 6 model 126 stepping 5 microcode 0xa0, cx8, cmov, fxsr, ht, mmx, 3dnowpref, sse, sse2, sse3, ssse3, sse4.1, sse4.2, popcnt, lzcnt, tsc, tscinvbit, avx, avx2, aes, erms, clmul, bmi1, bmi2, adx, avx512f, avx512dq, avx512cd, avx512bw, avx512vl, sha, fma, vzeroupper, avx512_vpopcntdq, avx512_vpclmulqdq, avx512_vaes, avx512_vnni, clflush, clflushopt, avx512_vbmi2, avx512_vbmi, hv, rdtscp, rdpid, fsrm, gfni, avx512_bitalg, f16c, avx512_ifma
Processor Information for processor 0
  Max Mhz: 1190, Current Mhz: 1190, Mhz Limit: 1190
Processor Information for processor 1
  Max Mhz: 1190, Current Mhz: 1190, Mhz Limit: 1190
Processor Information for processor 2
  Max Mhz: 1190, Current Mhz: 1190, Mhz Limit: 1190
Processor Information for processor 3
  Max Mhz: 1190, Current Mhz: 991, Mhz Limit: 1190

Memory: 4k page, system-wide physical 7880M (592M free)
TotalPageFile size 9928M (AvailPageFile size 7M)
current process WorkingSet (physical memory assigned to process): 173M, peak: 211M
current process commit charge ("private bytes"): 202M, peak: 281M

vm_info: Java HotSpot(TM) 64-Bit Server VM (21.0.8+12-LTS-250) for windows-amd64 JRE (21.0.8+12-LTS-250), built on 2025-06-27T08:11:22Z by "mach5one" with MS VC++ 17.6 (VS2022)

END.
