#
# There is insufficient memory for the Java Runtime Environment to continue.
# Native memory allocation (malloc) failed to allocate 43616 bytes for Chunk::new
# Possible reasons:
#   The system is out of physical RAM or swap space
#   The process is running with CompressedOops enabled, and the Java Heap may be blocking the growth of the native heap
# Possible solutions:
#   Reduce memory load on the system
#   Increase physical memory or swap space
#   Check if swap backing store is full
#   Decrease Java heap size (-Xmx/-Xms)
#   Decrease number of Java threads
#   Decrease Java thread stack sizes (-Xss)
#   Set larger code cache with -XX:ReservedCodeCacheSize=
#   JVM is running with Unscaled Compressed Oops mode in which the Java heap is
#     placed in the first 4GB address space. The Java Heap base address is the
#     maximum limit for the native heap growth. Please use -XX:HeapBaseMinAddress
#     to set the Java Heap base and to place the Java Heap above 4GB virtual address.
# This output file may be truncated or incomplete.
#
#  Out of Memory Error (arena.cpp:168), pid=19104, tid=20424
#
# JRE version: Java(TM) SE Runtime Environment (21.0.8+12) (build 21.0.8+12-LTS-250)
# Java VM: Java HotSpot(TM) 64-Bit Server VM (21.0.8+12-LTS-250, mixed mode, sharing, tiered, compressed oops, compressed class ptrs, g1 gc, windows-amd64)
# No core dump will be written. Minidumps are not enabled by default on client versions of Windows
#

---------------  S U M M A R Y ------------

Command Line: -ea -Dfile.encoding=Cp1252 -XX:+ShowCodeDetailsInExceptionMessages org.testng.remote.RemoteTestNG -serport 1282 -protocol json -d C:\Users\SUJITHA\eclipse-workspace\My Maven project 2025\qa-framework\test-output C:\Users\SUJITHA\eclipse-workspace\My Maven project 2025\qa-framework\testng.xml

Host: Intel(R) Core(TM) i3-1005G1 CPU @ 1.20GHz, 4 cores, 7G,  Windows 11 , 64 bit Build 26100 (10.0.26100.6725)
Time: Sat Nov  1 20:43:19 2025 India Standard Time elapsed time: 2.288912 seconds (0d 0h 0m 2s)

---------------  T H R E A D  ---------------

Current thread (0x00000230f6cbfcc0):  JavaThread "C2 CompilerThread1" daemon [_thread_in_native, id=20424, stack(0x000000e72ff00000,0x000000e730000000) (1024K)]


Current CompileTask:
C2:   2289 1822       4       jdk.internal.misc.InternalLock::lock (8 bytes)

Stack: [0x000000e72ff00000,0x000000e730000000]
Native frames: (J=compiled Java code, j=interpreted, Vv=VM code, C=native code)
V  [jvm.dll+0x6cc179]
V  [jvm.dll+0x8584c1]
V  [jvm.dll+0x85a9ee]
V  [jvm.dll+0x85b0c3]
V  [jvm.dll+0x27ebf6]
V  [jvm.dll+0xc4f4d]
V  [jvm.dll+0xc5483]
V  [jvm.dll+0x2f209d]
V  [jvm.dll+0x5f6daa]
V  [jvm.dll+0x250702]
V  [jvm.dll+0x24906f]
V  [jvm.dll+0x246b44]
V  [jvm.dll+0x1c7a3e]
V  [jvm.dll+0x256359]
V  [jvm.dll+0x2548ea]
V  [jvm.dll+0x3efef6]
V  [jvm.dll+0x80279b]
V  [jvm.dll+0x6ca85d]
C  [ucrtbase.dll+0x37b0]
C  [KERNEL32.DLL+0x2e8d7]
C  [ntdll.dll+0x8c53c]


---------------  P R O C E S S  ---------------

Threads class SMR info:
_java_thread_list=0x00000230f70d7c80, length=13, elements={
0x00000230d35d3940, 0x00000230f189f8a0, 0x00000230f18a2610, 0x00000230f18abd70,
0x00000230f18ac3d0, 0x00000230f18aee30, 0x00000230f18b0890, 0x00000230f18b1610,
0x00000230f18ef510, 0x00000230f1b0c100, 0x00000230f1b24520, 0x00000230f617e0b0,
0x00000230f6cbfcc0
}

Java Threads: ( => current thread )
  0x00000230d35d3940 JavaThread "main"                              [_thread_in_vm, id=2400, stack(0x000000e72ed00000,0x000000e72ee00000) (1024K)]
  0x00000230f189f8a0 JavaThread "Reference Handler"          daemon [_thread_blocked, id=8088, stack(0x000000e72f500000,0x000000e72f600000) (1024K)]
  0x00000230f18a2610 JavaThread "Finalizer"                  daemon [_thread_blocked, id=12880, stack(0x000000e72f600000,0x000000e72f700000) (1024K)]
  0x00000230f18abd70 JavaThread "Signal Dispatcher"          daemon [_thread_blocked, id=20444, stack(0x000000e72f700000,0x000000e72f800000) (1024K)]
  0x00000230f18ac3d0 JavaThread "Attach Listener"            daemon [_thread_blocked, id=10772, stack(0x000000e72f800000,0x000000e72f900000) (1024K)]
  0x00000230f18aee30 JavaThread "Service Thread"             daemon [_thread_blocked, id=13332, stack(0x000000e72f900000,0x000000e72fa00000) (1024K)]
  0x00000230f18b0890 JavaThread "Monitor Deflation Thread"   daemon [_thread_blocked, id=7904, stack(0x000000e72fa00000,0x000000e72fb00000) (1024K)]
  0x00000230f18b1610 JavaThread "C2 CompilerThread0"         daemon [_thread_in_native, id=10968, stack(0x000000e72fb00000,0x000000e72fc00000) (1024K)]
  0x00000230f18ef510 JavaThread "C1 CompilerThread0"         daemon [_thread_blocked, id=12548, stack(0x000000e72fc00000,0x000000e72fd00000) (1024K)]
  0x00000230f1b0c100 JavaThread "Notification Thread"        daemon [_thread_blocked, id=14620, stack(0x000000e72fd00000,0x000000e72fe00000) (1024K)]
  0x00000230f1b24520 JavaThread "Common-Cleaner"             daemon [_thread_blocked, id=12008, stack(0x000000e72fe00000,0x000000e72ff00000) (1024K)]
  0x00000230f617e0b0 JavaThread "ReaderThread"                      [_thread_in_native, id=7720, stack(0x000000e730100000,0x000000e730200000) (1024K)]
=>0x00000230f6cbfcc0 JavaThread "C2 CompilerThread1"         daemon [_thread_in_native, id=20424, stack(0x000000e72ff00000,0x000000e730000000) (1024K)]
Total: 13

Other Threads:
  0x00000230f1884140 VMThread "VM Thread"                           [id=15180, stack(0x000000e72f400000,0x000000e72f500000) (1024K)]
  0x00000230f1873d20 WatcherThread "VM Periodic Task Thread"        [id=12240, stack(0x000000e72f300000,0x000000e72f400000) (1024K)]
  0x00000230d51b05d0 WorkerThread "GC Thread#0"                     [id=12296, stack(0x000000e72ee00000,0x000000e72ef00000) (1024K)]
  0x00000230f6617610 WorkerThread "GC Thread#1"                     [id=10184, stack(0x000000e730200000,0x000000e730300000) (1024K)]
  0x00000230f66179b0 WorkerThread "GC Thread#2"                     [id=11156, stack(0x000000e730300000,0x000000e730400000) (1024K)]
  0x00000230f63ddf20 WorkerThread "GC Thread#3"                     [id=9940, stack(0x000000e730400000,0x000000e730500000) (1024K)]
  0x00000230d51c0cb0 ConcurrentGCThread "G1 Main Marker"            [id=1868, stack(0x000000e72ef00000,0x000000e72f000000) (1024K)]
  0x00000230d51c35e0 WorkerThread "G1 Conc#0"                       [id=18244, stack(0x000000e72f000000,0x000000e72f100000) (1024K)]
  0x00000230d521e670 ConcurrentGCThread "G1 Refine#0"               [id=12636, stack(0x000000e72f100000,0x000000e72f200000) (1024K)]
  0x00000230f17429d0 ConcurrentGCThread "G1 Service"                [id=8056, stack(0x000000e72f200000,0x000000e72f300000) (1024K)]
Total: 10

Threads with active compile tasks:
C2 CompilerThread0     2393 1811       4       sun.util.locale.BaseLocale::getInstance (150 bytes)
C2 CompilerThread1     2393 1822       4       jdk.internal.misc.InternalLock::lock (8 bytes)
Total: 2

VM state: not at safepoint (normal execution)

VM Mutex/Monitor currently owned by a thread:  ([mutex/lock_event])
[0x00007ff9ef4eee50] Metaspace_lock - owner thread: 0x00000230d35d3940

Heap address: 0x0000000084c00000, size: 1972 MB, Compressed Oops mode: 32-bit

CDS archive(s) mapped at: [0x0000023080000000-0x0000023080c90000-0x0000023080c90000), size 13172736, SharedBaseAddress: 0x0000023080000000, ArchiveRelocationMode: 1.
Compressed class space mapped at: 0x0000023081000000-0x00000230c1000000, reserved size: 1073741824
Narrow klass base: 0x0000023080000000, Narrow klass shift: 0, Narrow klass range: 0x100000000

GC Precious Log:
 CardTable entry size: 512
 Card Set container configuration: InlinePtr #cards 5 size 8 Array Of Cards #cards 12 size 40 Howl #buckets 4 coarsen threshold 1843 Howl Bitmap #cards 512 size 80 coarsen threshold 460 Card regions per heap region 1 cards per card region 2048
 CPUs: 4 total, 4 available
 Memory: 7880M
 Large Page Support: Disabled
 NUMA Support: Disabled
 Compressed Oops: Enabled (32-bit)
 Heap Region Size: 1M
 Heap Min Capacity: 8M
 Heap Initial Capacity: 124M
 Heap Max Capacity: 1972M
 Pre-touch: Disabled
 Parallel Workers: 4
 Concurrent Workers: 1
 Concurrent Refinement Workers: 4
 Periodic GC: Disabled

Heap:
 garbage-first heap   total 126976K, used 22298K [0x0000000084c00000, 0x0000000100000000)
  region size 1024K, 19 young (19456K), 2 survivors (2048K)
 Metaspace       used 13639K, committed 13824K, reserved 1114112K
  class space    used 1568K, committed 1664K, reserved 1048576K

Heap Regions: E=young(eden), S=young(survivor), O=old, HS=humongous(starts), HC=humongous(continues), CS=collection set, F=free, TAMS=top-at-mark-start, PB=parsable bottom
|   0|0x0000000084c00000, 0x0000000084d00000, 0x0000000084d00000|100%|HS|  |TAMS 0x0000000084c00000| PB 0x0000000084c00000| Complete 
|   1|0x0000000084d00000, 0x0000000084e00000, 0x0000000084e00000|100%| O|  |TAMS 0x0000000084d00000| PB 0x0000000084d00000| Untracked 
|   2|0x0000000084e00000, 0x0000000084f00000, 0x0000000084f00000|100%| O|  |TAMS 0x0000000084e00000| PB 0x0000000084e00000| Untracked 
|   3|0x0000000084f00000, 0x0000000085000000, 0x0000000085000000|100%| O|  |TAMS 0x0000000084f00000| PB 0x0000000084f00000| Untracked 
|   4|0x0000000085000000, 0x0000000085100000, 0x0000000085100000|100%| O|  |TAMS 0x0000000085000000| PB 0x0000000085000000| Untracked 
|   5|0x0000000085100000, 0x0000000085100000, 0x0000000085200000|  0%| F|  |TAMS 0x0000000085100000| PB 0x0000000085100000| Untracked 
|   6|0x0000000085200000, 0x0000000085200000, 0x0000000085300000|  0%| F|  |TAMS 0x0000000085200000| PB 0x0000000085200000| Untracked 
|   7|0x0000000085300000, 0x0000000085300000, 0x0000000085400000|  0%| F|  |TAMS 0x0000000085300000| PB 0x0000000085300000| Untracked 
|   8|0x0000000085400000, 0x0000000085400000, 0x0000000085500000|  0%| F|  |TAMS 0x0000000085400000| PB 0x0000000085400000| Untracked 
|   9|0x0000000085500000, 0x0000000085500000, 0x0000000085600000|  0%| F|  |TAMS 0x0000000085500000| PB 0x0000000085500000| Untracked 
|  10|0x0000000085600000, 0x0000000085600000, 0x0000000085700000|  0%| F|  |TAMS 0x0000000085600000| PB 0x0000000085600000| Untracked 
|  11|0x0000000085700000, 0x0000000085700000, 0x0000000085800000|  0%| F|  |TAMS 0x0000000085700000| PB 0x0000000085700000| Untracked 
|  12|0x0000000085800000, 0x0000000085800000, 0x0000000085900000|  0%| F|  |TAMS 0x0000000085800000| PB 0x0000000085800000| Untracked 
|  13|0x0000000085900000, 0x0000000085900000, 0x0000000085a00000|  0%| F|  |TAMS 0x0000000085900000| PB 0x0000000085900000| Untracked 
|  14|0x0000000085a00000, 0x0000000085a00000, 0x0000000085b00000|  0%| F|  |TAMS 0x0000000085a00000| PB 0x0000000085a00000| Untracked 
|  15|0x0000000085b00000, 0x0000000085b00000, 0x0000000085c00000|  0%| F|  |TAMS 0x0000000085b00000| PB 0x0000000085b00000| Untracked 
|  16|0x0000000085c00000, 0x0000000085c00000, 0x0000000085d00000|  0%| F|  |TAMS 0x0000000085c00000| PB 0x0000000085c00000| Untracked 
|  17|0x0000000085d00000, 0x0000000085d00000, 0x0000000085e00000|  0%| F|  |TAMS 0x0000000085d00000| PB 0x0000000085d00000| Untracked 
|  18|0x0000000085e00000, 0x0000000085e00000, 0x0000000085f00000|  0%| F|  |TAMS 0x0000000085e00000| PB 0x0000000085e00000| Untracked 
|  19|0x0000000085f00000, 0x0000000085f00000, 0x0000000086000000|  0%| F|  |TAMS 0x0000000085f00000| PB 0x0000000085f00000| Untracked 
|  20|0x0000000086000000, 0x0000000086000000, 0x0000000086100000|  0%| F|  |TAMS 0x0000000086000000| PB 0x0000000086000000| Untracked 
|  21|0x0000000086100000, 0x0000000086100000, 0x0000000086200000|  0%| F|  |TAMS 0x0000000086100000| PB 0x0000000086100000| Untracked 
|  22|0x0000000086200000, 0x0000000086200000, 0x0000000086300000|  0%| F|  |TAMS 0x0000000086200000| PB 0x0000000086200000| Untracked 
|  23|0x0000000086300000, 0x0000000086300000, 0x0000000086400000|  0%| F|  |TAMS 0x0000000086300000| PB 0x0000000086300000| Untracked 
|  24|0x0000000086400000, 0x0000000086400000, 0x0000000086500000|  0%| F|  |TAMS 0x0000000086400000| PB 0x0000000086400000| Untracked 
|  25|0x0000000086500000, 0x0000000086500000, 0x0000000086600000|  0%| F|  |TAMS 0x0000000086500000| PB 0x0000000086500000| Untracked 
|  26|0x0000000086600000, 0x0000000086600000, 0x0000000086700000|  0%| F|  |TAMS 0x0000000086600000| PB 0x0000000086600000| Untracked 
|  27|0x0000000086700000, 0x0000000086700000, 0x0000000086800000|  0%| F|  |TAMS 0x0000000086700000| PB 0x0000000086700000| Untracked 
|  28|0x0000000086800000, 0x0000000086800000, 0x0000000086900000|  0%| F|  |TAMS 0x0000000086800000| PB 0x0000000086800000| Untracked 
|  29|0x0000000086900000, 0x0000000086900000, 0x0000000086a00000|  0%| F|  |TAMS 0x0000000086900000| PB 0x0000000086900000| Untracked 
|  30|0x0000000086a00000, 0x0000000086a00000, 0x0000000086b00000|  0%| F|  |TAMS 0x0000000086a00000| PB 0x0000000086a00000| Untracked 
|  31|0x0000000086b00000, 0x0000000086b00000, 0x0000000086c00000|  0%| F|  |TAMS 0x0000000086b00000| PB 0x0000000086b00000| Untracked 
|  32|0x0000000086c00000, 0x0000000086c00000, 0x0000000086d00000|  0%| F|  |TAMS 0x0000000086c00000| PB 0x0000000086c00000| Untracked 
|  33|0x0000000086d00000, 0x0000000086d00000, 0x0000000086e00000|  0%| F|  |TAMS 0x0000000086d00000| PB 0x0000000086d00000| Untracked 
|  34|0x0000000086e00000, 0x0000000086e00000, 0x0000000086f00000|  0%| F|  |TAMS 0x0000000086e00000| PB 0x0000000086e00000| Untracked 
|  35|0x0000000086f00000, 0x0000000086f00000, 0x0000000087000000|  0%| F|  |TAMS 0x0000000086f00000| PB 0x0000000086f00000| Untracked 
|  36|0x0000000087000000, 0x0000000087000000, 0x0000000087100000|  0%| F|  |TAMS 0x0000000087000000| PB 0x0000000087000000| Untracked 
|  37|0x0000000087100000, 0x0000000087100000, 0x0000000087200000|  0%| F|  |TAMS 0x0000000087100000| PB 0x0000000087100000| Untracked 
|  38|0x0000000087200000, 0x0000000087200000, 0x0000000087300000|  0%| F|  |TAMS 0x0000000087200000| PB 0x0000000087200000| Untracked 
|  39|0x0000000087300000, 0x0000000087300000, 0x0000000087400000|  0%| F|  |TAMS 0x0000000087300000| PB 0x0000000087300000| Untracked 
|  40|0x0000000087400000, 0x0000000087400000, 0x0000000087500000|  0%| F|  |TAMS 0x0000000087400000| PB 0x0000000087400000| Untracked 
|  41|0x0000000087500000, 0x0000000087500000, 0x0000000087600000|  0%| F|  |TAMS 0x0000000087500000| PB 0x0000000087500000| Untracked 
|  42|0x0000000087600000, 0x0000000087600000, 0x0000000087700000|  0%| F|  |TAMS 0x0000000087600000| PB 0x0000000087600000| Untracked 
|  43|0x0000000087700000, 0x0000000087700000, 0x0000000087800000|  0%| F|  |TAMS 0x0000000087700000| PB 0x0000000087700000| Untracked 
|  44|0x0000000087800000, 0x0000000087800000, 0x0000000087900000|  0%| F|  |TAMS 0x0000000087800000| PB 0x0000000087800000| Untracked 
|  45|0x0000000087900000, 0x0000000087900000, 0x0000000087a00000|  0%| F|  |TAMS 0x0000000087900000| PB 0x0000000087900000| Untracked 
|  46|0x0000000087a00000, 0x0000000087a00000, 0x0000000087b00000|  0%| F|  |TAMS 0x0000000087a00000| PB 0x0000000087a00000| Untracked 
|  47|0x0000000087b00000, 0x0000000087b00000, 0x0000000087c00000|  0%| F|  |TAMS 0x0000000087b00000| PB 0x0000000087b00000| Untracked 
|  48|0x0000000087c00000, 0x0000000087c00000, 0x0000000087d00000|  0%| F|  |TAMS 0x0000000087c00000| PB 0x0000000087c00000| Untracked 
|  49|0x0000000087d00000, 0x0000000087d00000, 0x0000000087e00000|  0%| F|  |TAMS 0x0000000087d00000| PB 0x0000000087d00000| Untracked 
|  50|0x0000000087e00000, 0x0000000087e00000, 0x0000000087f00000|  0%| F|  |TAMS 0x0000000087e00000| PB 0x0000000087e00000| Untracked 
|  51|0x0000000087f00000, 0x0000000087f00000, 0x0000000088000000|  0%| F|  |TAMS 0x0000000087f00000| PB 0x0000000087f00000| Untracked 
|  52|0x0000000088000000, 0x0000000088000000, 0x0000000088100000|  0%| F|  |TAMS 0x0000000088000000| PB 0x0000000088000000| Untracked 
|  53|0x0000000088100000, 0x0000000088100000, 0x0000000088200000|  0%| F|  |TAMS 0x0000000088100000| PB 0x0000000088100000| Untracked 
|  54|0x0000000088200000, 0x0000000088200000, 0x0000000088300000|  0%| F|  |TAMS 0x0000000088200000| PB 0x0000000088200000| Untracked 
|  55|0x0000000088300000, 0x0000000088300000, 0x0000000088400000|  0%| F|  |TAMS 0x0000000088300000| PB 0x0000000088300000| Untracked 
|  56|0x0000000088400000, 0x0000000088400000, 0x0000000088500000|  0%| F|  |TAMS 0x0000000088400000| PB 0x0000000088400000| Untracked 
|  57|0x0000000088500000, 0x0000000088500000, 0x0000000088600000|  0%| F|  |TAMS 0x0000000088500000| PB 0x0000000088500000| Untracked 
|  58|0x0000000088600000, 0x0000000088600000, 0x0000000088700000|  0%| F|  |TAMS 0x0000000088600000| PB 0x0000000088600000| Untracked 
|  59|0x0000000088700000, 0x0000000088700000, 0x0000000088800000|  0%| F|  |TAMS 0x0000000088700000| PB 0x0000000088700000| Untracked 
|  60|0x0000000088800000, 0x0000000088800000, 0x0000000088900000|  0%| F|  |TAMS 0x0000000088800000| PB 0x0000000088800000| Untracked 
|  61|0x0000000088900000, 0x0000000088900000, 0x0000000088a00000|  0%| F|  |TAMS 0x0000000088900000| PB 0x0000000088900000| Untracked 
|  62|0x0000000088a00000, 0x0000000088a00000, 0x0000000088b00000|  0%| F|  |TAMS 0x0000000088a00000| PB 0x0000000088a00000| Untracked 
|  63|0x0000000088b00000, 0x0000000088b00000, 0x0000000088c00000|  0%| F|  |TAMS 0x0000000088b00000| PB 0x0000000088b00000| Untracked 
|  64|0x0000000088c00000, 0x0000000088c00000, 0x0000000088d00000|  0%| F|  |TAMS 0x0000000088c00000| PB 0x0000000088c00000| Untracked 
|  65|0x0000000088d00000, 0x0000000088d00000, 0x0000000088e00000|  0%| F|  |TAMS 0x0000000088d00000| PB 0x0000000088d00000| Untracked 
|  66|0x0000000088e00000, 0x0000000088e00000, 0x0000000088f00000|  0%| F|  |TAMS 0x0000000088e00000| PB 0x0000000088e00000| Untracked 
|  67|0x0000000088f00000, 0x0000000088f00000, 0x0000000089000000|  0%| F|  |TAMS 0x0000000088f00000| PB 0x0000000088f00000| Untracked 
|  68|0x0000000089000000, 0x0000000089000000, 0x0000000089100000|  0%| F|  |TAMS 0x0000000089000000| PB 0x0000000089000000| Untracked 
|  69|0x0000000089100000, 0x0000000089100000, 0x0000000089200000|  0%| F|  |TAMS 0x0000000089100000| PB 0x0000000089100000| Untracked 
|  70|0x0000000089200000, 0x0000000089200000, 0x0000000089300000|  0%| F|  |TAMS 0x0000000089200000| PB 0x0000000089200000| Untracked 
|  71|0x0000000089300000, 0x0000000089300000, 0x0000000089400000|  0%| F|  |TAMS 0x0000000089300000| PB 0x0000000089300000| Untracked 
|  72|0x0000000089400000, 0x0000000089400000, 0x0000000089500000|  0%| F|  |TAMS 0x0000000089400000| PB 0x0000000089400000| Untracked 
|  73|0x0000000089500000, 0x0000000089500000, 0x0000000089600000|  0%| F|  |TAMS 0x0000000089500000| PB 0x0000000089500000| Untracked 
|  74|0x0000000089600000, 0x0000000089600000, 0x0000000089700000|  0%| F|  |TAMS 0x0000000089600000| PB 0x0000000089600000| Untracked 
|  75|0x0000000089700000, 0x0000000089700000, 0x0000000089800000|  0%| F|  |TAMS 0x0000000089700000| PB 0x0000000089700000| Untracked 
|  76|0x0000000089800000, 0x0000000089800000, 0x0000000089900000|  0%| F|  |TAMS 0x0000000089800000| PB 0x0000000089800000| Untracked 
|  77|0x0000000089900000, 0x0000000089900000, 0x0000000089a00000|  0%| F|  |TAMS 0x0000000089900000| PB 0x0000000089900000| Untracked 
|  78|0x0000000089a00000, 0x0000000089a00000, 0x0000000089b00000|  0%| F|  |TAMS 0x0000000089a00000| PB 0x0000000089a00000| Untracked 
|  79|0x0000000089b00000, 0x0000000089b00000, 0x0000000089c00000|  0%| F|  |TAMS 0x0000000089b00000| PB 0x0000000089b00000| Untracked 
|  80|0x0000000089c00000, 0x0000000089c00000, 0x0000000089d00000|  0%| F|  |TAMS 0x0000000089c00000| PB 0x0000000089c00000| Untracked 
|  81|0x0000000089d00000, 0x0000000089d00000, 0x0000000089e00000|  0%| F|  |TAMS 0x0000000089d00000| PB 0x0000000089d00000| Untracked 
|  82|0x0000000089e00000, 0x0000000089e00000, 0x0000000089f00000|  0%| F|  |TAMS 0x0000000089e00000| PB 0x0000000089e00000| Untracked 
|  83|0x0000000089f00000, 0x0000000089f00000, 0x000000008a000000|  0%| F|  |TAMS 0x0000000089f00000| PB 0x0000000089f00000| Untracked 
|  84|0x000000008a000000, 0x000000008a000000, 0x000000008a100000|  0%| F|  |TAMS 0x000000008a000000| PB 0x000000008a000000| Untracked 
|  85|0x000000008a100000, 0x000000008a100000, 0x000000008a200000|  0%| F|  |TAMS 0x000000008a100000| PB 0x000000008a100000| Untracked 
|  86|0x000000008a200000, 0x000000008a200000, 0x000000008a300000|  0%| F|  |TAMS 0x000000008a200000| PB 0x000000008a200000| Untracked 
|  87|0x000000008a300000, 0x000000008a300000, 0x000000008a400000|  0%| F|  |TAMS 0x000000008a300000| PB 0x000000008a300000| Untracked 
|  88|0x000000008a400000, 0x000000008a400000, 0x000000008a500000|  0%| F|  |TAMS 0x000000008a400000| PB 0x000000008a400000| Untracked 
|  89|0x000000008a500000, 0x000000008a500000, 0x000000008a600000|  0%| F|  |TAMS 0x000000008a500000| PB 0x000000008a500000| Untracked 
|  90|0x000000008a600000, 0x000000008a600000, 0x000000008a700000|  0%| F|  |TAMS 0x000000008a600000| PB 0x000000008a600000| Untracked 
|  91|0x000000008a700000, 0x000000008a700000, 0x000000008a800000|  0%| F|  |TAMS 0x000000008a700000| PB 0x000000008a700000| Untracked 
|  92|0x000000008a800000, 0x000000008a800000, 0x000000008a900000|  0%| F|  |TAMS 0x000000008a800000| PB 0x000000008a800000| Untracked 
|  93|0x000000008a900000, 0x000000008a900000, 0x000000008aa00000|  0%| F|  |TAMS 0x000000008a900000| PB 0x000000008a900000| Untracked 
|  94|0x000000008aa00000, 0x000000008aa00000, 0x000000008ab00000|  0%| F|  |TAMS 0x000000008aa00000| PB 0x000000008aa00000| Untracked 
|  95|0x000000008ab00000, 0x000000008ab00000, 0x000000008ac00000|  0%| F|  |TAMS 0x000000008ab00000| PB 0x000000008ab00000| Untracked 
|  96|0x000000008ac00000, 0x000000008ac00000, 0x000000008ad00000|  0%| F|  |TAMS 0x000000008ac00000| PB 0x000000008ac00000| Untracked 
|  97|0x000000008ad00000, 0x000000008ad00000, 0x000000008ae00000|  0%| F|  |TAMS 0x000000008ad00000| PB 0x000000008ad00000| Untracked 
|  98|0x000000008ae00000, 0x000000008ae00000, 0x000000008af00000|  0%| F|  |TAMS 0x000000008ae00000| PB 0x000000008ae00000| Untracked 
|  99|0x000000008af00000, 0x000000008af00000, 0x000000008b000000|  0%| F|  |TAMS 0x000000008af00000| PB 0x000000008af00000| Untracked 
| 100|0x000000008b000000, 0x000000008b000000, 0x000000008b100000|  0%| F|  |TAMS 0x000000008b000000| PB 0x000000008b000000| Untracked 
| 101|0x000000008b100000, 0x000000008b100000, 0x000000008b200000|  0%| F|  |TAMS 0x000000008b100000| PB 0x000000008b100000| Untracked 
| 102|0x000000008b200000, 0x000000008b200000, 0x000000008b300000|  0%| F|  |TAMS 0x000000008b200000| PB 0x000000008b200000| Untracked 
| 103|0x000000008b300000, 0x000000008b300000, 0x000000008b400000|  0%| F|  |TAMS 0x000000008b300000| PB 0x000000008b300000| Untracked 
| 104|0x000000008b400000, 0x000000008b400000, 0x000000008b500000|  0%| F|  |TAMS 0x000000008b400000| PB 0x000000008b400000| Untracked 
| 105|0x000000008b500000, 0x000000008b5c6b88, 0x000000008b600000| 77%| S|CS|TAMS 0x000000008b500000| PB 0x000000008b500000| Complete 
| 106|0x000000008b600000, 0x000000008b700000, 0x000000008b700000|100%| S|CS|TAMS 0x000000008b600000| PB 0x000000008b600000| Complete 
| 107|0x000000008b700000, 0x000000008b74b5d0, 0x000000008b800000| 29%| E|  |TAMS 0x000000008b700000| PB 0x000000008b700000| Complete 
| 108|0x000000008b800000, 0x000000008b900000, 0x000000008b900000|100%| E|CS|TAMS 0x000000008b800000| PB 0x000000008b800000| Complete 
| 109|0x000000008b900000, 0x000000008ba00000, 0x000000008ba00000|100%| E|CS|TAMS 0x000000008b900000| PB 0x000000008b900000| Complete 
| 110|0x000000008ba00000, 0x000000008bb00000, 0x000000008bb00000|100%| E|CS|TAMS 0x000000008ba00000| PB 0x000000008ba00000| Complete 
| 111|0x000000008bb00000, 0x000000008bc00000, 0x000000008bc00000|100%| E|CS|TAMS 0x000000008bb00000| PB 0x000000008bb00000| Complete 
| 112|0x000000008bc00000, 0x000000008bd00000, 0x000000008bd00000|100%| E|  |TAMS 0x000000008bc00000| PB 0x000000008bc00000| Complete 
| 113|0x000000008bd00000, 0x000000008be00000, 0x000000008be00000|100%| E|CS|TAMS 0x000000008bd00000| PB 0x000000008bd00000| Complete 
| 114|0x000000008be00000, 0x000000008bf00000, 0x000000008bf00000|100%| E|CS|TAMS 0x000000008be00000| PB 0x000000008be00000| Complete 
| 115|0x000000008bf00000, 0x000000008c000000, 0x000000008c000000|100%| E|CS|TAMS 0x000000008bf00000| PB 0x000000008bf00000| Complete 
| 116|0x000000008c000000, 0x000000008c100000, 0x000000008c100000|100%| E|CS|TAMS 0x000000008c000000| PB 0x000000008c000000| Complete 
| 117|0x000000008c100000, 0x000000008c200000, 0x000000008c200000|100%| E|CS|TAMS 0x000000008c100000| PB 0x000000008c100000| Complete 
| 118|0x000000008c200000, 0x000000008c300000, 0x000000008c300000|100%| E|CS|TAMS 0x000000008c200000| PB 0x000000008c200000| Complete 
| 119|0x000000008c300000, 0x000000008c400000, 0x000000008c400000|100%| E|CS|TAMS 0x000000008c300000| PB 0x000000008c300000| Complete 
| 120|0x000000008c400000, 0x000000008c500000, 0x000000008c500000|100%| E|CS|TAMS 0x000000008c400000| PB 0x000000008c400000| Complete 
| 121|0x000000008c500000, 0x000000008c600000, 0x000000008c600000|100%| E|CS|TAMS 0x000000008c500000| PB 0x000000008c500000| Complete 
| 122|0x000000008c600000, 0x000000008c700000, 0x000000008c700000|100%| E|CS|TAMS 0x000000008c600000| PB 0x000000008c600000| Complete 
| 123|0x000000008c700000, 0x000000008c800000, 0x000000008c800000|100%| E|CS|TAMS 0x000000008c700000| PB 0x000000008c700000| Complete 

Card table byte_map: [0x00000230ed020000,0x00000230ed400000] _byte_map_base: 0x00000230ecbfa000

Marking Bits: (CMBitMap*) 0x00000230d51b0cd0
 Bits: [0x00000230ed400000, 0x00000230ef2d0000)

Polling page: 0x00000230d3880000

Metaspace:

Usage:
  Non-class:     11.79 MB used.
      Class:      1.53 MB used.
       Both:     13.32 MB used.

Virtual space:
  Non-class space:       64.00 MB reserved,      11.88 MB ( 19%) committed,  1 nodes.
      Class space:        1.00 GB reserved,       1.62 MB ( <1%) committed,  1 nodes.
             Both:        1.06 GB reserved,      13.50 MB (  1%) committed. 

Chunk freelists:
   Non-Class:  4.06 MB
       Class:  14.31 MB
        Both:  18.38 MB

MaxMetaspaceSize: unlimited
CompressedClassSpaceSize: 1.00 GB
Initial GC threshold: 21.00 MB
Current GC threshold: 21.00 MB
CDS: on
 - commit_granule_bytes: 65536.
 - commit_granule_words: 8192.
 - virtual_space_node_default_size: 8388608.
 - enlarge_chunks_in_place: 1.
 - use_allocation_guard: 0.


Internal statistics:

num_allocs_failed_limit: 0.
num_arena_births: 170.
num_arena_deaths: 0.
num_vsnodes_births: 2.
num_vsnodes_deaths: 0.
num_space_committed: 216.
num_space_uncommitted: 0.
num_chunks_returned_to_freelist: 0.
num_chunks_taken_from_freelist: 531.
num_chunk_merges: 0.
num_chunk_splits: 363.
num_chunks_enlarged: 288.
num_inconsistent_stats: 0.

CodeHeap 'non-profiled nmethods': size=120000Kb used=694Kb max_used=694Kb free=119305Kb
 bounds [0x00000230e50e0000, 0x00000230e5350000, 0x00000230ec610000]
CodeHeap 'profiled nmethods': size=120000Kb used=3635Kb max_used=3635Kb free=116364Kb
 bounds [0x00000230dd610000, 0x00000230dd9a0000, 0x00000230e4b40000]
CodeHeap 'non-nmethods': size=5760Kb used=1644Kb max_used=1661Kb free=4115Kb
 bounds [0x00000230e4b40000, 0x00000230e4db0000, 0x00000230e50e0000]
 total_blobs=2436 nmethods=1875 adapters=465
 compilation: enabled
              stopped_count=0, restarted_count=0
 full_count=0

Compilation events (20 events):
Event: 2.239 Thread 0x00000230f18ef510 nmethod 1812 0x00000230dd966210 code [0x00000230dd966420, 0x00000230dd966b80]
Event: 2.239 Thread 0x00000230f18ef510 1813       3       java.util.Locale::hasExtensions (13 bytes)
Event: 2.239 Thread 0x00000230f18ef510 nmethod 1813 0x00000230dd966d10 code [0x00000230dd966ea0, 0x00000230dd967008]
Event: 2.239 Thread 0x00000230f18ef510 1814       3       sun.util.locale.BaseLocale::equals (71 bytes)
Event: 2.239 Thread 0x00000230f18ef510 nmethod 1814 0x00000230dd967090 code [0x00000230dd967260, 0x00000230dd967730]
Event: 2.239 Thread 0x00000230f18ef510 1815       3       java.util.Locale::stripExtensions (20 bytes)
Event: 2.239 Thread 0x00000230f18ef510 nmethod 1815 0x00000230dd967810 code [0x00000230dd9679e0, 0x00000230dd967c58]
Event: 2.245 Thread 0x00000230f18b1610 nmethod 1806 0x00000230e518b990 code [0x00000230e518bb80, 0x00000230e518c340]
Event: 2.245 Thread 0x00000230f18b1610 1811       4       sun.util.locale.BaseLocale::getInstance (150 bytes)
Event: 2.252 Thread 0x00000230f18ef510 1816       1       java.util.concurrent.CopyOnWriteArrayList::setArray (6 bytes)
Event: 2.252 Thread 0x00000230f18ef510 nmethod 1816 0x00000230e518c710 code [0x00000230e518c8a0, 0x00000230e518c9b8]
Event: 2.257 Thread 0x00000230f18ef510 1818       3       java.io.BufferedReader::implReadLine (301 bytes)
Event: 2.258 Thread 0x00000230f18ef510 nmethod 1818 0x00000230dd967d10 code [0x00000230dd968000, 0x00000230dd969048]
Event: 2.259 Thread 0x00000230f18ef510 1820       3       java.io.BufferedReader::readLine (7 bytes)
Event: 2.259 Thread 0x00000230f18ef510 nmethod 1820 0x00000230dd969710 code [0x00000230dd9698c0, 0x00000230dd969a28]
Event: 2.259 Thread 0x00000230f18ef510 1819       3       java.io.BufferedReader::ensureOpen (18 bytes)
Event: 2.259 Thread 0x00000230f18ef510 nmethod 1819 0x00000230dd969b10 code [0x00000230dd969cc0, 0x00000230dd969ed0]
Event: 2.259 Thread 0x00000230f18ef510 1821   !   3       java.io.BufferedReader::readLine (72 bytes)
Event: 2.259 Thread 0x00000230f18ef510 nmethod 1821 0x00000230dd969f90 code [0x00000230dd96a220, 0x00000230dd96b058]
Event: 2.260 Thread 0x00000230f6cbfcc0 1822       4       jdk.internal.misc.InternalLock::lock (8 bytes)

GC Heap History (4 events):
Event: 0.957 GC heap before
{Heap before GC invocations=0 (full 0):
 garbage-first heap   total 126976K, used 13312K [0x0000000084c00000, 0x0000000100000000)
  region size 1024K, 13 young (13312K), 0 survivors (0K)
 Metaspace       used 5594K, committed 5696K, reserved 1114112K
  class space    used 581K, committed 640K, reserved 1048576K
}
Event: 0.961 GC heap after
{Heap after GC invocations=1 (full 0):
 garbage-first heap   total 126976K, used 5088K [0x0000000084c00000, 0x0000000100000000)
  region size 1024K, 2 young (2048K), 2 survivors (2048K)
 Metaspace       used 5594K, committed 5696K, reserved 1114112K
  class space    used 581K, committed 640K, reserved 1048576K
}
Event: 1.672 GC heap before
{Heap before GC invocations=1 (full 0):
 garbage-first heap   total 126976K, used 20448K [0x0000000084c00000, 0x0000000100000000)
  region size 1024K, 17 young (17408K), 2 survivors (2048K)
 Metaspace       used 9459K, committed 9664K, reserved 1114112K
  class space    used 1061K, committed 1152K, reserved 1048576K
}
Event: 1.676 GC heap after
{Heap after GC invocations=2 (full 0):
 garbage-first heap   total 126976K, used 6938K [0x0000000084c00000, 0x0000000100000000)
  region size 1024K, 2 young (2048K), 2 survivors (2048K)
 Metaspace       used 9459K, committed 9664K, reserved 1114112K
  class space    used 1061K, committed 1152K, reserved 1048576K
}

Dll operation events (9 events):
Event: 0.014 Loaded shared library C:\Program Files\Java\jdk-21\bin\java.dll
Event: 0.063 Loaded shared library C:\Program Files\Java\jdk-21\bin\jsvml.dll
Event: 0.184 Loaded shared library C:\Program Files\Java\jdk-21\bin\net.dll
Event: 0.187 Loaded shared library C:\Program Files\Java\jdk-21\bin\nio.dll
Event: 0.195 Loaded shared library C:\Program Files\Java\jdk-21\bin\zip.dll
Event: 0.447 Loaded shared library C:\Program Files\Java\jdk-21\bin\jimage.dll
Event: 0.641 Loaded shared library C:\Program Files\Java\jdk-21\bin\extnet.dll
Event: 1.696 Loaded shared library C:\Program Files\Java\jdk-21\bin\management.dll
Event: 1.699 Loaded shared library C:\Program Files\Java\jdk-21\bin\management_ext.dll

Deoptimization events (20 events):
Event: 2.030 Thread 0x00000230d35d3940 Uncommon trap: trap_request=0xffffffde fr.pc=0x00000230e51884cc relative=0x000000000000012c
Event: 2.031 Thread 0x00000230d35d3940 Uncommon trap: reason=class_check action=maybe_recompile pc=0x00000230e51884cc method=jdk.internal.misc.Unsafe.allocateUninitializedArray(Ljava/lang/Class;I)Ljava/lang/Object; @ 51 c2
Event: 2.031 Thread 0x00000230d35d3940 DEOPT PACKING pc=0x00000230e51884cc sp=0x000000e72edfddc0
Event: 2.031 Thread 0x00000230d35d3940 DEOPT UNPACKING pc=0x00000230e4b97da2 sp=0x000000e72edfdd38 mode 2
Event: 2.031 Thread 0x00000230d35d3940 Uncommon trap: trap_request=0xffffffde fr.pc=0x00000230e51884cc relative=0x000000000000012c
Event: 2.031 Thread 0x00000230d35d3940 Uncommon trap: reason=class_check action=maybe_recompile pc=0x00000230e51884cc method=jdk.internal.misc.Unsafe.allocateUninitializedArray(Ljava/lang/Class;I)Ljava/lang/Object; @ 51 c2
Event: 2.031 Thread 0x00000230d35d3940 DEOPT PACKING pc=0x00000230e51884cc sp=0x000000e72edfd7a0
Event: 2.031 Thread 0x00000230d35d3940 DEOPT UNPACKING pc=0x00000230e4b97da2 sp=0x000000e72edfd718 mode 2
Event: 2.031 Thread 0x00000230d35d3940 Uncommon trap: trap_request=0xffffffde fr.pc=0x00000230e51884cc relative=0x000000000000012c
Event: 2.031 Thread 0x00000230d35d3940 Uncommon trap: reason=class_check action=maybe_recompile pc=0x00000230e51884cc method=jdk.internal.misc.Unsafe.allocateUninitializedArray(Ljava/lang/Class;I)Ljava/lang/Object; @ 51 c2
Event: 2.031 Thread 0x00000230d35d3940 DEOPT PACKING pc=0x00000230e51884cc sp=0x000000e72edfd7a0
Event: 2.031 Thread 0x00000230d35d3940 DEOPT UNPACKING pc=0x00000230e4b97da2 sp=0x000000e72edfd718 mode 2
Event: 2.031 Thread 0x00000230d35d3940 Uncommon trap: trap_request=0xffffffde fr.pc=0x00000230e51884cc relative=0x000000000000012c
Event: 2.031 Thread 0x00000230d35d3940 Uncommon trap: reason=class_check action=maybe_recompile pc=0x00000230e51884cc method=jdk.internal.misc.Unsafe.allocateUninitializedArray(Ljava/lang/Class;I)Ljava/lang/Object; @ 51 c2
Event: 2.031 Thread 0x00000230d35d3940 DEOPT PACKING pc=0x00000230e51884cc sp=0x000000e72edfd9d0
Event: 2.031 Thread 0x00000230d35d3940 DEOPT UNPACKING pc=0x00000230e4b97da2 sp=0x000000e72edfd948 mode 2
Event: 2.232 Thread 0x00000230d35d3940 Uncommon trap: trap_request=0xffffffc6 fr.pc=0x00000230e516b148 relative=0x00000000000002e8
Event: 2.232 Thread 0x00000230d35d3940 Uncommon trap: reason=bimorphic_or_optimized_type_check action=maybe_recompile pc=0x00000230e516b148 method=java.util.HashMap.getNode(Ljava/lang/Object;)Ljava/util/HashMap$Node; @ 128 c2
Event: 2.232 Thread 0x00000230d35d3940 DEOPT PACKING pc=0x00000230e516b148 sp=0x000000e72edfd290
Event: 2.232 Thread 0x00000230d35d3940 DEOPT UNPACKING pc=0x00000230e4b97da2 sp=0x000000e72edfd198 mode 2

Classes loaded (20 events):
Event: 2.025 Loading class java/util/ConcurrentModificationException
Event: 2.025 Loading class java/util/ConcurrentModificationException done
Event: 2.029 Loading class java/nio/charset/CharacterCodingException
Event: 2.029 Loading class java/nio/charset/CharacterCodingException done
Event: 2.044 Loading class sun/nio/fs/WindowsException
Event: 2.044 Loading class sun/nio/fs/WindowsException done
Event: 2.044 Loading class java/nio/file/NoSuchFileException
Event: 2.044 Loading class java/nio/file/NoSuchFileException done
Event: 2.055 Loading class java/util/Collections$SynchronizedRandomAccessList
Event: 2.055 Loading class java/util/Collections$SynchronizedList
Event: 2.055 Loading class java/util/Collections$SynchronizedList done
Event: 2.055 Loading class java/util/Collections$SynchronizedRandomAccessList done
Event: 2.076 Loading class java/lang/IndexOutOfBoundsException
Event: 2.076 Loading class java/lang/IndexOutOfBoundsException done
Event: 2.218 Loading class java/security/AccessControlException
Event: 2.218 Loading class java/security/AccessControlException done
Event: 2.238 Loading class sun/text/resources/cldr/FormatData_en_US
Event: 2.238 Loading class sun/text/resources/cldr/FormatData_en_US done
Event: 2.238 Loading class java/text/CalendarBuilder
Event: 2.239 Loading class java/text/CalendarBuilder done

Classes unloaded (0 events):
No events

Classes redefined (0 events):
No events

Internal exceptions (20 events):
Event: 1.233 Thread 0x00000230d35d3940 Exception <a 'java/lang/NoSuchMethodError'{0x000000008c5ddd20}: 'java.lang.Object java.lang.invoke.DirectMethodHandle$Holder.invokeStatic(java.lang.Object, java.lang.Object, int, java.lang.Object, java.lang.Object)'> (0x000000008c5ddd20) 
thrown [s\open\src\hotspot\share\interpreter\linkResolver.cpp, line 773]
Event: 1.234 Thread 0x00000230d35d3940 Exception <a 'java/lang/NoSuchMethodError'{0x000000008c5e4e00}: 'java.lang.Object java.lang.invoke.DirectMethodHandle$Holder.newInvokeSpecial(java.lang.Object, java.lang.Object, int, java.lang.Object)'> (0x000000008c5e4e00) 
thrown [s\open\src\hotspot\share\interpreter\linkResolver.cpp, line 773]
Event: 1.234 Thread 0x00000230d35d3940 Exception <a 'java/lang/NoSuchMethodError'{0x000000008c5e8f68}: 'java.lang.Object java.lang.invoke.DirectMethodHandle$Holder.invokeSpecial(java.lang.Object, java.lang.Object, java.lang.Object, int, java.lang.Object)'> (0x000000008c5e8f68) 
thrown [s\open\src\hotspot\share\interpreter\linkResolver.cpp, line 773]
Event: 1.234 Thread 0x00000230d35d3940 Exception <a 'java/lang/NoSuchMethodError'{0x000000008c5ec8c0}: 'java.lang.Object java.lang.invoke.Invokers$Holder.linkToTargetMethod(java.lang.Object, int, java.lang.Object, java.lang.Object)'> (0x000000008c5ec8c0) 
thrown [s\open\src\hotspot\share\interpreter\linkResolver.cpp, line 773]
Event: 1.245 Thread 0x00000230d35d3940 Exception <a 'java/lang/NoSuchMethodError'{0x000000008c419ac8}: 'void java.lang.invoke.DirectMethodHandle$Holder.invokeStatic(java.lang.Object, java.lang.Object, java.lang.Object)'> (0x000000008c419ac8) 
thrown [s\open\src\hotspot\share\interpreter\linkResolver.cpp, line 773]
Event: 1.343 Thread 0x00000230d35d3940 Exception <a 'java/lang/NoSuchMethodError'{0x000000008c317868}: 'void java.lang.invoke.DirectMethodHandle$Holder.invokeVirtual(java.lang.Object, java.lang.Object)'> (0x000000008c317868) 
thrown [s\open\src\hotspot\share\interpreter\linkResolver.cpp, line 773]
Event: 1.344 Thread 0x00000230d35d3940 Exception <a 'java/lang/NoSuchMethodError'{0x000000008c31afc8}: 'void java.lang.invoke.DirectMethodHandle$Holder.invokeSpecial(java.lang.Object, java.lang.Object, java.lang.Object)'> (0x000000008c31afc8) 
thrown [s\open\src\hotspot\share\interpreter\linkResolver.cpp, line 773]
Event: 1.469 Thread 0x00000230d35d3940 Exception <a 'java/lang/NoSuchMethodError'{0x000000008c009b50}: 'java.lang.Object java.lang.invoke.DirectMethodHandle$Holder.invokeStatic(java.lang.Object, int, java.lang.Object)'> (0x000000008c009b50) 
thrown [s\open\src\hotspot\share\interpreter\linkResolver.cpp, line 773]
Event: 1.491 Thread 0x00000230d35d3940 Exception <a 'java/lang/NoSuchMethodError'{0x000000008c0a5b40}: 'int java.lang.invoke.DirectMethodHandle$Holder.invokeStatic(java.lang.Object)'> (0x000000008c0a5b40) 
thrown [s\open\src\hotspot\share\interpreter\linkResolver.cpp, line 773]
Event: 1.492 Thread 0x00000230d35d3940 Exception <a 'java/lang/NoSuchMethodError'{0x000000008c0a8f58}: 'int java.lang.invoke.DirectMethodHandle$Holder.invokeStaticInit(java.lang.Object)'> (0x000000008c0a8f58) 
thrown [s\open\src\hotspot\share\interpreter\linkResolver.cpp, line 773]
Event: 1.681 Thread 0x00000230d35d3940 Exception <a 'java/lang/NoSuchMethodError'{0x000000008c736908}: 'java.lang.Object java.lang.invoke.DirectMethodHandle$Holder.newInvokeSpecial(java.lang.Object, long, int, java.lang.Object)'> (0x000000008c736908) 
thrown [s\open\src\hotspot\share\interpreter\linkResolver.cpp, line 773]
Event: 1.760 Thread 0x00000230d35d3940 Exception <a 'java/lang/ClassNotFoundException'{0x000000008c54f310}: sun/net/www/protocol/c/Handler> (0x000000008c54f310) 
thrown [s\open\src\hotspot\share\classfile\systemDictionary.cpp, line 312]
Event: 1.785 Thread 0x00000230d35d3940 Exception <a 'java/lang/NoSuchMethodError'{0x000000008c4023d8}: 'java.lang.Object java.lang.invoke.Invokers$Holder.invokeExact_MT(java.lang.Object, java.lang.Object, java.lang.Object, java.lang.Object, java.lang.Object)'> (0x000000008c4023d8) 
thrown [s\open\src\hotspot\share\interpreter\linkResolver.cpp, line 773]
Event: 1.818 Thread 0x00000230d35d3940 Exception <a 'java/lang/NoSuchMethodError'{0x000000008c499bb8}: 'java.lang.Object java.lang.invoke.DirectMethodHandle$Holder.newInvokeSpecial(java.lang.Object, java.lang.Object, java.lang.Object, java.lang.Object, java.lang.Object)'> (0x000000008c499bb8) 
thrown [s\open\src\hotspot\share\interpreter\linkResolver.cpp, line 773]
Event: 1.883 Thread 0x00000230d35d3940 Implicit null exception at 0x00000230e5146a66 to 0x00000230e5146b0a
Event: 1.883 Thread 0x00000230d35d3940 Implicit null exception at 0x00000230e517fa3d to 0x00000230e517fac1
Event: 1.898 Thread 0x00000230d35d3940 Exception <a 'java/lang/NoSuchMethodError'{0x000000008c1102e0}: 'long java.lang.invoke.DirectMethodHandle$Holder.invokeInterface(java.lang.Object, java.lang.Object)'> (0x000000008c1102e0) 
thrown [s\open\src\hotspot\share\interpreter\linkResolver.cpp, line 773]
Event: 1.960 Thread 0x00000230d35d3940 Exception <a 'java/lang/NoSuchMethodError'{0x000000008c17a988}: 'void java.lang.invoke.DirectMethodHandle$Holder.invokeStaticInit(java.lang.Object, java.lang.Object, java.lang.Object, java.lang.Object)'> (0x000000008c17a988) 
thrown [s\open\src\hotspot\share\interpreter\linkResolver.cpp, line 773]
Event: 1.961 Thread 0x00000230d35d3940 Exception <a 'java/lang/NoSuchMethodError'{0x000000008c1846b0}: 'void java.lang.invoke.DirectMethodHandle$Holder.invokeStaticInit(java.lang.Object, java.lang.Object, java.lang.Object, java.lang.Object, java.lang.Object)'> (0x000000008c1846b0) 
thrown [s\open\src\hotspot\share\interpreter\linkResolver.cpp, line 773]
Event: 2.044 Thread 0x00000230d35d3940 Exception <a 'sun/nio/fs/WindowsException'{0x000000008bf81050}> (0x000000008bf81050) 
thrown [s\open\src\hotspot\share\prims\jni.cpp, line 520]

ZGC Phase Switch (0 events):
No events

VM Operations (20 events):
Event: 0.852 Executing VM operation: HandshakeAllThreads (Deoptimize)
Event: 0.852 Executing VM operation: HandshakeAllThreads (Deoptimize) done
Event: 0.871 Executing VM operation: HandshakeAllThreads (Deoptimize)
Event: 0.871 Executing VM operation: HandshakeAllThreads (Deoptimize) done
Event: 0.957 Executing VM operation: G1CollectForAllocation (G1 Evacuation Pause)
Event: 0.961 Executing VM operation: G1CollectForAllocation (G1 Evacuation Pause) done
Event: 0.982 Executing VM operation: HandshakeAllThreads (Deoptimize)
Event: 0.982 Executing VM operation: HandshakeAllThreads (Deoptimize) done
Event: 1.341 Executing VM operation: HandshakeAllThreads (Deoptimize)
Event: 1.341 Executing VM operation: HandshakeAllThreads (Deoptimize) done
Event: 1.439 Executing VM operation: HandshakeAllThreads (Deoptimize)
Event: 1.439 Executing VM operation: HandshakeAllThreads (Deoptimize) done
Event: 1.463 Executing VM operation: HandshakeAllThreads (Deoptimize)
Event: 1.463 Executing VM operation: HandshakeAllThreads (Deoptimize) done
Event: 1.463 Executing VM operation: HandshakeAllThreads (Deoptimize)
Event: 1.463 Executing VM operation: HandshakeAllThreads (Deoptimize) done
Event: 1.672 Executing VM operation: G1CollectForAllocation (G1 Evacuation Pause)
Event: 1.676 Executing VM operation: G1CollectForAllocation (G1 Evacuation Pause) done
Event: 2.218 Executing VM operation: HandshakeAllThreads (Deoptimize)
Event: 2.218 Executing VM operation: HandshakeAllThreads (Deoptimize) done

Events (17 events):
Event: 0.035 Thread 0x00000230d35d3940 Thread added: 0x00000230d35d3940
Event: 0.060 Thread 0x00000230f189f8a0 Thread added: 0x00000230f189f8a0
Event: 0.060 Thread 0x00000230f18a2610 Thread added: 0x00000230f18a2610
Event: 0.061 Thread 0x00000230f18abd70 Thread added: 0x00000230f18abd70
Event: 0.061 Thread 0x00000230f18ac3d0 Thread added: 0x00000230f18ac3d0
Event: 0.061 Thread 0x00000230f18aee30 Thread added: 0x00000230f18aee30
Event: 0.061 Thread 0x00000230f18b0890 Thread added: 0x00000230f18b0890
Event: 0.061 Thread 0x00000230f18b1610 Thread added: 0x00000230f18b1610
Event: 0.064 Thread 0x00000230f18ef510 Thread added: 0x00000230f18ef510
Event: 0.178 Thread 0x00000230f1b0c100 Thread added: 0x00000230f1b0c100
Event: 0.181 Thread 0x00000230f1b24520 Thread added: 0x00000230f1b24520
Event: 0.473 Thread 0x00000230f1d48310 Thread added: 0x00000230f1d48310
Event: 0.661 Thread 0x00000230f617e0b0 Thread added: 0x00000230f617e0b0
Event: 1.172 Thread 0x00000230f1d48310 Thread exited: 0x00000230f1d48310
Event: 1.380 Thread 0x00000230f6b5bc40 Thread added: 0x00000230f6b5bc40
Event: 2.219 Thread 0x00000230f6b5bc40 Thread exited: 0x00000230f6b5bc40
Event: 2.260 Thread 0x00000230f6cbfcc0 Thread added: 0x00000230f6cbfcc0


Dynamic libraries:
0x00007ff616180000 - 0x00007ff616190000 	C:\Program Files\Java\jdk-21\bin\javaw.exe
0x00007ffab3de0000 - 0x00007ffab4048000 	C:\WINDOWS\SYSTEM32\ntdll.dll
0x00007ffab2430000 - 0x00007ffab24f9000 	C:\WINDOWS\System32\KERNEL32.DLL
0x00007ffab16f0000 - 0x00007ffab1ae2000 	C:\WINDOWS\System32\KERNELBASE.dll
0x00007ffab1250000 - 0x00007ffab139b000 	C:\WINDOWS\System32\ucrtbase.dll
0x00007ffaa0520000 - 0x00007ffaa0539000 	C:\Program Files\Java\jdk-21\bin\jli.dll
0x00007ffab2730000 - 0x00007ffab27e4000 	C:\WINDOWS\System32\ADVAPI32.dll
0x00007ffab1bb0000 - 0x00007ffab1c59000 	C:\WINDOWS\System32\msvcrt.dll
0x00007ffab25c0000 - 0x00007ffab2666000 	C:\WINDOWS\System32\sechost.dll
0x00007ffab2130000 - 0x00007ffab2248000 	C:\WINDOWS\System32\RPCRT4.dll
0x00007ffab27f0000 - 0x00007ffab29b5000 	C:\WINDOWS\System32\USER32.dll
0x00007ffab1220000 - 0x00007ffab1247000 	C:\WINDOWS\System32\win32u.dll
0x00007ffab2670000 - 0x00007ffab269b000 	C:\WINDOWS\System32\GDI32.dll
0x00007ffab13a0000 - 0x00007ffab14cd000 	C:\WINDOWS\System32\gdi32full.dll
0x00007ffab1640000 - 0x00007ffab16e3000 	C:\WINDOWS\System32\msvcp_win.dll
0x00007ffa95980000 - 0x00007ffa9599b000 	C:\Program Files\Java\jdk-21\bin\VCRUNTIME140.dll
0x00007ffa92900000 - 0x00007ffa92b93000 	C:\WINDOWS\WinSxS\amd64_microsoft.windows.common-controls_6595b64144ccf1df_6.0.26100.6899_none_3e0efeeae32e88c1\COMCTL32.dll
0x00007ffaa4650000 - 0x00007ffaa465b000 	C:\WINDOWS\SYSTEM32\VERSION.dll
0x00007ffab20f0000 - 0x00007ffab211f000 	C:\WINDOWS\System32\IMM32.DLL
0x00007ffaad590000 - 0x00007ffaad59c000 	C:\Program Files\Java\jdk-21\bin\vcruntime140_1.dll
0x00007ffa5aac0000 - 0x00007ffa5ab4e000 	C:\Program Files\Java\jdk-21\bin\msvcp140.dll
0x00007ff9ee8b0000 - 0x00007ff9ef5cd000 	C:\Program Files\Java\jdk-21\bin\server\jvm.dll
0x00007ffab2330000 - 0x00007ffab23a4000 	C:\WINDOWS\System32\WS2_32.dll
0x00007ffab0e20000 - 0x00007ffab0e7e000 	C:\WINDOWS\SYSTEM32\POWRPROF.dll
0x00007ffa979e0000 - 0x00007ffa97a15000 	C:\WINDOWS\SYSTEM32\WINMM.dll
0x00007ffab0dd0000 - 0x00007ffab0de4000 	C:\WINDOWS\SYSTEM32\UMPDC.dll
0x00007ffaafd40000 - 0x00007ffaafd5b000 	C:\WINDOWS\SYSTEM32\kernel.appcore.dll
0x00007ffa959c0000 - 0x00007ffa959ca000 	C:\Program Files\Java\jdk-21\bin\jimage.dll
0x00007ffaae6b0000 - 0x00007ffaae8f2000 	C:\WINDOWS\SYSTEM32\DBGHELP.DLL
0x00007ffab1d70000 - 0x00007ffab20eb000 	C:\WINDOWS\System32\combase.dll
0x00007ffab2250000 - 0x00007ffab2327000 	C:\WINDOWS\System32\OLEAUT32.dll
0x00007ffa92180000 - 0x00007ffa921bc000 	C:\WINDOWS\SYSTEM32\dbgcore.DLL
0x00007ffab10f0000 - 0x00007ffab1188000 	C:\WINDOWS\System32\bcryptPrimitives.dll
0x00007ffa91ae0000 - 0x00007ffa91aff000 	C:\Program Files\Java\jdk-21\bin\java.dll
0x00007ffab29c0000 - 0x00007ffab310d000 	C:\WINDOWS\System32\SHELL32.dll
0x00007ffab14d0000 - 0x00007ffab163b000 	C:\WINDOWS\System32\wintypes.dll
0x00007ffaaec00000 - 0x00007ffaaf45d000 	C:\WINDOWS\SYSTEM32\windows.storage.dll
0x00007ffab1c70000 - 0x00007ffab1d62000 	C:\WINDOWS\System32\SHCORE.dll
0x00007ffab3110000 - 0x00007ffab3172000 	C:\WINDOWS\System32\shlwapi.dll
0x00007ffab0df0000 - 0x00007ffab0e19000 	C:\WINDOWS\SYSTEM32\profapi.dll
0x00007ffa5a560000 - 0x00007ffa5a637000 	C:\Program Files\Java\jdk-21\bin\jsvml.dll
0x00007ffa91ad0000 - 0x00007ffa91ae0000 	C:\Program Files\Java\jdk-21\bin\net.dll
0x00007ffaaa030000 - 0x00007ffaaa14f000 	C:\WINDOWS\SYSTEM32\WINHTTP.dll
0x00007ffab02b0000 - 0x00007ffab031b000 	C:\WINDOWS\system32\mswsock.dll
0x00007ffa8cc70000 - 0x00007ffa8cc86000 	C:\Program Files\Java\jdk-21\bin\nio.dll
0x00007ffa8cc50000 - 0x00007ffa8cc68000 	C:\Program Files\Java\jdk-21\bin\zip.dll
0x00007ffaaf850000 - 0x00007ffaaf976000 	C:\WINDOWS\SYSTEM32\DNSAPI.dll
0x00007ffaaf7b0000 - 0x00007ffaaf7e4000 	C:\WINDOWS\SYSTEM32\IPHLPAPI.DLL
0x00007ffab3580000 - 0x00007ffab358a000 	C:\WINDOWS\System32\NSI.dll
0x00007ffa943f0000 - 0x00007ffa943fb000 	C:\Windows\System32\rasadhlp.dll
0x00007ffaa0780000 - 0x00007ffaa0806000 	C:\WINDOWS\System32\fwpuclnt.dll
0x00007ffa893b0000 - 0x00007ffa893b9000 	C:\Program Files\Java\jdk-21\bin\extnet.dll
0x00007ffab0560000 - 0x00007ffab057b000 	C:\WINDOWS\SYSTEM32\CRYPTSP.dll
0x00007ffaafca0000 - 0x00007ffaafcdb000 	C:\WINDOWS\system32\rsaenh.dll
0x00007ffab0350000 - 0x00007ffab037b000 	C:\WINDOWS\SYSTEM32\USERENV.dll
0x00007ffab0e90000 - 0x00007ffab0eb6000 	C:\WINDOWS\SYSTEM32\bcrypt.dll
0x00007ffab0580000 - 0x00007ffab058c000 	C:\WINDOWS\SYSTEM32\CRYPTBASE.dll
0x00007ffa8c340000 - 0x00007ffa8c34a000 	C:\Program Files\Java\jdk-21\bin\management.dll
0x00007ffa8c330000 - 0x00007ffa8c33b000 	C:\Program Files\Java\jdk-21\bin\management_ext.dll
0x00007ffab3750000 - 0x00007ffab3758000 	C:\WINDOWS\System32\PSAPI.DLL
0x00007ffa61420000 - 0x00007ffa61438000 	C:\WINDOWS\system32\napinsp.dll
0x00007ffa61400000 - 0x00007ffa61412000 	C:\WINDOWS\System32\winrnr.dll
0x00007ffa91860000 - 0x00007ffa91888000 	C:\WINDOWS\system32\nlansp_c.dll
0x00007ffa9fe30000 - 0x00007ffa9fe46000 	C:\WINDOWS\system32\wshbth.dll

dbghelp: loaded successfully - version: 4.0.5 - missing functions: none
symbol engine: initialized successfully - sym options: 0x614 - pdb path: .;C:\Program Files\Java\jdk-21\bin;C:\WINDOWS\SYSTEM32;C:\WINDOWS\WinSxS\amd64_microsoft.windows.common-controls_6595b64144ccf1df_6.0.26100.6899_none_3e0efeeae32e88c1;C:\Program Files\Java\jdk-21\bin\server

VM Arguments:
jvm_args: -ea -Dfile.encoding=Cp1252 -XX:+ShowCodeDetailsInExceptionMessages 
java_command: org.testng.remote.RemoteTestNG -serport 1282 -protocol json -d C:\Users\SUJITHA\eclipse-workspace\My Maven project 2025\qa-framework\test-output C:\Users\SUJITHA\eclipse-workspace\My Maven project 2025\qa-framework\testng.xml
java_class_path (initial): F:\Eclipse\eclipse\configuration\org.eclipse.osgi\938\0\.cp\lib\testng-remote.jar;C:\Users\SUJITHA\eclipse-workspace\My Maven project 2025\qa-framework\target\test-classes;C:\Users\SUJITHA\eclipse-workspace\My Maven project 2025\qa-framework\target\classes;F:\Eclipse\eclipse\plugins\org.testng_7.4.0.r202105021533.jar;F:\Eclipse\eclipse\plugins\com.beust.jcommander_1.78.0.jar;F:\Eclipse\eclipse\plugins\org.apache-extras.beanshell.bsh_2.0.0.b6.jar;F:\Eclipse\eclipse\plugins\org.yaml.snakeyaml_1.21.0.jar;F:\Eclipse\eclipse\plugins\org.webjars.jquery_3.5.1.jar;C:\Users\SUJITHA\.m2\repository\org\projectlombok\lombok\1.18.8\lombok-1.18.8.jar;C:\Users\SUJITHA\.m2\repository\com\tvd12\test-util\1.0.5\test-util-1.0.5.jar;C:\Users\SUJITHA\.m2\repository\org\mockito\mockito-all\1.10.19\mockito-all-1.10.19.jar;C:\Users\SUJITHA\.m2\repository\org\testng\testng\6.14.3\testng-6.14.3.jar;C:\Users\SUJITHA\.m2\repository\com\beust\jcommander\1.72\jcommander-1.72.jar;C:\Users\SUJITHA\.m2\repository\org\apache-extras\beanshell\bsh\2.0b6\bsh-2.0b6.jar;C:\Users\SUJITHA\.m2\repository\junit\junit\3.8.1\junit-3.8.1.jar;C:\Users\SUJITHA\.m2\repository\org\seleniumhq\selenium\selenium-java\4.37.0\selenium-java-4.37.0.jar;C:\Users\SUJITHA\.m2\repository\org\seleniumhq\selenium\selenium-api\4.37.0\selenium-api-4.37.0.jar;C:\Users\SUJITHA\.m2\repository\org\jspecify\jspecify\1.0.0\jspecify-1.0.0.jar;C:\Users\SUJITHA\.m2\repository\org\seleniumhq\selenium\selenium-chrome-driver\4.37.0\selenium-chrome-driver-4.37.0.jar;C:\Users\SUJITHA\.m2\repository\com\google\auto\service\auto-service-annotations\1.1.1\auto-service-annotations-1.1.1.jar;C:\Users\SUJITHA\.m2\repository\org\seleniumhq\selenium\selenium-chromium-driver\4.37.0\selenium-chromium-driver-4.37.0.jar;C:\Users\SUJITHA\.m2\repository\org\seleniumhq\selenium\selenium-json\4.37.0\selenium-json-4.37.0.jar;C:\Users\SUJITHA\.m2\repository\org\seleniumhq\selenium\selenium-manager\4.37.0\selenium-manager-4.37.0.jar;C:\Users\SUJITHA\.m2\repository\org\seleniumhq\selenium\selenium-devtools-v139\4.37.0\selenium-devtools-v139-4.37.0.jar;C:\Users\SUJITHA\.m2\repository\org\seleniumhq\selenium\selenium-devtools-v140\4.37.0\selenium-devtools-v140-4.37.0.jar;C:\Users\SUJITHA\.m2\repository\org\seleniumhq\selenium\selenium-devtools-v141\4.37.0\selenium-devtools-v141-4.37.0.jar;C:\Users\SUJITHA\.m2\repository\org\seleniumhq\selenium\selenium-edge-driver\4.37.0\selenium-edge-driver-4.37.0.jar;C:\Users\SUJITHA\.m2\repository\org\seleniumhq\selenium\selenium-firefox-driver\4.37.0\selenium-firefox-driver-4.37.0.jar;C:\Users\SUJITHA\.m2\repository\org\seleniumhq\selenium\selenium-http\4.37.0\selenium-http-4.37.0.jar;C:\Users\SUJITHA\.m2\repository\org\seleniumhq\selenium\selenium-ie-driver\4.37.0\selenium-ie-driver-4.37.0.jar;C:\Users\SUJITHA\.m2\repository\org\seleniumhq\selenium\selenium-remote-driver\4.37.0\selenium-remote-driver-4.37.0.jar;C:\Users\SUJITHA\.m2\repository\com\google\guava\guava\33.5.0-jre\guava-33.5.0-jre.jar;C:\Users\SUJITHA\.m2\repository\com\google\guava\failureaccess\1.0.3\failureaccess-1.0.3.jar;C:\Users\SUJITHA\.m2\repository\com\google\guava\listenablefuture\9999.0-empty-to-avoid-conflict-with-guava\listenablefuture-9999.0-empty-to-avoid-conflict-with-guava.jar;C:\Users\SUJITHA\.m2\repository\com\google\errorprone\error_prone_annotations\2.41.0\error_prone_annotations-2.41.0.jar;C:\Users\SUJITHA\.m2\repository\com\google\j2objc\j2objc-annotations\3.1\j2objc-annotations-3.1.jar;C:\Users\SUJITHA\.m2\repository\io\opentelemetry\opentelemetry-api\1.55.0\opentelemetry-api-1.55.0.jar;C:\Users\SUJITHA\.m2\repository\io\opentelemetry\opentelemetry-context\1.55.0\opentelemetry-context-1.55.0.jar;C:\Users\SUJITHA\.m2\repository\io\opentelemetry\opentelemetry-common\1.55.0\opentelemetry-common-1.55.0.jar;C:\Users\SUJITHA\.m2\repository\io\opentelemetry\opentelemetry-exporter-logging\1.55.0\opentelemetry-exporter-logging-1.55.0.jar;C:\Users\SUJITHA\.m2\repository\io\opentelemetry\opentelemetry-sdk-common\1.55.0\opentelemetry-sdk-common-1.55.0.jar;C:\Users\SUJITHA\.m2\repository\io\opentelemetry\opentelemetry-sdk-extension-autoconfigure-spi\1.55.0\opentelemetry-sdk-extension-autoconfigure-spi-1.55.0.jar;C:\Users\SUJITHA\.m2\repository\io\opentelemetry\opentelemetry-sdk-extension-autoconfigure\1.55.0\opentelemetry-sdk-extension-autoconfigure-1.55.0.jar;C:\Users\SUJITHA\.m2\repository\io\opentelemetry\opentelemetry-sdk-trace\1.55.0\opentelemetry-sdk-trace-1.55.0.jar;C:\Users\SUJITHA\.m2\repository\io\opentelemetry\opentelemetry-sdk\1.55.0\opentelemetry-sdk-1.55.0.jar;C:\Users\SUJITHA\.m2\repository\io\opentelemetry\opentelemetry-sdk-metrics\1.55.0\opentelemetry-sdk-metrics-1.55.0.jar;C:\Users\SUJITHA\.m2\repository\io\opentelemetry\opentelemetry-sdk-logs\1.55.0\opentelemetry-sdk-logs-1.55.0.jar;C:\Users\SUJITHA\.m2\repository\net\bytebuddy\byte-buddy\1.17.8\byte-buddy-1.17.8.jar;C:\Users\SUJITHA\.m2\repository\org\seleniumhq\selenium\selenium-os\4.37.0\selenium-os-4.37.0.jar;C:\Users\SUJITHA\.m2\repository\org\apache\commons\commons-exec\1.5.0\commons-exec-1.5.0.jar;C:\Users\SUJITHA\.m2\repository\org\seleniumhq\selenium\selenium-safari-driver\4.37.0\selenium-safari-driver-4.37.0.jar;C:\Users\SUJITHA\.m2\repository\org\seleniumhq\selenium\selenium-support\4.37.0\selenium-support-4.37.0.jar;C:\Users\SUJITHA\.m2\repository\com\aventstack\extentreports\5.1.1\extentreports-5.1.1.jar;C:\Users\SUJITHA\.m2\repository\io\reactivex\rxjava3\rxjava\3.1.6\rxjava-3.1.6.jar;C:\Users\SUJITHA\.m2\repository\org\reactivestreams\reactive-streams\1.0.4\reactive-streams-1.0.4.jar;C:\Users\SUJITHA\.m2\repository\org\freemarker\freemarker\2.3.32\freemarker-2.3.32.jar;C:\Users\SUJITHA\.m2\repository\com\google\code\gson\gson\2.10.1\gson-2.10.1.jar;C:\Users\SUJITHA\.m2\repository\org\apache\logging\log4j\log4j-api\2.25.2\log4j-api-2.25.2.jar;C:\Users\SUJITHA\.m2\repository\org\apache\logging\log4j\log4j-core\2.25.2\log4j-core-2.25.2.jar
Launcher Type: SUN_STANDARD

[Global flags]
     intx CICompilerCount                          = 3                                         {product} {ergonomic}
     uint ConcGCThreads                            = 1                                         {product} {ergonomic}
     uint G1ConcRefinementThreads                  = 4                                         {product} {ergonomic}
   size_t G1HeapRegionSize                         = 1048576                                   {product} {ergonomic}
    uintx GCDrainStackTargetSize                   = 64                                        {product} {ergonomic}
   size_t InitialHeapSize                          = 130023424                                 {product} {ergonomic}
   size_t MarkStackSize                            = 4194304                                   {product} {ergonomic}
   size_t MaxHeapSize                              = 2067791872                                {product} {ergonomic}
   size_t MaxNewSize                               = 1240465408                                {product} {ergonomic}
   size_t MinHeapDeltaBytes                        = 1048576                                   {product} {ergonomic}
   size_t MinHeapSize                              = 8388608                                   {product} {ergonomic}
    uintx NonNMethodCodeHeapSize                   = 5832780                                {pd product} {ergonomic}
    uintx NonProfiledCodeHeapSize                  = 122912730                              {pd product} {ergonomic}
    uintx ProfiledCodeHeapSize                     = 122912730                              {pd product} {ergonomic}
    uintx ReservedCodeCacheSize                    = 251658240                              {pd product} {ergonomic}
     bool SegmentedCodeCache                       = true                                      {product} {ergonomic}
     bool ShowCodeDetailsInExceptionMessages       = true                                   {manageable} {command line}
   size_t SoftMaxHeapSize                          = 2067791872                             {manageable} {ergonomic}
     bool UseCompressedOops                        = true                           {product lp64_product} {ergonomic}
     bool UseG1GC                                  = true                                      {product} {ergonomic}
     bool UseLargePagesIndividualAllocation        = false                                  {pd product} {ergonomic}

Logging:
Log output configuration:
 #0: stdout all=warning uptime,level,tags foldmultilines=false
 #1: stderr all=off uptime,level,tags foldmultilines=false

Environment Variables:
PATH=F:/Eclipse/eclipse//plugins/org.eclipse.justj.openjdk.hotspot.jre.full.win32.x86_64_16.0.2.v20210721-1149/jre/bin/server;F:/Eclipse/eclipse//plugins/org.eclipse.justj.openjdk.hotspot.jre.full.win32.x86_64_16.0.2.v20210721-1149/jre/bin;C:\Program Files\Common Files\Oracle\Java\javapath;C:\WINDOWS\system32;C:\WINDOWS;C:\WINDOWS\System32\Wbem;C:\WINDOWS\System32\WindowsPowerShell\v1.0\;C:\WINDOWS\System32\OpenSSH\;C:\Program Files\nodejs\;C:\Users\SUJITHA\AppData\Local\Microsoft\WindowsApps;C:\Users\SUJITHA\AppData\Roaming\npm;C:\Program Files\nodejs;C:\Program Files\nodejs\node_modules;C:\Program Files\Java\jdk-21\bin;C:\Program Files\apache-maven-3.9.11\bin;;F:\Eclipse\eclipse;
USERNAME=SUJITHA
OS=Windows_NT
PROCESSOR_IDENTIFIER=Intel64 Family 6 Model 126 Stepping 5, GenuineIntel
TMP=C:\Users\SUJITHA\AppData\Local\Temp
TEMP=C:\Users\SUJITHA\AppData\Local\Temp




Periodic native trim disabled

---------------  S Y S T E M  ---------------

OS:
 Windows 11 , 64 bit Build 26100 (10.0.26100.6725)
OS uptime: 1 days 7:22 hours

CPU: total 4 (initial active 4) (2 cores per cpu, 2 threads per core) family 6 model 126 stepping 5 microcode 0xa0, cx8, cmov, fxsr, ht, mmx, 3dnowpref, sse, sse2, sse3, ssse3, sse4.1, sse4.2, popcnt, lzcnt, tsc, tscinvbit, avx, avx2, aes, erms, clmul, bmi1, bmi2, adx, avx512f, avx512dq, avx512cd, avx512bw, avx512vl, sha, fma, vzeroupper, avx512_vpopcntdq, avx512_vpclmulqdq, avx512_vaes, avx512_vnni, clflush, clflushopt, avx512_vbmi2, avx512_vbmi, rdtscp, rdpid, fsrm, gfni, avx512_bitalg, f16c, pku, avx512_ifma
Processor Information for processor 0
  Max Mhz: 1190, Current Mhz: 1190, Mhz Limit: 1190
Processor Information for processor 1
  Max Mhz: 1190, Current Mhz: 991, Mhz Limit: 1190
Processor Information for processor 2
  Max Mhz: 1190, Current Mhz: 1190, Mhz Limit: 1190
Processor Information for processor 3
  Max Mhz: 1190, Current Mhz: 1190, Mhz Limit: 1190

Memory: 4k page, system-wide physical 7880M (1348M free)
TotalPageFile size 9928M (AvailPageFile size 0M)
current process WorkingSet (physical memory assigned to process): 98M, peak: 98M
current process commit charge ("private bytes"): 228M, peak: 228M

vm_info: Java HotSpot(TM) 64-Bit Server VM (21.0.8+12-LTS-250) for windows-amd64 JRE (21.0.8+12-LTS-250), built on 2025-06-27T08:11:22Z by "mach5one" with MS VC++ 17.6 (VS2022)

END.
