#
# There is insufficient memory for the Java Runtime Environment to continue.
# Native memory allocation (malloc) failed to allocate 32744 bytes for Chunk::new
# Possible reasons:
#   The system is out of physical RAM or swap space
#   The process is running with CompressedOops enabled, and the Java Heap may be blocking the growth of the native heap
# Possible solutions:
#   Reduce memory load on the system
#   Increase physical memory or swap space
#   Check if swap backing store is full
#   Decrease Java heap size (-Xmx/-Xms)
#   Decrease number of Java threads
#   Decrease Java thread stack sizes (-Xss)
#   Set larger code cache with -XX:ReservedCodeCacheSize=
#   JVM is running with Unscaled Compressed Oops mode in which the Java heap is
#     placed in the first 4GB address space. The Java Heap base address is the
#     maximum limit for the native heap growth. Please use -XX:HeapBaseMinAddress
#     to set the Java Heap base and to place the Java Heap above 4GB virtual address.
# This output file may be truncated or incomplete.
#
#  Out of Memory Error (arena.cpp:168), pid=17184, tid=11472
#
# JRE version: Java(TM) SE Runtime Environment (21.0.8+12) (build 21.0.8+12-LTS-250)
# Java VM: Java HotSpot(TM) 64-Bit Server VM (21.0.8+12-LTS-250, mixed mode, sharing, tiered, compressed oops, compressed class ptrs, g1 gc, windows-amd64)
# No core dump will be written. Minidumps are not enabled by default on client versions of Windows
#

---------------  S U M M A R Y ------------

Command Line: -javaagent:C:\\Users\\SUJITHA\\.m2\\repository\\org\\jacoco\\org.jacoco.agent\\0.8.4\\org.jacoco.agent-0.8.4-runtime.jar=destfile=C:\\Users\\SUJITHA\\eclipse-workspace\\My Maven project 2025\\qa-framework\\target\\jacoco.exec C:\Users\SUJITHA\AppData\Local\Temp\surefire4765966657431992613\surefirebooter10167068377389779557.jar C:\Users\SUJITHA\AppData\Local\Temp\surefire4765966657431992613 2025-11-03T12-57-37_062-jvmRun1 surefire17423245676082685342tmp surefire_011400217332658271410tmp

Host: Intel(R) Core(TM) i3-1005G1 CPU @ 1.20GHz, 4 cores, 7G,  Windows 11 , 64 bit Build 26100 (10.0.26100.6725)
Time: Mon Nov  3 12:57:38 2025 India Standard Time elapsed time: 0.909930 seconds (0d 0h 0m 0s)

---------------  T H R E A D  ---------------

Current thread (0x0000029ca7edbce0):  JavaThread "C1 CompilerThread0" daemon [_thread_in_native, id=11472, stack(0x000000e233600000,0x000000e233700000) (1024K)]


Current CompileTask:
C1:    910  169       3       java.lang.String::indexOf (37 bytes)

Stack: [0x000000e233600000,0x000000e233700000]
Native frames: (J=compiled Java code, j=interpreted, Vv=VM code, C=native code)
V  [jvm.dll+0x6cc179]
V  [jvm.dll+0x8584c1]
V  [jvm.dll+0x85a9ee]
V  [jvm.dll+0x85b0c3]
V  [jvm.dll+0x27ebf6]
V  [jvm.dll+0xc4f4d]
V  [jvm.dll+0xc5483]
V  [jvm.dll+0x15775c]
V  [jvm.dll+0x1631c6]
V  [jvm.dll+0x166467]
V  [jvm.dll+0x165e86]
V  [jvm.dll+0x15d798]
V  [jvm.dll+0x15fa10]
V  [jvm.dll+0x15e035]
V  [jvm.dll+0x157eef]
V  [jvm.dll+0x167a86]
V  [jvm.dll+0x1537a0]
V  [jvm.dll+0x153b23]
V  [jvm.dll+0x153df4]
V  [jvm.dll+0x153226]
V  [jvm.dll+0x154ffd]
V  [jvm.dll+0x256359]
V  [jvm.dll+0x2548ea]
V  [jvm.dll+0x3efef6]
V  [jvm.dll+0x80279b]
V  [jvm.dll+0x6ca85d]
C  [ucrtbase.dll+0x37b0]
C  [KERNEL32.DLL+0x2e8d7]
C  [ntdll.dll+0x8c53c]


---------------  P R O C E S S  ---------------

Threads class SMR info:
_java_thread_list=0x0000029ced194910, length=10, elements={
0x0000029c8bed74e0, 0x0000029ca7ec4100, 0x0000029ca7ec8f60, 0x0000029ca7ecbe60,
0x0000029ca7ecc8b0, 0x0000029ca7ecd300, 0x0000029ca7ed6d70, 0x0000029ca7ed7c20,
0x0000029ca7edbce0, 0x0000029ced185060
}

Java Threads: ( => current thread )
  0x0000029c8bed74e0 JavaThread "main"                              [_thread_in_Java, id=18028, stack(0x000000e232700000,0x000000e232800000) (1024K)]
  0x0000029ca7ec4100 JavaThread "Reference Handler"          daemon [_thread_blocked, id=15376, stack(0x000000e232f00000,0x000000e233000000) (1024K)]
  0x0000029ca7ec8f60 JavaThread "Finalizer"                  daemon [_thread_blocked, id=16168, stack(0x000000e233000000,0x000000e233100000) (1024K)]
  0x0000029ca7ecbe60 JavaThread "Signal Dispatcher"          daemon [_thread_blocked, id=17064, stack(0x000000e233100000,0x000000e233200000) (1024K)]
  0x0000029ca7ecc8b0 JavaThread "Attach Listener"            daemon [_thread_blocked, id=16236, stack(0x000000e233200000,0x000000e233300000) (1024K)]
  0x0000029ca7ecd300 JavaThread "Service Thread"             daemon [_thread_blocked, id=16080, stack(0x000000e233300000,0x000000e233400000) (1024K)]
  0x0000029ca7ed6d70 JavaThread "Monitor Deflation Thread"   daemon [_thread_blocked, id=5292, stack(0x000000e233400000,0x000000e233500000) (1024K)]
  0x0000029ca7ed7c20 JavaThread "C2 CompilerThread0"         daemon [_thread_blocked, id=14712, stack(0x000000e233500000,0x000000e233600000) (1024K)]
=>0x0000029ca7edbce0 JavaThread "C1 CompilerThread0"         daemon [_thread_in_native, id=11472, stack(0x000000e233600000,0x000000e233700000) (1024K)]
  0x0000029ced185060 JavaThread "Common-Cleaner"             daemon [_thread_blocked, id=8268, stack(0x000000e233700000,0x000000e233800000) (1024K)]
Total: 10

Other Threads:
  0x0000029ca7ea95c0 VMThread "VM Thread"                           [id=7528, stack(0x000000e232e00000,0x000000e232f00000) (1024K)]
  0x0000029ca7e91520 WatcherThread "VM Periodic Task Thread"        [id=12236, stack(0x000000e232d00000,0x000000e232e00000) (1024K)]
  0x0000029c8bf2e110 WorkerThread "GC Thread#0"                     [id=16468, stack(0x000000e232800000,0x000000e232900000) (1024K)]
  0x0000029c89dee040 ConcurrentGCThread "G1 Main Marker"            [id=15120, stack(0x000000e232900000,0x000000e232a00000) (1024K)]
  0x0000029c8bf3c1d0 WorkerThread "G1 Conc#0"                       [id=17512, stack(0x000000e232a00000,0x000000e232b00000) (1024K)]
  0x0000029c8bf9ea50 ConcurrentGCThread "G1 Refine#0"               [id=17544, stack(0x000000e232b00000,0x000000e232c00000) (1024K)]
  0x0000029ca7d60530 ConcurrentGCThread "G1 Service"                [id=12692, stack(0x000000e232c00000,0x000000e232d00000) (1024K)]
Total: 7

Threads with active compile tasks:
C1 CompilerThread0      949  169       3       java.lang.String::indexOf (37 bytes)
Total: 1

VM state: not at safepoint (normal execution)

VM Mutex/Monitor currently owned by a thread: None

Heap address: 0x0000000084c00000, size: 1972 MB, Compressed Oops mode: 32-bit

CDS archive(s) mapped at: [0x0000029ca8000000-0x0000029ca8c90000-0x0000029ca8c90000), size 13172736, SharedBaseAddress: 0x0000029ca8000000, ArchiveRelocationMode: 1.
Compressed class space mapped at: 0x0000029ca9000000-0x0000029ce9000000, reserved size: 1073741824
Narrow klass base: 0x0000029ca8000000, Narrow klass shift: 0, Narrow klass range: 0x100000000

GC Precious Log:
 CardTable entry size: 512
 Card Set container configuration: InlinePtr #cards 5 size 8 Array Of Cards #cards 12 size 40 Howl #buckets 4 coarsen threshold 1843 Howl Bitmap #cards 512 size 80 coarsen threshold 460 Card regions per heap region 1 cards per card region 2048
 CPUs: 4 total, 4 available
 Memory: 7880M
 Large Page Support: Disabled
 NUMA Support: Disabled
 Compressed Oops: Enabled (32-bit)
 Heap Region Size: 1M
 Heap Min Capacity: 8M
 Heap Initial Capacity: 124M
 Heap Max Capacity: 1972M
 Pre-touch: Disabled
 Parallel Workers: 4
 Concurrent Workers: 1
 Concurrent Refinement Workers: 4
 Periodic GC: Disabled

Heap:
 garbage-first heap   total 126976K, used 3072K [0x0000000084c00000, 0x0000000100000000)
  region size 1024K, 5 young (5120K), 0 survivors (0K)
 Metaspace       used 343K, committed 576K, reserved 1114112K
  class space    used 15K, committed 128K, reserved 1048576K

Heap Regions: E=young(eden), S=young(survivor), O=old, HS=humongous(starts), HC=humongous(continues), CS=collection set, F=free, TAMS=top-at-mark-start, PB=parsable bottom
|   0|0x0000000084c00000, 0x0000000084c00000, 0x0000000084d00000|  0%| F|  |TAMS 0x0000000084c00000| PB 0x0000000084c00000| Untracked 
|   1|0x0000000084d00000, 0x0000000084d00000, 0x0000000084e00000|  0%| F|  |TAMS 0x0000000084d00000| PB 0x0000000084d00000| Untracked 
|   2|0x0000000084e00000, 0x0000000084e00000, 0x0000000084f00000|  0%| F|  |TAMS 0x0000000084e00000| PB 0x0000000084e00000| Untracked 
|   3|0x0000000084f00000, 0x0000000084f00000, 0x0000000085000000|  0%| F|  |TAMS 0x0000000084f00000| PB 0x0000000084f00000| Untracked 
|   4|0x0000000085000000, 0x0000000085000000, 0x0000000085100000|  0%| F|  |TAMS 0x0000000085000000| PB 0x0000000085000000| Untracked 
|   5|0x0000000085100000, 0x0000000085100000, 0x0000000085200000|  0%| F|  |TAMS 0x0000000085100000| PB 0x0000000085100000| Untracked 
|   6|0x0000000085200000, 0x0000000085200000, 0x0000000085300000|  0%| F|  |TAMS 0x0000000085200000| PB 0x0000000085200000| Untracked 
|   7|0x0000000085300000, 0x0000000085300000, 0x0000000085400000|  0%| F|  |TAMS 0x0000000085300000| PB 0x0000000085300000| Untracked 
|   8|0x0000000085400000, 0x0000000085400000, 0x0000000085500000|  0%| F|  |TAMS 0x0000000085400000| PB 0x0000000085400000| Untracked 
|   9|0x0000000085500000, 0x0000000085500000, 0x0000000085600000|  0%| F|  |TAMS 0x0000000085500000| PB 0x0000000085500000| Untracked 
|  10|0x0000000085600000, 0x0000000085600000, 0x0000000085700000|  0%| F|  |TAMS 0x0000000085600000| PB 0x0000000085600000| Untracked 
|  11|0x0000000085700000, 0x0000000085700000, 0x0000000085800000|  0%| F|  |TAMS 0x0000000085700000| PB 0x0000000085700000| Untracked 
|  12|0x0000000085800000, 0x0000000085800000, 0x0000000085900000|  0%| F|  |TAMS 0x0000000085800000| PB 0x0000000085800000| Untracked 
|  13|0x0000000085900000, 0x0000000085900000, 0x0000000085a00000|  0%| F|  |TAMS 0x0000000085900000| PB 0x0000000085900000| Untracked 
|  14|0x0000000085a00000, 0x0000000085a00000, 0x0000000085b00000|  0%| F|  |TAMS 0x0000000085a00000| PB 0x0000000085a00000| Untracked 
|  15|0x0000000085b00000, 0x0000000085b00000, 0x0000000085c00000|  0%| F|  |TAMS 0x0000000085b00000| PB 0x0000000085b00000| Untracked 
|  16|0x0000000085c00000, 0x0000000085c00000, 0x0000000085d00000|  0%| F|  |TAMS 0x0000000085c00000| PB 0x0000000085c00000| Untracked 
|  17|0x0000000085d00000, 0x0000000085d00000, 0x0000000085e00000|  0%| F|  |TAMS 0x0000000085d00000| PB 0x0000000085d00000| Untracked 
|  18|0x0000000085e00000, 0x0000000085e00000, 0x0000000085f00000|  0%| F|  |TAMS 0x0000000085e00000| PB 0x0000000085e00000| Untracked 
|  19|0x0000000085f00000, 0x0000000085f00000, 0x0000000086000000|  0%| F|  |TAMS 0x0000000085f00000| PB 0x0000000085f00000| Untracked 
|  20|0x0000000086000000, 0x0000000086000000, 0x0000000086100000|  0%| F|  |TAMS 0x0000000086000000| PB 0x0000000086000000| Untracked 
|  21|0x0000000086100000, 0x0000000086100000, 0x0000000086200000|  0%| F|  |TAMS 0x0000000086100000| PB 0x0000000086100000| Untracked 
|  22|0x0000000086200000, 0x0000000086200000, 0x0000000086300000|  0%| F|  |TAMS 0x0000000086200000| PB 0x0000000086200000| Untracked 
|  23|0x0000000086300000, 0x0000000086300000, 0x0000000086400000|  0%| F|  |TAMS 0x0000000086300000| PB 0x0000000086300000| Untracked 
|  24|0x0000000086400000, 0x0000000086400000, 0x0000000086500000|  0%| F|  |TAMS 0x0000000086400000| PB 0x0000000086400000| Untracked 
|  25|0x0000000086500000, 0x0000000086500000, 0x0000000086600000|  0%| F|  |TAMS 0x0000000086500000| PB 0x0000000086500000| Untracked 
|  26|0x0000000086600000, 0x0000000086600000, 0x0000000086700000|  0%| F|  |TAMS 0x0000000086600000| PB 0x0000000086600000| Untracked 
|  27|0x0000000086700000, 0x0000000086700000, 0x0000000086800000|  0%| F|  |TAMS 0x0000000086700000| PB 0x0000000086700000| Untracked 
|  28|0x0000000086800000, 0x0000000086800000, 0x0000000086900000|  0%| F|  |TAMS 0x0000000086800000| PB 0x0000000086800000| Untracked 
|  29|0x0000000086900000, 0x0000000086900000, 0x0000000086a00000|  0%| F|  |TAMS 0x0000000086900000| PB 0x0000000086900000| Untracked 
|  30|0x0000000086a00000, 0x0000000086a00000, 0x0000000086b00000|  0%| F|  |TAMS 0x0000000086a00000| PB 0x0000000086a00000| Untracked 
|  31|0x0000000086b00000, 0x0000000086b00000, 0x0000000086c00000|  0%| F|  |TAMS 0x0000000086b00000| PB 0x0000000086b00000| Untracked 
|  32|0x0000000086c00000, 0x0000000086c00000, 0x0000000086d00000|  0%| F|  |TAMS 0x0000000086c00000| PB 0x0000000086c00000| Untracked 
|  33|0x0000000086d00000, 0x0000000086d00000, 0x0000000086e00000|  0%| F|  |TAMS 0x0000000086d00000| PB 0x0000000086d00000| Untracked 
|  34|0x0000000086e00000, 0x0000000086e00000, 0x0000000086f00000|  0%| F|  |TAMS 0x0000000086e00000| PB 0x0000000086e00000| Untracked 
|  35|0x0000000086f00000, 0x0000000086f00000, 0x0000000087000000|  0%| F|  |TAMS 0x0000000086f00000| PB 0x0000000086f00000| Untracked 
|  36|0x0000000087000000, 0x0000000087000000, 0x0000000087100000|  0%| F|  |TAMS 0x0000000087000000| PB 0x0000000087000000| Untracked 
|  37|0x0000000087100000, 0x0000000087100000, 0x0000000087200000|  0%| F|  |TAMS 0x0000000087100000| PB 0x0000000087100000| Untracked 
|  38|0x0000000087200000, 0x0000000087200000, 0x0000000087300000|  0%| F|  |TAMS 0x0000000087200000| PB 0x0000000087200000| Untracked 
|  39|0x0000000087300000, 0x0000000087300000, 0x0000000087400000|  0%| F|  |TAMS 0x0000000087300000| PB 0x0000000087300000| Untracked 
|  40|0x0000000087400000, 0x0000000087400000, 0x0000000087500000|  0%| F|  |TAMS 0x0000000087400000| PB 0x0000000087400000| Untracked 
|  41|0x0000000087500000, 0x0000000087500000, 0x0000000087600000|  0%| F|  |TAMS 0x0000000087500000| PB 0x0000000087500000| Untracked 
|  42|0x0000000087600000, 0x0000000087600000, 0x0000000087700000|  0%| F|  |TAMS 0x0000000087600000| PB 0x0000000087600000| Untracked 
|  43|0x0000000087700000, 0x0000000087700000, 0x0000000087800000|  0%| F|  |TAMS 0x0000000087700000| PB 0x0000000087700000| Untracked 
|  44|0x0000000087800000, 0x0000000087800000, 0x0000000087900000|  0%| F|  |TAMS 0x0000000087800000| PB 0x0000000087800000| Untracked 
|  45|0x0000000087900000, 0x0000000087900000, 0x0000000087a00000|  0%| F|  |TAMS 0x0000000087900000| PB 0x0000000087900000| Untracked 
|  46|0x0000000087a00000, 0x0000000087a00000, 0x0000000087b00000|  0%| F|  |TAMS 0x0000000087a00000| PB 0x0000000087a00000| Untracked 
|  47|0x0000000087b00000, 0x0000000087b00000, 0x0000000087c00000|  0%| F|  |TAMS 0x0000000087b00000| PB 0x0000000087b00000| Untracked 
|  48|0x0000000087c00000, 0x0000000087c00000, 0x0000000087d00000|  0%| F|  |TAMS 0x0000000087c00000| PB 0x0000000087c00000| Untracked 
|  49|0x0000000087d00000, 0x0000000087d00000, 0x0000000087e00000|  0%| F|  |TAMS 0x0000000087d00000| PB 0x0000000087d00000| Untracked 
|  50|0x0000000087e00000, 0x0000000087e00000, 0x0000000087f00000|  0%| F|  |TAMS 0x0000000087e00000| PB 0x0000000087e00000| Untracked 
|  51|0x0000000087f00000, 0x0000000087f00000, 0x0000000088000000|  0%| F|  |TAMS 0x0000000087f00000| PB 0x0000000087f00000| Untracked 
|  52|0x0000000088000000, 0x0000000088000000, 0x0000000088100000|  0%| F|  |TAMS 0x0000000088000000| PB 0x0000000088000000| Untracked 
|  53|0x0000000088100000, 0x0000000088100000, 0x0000000088200000|  0%| F|  |TAMS 0x0000000088100000| PB 0x0000000088100000| Untracked 
|  54|0x0000000088200000, 0x0000000088200000, 0x0000000088300000|  0%| F|  |TAMS 0x0000000088200000| PB 0x0000000088200000| Untracked 
|  55|0x0000000088300000, 0x0000000088300000, 0x0000000088400000|  0%| F|  |TAMS 0x0000000088300000| PB 0x0000000088300000| Untracked 
|  56|0x0000000088400000, 0x0000000088400000, 0x0000000088500000|  0%| F|  |TAMS 0x0000000088400000| PB 0x0000000088400000| Untracked 
|  57|0x0000000088500000, 0x0000000088500000, 0x0000000088600000|  0%| F|  |TAMS 0x0000000088500000| PB 0x0000000088500000| Untracked 
|  58|0x0000000088600000, 0x0000000088600000, 0x0000000088700000|  0%| F|  |TAMS 0x0000000088600000| PB 0x0000000088600000| Untracked 
|  59|0x0000000088700000, 0x0000000088700000, 0x0000000088800000|  0%| F|  |TAMS 0x0000000088700000| PB 0x0000000088700000| Untracked 
|  60|0x0000000088800000, 0x0000000088800000, 0x0000000088900000|  0%| F|  |TAMS 0x0000000088800000| PB 0x0000000088800000| Untracked 
|  61|0x0000000088900000, 0x0000000088900000, 0x0000000088a00000|  0%| F|  |TAMS 0x0000000088900000| PB 0x0000000088900000| Untracked 
|  62|0x0000000088a00000, 0x0000000088a00000, 0x0000000088b00000|  0%| F|  |TAMS 0x0000000088a00000| PB 0x0000000088a00000| Untracked 
|  63|0x0000000088b00000, 0x0000000088b00000, 0x0000000088c00000|  0%| F|  |TAMS 0x0000000088b00000| PB 0x0000000088b00000| Untracked 
|  64|0x0000000088c00000, 0x0000000088c00000, 0x0000000088d00000|  0%| F|  |TAMS 0x0000000088c00000| PB 0x0000000088c00000| Untracked 
|  65|0x0000000088d00000, 0x0000000088d00000, 0x0000000088e00000|  0%| F|  |TAMS 0x0000000088d00000| PB 0x0000000088d00000| Untracked 
|  66|0x0000000088e00000, 0x0000000088e00000, 0x0000000088f00000|  0%| F|  |TAMS 0x0000000088e00000| PB 0x0000000088e00000| Untracked 
|  67|0x0000000088f00000, 0x0000000088f00000, 0x0000000089000000|  0%| F|  |TAMS 0x0000000088f00000| PB 0x0000000088f00000| Untracked 
|  68|0x0000000089000000, 0x0000000089000000, 0x0000000089100000|  0%| F|  |TAMS 0x0000000089000000| PB 0x0000000089000000| Untracked 
|  69|0x0000000089100000, 0x0000000089100000, 0x0000000089200000|  0%| F|  |TAMS 0x0000000089100000| PB 0x0000000089100000| Untracked 
|  70|0x0000000089200000, 0x0000000089200000, 0x0000000089300000|  0%| F|  |TAMS 0x0000000089200000| PB 0x0000000089200000| Untracked 
|  71|0x0000000089300000, 0x0000000089300000, 0x0000000089400000|  0%| F|  |TAMS 0x0000000089300000| PB 0x0000000089300000| Untracked 
|  72|0x0000000089400000, 0x0000000089400000, 0x0000000089500000|  0%| F|  |TAMS 0x0000000089400000| PB 0x0000000089400000| Untracked 
|  73|0x0000000089500000, 0x0000000089500000, 0x0000000089600000|  0%| F|  |TAMS 0x0000000089500000| PB 0x0000000089500000| Untracked 
|  74|0x0000000089600000, 0x0000000089600000, 0x0000000089700000|  0%| F|  |TAMS 0x0000000089600000| PB 0x0000000089600000| Untracked 
|  75|0x0000000089700000, 0x0000000089700000, 0x0000000089800000|  0%| F|  |TAMS 0x0000000089700000| PB 0x0000000089700000| Untracked 
|  76|0x0000000089800000, 0x0000000089800000, 0x0000000089900000|  0%| F|  |TAMS 0x0000000089800000| PB 0x0000000089800000| Untracked 
|  77|0x0000000089900000, 0x0000000089900000, 0x0000000089a00000|  0%| F|  |TAMS 0x0000000089900000| PB 0x0000000089900000| Untracked 
|  78|0x0000000089a00000, 0x0000000089a00000, 0x0000000089b00000|  0%| F|  |TAMS 0x0000000089a00000| PB 0x0000000089a00000| Untracked 
|  79|0x0000000089b00000, 0x0000000089b00000, 0x0000000089c00000|  0%| F|  |TAMS 0x0000000089b00000| PB 0x0000000089b00000| Untracked 
|  80|0x0000000089c00000, 0x0000000089c00000, 0x0000000089d00000|  0%| F|  |TAMS 0x0000000089c00000| PB 0x0000000089c00000| Untracked 
|  81|0x0000000089d00000, 0x0000000089d00000, 0x0000000089e00000|  0%| F|  |TAMS 0x0000000089d00000| PB 0x0000000089d00000| Untracked 
|  82|0x0000000089e00000, 0x0000000089e00000, 0x0000000089f00000|  0%| F|  |TAMS 0x0000000089e00000| PB 0x0000000089e00000| Untracked 
|  83|0x0000000089f00000, 0x0000000089f00000, 0x000000008a000000|  0%| F|  |TAMS 0x0000000089f00000| PB 0x0000000089f00000| Untracked 
|  84|0x000000008a000000, 0x000000008a000000, 0x000000008a100000|  0%| F|  |TAMS 0x000000008a000000| PB 0x000000008a000000| Untracked 
|  85|0x000000008a100000, 0x000000008a100000, 0x000000008a200000|  0%| F|  |TAMS 0x000000008a100000| PB 0x000000008a100000| Untracked 
|  86|0x000000008a200000, 0x000000008a200000, 0x000000008a300000|  0%| F|  |TAMS 0x000000008a200000| PB 0x000000008a200000| Untracked 
|  87|0x000000008a300000, 0x000000008a300000, 0x000000008a400000|  0%| F|  |TAMS 0x000000008a300000| PB 0x000000008a300000| Untracked 
|  88|0x000000008a400000, 0x000000008a400000, 0x000000008a500000|  0%| F|  |TAMS 0x000000008a400000| PB 0x000000008a400000| Untracked 
|  89|0x000000008a500000, 0x000000008a500000, 0x000000008a600000|  0%| F|  |TAMS 0x000000008a500000| PB 0x000000008a500000| Untracked 
|  90|0x000000008a600000, 0x000000008a600000, 0x000000008a700000|  0%| F|  |TAMS 0x000000008a600000| PB 0x000000008a600000| Untracked 
|  91|0x000000008a700000, 0x000000008a700000, 0x000000008a800000|  0%| F|  |TAMS 0x000000008a700000| PB 0x000000008a700000| Untracked 
|  92|0x000000008a800000, 0x000000008a800000, 0x000000008a900000|  0%| F|  |TAMS 0x000000008a800000| PB 0x000000008a800000| Untracked 
|  93|0x000000008a900000, 0x000000008a900000, 0x000000008aa00000|  0%| F|  |TAMS 0x000000008a900000| PB 0x000000008a900000| Untracked 
|  94|0x000000008aa00000, 0x000000008aa00000, 0x000000008ab00000|  0%| F|  |TAMS 0x000000008aa00000| PB 0x000000008aa00000| Untracked 
|  95|0x000000008ab00000, 0x000000008ab00000, 0x000000008ac00000|  0%| F|  |TAMS 0x000000008ab00000| PB 0x000000008ab00000| Untracked 
|  96|0x000000008ac00000, 0x000000008ac00000, 0x000000008ad00000|  0%| F|  |TAMS 0x000000008ac00000| PB 0x000000008ac00000| Untracked 
|  97|0x000000008ad00000, 0x000000008ad00000, 0x000000008ae00000|  0%| F|  |TAMS 0x000000008ad00000| PB 0x000000008ad00000| Untracked 
|  98|0x000000008ae00000, 0x000000008ae00000, 0x000000008af00000|  0%| F|  |TAMS 0x000000008ae00000| PB 0x000000008ae00000| Untracked 
|  99|0x000000008af00000, 0x000000008af00000, 0x000000008b000000|  0%| F|  |TAMS 0x000000008af00000| PB 0x000000008af00000| Untracked 
| 100|0x000000008b000000, 0x000000008b000000, 0x000000008b100000|  0%| F|  |TAMS 0x000000008b000000| PB 0x000000008b000000| Untracked 
| 101|0x000000008b100000, 0x000000008b100000, 0x000000008b200000|  0%| F|  |TAMS 0x000000008b100000| PB 0x000000008b100000| Untracked 
| 102|0x000000008b200000, 0x000000008b200000, 0x000000008b300000|  0%| F|  |TAMS 0x000000008b200000| PB 0x000000008b200000| Untracked 
| 103|0x000000008b300000, 0x000000008b300000, 0x000000008b400000|  0%| F|  |TAMS 0x000000008b300000| PB 0x000000008b300000| Untracked 
| 104|0x000000008b400000, 0x000000008b400000, 0x000000008b500000|  0%| F|  |TAMS 0x000000008b400000| PB 0x000000008b400000| Untracked 
| 105|0x000000008b500000, 0x000000008b500000, 0x000000008b600000|  0%| F|  |TAMS 0x000000008b500000| PB 0x000000008b500000| Untracked 
| 106|0x000000008b600000, 0x000000008b600000, 0x000000008b700000|  0%| F|  |TAMS 0x000000008b600000| PB 0x000000008b600000| Untracked 
| 107|0x000000008b700000, 0x000000008b700000, 0x000000008b800000|  0%| F|  |TAMS 0x000000008b700000| PB 0x000000008b700000| Untracked 
| 108|0x000000008b800000, 0x000000008b800000, 0x000000008b900000|  0%| F|  |TAMS 0x000000008b800000| PB 0x000000008b800000| Untracked 
| 109|0x000000008b900000, 0x000000008b900000, 0x000000008ba00000|  0%| F|  |TAMS 0x000000008b900000| PB 0x000000008b900000| Untracked 
| 110|0x000000008ba00000, 0x000000008ba00000, 0x000000008bb00000|  0%| F|  |TAMS 0x000000008ba00000| PB 0x000000008ba00000| Untracked 
| 111|0x000000008bb00000, 0x000000008bb00000, 0x000000008bc00000|  0%| F|  |TAMS 0x000000008bb00000| PB 0x000000008bb00000| Untracked 
| 112|0x000000008bc00000, 0x000000008bc00000, 0x000000008bd00000|  0%| F|  |TAMS 0x000000008bc00000| PB 0x000000008bc00000| Untracked 
| 113|0x000000008bd00000, 0x000000008bd00000, 0x000000008be00000|  0%| F|  |TAMS 0x000000008bd00000| PB 0x000000008bd00000| Untracked 
| 114|0x000000008be00000, 0x000000008be00000, 0x000000008bf00000|  0%| F|  |TAMS 0x000000008be00000| PB 0x000000008be00000| Untracked 
| 115|0x000000008bf00000, 0x000000008bf00000, 0x000000008c000000|  0%| F|  |TAMS 0x000000008bf00000| PB 0x000000008bf00000| Untracked 
| 116|0x000000008c000000, 0x000000008c000000, 0x000000008c100000|  0%| F|  |TAMS 0x000000008c000000| PB 0x000000008c000000| Untracked 
| 117|0x000000008c100000, 0x000000008c100000, 0x000000008c200000|  0%| F|  |TAMS 0x000000008c100000| PB 0x000000008c100000| Untracked 
| 118|0x000000008c200000, 0x000000008c200000, 0x000000008c300000|  0%| F|  |TAMS 0x000000008c200000| PB 0x000000008c200000| Untracked 
| 119|0x000000008c300000, 0x000000008c3ad600, 0x000000008c400000| 67%| E|  |TAMS 0x000000008c300000| PB 0x000000008c300000| Complete 
| 120|0x000000008c400000, 0x000000008c500000, 0x000000008c500000|100%| E|  |TAMS 0x000000008c400000| PB 0x000000008c400000| Complete 
| 121|0x000000008c500000, 0x000000008c600000, 0x000000008c600000|100%| E|CS|TAMS 0x000000008c500000| PB 0x000000008c500000| Complete 
| 122|0x000000008c600000, 0x000000008c700000, 0x000000008c700000|100%| E|CS|TAMS 0x000000008c600000| PB 0x000000008c600000| Complete 
| 123|0x000000008c700000, 0x000000008c800000, 0x000000008c800000|100%| E|CS|TAMS 0x000000008c700000| PB 0x000000008c700000| Complete 

Card table byte_map: [0x0000029ca3750000,0x0000029ca3b30000] _byte_map_base: 0x0000029ca332a000

Marking Bits: (CMBitMap*) 0x0000029c8bf2e720
 Bits: [0x0000029ca3b30000, 0x0000029ca5a00000)

Polling page: 0x0000029c89fa0000

Metaspace:

Usage:
  Non-class:    327.34 KB used.
      Class:     15.66 KB used.
       Both:    343.01 KB used.

Virtual space:
  Non-class space:       64.00 MB reserved,     448.00 KB ( <1%) committed,  1 nodes.
      Class space:        1.00 GB reserved,     128.00 KB ( <1%) committed,  1 nodes.
             Both:        1.06 GB reserved,     576.00 KB ( <1%) committed. 

Chunk freelists:
   Non-Class:  12.00 MB
       Class:  15.75 MB
        Both:  27.74 MB

MaxMetaspaceSize: unlimited
CompressedClassSpaceSize: 1.00 GB
Initial GC threshold: 21.00 MB
Current GC threshold: 21.00 MB
CDS: on
 - commit_granule_bytes: 65536.
 - commit_granule_words: 8192.
 - virtual_space_node_default_size: 8388608.
 - enlarge_chunks_in_place: 1.
 - use_allocation_guard: 0.


Internal statistics:

num_allocs_failed_limit: 0.
num_arena_births: 6.
num_arena_deaths: 0.
num_vsnodes_births: 2.
num_vsnodes_deaths: 0.
num_space_committed: 9.
num_space_uncommitted: 0.
num_chunks_returned_to_freelist: 0.
num_chunks_taken_from_freelist: 7.
num_chunk_merges: 0.
num_chunk_splits: 5.
num_chunks_enlarged: 2.
num_inconsistent_stats: 0.

CodeHeap 'non-profiled nmethods': size=120000Kb used=86Kb max_used=86Kb free=119913Kb
 bounds [0x0000029c9be40000, 0x0000029c9c0b0000, 0x0000029ca3370000]
CodeHeap 'profiled nmethods': size=120000Kb used=168Kb max_used=168Kb free=119831Kb
 bounds [0x0000029c94370000, 0x0000029c945e0000, 0x0000029c9b8a0000]
CodeHeap 'non-nmethods': size=5760Kb used=1384Kb max_used=1398Kb free=4375Kb
 bounds [0x0000029c9b8a0000, 0x0000029c9bb10000, 0x0000029c9be40000]
 total_blobs=578 nmethods=186 adapters=297
 compilation: enabled
              stopped_count=0, restarted_count=0
 full_count=0

Compilation events (20 events):
Event: 0.678 Thread 0x0000029ca7edbce0 nmethod 158 0x0000029c94398910 code [0x0000029c94398ae0, 0x0000029c94398ee8]
Event: 0.678 Thread 0x0000029ca7edbce0  156       1       java.lang.module.ResolvedModule::reference (5 bytes)
Event: 0.678 Thread 0x0000029ca7edbce0 nmethod 156 0x0000029c9be4d510 code [0x0000029c9be4d6a0, 0x0000029c9be4d768]
Event: 0.679 Thread 0x0000029ca7edbce0  161       1       java.lang.module.ResolvedModule::configuration (5 bytes)
Event: 0.680 Thread 0x0000029ca7ed7c20 nmethod 141 0x0000029c9be4e490 code [0x0000029c9be4e620, 0x0000029c9be4e7f8]
Event: 0.680 Thread 0x0000029ca7ed7c20  148       4       java.util.HashMap::putVal (300 bytes)
Event: 0.680 Thread 0x0000029ca7edbce0 nmethod 161 0x0000029c9be4e910 code [0x0000029c9be4eaa0, 0x0000029c9be4eb68]
Event: 0.680 Thread 0x0000029ca7edbce0  163       3       java.util.AbstractSet::<init> (5 bytes)
Event: 0.680 Thread 0x0000029ca7edbce0 nmethod 163 0x0000029c94399090 code [0x0000029c94399240, 0x0000029c94399408]
Event: 0.680 Thread 0x0000029ca7edbce0  166       3       java.util.AbstractMap::<init> (5 bytes)
Event: 0.680 Thread 0x0000029ca7edbce0 nmethod 166 0x0000029c94399510 code [0x0000029c943996c0, 0x0000029c94399828]
Event: 0.680 Thread 0x0000029ca7edbce0  164       1       java.lang.module.ModuleDescriptor::isOpen (5 bytes)
Event: 0.680 Thread 0x0000029ca7edbce0 nmethod 164 0x0000029c9be4ec10 code [0x0000029c9be4eda0, 0x0000029c9be4ee70]
Event: 0.680 Thread 0x0000029ca7edbce0  165       1       java.util.HashMap::size (5 bytes)
Event: 0.680 Thread 0x0000029ca7edbce0 nmethod 165 0x0000029c9be4ef10 code [0x0000029c9be4f0a0, 0x0000029c9be4f168]
Event: 0.685 Thread 0x0000029ca7edbce0  167       3       java.lang.StringLatin1::indexOfChar (33 bytes)
Event: 0.685 Thread 0x0000029ca7edbce0 nmethod 167 0x0000029c94399910 code [0x0000029c94399ac0, 0x0000029c94399ce8]
Event: 0.687 Thread 0x0000029ca7edbce0  168       3       java.lang.invoke.MethodType::parameterCount (6 bytes)
Event: 0.750 Thread 0x0000029ca7edbce0 nmethod 168 0x0000029c94399e10 code [0x0000029c94399fa0, 0x0000029c9439a0b8]
Event: 0.751 Thread 0x0000029ca7edbce0  169       3       java.lang.String::indexOf (37 bytes)

GC Heap History (0 events):
No events

Dll operation events (3 events):
Event: 0.009 Loaded shared library C:\Program Files\Java\jdk-21\bin\java.dll
Event: 0.635 Loaded shared library C:\Program Files\Java\jdk-21\bin\jsvml.dll
Event: 0.683 Loaded shared library C:\Program Files\Java\jdk-21\bin\zip.dll

Deoptimization events (0 events):
No events

Classes loaded (6 events):
Event: 0.666 Loading class jdk/internal/module/ModuleReferenceImpl$CachedHash
Event: 0.666 Loading class jdk/internal/module/ModuleReferenceImpl$CachedHash done
Event: 0.686 Loading class sun/instrument/InstrumentationImpl
Event: 0.686 Loading class java/lang/instrument/Instrumentation
Event: 0.686 Loading class java/lang/instrument/Instrumentation done
Event: 0.686 Loading class sun/instrument/InstrumentationImpl done

Classes unloaded (0 events):
No events

Classes redefined (0 events):
No events

Internal exceptions (0 events):
No events

ZGC Phase Switch (0 events):
No events

VM Operations (2 events):
Event: 0.665 Executing VM operation: HandshakeAllThreads (Deoptimize)
Event: 0.665 Executing VM operation: HandshakeAllThreads (Deoptimize) done

Events (10 events):
Event: 0.617 Thread 0x0000029c8bed74e0 Thread added: 0x0000029c8bed74e0
Event: 0.632 Thread 0x0000029ca7ec4100 Thread added: 0x0000029ca7ec4100
Event: 0.633 Thread 0x0000029ca7ec8f60 Thread added: 0x0000029ca7ec8f60
Event: 0.633 Thread 0x0000029ca7ecbe60 Thread added: 0x0000029ca7ecbe60
Event: 0.633 Thread 0x0000029ca7ecc8b0 Thread added: 0x0000029ca7ecc8b0
Event: 0.633 Thread 0x0000029ca7ecd300 Thread added: 0x0000029ca7ecd300
Event: 0.633 Thread 0x0000029ca7ed6d70 Thread added: 0x0000029ca7ed6d70
Event: 0.633 Thread 0x0000029ca7ed7c20 Thread added: 0x0000029ca7ed7c20
Event: 0.633 Thread 0x0000029ca7edbce0 Thread added: 0x0000029ca7edbce0
Event: 0.656 Thread 0x0000029ced185060 Thread added: 0x0000029ced185060


Dynamic libraries:
0x00007ff6fbda0000 - 0x00007ff6fbdb0000 	C:\Program Files\Java\jdk-21\bin\java.exe
0x00007ffb74840000 - 0x00007ffb74aa8000 	C:\WINDOWS\SYSTEM32\ntdll.dll
0x00007ffb73b80000 - 0x00007ffb73c49000 	C:\WINDOWS\System32\KERNEL32.DLL
0x00007ffb720b0000 - 0x00007ffb724a2000 	C:\WINDOWS\System32\KERNELBASE.dll
0x00007ffb71f60000 - 0x00007ffb720ab000 	C:\WINDOWS\System32\ucrtbase.dll
0x00007ffb6c6f0000 - 0x00007ffb6c709000 	C:\Program Files\Java\jdk-21\bin\jli.dll
0x00007ffb72d90000 - 0x00007ffb72e44000 	C:\WINDOWS\System32\ADVAPI32.dll
0x00007ffb73df0000 - 0x00007ffb73e99000 	C:\WINDOWS\System32\msvcrt.dll
0x00007ffb73180000 - 0x00007ffb73226000 	C:\WINDOWS\System32\sechost.dll
0x00007ffb74570000 - 0x00007ffb74688000 	C:\WINDOWS\System32\RPCRT4.dll
0x00007ffb738c0000 - 0x00007ffb73a85000 	C:\WINDOWS\System32\USER32.dll
0x00007ffb719d0000 - 0x00007ffb719f7000 	C:\WINDOWS\System32\win32u.dll
0x00007ffb746e0000 - 0x00007ffb7470b000 	C:\WINDOWS\System32\GDI32.dll
0x00007ffb6c1f0000 - 0x00007ffb6c20b000 	C:\Program Files\Java\jdk-21\bin\VCRUNTIME140.dll
0x00007ffb71a00000 - 0x00007ffb71b2d000 	C:\WINDOWS\System32\gdi32full.dll
0x00007ffb71bc0000 - 0x00007ffb71c63000 	C:\WINDOWS\System32\msvcp_win.dll
0x00007ffb52d00000 - 0x00007ffb52f93000 	C:\WINDOWS\WinSxS\amd64_microsoft.windows.common-controls_6595b64144ccf1df_6.0.26100.6899_none_3e0efeeae32e88c1\COMCTL32.dll
0x00007ffb63690000 - 0x00007ffb6369b000 	C:\WINDOWS\SYSTEM32\VERSION.dll
0x00007ffb741b0000 - 0x00007ffb741df000 	C:\WINDOWS\System32\IMM32.DLL
0x00007ffb6c260000 - 0x00007ffb6c26c000 	C:\Program Files\Java\jdk-21\bin\vcruntime140_1.dll
0x00007ffb5b550000 - 0x00007ffb5b5de000 	C:\Program Files\Java\jdk-21\bin\msvcp140.dll
0x00007ffacce70000 - 0x00007ffacdb8d000 	C:\Program Files\Java\jdk-21\bin\server\jvm.dll
0x00007ffb73d70000 - 0x00007ffb73de4000 	C:\WINDOWS\System32\WS2_32.dll
0x00007ffb71850000 - 0x00007ffb718ae000 	C:\WINDOWS\SYSTEM32\POWRPROF.dll
0x00007ffb5c710000 - 0x00007ffb5c745000 	C:\WINDOWS\SYSTEM32\WINMM.dll
0x00007ffb71830000 - 0x00007ffb71844000 	C:\WINDOWS\SYSTEM32\UMPDC.dll
0x00007ffb70780000 - 0x00007ffb7079b000 	C:\WINDOWS\SYSTEM32\kernel.appcore.dll
0x00007ffb63a70000 - 0x00007ffb63a7a000 	C:\Program Files\Java\jdk-21\bin\jimage.dll
0x00007ffb6eed0000 - 0x00007ffb6f112000 	C:\WINDOWS\SYSTEM32\DBGHELP.DLL
0x00007ffb741f0000 - 0x00007ffb7456b000 	C:\WINDOWS\System32\combase.dll
0x00007ffb73aa0000 - 0x00007ffb73b77000 	C:\WINDOWS\System32\OLEAUT32.dll
0x00007ffb52060000 - 0x00007ffb5209c000 	C:\WINDOWS\SYSTEM32\dbgcore.DLL
0x00007ffb724b0000 - 0x00007ffb72548000 	C:\WINDOWS\System32\bcryptPrimitives.dll
0x00007ffb55e50000 - 0x00007ffb55e5f000 	C:\Program Files\Java\jdk-21\bin\instrument.dll
0x00007ffb63a50000 - 0x00007ffb63a6f000 	C:\Program Files\Java\jdk-21\bin\java.dll
0x00007ffb72640000 - 0x00007ffb72d8d000 	C:\WINDOWS\System32\SHELL32.dll
0x00007ffb71c70000 - 0x00007ffb71ddb000 	C:\WINDOWS\System32\wintypes.dll
0x00007ffb6f610000 - 0x00007ffb6fe6d000 	C:\WINDOWS\SYSTEM32\windows.storage.dll
0x00007ffb73c70000 - 0x00007ffb73d62000 	C:\WINDOWS\System32\SHCORE.dll
0x00007ffb74710000 - 0x00007ffb74772000 	C:\WINDOWS\System32\shlwapi.dll
0x00007ffb718f0000 - 0x00007ffb71919000 	C:\WINDOWS\SYSTEM32\profapi.dll
0x00007ffb497d0000 - 0x00007ffb498a7000 	C:\Program Files\Java\jdk-21\bin\jsvml.dll
0x00007ffb55e90000 - 0x00007ffb55ea8000 	C:\Program Files\Java\jdk-21\bin\zip.dll
0x00007ffb5b650000 - 0x00007ffb5b660000 	C:\Program Files\Java\jdk-21\bin\net.dll
0x00007ffb645b0000 - 0x00007ffb646cf000 	C:\WINDOWS\SYSTEM32\WINHTTP.dll
0x00007ffb70d10000 - 0x00007ffb70d7b000 	C:\WINDOWS\system32\mswsock.dll
0x00007ffb5b630000 - 0x00007ffb5b646000 	C:\Program Files\Java\jdk-21\bin\nio.dll

dbghelp: loaded successfully - version: 4.0.5 - missing functions: none
symbol engine: initialized successfully - sym options: 0x614 - pdb path: .;C:\Program Files\Java\jdk-21\bin;C:\WINDOWS\SYSTEM32;C:\WINDOWS\WinSxS\amd64_microsoft.windows.common-controls_6595b64144ccf1df_6.0.26100.6899_none_3e0efeeae32e88c1;C:\Program Files\Java\jdk-21\bin\server

VM Arguments:
jvm_args: -javaagent:C:\\Users\\SUJITHA\\.m2\\repository\\org\\jacoco\\org.jacoco.agent\\0.8.4\\org.jacoco.agent-0.8.4-runtime.jar=destfile=C:\\Users\\SUJITHA\\eclipse-workspace\\My Maven project 2025\\qa-framework\\target\\jacoco.exec 
java_command: C:\Users\SUJITHA\AppData\Local\Temp\surefire4765966657431992613\surefirebooter10167068377389779557.jar C:\Users\SUJITHA\AppData\Local\Temp\surefire4765966657431992613 2025-11-03T12-57-37_062-jvmRun1 surefire17423245676082685342tmp surefire_011400217332658271410tmp
java_class_path (initial): C:\Users\SUJITHA\AppData\Local\Temp\surefire4765966657431992613\surefirebooter10167068377389779557.jar
Launcher Type: SUN_STANDARD

[Global flags]
     intx CICompilerCount                          = 3                                         {product} {ergonomic}
     uint ConcGCThreads                            = 1                                         {product} {ergonomic}
     uint G1ConcRefinementThreads                  = 4                                         {product} {ergonomic}
   size_t G1HeapRegionSize                         = 1048576                                   {product} {ergonomic}
    uintx GCDrainStackTargetSize                   = 64                                        {product} {ergonomic}
   size_t InitialHeapSize                          = 130023424                                 {product} {ergonomic}
   size_t MarkStackSize                            = 4194304                                   {product} {ergonomic}
   size_t MaxHeapSize                              = 2067791872                                {product} {ergonomic}
   size_t MaxNewSize                               = 1240465408                                {product} {ergonomic}
   size_t MinHeapDeltaBytes                        = 1048576                                   {product} {ergonomic}
   size_t MinHeapSize                              = 8388608                                   {product} {ergonomic}
    uintx NonNMethodCodeHeapSize                   = 5832780                                {pd product} {ergonomic}
    uintx NonProfiledCodeHeapSize                  = 122912730                              {pd product} {ergonomic}
    uintx ProfiledCodeHeapSize                     = 122912730                              {pd product} {ergonomic}
    uintx ReservedCodeCacheSize                    = 251658240                              {pd product} {ergonomic}
     bool SegmentedCodeCache                       = true                                      {product} {ergonomic}
   size_t SoftMaxHeapSize                          = 2067791872                             {manageable} {ergonomic}
     bool UseCompressedOops                        = true                           {product lp64_product} {ergonomic}
     bool UseG1GC                                  = true                                      {product} {ergonomic}
     bool UseLargePagesIndividualAllocation        = false                                  {pd product} {ergonomic}

Logging:
Log output configuration:
 #0: stdout all=warning uptime,level,tags foldmultilines=false
 #1: stderr all=off uptime,level,tags foldmultilines=false

Environment Variables:
JAVA_HOME=C:\Program Files\Java\jdk-21
PATH=C:\Program Files\Common Files\Oracle\Java\javapath;C:\WINDOWS\system32;C:\WINDOWS;C:\WINDOWS\System32\Wbem;C:\WINDOWS\System32\WindowsPowerShell\v1.0\;C:\WINDOWS\System32\OpenSSH\;C:\Program Files\nodejs\;C:\Program Files\Docker\Docker\resources\bin;C:\Users\SUJITHA\AppData\Local\Microsoft\WindowsApps;C:\Users\SUJITHA\AppData\Roaming\npm;C:\Program Files\nodejs;C:\Program Files\nodejs\node_modules;C:\Program Files\Java\jdk-21\bin;C:\Program Files\apache-maven-3.9.11\bin;
USERNAME=SUJITHA
OS=Windows_NT
PROCESSOR_IDENTIFIER=Intel64 Family 6 Model 126 Stepping 5, GenuineIntel
TMP=C:\Users\SUJITHA\AppData\Local\Temp
TEMP=C:\Users\SUJITHA\AppData\Local\Temp




Periodic native trim disabled

---------------  S Y S T E M  ---------------

OS:
 Windows 11 , 64 bit Build 26100 (10.0.26100.6725)
OS uptime: 0 days 1:36 hours
Hyper-V role detected

CPU: total 4 (initial active 4) (2 cores per cpu, 2 threads per core) family 6 model 126 stepping 5 microcode 0xa0, cx8, cmov, fxsr, ht, mmx, 3dnowpref, sse, sse2, sse3, ssse3, sse4.1, sse4.2, popcnt, lzcnt, tsc, tscinvbit, avx, avx2, aes, erms, clmul, bmi1, bmi2, adx, avx512f, avx512dq, avx512cd, avx512bw, avx512vl, sha, fma, vzeroupper, avx512_vpopcntdq, avx512_vpclmulqdq, avx512_vaes, avx512_vnni, clflush, clflushopt, avx512_vbmi2, avx512_vbmi, hv, rdtscp, rdpid, fsrm, gfni, avx512_bitalg, f16c, avx512_ifma
Processor Information for processor 0
  Max Mhz: 1190, Current Mhz: 1190, Mhz Limit: 1190
Processor Information for processor 1
  Max Mhz: 1190, Current Mhz: 991, Mhz Limit: 1190
Processor Information for processor 2
  Max Mhz: 1190, Current Mhz: 1190, Mhz Limit: 1190
Processor Information for processor 3
  Max Mhz: 1190, Current Mhz: 1190, Mhz Limit: 1190

Memory: 4k page, system-wide physical 7880M (856M free)
TotalPageFile size 9928M (AvailPageFile size 3M)
current process WorkingSet (physical memory assigned to process): 43M, peak: 43M
current process commit charge ("private bytes"): 199M, peak: 199M

vm_info: Java HotSpot(TM) 64-Bit Server VM (21.0.8+12-LTS-250) for windows-amd64 JRE (21.0.8+12-LTS-250), built on 2025-06-27T08:11:22Z by "mach5one" with MS VC++ 17.6 (VS2022)

END.
