#
# There is insufficient memory for the Java Runtime Environment to continue.
# Native memory allocation (malloc) failed to allocate 514640 bytes for Chunk::new
# Possible reasons:
#   The system is out of physical RAM or swap space
#   The process is running with CompressedOops enabled, and the Java Heap may be blocking the growth of the native heap
# Possible solutions:
#   Reduce memory load on the system
#   Increase physical memory or swap space
#   Check if swap backing store is full
#   Decrease Java heap size (-Xmx/-Xms)
#   Decrease number of Java threads
#   Decrease Java thread stack sizes (-Xss)
#   Set larger code cache with -XX:ReservedCodeCacheSize=
#   JVM is running with Unscaled Compressed Oops mode in which the Java heap is
#     placed in the first 4GB address space. The Java Heap base address is the
#     maximum limit for the native heap growth. Please use -XX:HeapBaseMinAddress
#     to set the Java Heap base and to place the Java Heap above 4GB virtual address.
# This output file may be truncated or incomplete.
#
#  Out of Memory Error (arena.cpp:168), pid=5316, tid=1900
#
# JRE version: Java(TM) SE Runtime Environment (21.0.8+12) (build 21.0.8+12-LTS-250)
# Java VM: Java HotSpot(TM) 64-Bit Server VM (21.0.8+12-LTS-250, mixed mode, sharing, tiered, compressed oops, compressed class ptrs, g1 gc, windows-amd64)
# No core dump will be written. Minidumps are not enabled by default on client versions of Windows
#

---------------  S U M M A R Y ------------

Command Line: -javaagent:C:\\Users\\SUJITHA\\.m2\\repository\\org\\jacoco\\org.jacoco.agent\\0.8.4\\org.jacoco.agent-0.8.4-runtime.jar=destfile=C:\\Users\\SUJITHA\\eclipse-workspace\\My Maven project 2025\\qa-framework\\target\\jacoco.exec C:\Users\SUJITHA\AppData\Local\Temp\surefire16055548695181752015\surefirebooter10460439856056601813.jar C:\Users\SUJITHA\AppData\Local\Temp\surefire16055548695181752015 2025-11-03T12-54-57_927-jvmRun1 surefire17406672878244750572tmp surefire_05690166686083196429tmp

Host: Intel(R) Core(TM) i3-1005G1 CPU @ 1.20GHz, 4 cores, 7G,  Windows 11 , 64 bit Build 26100 (10.0.26100.6725)
Time: Mon Nov  3 12:55:04 2025 India Standard Time elapsed time: 6.193644 seconds (0d 0h 0m 6s)

---------------  T H R E A D  ---------------

Current thread (0x000001d39c572630):  JavaThread "C2 CompilerThread0" daemon [_thread_in_native, id=1900, stack(0x0000008fe7600000,0x0000008fe7700000) (1024K)]


Current CompileTask:
C2:   6193 2159       4       java.lang.Throwable$WrappedPrintStream::println (9 bytes)

Stack: [0x0000008fe7600000,0x0000008fe7700000]
Native frames: (J=compiled Java code, j=interpreted, Vv=VM code, C=native code)
V  [jvm.dll+0x6cc179]
V  [jvm.dll+0x8584c1]
V  [jvm.dll+0x85a9ee]
V  [jvm.dll+0x85b0c3]
V  [jvm.dll+0x27ebf6]
V  [jvm.dll+0xc4f4d]
V  [jvm.dll+0xc5483]
V  [jvm.dll+0x3b6abc]
V  [jvm.dll+0x382a35]
V  [jvm.dll+0x381eaa]
V  [jvm.dll+0x247670]
V  [jvm.dll+0x246c4f]
V  [jvm.dll+0x1c7a3e]
V  [jvm.dll+0x256359]
V  [jvm.dll+0x2548ea]
V  [jvm.dll+0x3efef6]
V  [jvm.dll+0x80279b]
V  [jvm.dll+0x6ca85d]
C  [ucrtbase.dll+0x37b0]
C  [KERNEL32.DLL+0x2e8d7]
C  [ntdll.dll+0x8c53c]


---------------  P R O C E S S  ---------------

Threads class SMR info:
_java_thread_list=0x000001d3e39093b0, length=14, elements={
0x000001d3fe2f3090, 0x000001d39c564aa0, 0x000001d39c567220, 0x000001d39c56e9b0,
0x000001d39c56f400, 0x000001d39c56fe50, 0x000001d39c5718b0, 0x000001d39c572630,
0x000001d39c578d20, 0x000001d39c539550, 0x000001d3e23c0860, 0x000001d3e2405610,
0x000001d3e27d51c0, 0x000001d3e402ac50
}

Java Threads: ( => current thread )
  0x000001d3fe2f3090 JavaThread "main"                              [_thread_in_Java, id=17732, stack(0x0000008fe6800000,0x0000008fe6900000) (1024K)]
  0x000001d39c564aa0 JavaThread "Reference Handler"          daemon [_thread_blocked, id=5236, stack(0x0000008fe7000000,0x0000008fe7100000) (1024K)]
  0x000001d39c567220 JavaThread "Finalizer"                  daemon [_thread_blocked, id=15808, stack(0x0000008fe7100000,0x0000008fe7200000) (1024K)]
  0x000001d39c56e9b0 JavaThread "Signal Dispatcher"          daemon [_thread_blocked, id=13716, stack(0x0000008fe7200000,0x0000008fe7300000) (1024K)]
  0x000001d39c56f400 JavaThread "Attach Listener"            daemon [_thread_blocked, id=5952, stack(0x0000008fe7300000,0x0000008fe7400000) (1024K)]
  0x000001d39c56fe50 JavaThread "Service Thread"             daemon [_thread_blocked, id=16872, stack(0x0000008fe7400000,0x0000008fe7500000) (1024K)]
  0x000001d39c5718b0 JavaThread "Monitor Deflation Thread"   daemon [_thread_blocked, id=17444, stack(0x0000008fe7500000,0x0000008fe7600000) (1024K)]
=>0x000001d39c572630 JavaThread "C2 CompilerThread0"         daemon [_thread_in_native, id=1900, stack(0x0000008fe7600000,0x0000008fe7700000) (1024K)]
  0x000001d39c578d20 JavaThread "C1 CompilerThread0"         daemon [_thread_in_native, id=5220, stack(0x0000008fe7700000,0x0000008fe7800000) (1024K)]
  0x000001d39c539550 JavaThread "Common-Cleaner"             daemon [_thread_blocked, id=8244, stack(0x0000008fe7800000,0x0000008fe7900000) (1024K)]
  0x000001d3e23c0860 JavaThread "Notification Thread"        daemon [_thread_blocked, id=15272, stack(0x0000008fe7a00000,0x0000008fe7b00000) (1024K)]
  0x000001d3e2405610 JavaThread "surefire-forkedjvm-command-thread" daemon [_thread_in_native, id=8264, stack(0x0000008fe7b00000,0x0000008fe7c00000) (1024K)]
  0x000001d3e27d51c0 JavaThread "surefire-forkedjvm-ping-30s" daemon [_thread_in_native, id=16148, stack(0x0000008fe7f00000,0x0000008fe8000000) (1024K)]
  0x000001d3e402ac50 JavaThread "C2 CompilerThread1"         daemon [_thread_new, id=2684, stack(0x0000000000000000,0x0000000000000000) (0B)]
Total: 14

Other Threads:
  0x000001d39c5482d0 VMThread "VM Thread"                           [id=10940, stack(0x0000008fe6f00000,0x0000008fe7000000) (1024K)]
  0x000001d39c537db0 WatcherThread "VM Periodic Task Thread"        [id=18156, stack(0x0000008fe6e00000,0x0000008fe6f00000) (1024K)]
  0x000001d3ffe06bc0 WorkerThread "GC Thread#0"                     [id=7136, stack(0x0000008fe6900000,0x0000008fe6a00000) (1024K)]
  0x000001d3e2433130 WorkerThread "GC Thread#1"                     [id=11384, stack(0x0000008fe7c00000,0x0000008fe7d00000) (1024K)]
  0x000001d3e27db670 WorkerThread "GC Thread#2"                     [id=13380, stack(0x0000008fe7d00000,0x0000008fe7e00000) (1024K)]
  0x000001d3e2460340 WorkerThread "GC Thread#3"                     [id=15760, stack(0x0000008fe7e00000,0x0000008fe7f00000) (1024K)]
  0x000001d3ffe17a30 ConcurrentGCThread "G1 Main Marker"            [id=10112, stack(0x0000008fe6a00000,0x0000008fe6b00000) (1024K)]
  0x000001d3ffe18530 WorkerThread "G1 Conc#0"                       [id=14376, stack(0x0000008fe6b00000,0x0000008fe6c00000) (1024K)]
  0x000001d39c4020c0 ConcurrentGCThread "G1 Refine#0"               [id=1064, stack(0x0000008fe6c00000,0x0000008fe6d00000) (1024K)]
  0x000001d3ffe7d930 ConcurrentGCThread "G1 Service"                [id=11092, stack(0x0000008fe6d00000,0x0000008fe6e00000) (1024K)]
Total: 10

Threads with active compile tasks:
C2 CompilerThread0     6219 2159       4       java.lang.Throwable$WrappedPrintStream::println (9 bytes)
C1 CompilerThread0     6219 2193       3       sun.security.util.math.intpoly.IntegerPolynomial::carryOut (22 bytes)
Total: 2

VM state: not at safepoint (normal execution)

VM Mutex/Monitor currently owned by a thread: None

Heap address: 0x0000000084c00000, size: 1972 MB, Compressed Oops mode: 32-bit

CDS archive(s) mapped at: [0x000001d39d000000-0x000001d39dc90000-0x000001d39dc90000), size 13172736, SharedBaseAddress: 0x000001d39d000000, ArchiveRelocationMode: 1.
Compressed class space mapped at: 0x000001d39e000000-0x000001d3de000000, reserved size: 1073741824
Narrow klass base: 0x000001d39d000000, Narrow klass shift: 0, Narrow klass range: 0x100000000

GC Precious Log:
 CardTable entry size: 512
 Card Set container configuration: InlinePtr #cards 5 size 8 Array Of Cards #cards 12 size 40 Howl #buckets 4 coarsen threshold 1843 Howl Bitmap #cards 512 size 80 coarsen threshold 460 Card regions per heap region 1 cards per card region 2048
 CPUs: 4 total, 4 available
 Memory: 7880M
 Large Page Support: Disabled
 NUMA Support: Disabled
 Compressed Oops: Enabled (32-bit)
 Heap Region Size: 1M
 Heap Min Capacity: 8M
 Heap Initial Capacity: 124M
 Heap Max Capacity: 1972M
 Pre-touch: Disabled
 Parallel Workers: 4
 Concurrent Workers: 1
 Concurrent Refinement Workers: 4
 Periodic GC: Disabled

Heap:
 garbage-first heap   total 126976K, used 41347K [0x0000000084c00000, 0x0000000100000000)
  region size 1024K, 38 young (38912K), 2 survivors (2048K)
 Metaspace       used 12140K, committed 12352K, reserved 1114112K
  class space    used 1193K, committed 1280K, reserved 1048576K

Heap Regions: E=young(eden), S=young(survivor), O=old, HS=humongous(starts), HC=humongous(continues), CS=collection set, F=free, TAMS=top-at-mark-start, PB=parsable bottom
|   0|0x0000000084c00000, 0x0000000084d00000, 0x0000000084d00000|100%| O|  |TAMS 0x0000000084c00000| PB 0x0000000084c00000| Untracked 
|   1|0x0000000084d00000, 0x0000000084e00000, 0x0000000084e00000|100%| O|  |TAMS 0x0000000084d00000| PB 0x0000000084d00000| Untracked 
|   2|0x0000000084e00000, 0x0000000084f00000, 0x0000000084f00000|100%| O|  |TAMS 0x0000000084e00000| PB 0x0000000084e00000| Untracked 
|   3|0x0000000084f00000, 0x0000000085000000, 0x0000000085000000|100%| O|  |TAMS 0x0000000084f00000| PB 0x0000000084f00000| Untracked 
|   4|0x0000000085000000, 0x0000000085100000, 0x0000000085100000|100%| O|  |TAMS 0x0000000085000000| PB 0x0000000085000000| Untracked 
|   5|0x0000000085100000, 0x0000000085100000, 0x0000000085200000|  0%| F|  |TAMS 0x0000000085100000| PB 0x0000000085100000| Untracked 
|   6|0x0000000085200000, 0x0000000085200000, 0x0000000085300000|  0%| F|  |TAMS 0x0000000085200000| PB 0x0000000085200000| Untracked 
|   7|0x0000000085300000, 0x0000000085300000, 0x0000000085400000|  0%| F|  |TAMS 0x0000000085300000| PB 0x0000000085300000| Untracked 
|   8|0x0000000085400000, 0x0000000085400000, 0x0000000085500000|  0%| F|  |TAMS 0x0000000085400000| PB 0x0000000085400000| Untracked 
|   9|0x0000000085500000, 0x0000000085500000, 0x0000000085600000|  0%| F|  |TAMS 0x0000000085500000| PB 0x0000000085500000| Untracked 
|  10|0x0000000085600000, 0x0000000085600000, 0x0000000085700000|  0%| F|  |TAMS 0x0000000085600000| PB 0x0000000085600000| Untracked 
|  11|0x0000000085700000, 0x0000000085700000, 0x0000000085800000|  0%| F|  |TAMS 0x0000000085700000| PB 0x0000000085700000| Untracked 
|  12|0x0000000085800000, 0x0000000085800000, 0x0000000085900000|  0%| F|  |TAMS 0x0000000085800000| PB 0x0000000085800000| Untracked 
|  13|0x0000000085900000, 0x0000000085900000, 0x0000000085a00000|  0%| F|  |TAMS 0x0000000085900000| PB 0x0000000085900000| Untracked 
|  14|0x0000000085a00000, 0x0000000085a00000, 0x0000000085b00000|  0%| F|  |TAMS 0x0000000085a00000| PB 0x0000000085a00000| Untracked 
|  15|0x0000000085b00000, 0x0000000085b00000, 0x0000000085c00000|  0%| F|  |TAMS 0x0000000085b00000| PB 0x0000000085b00000| Untracked 
|  16|0x0000000085c00000, 0x0000000085c00000, 0x0000000085d00000|  0%| F|  |TAMS 0x0000000085c00000| PB 0x0000000085c00000| Untracked 
|  17|0x0000000085d00000, 0x0000000085d00000, 0x0000000085e00000|  0%| F|  |TAMS 0x0000000085d00000| PB 0x0000000085d00000| Untracked 
|  18|0x0000000085e00000, 0x0000000085e00000, 0x0000000085f00000|  0%| F|  |TAMS 0x0000000085e00000| PB 0x0000000085e00000| Untracked 
|  19|0x0000000085f00000, 0x0000000085f00000, 0x0000000086000000|  0%| F|  |TAMS 0x0000000085f00000| PB 0x0000000085f00000| Untracked 
|  20|0x0000000086000000, 0x0000000086000000, 0x0000000086100000|  0%| F|  |TAMS 0x0000000086000000| PB 0x0000000086000000| Untracked 
|  21|0x0000000086100000, 0x0000000086100000, 0x0000000086200000|  0%| F|  |TAMS 0x0000000086100000| PB 0x0000000086100000| Untracked 
|  22|0x0000000086200000, 0x0000000086200000, 0x0000000086300000|  0%| F|  |TAMS 0x0000000086200000| PB 0x0000000086200000| Untracked 
|  23|0x0000000086300000, 0x0000000086300000, 0x0000000086400000|  0%| F|  |TAMS 0x0000000086300000| PB 0x0000000086300000| Untracked 
|  24|0x0000000086400000, 0x0000000086400000, 0x0000000086500000|  0%| F|  |TAMS 0x0000000086400000| PB 0x0000000086400000| Untracked 
|  25|0x0000000086500000, 0x0000000086500000, 0x0000000086600000|  0%| F|  |TAMS 0x0000000086500000| PB 0x0000000086500000| Untracked 
|  26|0x0000000086600000, 0x0000000086600000, 0x0000000086700000|  0%| F|  |TAMS 0x0000000086600000| PB 0x0000000086600000| Untracked 
|  27|0x0000000086700000, 0x0000000086700000, 0x0000000086800000|  0%| F|  |TAMS 0x0000000086700000| PB 0x0000000086700000| Untracked 
|  28|0x0000000086800000, 0x0000000086800000, 0x0000000086900000|  0%| F|  |TAMS 0x0000000086800000| PB 0x0000000086800000| Untracked 
|  29|0x0000000086900000, 0x0000000086900000, 0x0000000086a00000|  0%| F|  |TAMS 0x0000000086900000| PB 0x0000000086900000| Untracked 
|  30|0x0000000086a00000, 0x0000000086a00000, 0x0000000086b00000|  0%| F|  |TAMS 0x0000000086a00000| PB 0x0000000086a00000| Untracked 
|  31|0x0000000086b00000, 0x0000000086b00000, 0x0000000086c00000|  0%| F|  |TAMS 0x0000000086b00000| PB 0x0000000086b00000| Untracked 
|  32|0x0000000086c00000, 0x0000000086c00000, 0x0000000086d00000|  0%| F|  |TAMS 0x0000000086c00000| PB 0x0000000086c00000| Untracked 
|  33|0x0000000086d00000, 0x0000000086d00000, 0x0000000086e00000|  0%| F|  |TAMS 0x0000000086d00000| PB 0x0000000086d00000| Untracked 
|  34|0x0000000086e00000, 0x0000000086e00000, 0x0000000086f00000|  0%| F|  |TAMS 0x0000000086e00000| PB 0x0000000086e00000| Untracked 
|  35|0x0000000086f00000, 0x0000000086f00000, 0x0000000087000000|  0%| F|  |TAMS 0x0000000086f00000| PB 0x0000000086f00000| Untracked 
|  36|0x0000000087000000, 0x0000000087000000, 0x0000000087100000|  0%| F|  |TAMS 0x0000000087000000| PB 0x0000000087000000| Untracked 
|  37|0x0000000087100000, 0x0000000087100000, 0x0000000087200000|  0%| F|  |TAMS 0x0000000087100000| PB 0x0000000087100000| Untracked 
|  38|0x0000000087200000, 0x0000000087200000, 0x0000000087300000|  0%| F|  |TAMS 0x0000000087200000| PB 0x0000000087200000| Untracked 
|  39|0x0000000087300000, 0x0000000087300000, 0x0000000087400000|  0%| F|  |TAMS 0x0000000087300000| PB 0x0000000087300000| Untracked 
|  40|0x0000000087400000, 0x0000000087400000, 0x0000000087500000|  0%| F|  |TAMS 0x0000000087400000| PB 0x0000000087400000| Untracked 
|  41|0x0000000087500000, 0x0000000087500000, 0x0000000087600000|  0%| F|  |TAMS 0x0000000087500000| PB 0x0000000087500000| Untracked 
|  42|0x0000000087600000, 0x0000000087600000, 0x0000000087700000|  0%| F|  |TAMS 0x0000000087600000| PB 0x0000000087600000| Untracked 
|  43|0x0000000087700000, 0x0000000087700000, 0x0000000087800000|  0%| F|  |TAMS 0x0000000087700000| PB 0x0000000087700000| Untracked 
|  44|0x0000000087800000, 0x0000000087800000, 0x0000000087900000|  0%| F|  |TAMS 0x0000000087800000| PB 0x0000000087800000| Untracked 
|  45|0x0000000087900000, 0x0000000087900000, 0x0000000087a00000|  0%| F|  |TAMS 0x0000000087900000| PB 0x0000000087900000| Untracked 
|  46|0x0000000087a00000, 0x0000000087a00000, 0x0000000087b00000|  0%| F|  |TAMS 0x0000000087a00000| PB 0x0000000087a00000| Untracked 
|  47|0x0000000087b00000, 0x0000000087b00000, 0x0000000087c00000|  0%| F|  |TAMS 0x0000000087b00000| PB 0x0000000087b00000| Untracked 
|  48|0x0000000087c00000, 0x0000000087c00000, 0x0000000087d00000|  0%| F|  |TAMS 0x0000000087c00000| PB 0x0000000087c00000| Untracked 
|  49|0x0000000087d00000, 0x0000000087d00000, 0x0000000087e00000|  0%| F|  |TAMS 0x0000000087d00000| PB 0x0000000087d00000| Untracked 
|  50|0x0000000087e00000, 0x0000000087e00000, 0x0000000087f00000|  0%| F|  |TAMS 0x0000000087e00000| PB 0x0000000087e00000| Untracked 
|  51|0x0000000087f00000, 0x0000000087f00000, 0x0000000088000000|  0%| F|  |TAMS 0x0000000087f00000| PB 0x0000000087f00000| Untracked 
|  52|0x0000000088000000, 0x0000000088000000, 0x0000000088100000|  0%| F|  |TAMS 0x0000000088000000| PB 0x0000000088000000| Untracked 
|  53|0x0000000088100000, 0x0000000088100000, 0x0000000088200000|  0%| F|  |TAMS 0x0000000088100000| PB 0x0000000088100000| Untracked 
|  54|0x0000000088200000, 0x0000000088200000, 0x0000000088300000|  0%| F|  |TAMS 0x0000000088200000| PB 0x0000000088200000| Untracked 
|  55|0x0000000088300000, 0x0000000088300000, 0x0000000088400000|  0%| F|  |TAMS 0x0000000088300000| PB 0x0000000088300000| Untracked 
|  56|0x0000000088400000, 0x0000000088400000, 0x0000000088500000|  0%| F|  |TAMS 0x0000000088400000| PB 0x0000000088400000| Untracked 
|  57|0x0000000088500000, 0x0000000088500000, 0x0000000088600000|  0%| F|  |TAMS 0x0000000088500000| PB 0x0000000088500000| Untracked 
|  58|0x0000000088600000, 0x0000000088600000, 0x0000000088700000|  0%| F|  |TAMS 0x0000000088600000| PB 0x0000000088600000| Untracked 
|  59|0x0000000088700000, 0x0000000088700000, 0x0000000088800000|  0%| F|  |TAMS 0x0000000088700000| PB 0x0000000088700000| Untracked 
|  60|0x0000000088800000, 0x0000000088800000, 0x0000000088900000|  0%| F|  |TAMS 0x0000000088800000| PB 0x0000000088800000| Untracked 
|  61|0x0000000088900000, 0x0000000088900000, 0x0000000088a00000|  0%| F|  |TAMS 0x0000000088900000| PB 0x0000000088900000| Untracked 
|  62|0x0000000088a00000, 0x0000000088a00000, 0x0000000088b00000|  0%| F|  |TAMS 0x0000000088a00000| PB 0x0000000088a00000| Untracked 
|  63|0x0000000088b00000, 0x0000000088b00000, 0x0000000088c00000|  0%| F|  |TAMS 0x0000000088b00000| PB 0x0000000088b00000| Untracked 
|  64|0x0000000088c00000, 0x0000000088c00000, 0x0000000088d00000|  0%| F|  |TAMS 0x0000000088c00000| PB 0x0000000088c00000| Untracked 
|  65|0x0000000088d00000, 0x0000000088d00000, 0x0000000088e00000|  0%| F|  |TAMS 0x0000000088d00000| PB 0x0000000088d00000| Untracked 
|  66|0x0000000088e00000, 0x0000000088e00000, 0x0000000088f00000|  0%| F|  |TAMS 0x0000000088e00000| PB 0x0000000088e00000| Untracked 
|  67|0x0000000088f00000, 0x0000000088f00000, 0x0000000089000000|  0%| F|  |TAMS 0x0000000088f00000| PB 0x0000000088f00000| Untracked 
|  68|0x0000000089000000, 0x0000000089000000, 0x0000000089100000|  0%| F|  |TAMS 0x0000000089000000| PB 0x0000000089000000| Untracked 
|  69|0x0000000089100000, 0x0000000089100000, 0x0000000089200000|  0%| F|  |TAMS 0x0000000089100000| PB 0x0000000089100000| Untracked 
|  70|0x0000000089200000, 0x0000000089200000, 0x0000000089300000|  0%| F|  |TAMS 0x0000000089200000| PB 0x0000000089200000| Untracked 
|  71|0x0000000089300000, 0x0000000089300000, 0x0000000089400000|  0%| F|  |TAMS 0x0000000089300000| PB 0x0000000089300000| Untracked 
|  72|0x0000000089400000, 0x0000000089400000, 0x0000000089500000|  0%| F|  |TAMS 0x0000000089400000| PB 0x0000000089400000| Untracked 
|  73|0x0000000089500000, 0x0000000089500000, 0x0000000089600000|  0%| F|  |TAMS 0x0000000089500000| PB 0x0000000089500000| Untracked 
|  74|0x0000000089600000, 0x0000000089600000, 0x0000000089700000|  0%| F|  |TAMS 0x0000000089600000| PB 0x0000000089600000| Untracked 
|  75|0x0000000089700000, 0x0000000089700000, 0x0000000089800000|  0%| F|  |TAMS 0x0000000089700000| PB 0x0000000089700000| Untracked 
|  76|0x0000000089800000, 0x0000000089800000, 0x0000000089900000|  0%| F|  |TAMS 0x0000000089800000| PB 0x0000000089800000| Untracked 
|  77|0x0000000089900000, 0x0000000089900000, 0x0000000089a00000|  0%| F|  |TAMS 0x0000000089900000| PB 0x0000000089900000| Untracked 
|  78|0x0000000089a00000, 0x0000000089a00000, 0x0000000089b00000|  0%| F|  |TAMS 0x0000000089a00000| PB 0x0000000089a00000| Untracked 
|  79|0x0000000089b00000, 0x0000000089b00000, 0x0000000089c00000|  0%| F|  |TAMS 0x0000000089b00000| PB 0x0000000089b00000| Untracked 
|  80|0x0000000089c00000, 0x0000000089c00000, 0x0000000089d00000|  0%| F|  |TAMS 0x0000000089c00000| PB 0x0000000089c00000| Untracked 
|  81|0x0000000089d00000, 0x0000000089d00000, 0x0000000089e00000|  0%| F|  |TAMS 0x0000000089d00000| PB 0x0000000089d00000| Untracked 
|  82|0x0000000089e00000, 0x0000000089e00000, 0x0000000089f00000|  0%| F|  |TAMS 0x0000000089e00000| PB 0x0000000089e00000| Untracked 
|  83|0x0000000089f00000, 0x0000000089f00000, 0x000000008a000000|  0%| F|  |TAMS 0x0000000089f00000| PB 0x0000000089f00000| Untracked 
|  84|0x000000008a000000, 0x000000008a000000, 0x000000008a100000|  0%| F|  |TAMS 0x000000008a000000| PB 0x000000008a000000| Untracked 
|  85|0x000000008a100000, 0x000000008a142bf0, 0x000000008a200000| 26%| E|  |TAMS 0x000000008a100000| PB 0x000000008a100000| Complete 
|  86|0x000000008a200000, 0x000000008a300000, 0x000000008a300000|100%| E|CS|TAMS 0x000000008a200000| PB 0x000000008a200000| Complete 
|  87|0x000000008a300000, 0x000000008a400000, 0x000000008a400000|100%| E|CS|TAMS 0x000000008a300000| PB 0x000000008a300000| Complete 
|  88|0x000000008a400000, 0x000000008a500000, 0x000000008a500000|100%| E|CS|TAMS 0x000000008a400000| PB 0x000000008a400000| Complete 
|  89|0x000000008a500000, 0x000000008a600000, 0x000000008a600000|100%| E|CS|TAMS 0x000000008a500000| PB 0x000000008a500000| Complete 
|  90|0x000000008a600000, 0x000000008a700000, 0x000000008a700000|100%| E|CS|TAMS 0x000000008a600000| PB 0x000000008a600000| Complete 
|  91|0x000000008a700000, 0x000000008a800000, 0x000000008a800000|100%| E|CS|TAMS 0x000000008a700000| PB 0x000000008a700000| Complete 
|  92|0x000000008a800000, 0x000000008a900000, 0x000000008a900000|100%| E|CS|TAMS 0x000000008a800000| PB 0x000000008a800000| Complete 
|  93|0x000000008a900000, 0x000000008aa00000, 0x000000008aa00000|100%| E|CS|TAMS 0x000000008a900000| PB 0x000000008a900000| Complete 
|  94|0x000000008aa00000, 0x000000008ab00000, 0x000000008ab00000|100%| E|CS|TAMS 0x000000008aa00000| PB 0x000000008aa00000| Complete 
|  95|0x000000008ab00000, 0x000000008ac00000, 0x000000008ac00000|100%| E|CS|TAMS 0x000000008ab00000| PB 0x000000008ab00000| Complete 
|  96|0x000000008ac00000, 0x000000008ad00000, 0x000000008ad00000|100%| E|CS|TAMS 0x000000008ac00000| PB 0x000000008ac00000| Complete 
|  97|0x000000008ad00000, 0x000000008ae00000, 0x000000008ae00000|100%| E|CS|TAMS 0x000000008ad00000| PB 0x000000008ad00000| Complete 
|  98|0x000000008ae00000, 0x000000008af00000, 0x000000008af00000|100%| E|CS|TAMS 0x000000008ae00000| PB 0x000000008ae00000| Complete 
|  99|0x000000008af00000, 0x000000008b000000, 0x000000008b000000|100%| E|CS|TAMS 0x000000008af00000| PB 0x000000008af00000| Complete 
| 100|0x000000008b000000, 0x000000008b100000, 0x000000008b100000|100%| E|  |TAMS 0x000000008b000000| PB 0x000000008b000000| Complete 
| 101|0x000000008b100000, 0x000000008b200000, 0x000000008b200000|100%| E|CS|TAMS 0x000000008b100000| PB 0x000000008b100000| Complete 
| 102|0x000000008b200000, 0x000000008b300000, 0x000000008b300000|100%| E|CS|TAMS 0x000000008b200000| PB 0x000000008b200000| Complete 
| 103|0x000000008b300000, 0x000000008b400000, 0x000000008b400000|100%| E|CS|TAMS 0x000000008b300000| PB 0x000000008b300000| Complete 
| 104|0x000000008b400000, 0x000000008b500000, 0x000000008b500000|100%| E|CS|TAMS 0x000000008b400000| PB 0x000000008b400000| Complete 
| 105|0x000000008b500000, 0x000000008b560d90, 0x000000008b600000| 37%| S|CS|TAMS 0x000000008b500000| PB 0x000000008b500000| Complete 
| 106|0x000000008b600000, 0x000000008b700000, 0x000000008b700000|100%| S|CS|TAMS 0x000000008b600000| PB 0x000000008b600000| Complete 
| 107|0x000000008b700000, 0x000000008b800000, 0x000000008b800000|100%| E|CS|TAMS 0x000000008b700000| PB 0x000000008b700000| Complete 
| 108|0x000000008b800000, 0x000000008b900000, 0x000000008b900000|100%| E|CS|TAMS 0x000000008b800000| PB 0x000000008b800000| Complete 
| 109|0x000000008b900000, 0x000000008ba00000, 0x000000008ba00000|100%| E|CS|TAMS 0x000000008b900000| PB 0x000000008b900000| Complete 
| 110|0x000000008ba00000, 0x000000008bb00000, 0x000000008bb00000|100%| E|CS|TAMS 0x000000008ba00000| PB 0x000000008ba00000| Complete 
| 111|0x000000008bb00000, 0x000000008bc00000, 0x000000008bc00000|100%| E|CS|TAMS 0x000000008bb00000| PB 0x000000008bb00000| Complete 
| 112|0x000000008bc00000, 0x000000008bd00000, 0x000000008bd00000|100%| E|CS|TAMS 0x000000008bc00000| PB 0x000000008bc00000| Complete 
| 113|0x000000008bd00000, 0x000000008be00000, 0x000000008be00000|100%| E|CS|TAMS 0x000000008bd00000| PB 0x000000008bd00000| Complete 
| 114|0x000000008be00000, 0x000000008bf00000, 0x000000008bf00000|100%| E|CS|TAMS 0x000000008be00000| PB 0x000000008be00000| Complete 
| 115|0x000000008bf00000, 0x000000008c000000, 0x000000008c000000|100%| E|CS|TAMS 0x000000008bf00000| PB 0x000000008bf00000| Complete 
| 116|0x000000008c000000, 0x000000008c100000, 0x000000008c100000|100%| E|CS|TAMS 0x000000008c000000| PB 0x000000008c000000| Complete 
| 117|0x000000008c100000, 0x000000008c200000, 0x000000008c200000|100%| E|CS|TAMS 0x000000008c100000| PB 0x000000008c100000| Complete 
| 118|0x000000008c200000, 0x000000008c300000, 0x000000008c300000|100%| E|CS|TAMS 0x000000008c200000| PB 0x000000008c200000| Complete 
| 119|0x000000008c300000, 0x000000008c400000, 0x000000008c400000|100%| E|CS|TAMS 0x000000008c300000| PB 0x000000008c300000| Complete 
| 120|0x000000008c400000, 0x000000008c500000, 0x000000008c500000|100%| E|CS|TAMS 0x000000008c400000| PB 0x000000008c400000| Complete 
| 121|0x000000008c500000, 0x000000008c600000, 0x000000008c600000|100%| E|CS|TAMS 0x000000008c500000| PB 0x000000008c500000| Complete 
| 122|0x000000008c600000, 0x000000008c700000, 0x000000008c700000|100%| E|CS|TAMS 0x000000008c600000| PB 0x000000008c600000| Complete 
| 123|0x000000008c700000, 0x000000008c800000, 0x000000008c800000|100%| E|CS|TAMS 0x000000008c700000| PB 0x000000008c700000| Complete 

Card table byte_map: [0x000001d397cf0000,0x000001d3980d0000] _byte_map_base: 0x000001d3978ca000

Marking Bits: (CMBitMap*) 0x000001d3ffe072c0
 Bits: [0x000001d3980d0000, 0x000001d399fa0000)

Polling page: 0x000001d3fe4c0000

Metaspace:

Usage:
  Non-class:     10.70 MB used.
      Class:      1.17 MB used.
       Both:     11.86 MB used.

Virtual space:
  Non-class space:       64.00 MB reserved,      10.81 MB ( 17%) committed,  1 nodes.
      Class space:        1.00 GB reserved,       1.25 MB ( <1%) committed,  1 nodes.
             Both:        1.06 GB reserved,      12.06 MB (  1%) committed. 

Chunk freelists:
   Non-Class:  4.91 MB
       Class:  14.73 MB
        Both:  19.63 MB

MaxMetaspaceSize: unlimited
CompressedClassSpaceSize: 1.00 GB
Initial GC threshold: 21.00 MB
Current GC threshold: 21.00 MB
CDS: on
 - commit_granule_bytes: 65536.
 - commit_granule_words: 8192.
 - virtual_space_node_default_size: 8388608.
 - enlarge_chunks_in_place: 1.
 - use_allocation_guard: 0.


Internal statistics:

num_allocs_failed_limit: 0.
num_arena_births: 96.
num_arena_deaths: 0.
num_vsnodes_births: 2.
num_vsnodes_deaths: 0.
num_space_committed: 193.
num_space_uncommitted: 0.
num_chunks_returned_to_freelist: 0.
num_chunks_taken_from_freelist: 236.
num_chunk_merges: 0.
num_chunk_splits: 159.
num_chunks_enlarged: 117.
num_inconsistent_stats: 0.

CodeHeap 'non-profiled nmethods': size=120000Kb used=1109Kb max_used=1109Kb free=118890Kb
 bounds [0x000001d38fea0000, 0x000001d390110000, 0x000001d3973d0000]
CodeHeap 'profiled nmethods': size=120000Kb used=4527Kb max_used=4527Kb free=115472Kb
 bounds [0x000001d3883d0000, 0x000001d388840000, 0x000001d38f900000]
CodeHeap 'non-nmethods': size=5760Kb used=1606Kb max_used=1626Kb free=4153Kb
 bounds [0x000001d38f900000, 0x000001d38fb70000, 0x000001d38fea0000]
 total_blobs=2723 nmethods=2192 adapters=435
 compilation: enabled
              stopped_count=0, restarted_count=0
 full_count=0

Compilation events (20 events):
Event: 6.094 Thread 0x000001d39c578d20 nmethod 2153 0x000001d38881f890 code [0x000001d38881fc00, 0x000001d388820dc8]
Event: 6.102 Thread 0x000001d39c578d20 2154       3       java.lang.ClassLoader::defineClassSourceLocation (28 bytes)
Event: 6.102 Thread 0x000001d39c578d20 nmethod 2154 0x000001d388821510 code [0x000001d3888216e0, 0x000001d388821a60]
Event: 6.111 Thread 0x000001d39c578d20 2155   !   3       java.lang.ClassLoader::addClass (27 bytes)
Event: 6.111 Thread 0x000001d39c578d20 nmethod 2155 0x000001d388821c10 code [0x000001d388821dc0, 0x000001d388822098]
Event: 6.111 Thread 0x000001d39c578d20 2156       3       java.lang.ClassLoader::postDefineClass (39 bytes)
Event: 6.111 Thread 0x000001d39c578d20 nmethod 2156 0x000001d388822210 code [0x000001d388822400, 0x000001d388822738]
Event: 6.111 Thread 0x000001d39c578d20 2157       3       java.lang.ClassLoader::getNamedPackage (73 bytes)
Event: 6.112 Thread 0x000001d39c578d20 nmethod 2157 0x000001d388822910 code [0x000001d388822b00, 0x000001d388823068]
Event: 6.118 Thread 0x000001d39c578d20 2158       3       sun.security.jca.Providers::getProviderList (14 bytes)
Event: 6.118 Thread 0x000001d39c578d20 nmethod 2158 0x000001d388823290 code [0x000001d388823460, 0x000001d3888238c8]
Event: 6.121 Thread 0x000001d39c572630 2159       4       java.lang.Throwable$WrappedPrintStream::println (9 bytes)
Event: 6.131 Thread 0x000001d39c578d20 2161       3       java.math.BigInteger::shiftRight (48 bytes)
Event: 6.131 Thread 0x000001d39c578d20 nmethod 2161 0x000001d388823a10 code [0x000001d388823c00, 0x000001d388823f60]
Event: 6.132 Thread 0x000001d39c578d20 2162       3       java.math.BigInteger::shiftRightImplWorker (59 bytes)
Event: 6.132 Thread 0x000001d39c578d20 nmethod 2162 0x000001d388824090 code [0x000001d388824240, 0x000001d3888244b8]
Event: 6.133 Thread 0x000001d39c578d20 2163       3       sun.net.util.URLUtil::urlNoFragString (143 bytes)
Event: 6.134 Thread 0x000001d39c578d20 nmethod 2163 0x000001d388824690 code [0x000001d3888249c0, 0x000001d388825978]
Event: 6.136 Thread 0x000001d39c578d20 2164       3       java.lang.invoke.AbstractValidatingLambdaMetafactory::isAdaptableTo (126 bytes)
Event: 6.137 Thread 0x000001d39c578d20 nmethod 2164 0x000001d388825f10 code [0x000001d3888261c0, 0x000001d388826b60]

GC Heap History (4 events):
Event: 3.650 GC heap before
{Heap before GC invocations=0 (full 0):
 garbage-first heap   total 126976K, used 12288K [0x0000000084c00000, 0x0000000100000000)
  region size 1024K, 13 young (13312K), 0 survivors (0K)
 Metaspace       used 2578K, committed 2752K, reserved 1114112K
  class space    used 237K, committed 320K, reserved 1048576K
}
Event: 3.655 GC heap after
{Heap after GC invocations=1 (full 0):
 garbage-first heap   total 126976K, used 5109K [0x0000000084c00000, 0x0000000100000000)
  region size 1024K, 2 young (2048K), 2 survivors (2048K)
 Metaspace       used 2578K, committed 2752K, reserved 1114112K
  class space    used 237K, committed 320K, reserved 1048576K
}
Event: 4.061 GC heap before
{Heap before GC invocations=1 (full 0):
 garbage-first heap   total 126976K, used 20469K [0x0000000084c00000, 0x0000000100000000)
  region size 1024K, 17 young (17408K), 2 survivors (2048K)
 Metaspace       used 4227K, committed 4416K, reserved 1114112K
  class space    used 366K, committed 448K, reserved 1048576K
}
Event: 4.067 GC heap after
{Heap after GC invocations=2 (full 0):
 garbage-first heap   total 126976K, used 6531K [0x0000000084c00000, 0x0000000100000000)
  region size 1024K, 2 young (2048K), 2 survivors (2048K)
 Metaspace       used 4227K, committed 4416K, reserved 1114112K
  class space    used 366K, committed 448K, reserved 1048576K
}

Dll operation events (13 events):
Event: 0.015 Loaded shared library C:\Program Files\Java\jdk-21\bin\java.dll
Event: 0.064 Loaded shared library C:\Program Files\Java\jdk-21\bin\jsvml.dll
Event: 0.157 Loaded shared library C:\Program Files\Java\jdk-21\bin\zip.dll
Event: 0.162 Loaded shared library C:\Program Files\Java\jdk-21\bin\instrument.dll
Event: 0.167 Loaded shared library C:\Program Files\Java\jdk-21\bin\net.dll
Event: 0.170 Loaded shared library C:\Program Files\Java\jdk-21\bin\nio.dll
Event: 0.174 Loaded shared library C:\Program Files\Java\jdk-21\bin\zip.dll
Event: 0.378 Loaded shared library C:\Program Files\Java\jdk-21\bin\verify.dll
Event: 0.412 Loaded shared library C:\Program Files\Java\jdk-21\bin\jimage.dll
Event: 3.630 Loaded shared library C:\Program Files\Java\jdk-21\bin\management.dll
Event: 3.634 Loaded shared library C:\Program Files\Java\jdk-21\bin\management_ext.dll
Event: 4.824 Loaded shared library C:\Program Files\Java\jdk-21\bin\sunmscapi.dll
Event: 5.879 Loaded shared library C:\Program Files\Java\jdk-21\bin\extnet.dll

Deoptimization events (20 events):
Event: 5.939 Thread 0x000001d3fe2f3090 Uncommon trap: trap_request=0xffffff45 fr.pc=0x000001d38ff85868 relative=0x0000000000000048
Event: 5.939 Thread 0x000001d3fe2f3090 Uncommon trap: reason=unstable_if action=reinterpret pc=0x000001d38ff85868 method=jdk.internal.misc.Unsafe.convEndian(ZI)I @ 4 c2
Event: 5.939 Thread 0x000001d3fe2f3090 DEOPT PACKING pc=0x000001d38ff85868 sp=0x0000008fe68fbfb0
Event: 5.939 Thread 0x000001d3fe2f3090 DEOPT UNPACKING pc=0x000001d38f957da2 sp=0x0000008fe68fbf48 mode 2
Event: 5.948 Thread 0x000001d3fe2f3090 Uncommon trap: trap_request=0xffffffde fr.pc=0x000001d38ff38a28 relative=0x0000000000000628
Event: 5.948 Thread 0x000001d3fe2f3090 Uncommon trap: reason=class_check action=maybe_recompile pc=0x000001d38ff38a28 method=java.lang.String.<init>(Ljava/lang/AbstractStringBuilder;Ljava/lang/Void;)V @ 10 c2
Event: 5.948 Thread 0x000001d3fe2f3090 DEOPT PACKING pc=0x000001d38ff38a28 sp=0x0000008fe68fd920
Event: 5.948 Thread 0x000001d3fe2f3090 DEOPT UNPACKING pc=0x000001d38f957da2 sp=0x0000008fe68fd8e8 mode 2
Event: 5.948 Thread 0x000001d3fe2f3090 Uncommon trap: trap_request=0xffffffde fr.pc=0x000001d38ff38a28 relative=0x0000000000000628
Event: 5.948 Thread 0x000001d3fe2f3090 Uncommon trap: reason=class_check action=maybe_recompile pc=0x000001d38ff38a28 method=java.lang.String.<init>(Ljava/lang/AbstractStringBuilder;Ljava/lang/Void;)V @ 10 c2
Event: 5.948 Thread 0x000001d3fe2f3090 DEOPT PACKING pc=0x000001d38ff38a28 sp=0x0000008fe68fd920
Event: 5.948 Thread 0x000001d3fe2f3090 DEOPT UNPACKING pc=0x000001d38f957da2 sp=0x0000008fe68fd8e8 mode 2
Event: 5.954 Thread 0x000001d3fe2f3090 Uncommon trap: trap_request=0xffffffde fr.pc=0x000001d38ff38a28 relative=0x0000000000000628
Event: 5.954 Thread 0x000001d3fe2f3090 Uncommon trap: reason=class_check action=maybe_recompile pc=0x000001d38ff38a28 method=java.lang.String.<init>(Ljava/lang/AbstractStringBuilder;Ljava/lang/Void;)V @ 10 c2
Event: 5.954 Thread 0x000001d3fe2f3090 DEOPT PACKING pc=0x000001d38ff38a28 sp=0x0000008fe68fde10
Event: 5.954 Thread 0x000001d3fe2f3090 DEOPT UNPACKING pc=0x000001d38f957da2 sp=0x0000008fe68fddd8 mode 2
Event: 5.954 Thread 0x000001d3fe2f3090 Uncommon trap: trap_request=0xffffffde fr.pc=0x000001d38ff38a28 relative=0x0000000000000628
Event: 5.954 Thread 0x000001d3fe2f3090 Uncommon trap: reason=class_check action=maybe_recompile pc=0x000001d38ff38a28 method=java.lang.String.<init>(Ljava/lang/AbstractStringBuilder;Ljava/lang/Void;)V @ 10 c2
Event: 5.954 Thread 0x000001d3fe2f3090 DEOPT PACKING pc=0x000001d38ff38a28 sp=0x0000008fe68fde10
Event: 5.954 Thread 0x000001d3fe2f3090 DEOPT UNPACKING pc=0x000001d38f957da2 sp=0x0000008fe68fddd8 mode 2

Classes loaded (20 events):
Event: 6.111 Loading class sun/security/util/InternalPrivateKey done
Event: 6.111 Loading class sun/security/pkcs/PKCS8Key done
Event: 6.117 Loading class sun/security/ssl/XDHKeyExchange$1
Event: 6.117 Loading class sun/security/ssl/XDHKeyExchange$1 done
Event: 6.117 Loading class sun/security/ssl/KeyShareExtension$KeyShareEntry
Event: 6.117 Loading class sun/security/ssl/KeyShareExtension$KeyShareEntry done
Event: 6.117 Loading class sun/security/ssl/ECDHKeyExchange$ECDHEPossession
Event: 6.117 Loading class sun/security/ssl/ECDHKeyExchange$ECDHEPossession done
Event: 6.130 Loading class sun/security/util/math/intpoly/IntegerPolynomialP384
Event: 6.130 Loading class sun/security/util/math/intpoly/IntegerPolynomialP384 done
Event: 6.130 Loading class sun/security/util/math/intpoly/IntegerPolynomialP521
Event: 6.130 Loading class sun/security/util/math/intpoly/IntegerPolynomialP521 done
Event: 6.131 Loading class sun/security/util/math/intpoly/P384OrderField
Event: 6.131 Loading class sun/security/util/math/intpoly/P384OrderField done
Event: 6.131 Loading class sun/security/util/math/intpoly/P521OrderField
Event: 6.131 Loading class sun/security/util/math/intpoly/P521OrderField done
Event: 6.135 Loading class java/security/interfaces/ECPrivateKey
Event: 6.135 Loading class java/security/interfaces/ECPrivateKey done
Event: 6.136 Loading class sun/security/util/ArrayUtil
Event: 6.136 Loading class sun/security/util/ArrayUtil done

Classes unloaded (0 events):
No events

Classes redefined (0 events):
No events

Internal exceptions (18 events):
Event: 0.381 Thread 0x000001d3fe2f3090 Exception <a 'java/lang/NoSuchMethodError'{0x000000008c005c40}: 'void java.lang.invoke.DirectMethodHandle$Holder.invokeStatic(java.lang.Object, java.lang.Object, java.lang.Object)'> (0x000000008c005c40) 
thrown [s\open\src\hotspot\share\interpreter\linkResolver.cpp, line 773]
Event: 0.387 Thread 0x000001d3fe2f3090 Exception <a 'java/lang/NoSuchMethodError'{0x000000008c01d1c8}: 'java.lang.Object java.lang.invoke.Invokers$Holder.invokeExact_MT(java.lang.Object, java.lang.Object, java.lang.Object, java.lang.Object, java.lang.Object)'> (0x000000008c01d1c8) 
thrown [s\open\src\hotspot\share\interpreter\linkResolver.cpp, line 773]
Event: 0.439 Thread 0x000001d3fe2f3090 Exception <a 'java/lang/NoSuchMethodError'{0x000000008c095648}: 'void java.lang.invoke.DelegatingMethodHandle$Holder.reinvoke_L(java.lang.Object, java.lang.Object, java.lang.Object, java.lang.Object, java.lang.Object, java.lang.Object, java.lang.Object, java.lang.Object)'> (0x000000008c095648) 
thrown [s\open\src\hotspot\share\interpreter\linkResolver.cpp, line 773]
Event: 0.442 Thread 0x000001d3fe2f3090 Exception <a 'java/lang/NoSuchMethodError'{0x000000008c0a9d50}: 'java.lang.Object java.lang.invoke.DirectMethodHandle$Holder.invokeStatic(java.lang.Object, java.lang.Object, int)'> (0x000000008c0a9d50) 
thrown [s\open\src\hotspot\share\interpreter\linkResolver.cpp, line 773]
Event: 0.444 Thread 0x000001d3fe2f3090 Exception <a 'java/lang/NoSuchMethodError'{0x000000008c0b5280}: 'void java.lang.invoke.DelegatingMethodHandle$Holder.delegate(java.lang.Object, java.lang.Object, int, java.lang.Object)'> (0x000000008c0b5280) 
thrown [s\open\src\hotspot\share\interpreter\linkResolver.cpp, line 773]
Event: 0.445 Thread 0x000001d3fe2f3090 Exception <a 'java/lang/NoSuchMethodError'{0x000000008c0b8d28}: 'int java.lang.invoke.DirectMethodHandle$Holder.invokeSpecial(java.lang.Object, java.lang.Object, java.lang.Object)'> (0x000000008c0b8d28) 
thrown [s\open\src\hotspot\share\interpreter\linkResolver.cpp, line 773]
Event: 0.451 Thread 0x000001d3fe2f3090 Exception <a 'java/lang/NoSuchMethodError'{0x000000008c0cf718}: 'void java.lang.invoke.DirectMethodHandle$Holder.invokeStatic(java.lang.Object, java.lang.Object, java.lang.Object, java.lang.Object)'> (0x000000008c0cf718) 
thrown [s\open\src\hotspot\share\interpreter\linkResolver.cpp, line 773]
Event: 1.516 Thread 0x000001d3fe2f3090 Exception <a 'java/lang/NoSuchMethodError'{0x000000008bfbc690}: 'void java.lang.invoke.DirectMethodHandle$Holder.invokeSpecial(java.lang.Object, java.lang.Object, java.lang.Object)'> (0x000000008bfbc690) 
thrown [s\open\src\hotspot\share\interpreter\linkResolver.cpp, line 773]
Event: 1.517 Thread 0x000001d3fe2f3090 Exception <a 'java/lang/NoSuchMethodError'{0x000000008bfbf6e0}: 'void java.lang.invoke.Invokers$Holder.invokeExact_MT(java.lang.Object, java.lang.Object, java.lang.Object)'> (0x000000008bfbf6e0) 
thrown [s\open\src\hotspot\share\interpreter\linkResolver.cpp, line 773]
Event: 3.944 Thread 0x000001d3e27d51c0 Exception <a 'java/lang/NoSuchMethodError'{0x000000008bc491c0}: 'void java.lang.invoke.DirectMethodHandle$Holder.invokeStatic(java.lang.Object, long)'> (0x000000008bc491c0) 
thrown [s\open\src\hotspot\share\interpreter\linkResolver.cpp, line 773]
Event: 3.945 Thread 0x000001d3e27d51c0 Exception <a 'java/lang/NoSuchMethodError'{0x000000008bc4e070}: 'java.lang.Object java.lang.invoke.DirectMethodHandle$Holder.newInvokeSpecial(java.lang.Object, long)'> (0x000000008bc4e070) 
thrown [s\open\src\hotspot\share\interpreter\linkResolver.cpp, line 773]
Event: 3.949 Thread 0x000001d3e27d51c0 Exception <a 'java/lang/NoSuchMethodError'{0x000000008bc582e0}: 'java.lang.Object java.lang.invoke.DirectMethodHandle$Holder.invokeStatic(java.lang.Object, long, java.lang.Object)'> (0x000000008bc582e0) 
thrown [s\open\src\hotspot\share\interpreter\linkResolver.cpp, line 773]
Event: 3.949 Thread 0x000001d3e27d51c0 Exception <a 'java/lang/NoSuchMethodError'{0x000000008bb70280}: 'java.lang.Object java.lang.invoke.DirectMethodHandle$Holder.invokeStaticInit(java.lang.Object, long, java.lang.Object)'> (0x000000008bb70280) 
thrown [s\open\src\hotspot\share\interpreter\linkResolver.cpp, line 773]
Event: 5.179 Thread 0x000001d3fe2f3090 Exception <a 'sun/nio/fs/WindowsException'{0x000000008b21da28}> (0x000000008b21da28) 
thrown [s\open\src\hotspot\share\prims\jni.cpp, line 520]
Event: 5.410 Thread 0x000001d3fe2f3090 Exception <a 'java/lang/NoSuchMethodError'{0x000000008aff1cf0}: 'void java.lang.invoke.DirectMethodHandle$Holder.invokeVirtual(java.lang.Object, java.lang.Object)'> (0x000000008aff1cf0) 
thrown [s\open\src\hotspot\share\interpreter\linkResolver.cpp, line 773]
Event: 5.549 Thread 0x000001d3fe2f3090 Exception <a 'java/lang/NoSuchMethodError'{0x000000008aa690b8}: 'java.lang.Object java.lang.invoke.DirectMethodHandle$Holder.invokeStaticInit(java.lang.Object, int, int, int, int)'> (0x000000008aa690b8) 
thrown [s\open\src\hotspot\share\interpreter\linkResolver.cpp, line 773]
Event: 5.612 Thread 0x000001d3fe2f3090 Exception <a 'java/lang/NoSuchMethodError'{0x000000008a950370}: 'java.lang.Object java.lang.invoke.DirectMethodHandle$Holder.invokeStaticInit(java.lang.Object, java.lang.Object, int, int, int, int)'> (0x000000008a950370) 
thrown [s\open\src\hotspot\share\interpreter\linkResolver.cpp, line 773]
Event: 5.889 Thread 0x000001d3fe2f3090 Exception <a 'java/lang/NoSuchMethodError'{0x000000008a415030}: 'void java.lang.invoke.DirectMethodHandle$Holder.invokeStatic(java.lang.Object, java.lang.Object)'> (0x000000008a415030) 
thrown [s\open\src\hotspot\share\interpreter\linkResolver.cpp, line 773]

ZGC Phase Switch (0 events):
No events

VM Operations (20 events):
Event: 4.669 Executing VM operation: HandshakeAllThreads (Deoptimize)
Event: 4.669 Executing VM operation: HandshakeAllThreads (Deoptimize) done
Event: 4.669 Executing VM operation: HandshakeAllThreads (Deoptimize)
Event: 4.669 Executing VM operation: HandshakeAllThreads (Deoptimize) done
Event: 4.690 Executing VM operation: HandshakeAllThreads (Deoptimize)
Event: 4.690 Executing VM operation: HandshakeAllThreads (Deoptimize) done
Event: 4.694 Executing VM operation: HandshakeAllThreads (Deoptimize)
Event: 4.694 Executing VM operation: HandshakeAllThreads (Deoptimize) done
Event: 5.048 Executing VM operation: HandshakeAllThreads (Deoptimize)
Event: 5.048 Executing VM operation: HandshakeAllThreads (Deoptimize) done
Event: 5.184 Executing VM operation: HandshakeAllThreads (Deoptimize)
Event: 5.184 Executing VM operation: HandshakeAllThreads (Deoptimize) done
Event: 5.184 Executing VM operation: Cleanup
Event: 5.184 Executing VM operation: Cleanup done
Event: 5.405 Executing VM operation: HandshakeAllThreads (Deoptimize)
Event: 5.405 Executing VM operation: HandshakeAllThreads (Deoptimize) done
Event: 5.631 Executing VM operation: HandshakeAllThreads (Deoptimize)
Event: 5.631 Executing VM operation: HandshakeAllThreads (Deoptimize) done
Event: 5.964 Executing VM operation: HandshakeAllThreads (Deoptimize)
Event: 5.964 Executing VM operation: HandshakeAllThreads (Deoptimize) done

Events (17 events):
Event: 0.036 Thread 0x000001d3fe2f3090 Thread added: 0x000001d3fe2f3090
Event: 0.057 Thread 0x000001d39c564aa0 Thread added: 0x000001d39c564aa0
Event: 0.057 Thread 0x000001d39c567220 Thread added: 0x000001d39c567220
Event: 0.058 Thread 0x000001d39c56e9b0 Thread added: 0x000001d39c56e9b0
Event: 0.058 Thread 0x000001d39c56f400 Thread added: 0x000001d39c56f400
Event: 0.058 Thread 0x000001d39c56fe50 Thread added: 0x000001d39c56fe50
Event: 0.058 Thread 0x000001d39c5718b0 Thread added: 0x000001d39c5718b0
Event: 0.058 Thread 0x000001d39c572630 Thread added: 0x000001d39c572630
Event: 0.060 Thread 0x000001d39c578d20 Thread added: 0x000001d39c578d20
Event: 0.121 Thread 0x000001d39c539550 Thread added: 0x000001d39c539550
Event: 0.254 Thread 0x000001d39c97cb80 Thread added: 0x000001d39c97cb80
Event: 1.485 Thread 0x000001d39c97cb80 Thread exited: 0x000001d39c97cb80
Event: 1.532 Thread 0x000001d3e23c0860 Thread added: 0x000001d3e23c0860
Event: 3.609 Thread 0x000001d3e2405610 Thread added: 0x000001d3e2405610
Event: 3.845 Thread 0x000001d3e27d51c0 Thread added: 0x000001d3e27d51c0
Event: 3.866 Thread 0x000001d3e2918440 Thread added: 0x000001d3e2918440
Event: 6.118 Thread 0x000001d3e2918440 Thread exited: 0x000001d3e2918440


Dynamic libraries:
0x00007ff6fbda0000 - 0x00007ff6fbdb0000 	C:\Program Files\Java\jdk-21\bin\java.exe
0x00007ffb74840000 - 0x00007ffb74aa8000 	C:\WINDOWS\SYSTEM32\ntdll.dll
0x00007ffb73b80000 - 0x00007ffb73c49000 	C:\WINDOWS\System32\KERNEL32.DLL
0x00007ffb720b0000 - 0x00007ffb724a2000 	C:\WINDOWS\System32\KERNELBASE.dll
0x00007ffb71f60000 - 0x00007ffb720ab000 	C:\WINDOWS\System32\ucrtbase.dll
0x00007ffb6c6f0000 - 0x00007ffb6c709000 	C:\Program Files\Java\jdk-21\bin\jli.dll
0x00007ffb72d90000 - 0x00007ffb72e44000 	C:\WINDOWS\System32\ADVAPI32.dll
0x00007ffb73df0000 - 0x00007ffb73e99000 	C:\WINDOWS\System32\msvcrt.dll
0x00007ffb73180000 - 0x00007ffb73226000 	C:\WINDOWS\System32\sechost.dll
0x00007ffb74570000 - 0x00007ffb74688000 	C:\WINDOWS\System32\RPCRT4.dll
0x00007ffb738c0000 - 0x00007ffb73a85000 	C:\WINDOWS\System32\USER32.dll
0x00007ffb719d0000 - 0x00007ffb719f7000 	C:\WINDOWS\System32\win32u.dll
0x00007ffb746e0000 - 0x00007ffb7470b000 	C:\WINDOWS\System32\GDI32.dll
0x00007ffb71a00000 - 0x00007ffb71b2d000 	C:\WINDOWS\System32\gdi32full.dll
0x00007ffb71bc0000 - 0x00007ffb71c63000 	C:\WINDOWS\System32\msvcp_win.dll
0x00007ffb6c1f0000 - 0x00007ffb6c20b000 	C:\Program Files\Java\jdk-21\bin\VCRUNTIME140.dll
0x00007ffb52d00000 - 0x00007ffb52f93000 	C:\WINDOWS\WinSxS\amd64_microsoft.windows.common-controls_6595b64144ccf1df_6.0.26100.6899_none_3e0efeeae32e88c1\COMCTL32.dll
0x00007ffb63690000 - 0x00007ffb6369b000 	C:\WINDOWS\SYSTEM32\VERSION.dll
0x00007ffb741b0000 - 0x00007ffb741df000 	C:\WINDOWS\System32\IMM32.DLL
0x00007ffb6c260000 - 0x00007ffb6c26c000 	C:\Program Files\Java\jdk-21\bin\vcruntime140_1.dll
0x00007ffb5b550000 - 0x00007ffb5b5de000 	C:\Program Files\Java\jdk-21\bin\msvcp140.dll
0x00007ffacce70000 - 0x00007ffacdb8d000 	C:\Program Files\Java\jdk-21\bin\server\jvm.dll
0x00007ffb73d70000 - 0x00007ffb73de4000 	C:\WINDOWS\System32\WS2_32.dll
0x00007ffb71850000 - 0x00007ffb718ae000 	C:\WINDOWS\SYSTEM32\POWRPROF.dll
0x00007ffb5c710000 - 0x00007ffb5c745000 	C:\WINDOWS\SYSTEM32\WINMM.dll
0x00007ffb71830000 - 0x00007ffb71844000 	C:\WINDOWS\SYSTEM32\UMPDC.dll
0x00007ffb70780000 - 0x00007ffb7079b000 	C:\WINDOWS\SYSTEM32\kernel.appcore.dll
0x00007ffb63a70000 - 0x00007ffb63a7a000 	C:\Program Files\Java\jdk-21\bin\jimage.dll
0x00007ffb6eed0000 - 0x00007ffb6f112000 	C:\WINDOWS\SYSTEM32\DBGHELP.DLL
0x00007ffb741f0000 - 0x00007ffb7456b000 	C:\WINDOWS\System32\combase.dll
0x00007ffb73aa0000 - 0x00007ffb73b77000 	C:\WINDOWS\System32\OLEAUT32.dll
0x00007ffb52060000 - 0x00007ffb5209c000 	C:\WINDOWS\SYSTEM32\dbgcore.DLL
0x00007ffb724b0000 - 0x00007ffb72548000 	C:\WINDOWS\System32\bcryptPrimitives.dll
0x00007ffb497b0000 - 0x00007ffb497bf000 	C:\Program Files\Java\jdk-21\bin\instrument.dll
0x00007ffb63a50000 - 0x00007ffb63a6f000 	C:\Program Files\Java\jdk-21\bin\java.dll
0x00007ffb72640000 - 0x00007ffb72d8d000 	C:\WINDOWS\System32\SHELL32.dll
0x00007ffb71c70000 - 0x00007ffb71ddb000 	C:\WINDOWS\System32\wintypes.dll
0x00007ffb6f610000 - 0x00007ffb6fe6d000 	C:\WINDOWS\SYSTEM32\windows.storage.dll
0x00007ffb73c70000 - 0x00007ffb73d62000 	C:\WINDOWS\System32\SHCORE.dll
0x00007ffb74710000 - 0x00007ffb74772000 	C:\WINDOWS\System32\shlwapi.dll
0x00007ffb718f0000 - 0x00007ffb71919000 	C:\WINDOWS\SYSTEM32\profapi.dll
0x00007ffb497d0000 - 0x00007ffb498a7000 	C:\Program Files\Java\jdk-21\bin\jsvml.dll
0x00007ffb55e90000 - 0x00007ffb55ea8000 	C:\Program Files\Java\jdk-21\bin\zip.dll
0x00007ffb5b650000 - 0x00007ffb5b660000 	C:\Program Files\Java\jdk-21\bin\net.dll
0x00007ffb645b0000 - 0x00007ffb646cf000 	C:\WINDOWS\SYSTEM32\WINHTTP.dll
0x00007ffb70d10000 - 0x00007ffb70d7b000 	C:\WINDOWS\system32\mswsock.dll
0x00007ffb5b630000 - 0x00007ffb5b646000 	C:\Program Files\Java\jdk-21\bin\nio.dll
0x00007ffb55e30000 - 0x00007ffb55e40000 	C:\Program Files\Java\jdk-21\bin\verify.dll
0x00007ffb0f6d0000 - 0x00007ffb0f6e8000 	C:\WINDOWS\system32\napinsp.dll
0x00007ffb70260000 - 0x00007ffb70386000 	C:\WINDOWS\SYSTEM32\DNSAPI.dll
0x00007ffb701c0000 - 0x00007ffb701f4000 	C:\WINDOWS\SYSTEM32\IPHLPAPI.DLL
0x00007ffb738a0000 - 0x00007ffb738aa000 	C:\WINDOWS\System32\NSI.dll
0x00007ffb0c5f0000 - 0x00007ffb0c602000 	C:\WINDOWS\System32\winrnr.dll
0x00007ffb55eb0000 - 0x00007ffb55ed8000 	C:\WINDOWS\system32\nlansp_c.dll
0x00007ffb644d0000 - 0x00007ffb644e6000 	C:\WINDOWS\system32\wshbth.dll
0x00007ffb53ff0000 - 0x00007ffb53ffb000 	C:\Windows\System32\rasadhlp.dll
0x00007ffb63600000 - 0x00007ffb63686000 	C:\WINDOWS\System32\fwpuclnt.dll
0x00007ffb55e20000 - 0x00007ffb55e2a000 	C:\Program Files\Java\jdk-21\bin\management.dll
0x00007ffb525c0000 - 0x00007ffb525cb000 	C:\Program Files\Java\jdk-21\bin\management_ext.dll
0x00007ffb73a90000 - 0x00007ffb73a98000 	C:\WINDOWS\System32\PSAPI.DLL
0x00007ffb497c0000 - 0x00007ffb497ce000 	C:\Program Files\Java\jdk-21\bin\sunmscapi.dll
0x00007ffb71de0000 - 0x00007ffb71f57000 	C:\WINDOWS\System32\CRYPT32.dll
0x00007ffb711e0000 - 0x00007ffb71210000 	C:\WINDOWS\SYSTEM32\ncrypt.dll
0x00007ffb71190000 - 0x00007ffb711cf000 	C:\WINDOWS\SYSTEM32\NTASN1.dll
0x00007ffb70fc0000 - 0x00007ffb70fdb000 	C:\WINDOWS\SYSTEM32\CRYPTSP.dll
0x00007ffb706e0000 - 0x00007ffb7071b000 	C:\WINDOWS\system32\rsaenh.dll
0x00007ffb70db0000 - 0x00007ffb70ddb000 	C:\WINDOWS\SYSTEM32\USERENV.dll
0x00007ffb718c0000 - 0x00007ffb718e6000 	C:\WINDOWS\SYSTEM32\bcrypt.dll
0x00007ffb70fe0000 - 0x00007ffb70fec000 	C:\WINDOWS\SYSTEM32\CRYPTBASE.dll
0x00007ffb49a30000 - 0x00007ffb49a39000 	C:\Program Files\Java\jdk-21\bin\extnet.dll

dbghelp: loaded successfully - version: 4.0.5 - missing functions: none
symbol engine: initialized successfully - sym options: 0x614 - pdb path: .;C:\Program Files\Java\jdk-21\bin;C:\WINDOWS\SYSTEM32;C:\WINDOWS\WinSxS\amd64_microsoft.windows.common-controls_6595b64144ccf1df_6.0.26100.6899_none_3e0efeeae32e88c1;C:\Program Files\Java\jdk-21\bin\server

VM Arguments:
jvm_args: -javaagent:C:\\Users\\SUJITHA\\.m2\\repository\\org\\jacoco\\org.jacoco.agent\\0.8.4\\org.jacoco.agent-0.8.4-runtime.jar=destfile=C:\\Users\\SUJITHA\\eclipse-workspace\\My Maven project 2025\\qa-framework\\target\\jacoco.exec 
java_command: C:\Users\SUJITHA\AppData\Local\Temp\surefire16055548695181752015\surefirebooter10460439856056601813.jar C:\Users\SUJITHA\AppData\Local\Temp\surefire16055548695181752015 2025-11-03T12-54-57_927-jvmRun1 surefire17406672878244750572tmp surefire_05690166686083196429tmp
java_class_path (initial): C:\Users\SUJITHA\AppData\Local\Temp\surefire16055548695181752015\surefirebooter10460439856056601813.jar
Launcher Type: SUN_STANDARD

[Global flags]
     intx CICompilerCount                          = 3                                         {product} {ergonomic}
     uint ConcGCThreads                            = 1                                         {product} {ergonomic}
     uint G1ConcRefinementThreads                  = 4                                         {product} {ergonomic}
   size_t G1HeapRegionSize                         = 1048576                                   {product} {ergonomic}
    uintx GCDrainStackTargetSize                   = 64                                        {product} {ergonomic}
   size_t InitialHeapSize                          = 130023424                                 {product} {ergonomic}
   size_t MarkStackSize                            = 4194304                                   {product} {ergonomic}
   size_t MaxHeapSize                              = 2067791872                                {product} {ergonomic}
   size_t MaxNewSize                               = 1240465408                                {product} {ergonomic}
   size_t MinHeapDeltaBytes                        = 1048576                                   {product} {ergonomic}
   size_t MinHeapSize                              = 8388608                                   {product} {ergonomic}
    uintx NonNMethodCodeHeapSize                   = 5832780                                {pd product} {ergonomic}
    uintx NonProfiledCodeHeapSize                  = 122912730                              {pd product} {ergonomic}
    uintx ProfiledCodeHeapSize                     = 122912730                              {pd product} {ergonomic}
    uintx ReservedCodeCacheSize                    = 251658240                              {pd product} {ergonomic}
     bool SegmentedCodeCache                       = true                                      {product} {ergonomic}
   size_t SoftMaxHeapSize                          = 2067791872                             {manageable} {ergonomic}
     bool UseCompressedOops                        = true                           {product lp64_product} {ergonomic}
     bool UseG1GC                                  = true                                      {product} {ergonomic}
     bool UseLargePagesIndividualAllocation        = false                                  {pd product} {ergonomic}

Logging:
Log output configuration:
 #0: stdout all=warning uptime,level,tags foldmultilines=false
 #1: stderr all=off uptime,level,tags foldmultilines=false

Environment Variables:
JAVA_HOME=C:\Program Files\Java\jdk-21
PATH=F:/Eclipse/eclipse//plugins/org.eclipse.justj.openjdk.hotspot.jre.full.win32.x86_64_16.0.2.v20210721-1149/jre/bin/server;F:/Eclipse/eclipse//plugins/org.eclipse.justj.openjdk.hotspot.jre.full.win32.x86_64_16.0.2.v20210721-1149/jre/bin;C:\Program Files\Common Files\Oracle\Java\javapath;C:\WINDOWS\system32;C:\WINDOWS;C:\WINDOWS\System32\Wbem;C:\WINDOWS\System32\WindowsPowerShell\v1.0\;C:\WINDOWS\System32\OpenSSH\;C:\Program Files\nodejs\;C:\Program Files\Docker\Docker\resources\bin;C:\Users\SUJITHA\AppData\Local\Microsoft\WindowsApps;C:\Users\SUJITHA\AppData\Roaming\npm;C:\Program Files\nodejs;C:\Program Files\nodejs\node_modules;C:\Program Files\Java\jdk-21\bin;C:\Program Files\apache-maven-3.9.11\bin;;F:\Eclipse\eclipse;
USERNAME=SUJITHA
OS=Windows_NT
PROCESSOR_IDENTIFIER=Intel64 Family 6 Model 126 Stepping 5, GenuineIntel
TMP=C:\Users\SUJITHA\AppData\Local\Temp
TEMP=C:\Users\SUJITHA\AppData\Local\Temp




Periodic native trim disabled

---------------  S Y S T E M  ---------------

OS:
 Windows 11 , 64 bit Build 26100 (10.0.26100.6725)
OS uptime: 0 days 1:33 hours
Hyper-V role detected

CPU: total 4 (initial active 4) (2 cores per cpu, 2 threads per core) family 6 model 126 stepping 5 microcode 0xa0, cx8, cmov, fxsr, ht, mmx, 3dnowpref, sse, sse2, sse3, ssse3, sse4.1, sse4.2, popcnt, lzcnt, tsc, tscinvbit, avx, avx2, aes, erms, clmul, bmi1, bmi2, adx, avx512f, avx512dq, avx512cd, avx512bw, avx512vl, sha, fma, vzeroupper, avx512_vpopcntdq, avx512_vpclmulqdq, avx512_vaes, avx512_vnni, clflush, clflushopt, avx512_vbmi2, avx512_vbmi, hv, rdtscp, rdpid, fsrm, gfni, avx512_bitalg, f16c, avx512_ifma
Processor Information for all 4 processors :
  Max Mhz: 1190, Current Mhz: 1190, Mhz Limit: 1190

Memory: 4k page, system-wide physical 7880M (788M free)
TotalPageFile size 9928M (AvailPageFile size 5M)
current process WorkingSet (physical memory assigned to process): 131M, peak: 131M
current process commit charge ("private bytes"): 242M, peak: 246M

vm_info: Java HotSpot(TM) 64-Bit Server VM (21.0.8+12-LTS-250) for windows-amd64 JRE (21.0.8+12-LTS-250), built on 2025-06-27T08:11:22Z by "mach5one" with MS VC++ 17.6 (VS2022)

END.
