#
# There is insufficient memory for the Java Runtime Environment to continue.
# Native memory allocation (malloc) failed to allocate 1190656 bytes for Chunk::new
# Possible reasons:
#   The system is out of physical RAM or swap space
#   The process is running with CompressedOops enabled, and the Java Heap may be blocking the growth of the native heap
# Possible solutions:
#   Reduce memory load on the system
#   Increase physical memory or swap space
#   Check if swap backing store is full
#   Decrease Java heap size (-Xmx/-Xms)
#   Decrease number of Java threads
#   Decrease Java thread stack sizes (-Xss)
#   Set larger code cache with -XX:ReservedCodeCacheSize=
#   JVM is running with Unscaled Compressed Oops mode in which the Java heap is
#     placed in the first 4GB address space. The Java Heap base address is the
#     maximum limit for the native heap growth. Please use -XX:HeapBaseMinAddress
#     to set the Java Heap base and to place the Java Heap above 4GB virtual address.
# This output file may be truncated or incomplete.
#
#  Out of Memory Error (arena.cpp:168), pid=1632, tid=7596
#
# JRE version: Java(TM) SE Runtime Environment (21.0.8+12) (build 21.0.8+12-LTS-250)
# Java VM: Java HotSpot(TM) 64-Bit Server VM (21.0.8+12-LTS-250, mixed mode, sharing, tiered, compressed oops, compressed class ptrs, g1 gc, windows-amd64)
# No core dump will be written. Minidumps are not enabled by default on client versions of Windows
#

---------------  S U M M A R Y ------------

Command Line: --enable-native-access=ALL-UNNAMED -Dclassworlds.conf=C:\Program Files\apache-maven-3.9.11\bin\m2.conf -Dmaven.home=C:\Program Files\apache-maven-3.9.11 -Dlibrary.jansi.path=C:\Program Files\apache-maven-3.9.11\lib\jansi-native -Dmaven.multiModuleProjectDirectory=C:\Users\SUJITHA\eclipse-workspace\My Maven project 2025\qa-framework org.codehaus.plexus.classworlds.launcher.Launcher clean test

Host: Intel(R) Core(TM) i3-1005G1 CPU @ 1.20GHz, 4 cores, 7G,  Windows 11 , 64 bit Build 26100 (10.0.26100.6725)
Time: Mon Nov  3 12:43:32 2025 India Standard Time elapsed time: 3.251512 seconds (0d 0h 0m 3s)

---------------  T H R E A D  ---------------

Current thread (0x000001d69f35a1b0):  JavaThread "C2 CompilerThread0" daemon [_thread_in_native, id=7596, stack(0x0000006783100000,0x0000006783200000) (1024K)]


Current CompileTask:
C2:   3251 2766   !   4       java.net.URL::<init> (543 bytes)

Stack: [0x0000006783100000,0x0000006783200000]
Native frames: (J=compiled Java code, j=interpreted, Vv=VM code, C=native code)
V  [jvm.dll+0x6cc179]
V  [jvm.dll+0x8584c1]
V  [jvm.dll+0x85a9ee]
V  [jvm.dll+0x85b0c3]
V  [jvm.dll+0x27ebf6]
V  [jvm.dll+0xc4f4d]
V  [jvm.dll+0xc5483]
V  [jvm.dll+0x3b6abc]
V  [jvm.dll+0x382a35]
V  [jvm.dll+0x381eaa]
V  [jvm.dll+0x247670]
V  [jvm.dll+0x246c4f]
V  [jvm.dll+0x1c7a3e]
V  [jvm.dll+0x256359]
V  [jvm.dll+0x2548ea]
V  [jvm.dll+0x3efef6]
V  [jvm.dll+0x80279b]
V  [jvm.dll+0x6ca85d]
C  [ucrtbase.dll+0x37b0]
C  [KERNEL32.DLL+0x2e8d7]
C  [ntdll.dll+0x8c53c]


---------------  P R O C E S S  ---------------

Threads class SMR info:
_java_thread_list=0x000001d6e5d45380, length=13, elements={
0x000001d6810dd380, 0x000001d69f349ab0, 0x000001d69f34f320, 0x000001d69f355740,
0x000001d69f356280, 0x000001d69f357ae0, 0x000001d69f359340, 0x000001d69f35a1b0,
0x000001d69f35fa40, 0x000001d69f5cb160, 0x000001d69f5f21c0, 0x000001d6e5d79200,
0x000001d6e5c655c0
}

Java Threads: ( => current thread )
  0x000001d6810dd380 JavaThread "main"                              [_thread_in_vm, id=8876, stack(0x0000006782300000,0x0000006782400000) (1024K)]
  0x000001d69f349ab0 JavaThread "Reference Handler"          daemon [_thread_blocked, id=15712, stack(0x0000006782b00000,0x0000006782c00000) (1024K)]
  0x000001d69f34f320 JavaThread "Finalizer"                  daemon [_thread_blocked, id=16248, stack(0x0000006782c00000,0x0000006782d00000) (1024K)]
  0x000001d69f355740 JavaThread "Signal Dispatcher"          daemon [_thread_blocked, id=14380, stack(0x0000006782d00000,0x0000006782e00000) (1024K)]
  0x000001d69f356280 JavaThread "Attach Listener"            daemon [_thread_blocked, id=12420, stack(0x0000006782e00000,0x0000006782f00000) (1024K)]
  0x000001d69f357ae0 JavaThread "Service Thread"             daemon [_thread_blocked, id=1140, stack(0x0000006782f00000,0x0000006783000000) (1024K)]
  0x000001d69f359340 JavaThread "Monitor Deflation Thread"   daemon [_thread_blocked, id=8176, stack(0x0000006783000000,0x0000006783100000) (1024K)]
=>0x000001d69f35a1b0 JavaThread "C2 CompilerThread0"         daemon [_thread_in_native, id=7596, stack(0x0000006783100000,0x0000006783200000) (1024K)]
  0x000001d69f35fa40 JavaThread "C1 CompilerThread0"         daemon [_thread_blocked, id=9312, stack(0x0000006783200000,0x0000006783300000) (1024K)]
  0x000001d69f5cb160 JavaThread "Notification Thread"        daemon [_thread_blocked, id=16104, stack(0x0000006783300000,0x0000006783400000) (1024K)]
  0x000001d69f5f21c0 JavaThread "Common-Cleaner"             daemon [_thread_blocked, id=15200, stack(0x0000006783400000,0x0000006783500000) (1024K)]
  0x000001d6e5d79200 JavaThread "C2 CompilerThread1"         daemon [_thread_in_native, id=14676, stack(0x0000006783800000,0x0000006783900000) (1024K)]
  0x000001d6e5c655c0 JavaThread "Thread-1"                   daemon [_thread_blocked, id=7060, stack(0x0000006783900000,0x0000006783a00000) (1024K)]
Total: 13

Other Threads:
  0x000001d69f32b930 VMThread "VM Thread"                           [id=3580, stack(0x0000006782a00000,0x0000006782b00000) (1024K)]
  0x000001d69f31a510 WatcherThread "VM Periodic Task Thread"        [id=4880, stack(0x0000006782900000,0x0000006782a00000) (1024K)]
  0x000001d683399960 WorkerThread "GC Thread#0"                     [id=8280, stack(0x0000006782400000,0x0000006782500000) (1024K)]
  0x000001d6e565d820 WorkerThread "GC Thread#1"                     [id=16476, stack(0x0000006783500000,0x0000006783600000) (1024K)]
  0x000001d6e57d3e30 WorkerThread "GC Thread#2"                     [id=6996, stack(0x0000006783600000,0x0000006783700000) (1024K)]
  0x000001d6e57d41d0 WorkerThread "GC Thread#3"                     [id=17792, stack(0x0000006783700000,0x0000006783800000) (1024K)]
  0x000001d6833a9fc0 ConcurrentGCThread "G1 Main Marker"            [id=5700, stack(0x0000006782500000,0x0000006782600000) (1024K)]
  0x000001d6833aaac0 WorkerThread "G1 Conc#0"                       [id=16284, stack(0x0000006782600000,0x0000006782700000) (1024K)]
  0x000001d69f1e84f0 ConcurrentGCThread "G1 Refine#0"               [id=4616, stack(0x0000006782700000,0x0000006782800000) (1024K)]
  0x000001d69f1e8f70 ConcurrentGCThread "G1 Service"                [id=17000, stack(0x0000006782800000,0x0000006782900000) (1024K)]
Total: 10

Threads with active compile tasks:
C2 CompilerThread0     3288 2766   !   4       java.net.URL::<init> (543 bytes)
C2 CompilerThread1     3288 2831       4       sun.util.locale.BaseLocale::getInstance (150 bytes)
Total: 2

VM state: not at safepoint (normal execution)

VM Mutex/Monitor currently owned by a thread: None

Heap address: 0x0000000084c00000, size: 1972 MB, Compressed Oops mode: 32-bit

CDS archive(s) mapped at: [0x000001d6a0000000-0x000001d6a0c90000-0x000001d6a0c90000), size 13172736, SharedBaseAddress: 0x000001d6a0000000, ArchiveRelocationMode: 1.
Compressed class space mapped at: 0x000001d6a1000000-0x000001d6e1000000, reserved size: 1073741824
Narrow klass base: 0x000001d6a0000000, Narrow klass shift: 0, Narrow klass range: 0x100000000

GC Precious Log:
 CardTable entry size: 512
 Card Set container configuration: InlinePtr #cards 5 size 8 Array Of Cards #cards 12 size 40 Howl #buckets 4 coarsen threshold 1843 Howl Bitmap #cards 512 size 80 coarsen threshold 460 Card regions per heap region 1 cards per card region 2048
 CPUs: 4 total, 4 available
 Memory: 7880M
 Large Page Support: Disabled
 NUMA Support: Disabled
 Compressed Oops: Enabled (32-bit)
 Heap Region Size: 1M
 Heap Min Capacity: 8M
 Heap Initial Capacity: 124M
 Heap Max Capacity: 1972M
 Pre-touch: Disabled
 Parallel Workers: 4
 Concurrent Workers: 1
 Concurrent Refinement Workers: 4
 Periodic GC: Disabled

Heap:
 garbage-first heap   total 126976K, used 48274K [0x0000000084c00000, 0x0000000100000000)
  region size 1024K, 46 young (47104K), 1 survivors (1024K)
 Metaspace       used 14359K, committed 14528K, reserved 1114112K
  class space    used 1711K, committed 1792K, reserved 1048576K

Heap Regions: E=young(eden), S=young(survivor), O=old, HS=humongous(starts), HC=humongous(continues), CS=collection set, F=free, TAMS=top-at-mark-start, PB=parsable bottom
|   0|0x0000000084c00000, 0x0000000084d00000, 0x0000000084d00000|100%| O|  |TAMS 0x0000000084c00000| PB 0x0000000084c00000| Untracked 
|   1|0x0000000084d00000, 0x0000000084e00000, 0x0000000084e00000|100%| O|  |TAMS 0x0000000084d00000| PB 0x0000000084d00000| Untracked 
|   2|0x0000000084e00000, 0x0000000084f00000, 0x0000000084f00000|100%| O|  |TAMS 0x0000000084e00000| PB 0x0000000084e00000| Untracked 
|   3|0x0000000084f00000, 0x0000000084f57e38, 0x0000000085000000| 34%| O|  |TAMS 0x0000000084f00000| PB 0x0000000084f00000| Untracked 
|   4|0x0000000085000000, 0x0000000085000000, 0x0000000085100000|  0%| F|  |TAMS 0x0000000085000000| PB 0x0000000085000000| Untracked 
|   5|0x0000000085100000, 0x0000000085100000, 0x0000000085200000|  0%| F|  |TAMS 0x0000000085100000| PB 0x0000000085100000| Untracked 
|   6|0x0000000085200000, 0x0000000085200000, 0x0000000085300000|  0%| F|  |TAMS 0x0000000085200000| PB 0x0000000085200000| Untracked 
|   7|0x0000000085300000, 0x0000000085300000, 0x0000000085400000|  0%| F|  |TAMS 0x0000000085300000| PB 0x0000000085300000| Untracked 
|   8|0x0000000085400000, 0x0000000085400000, 0x0000000085500000|  0%| F|  |TAMS 0x0000000085400000| PB 0x0000000085400000| Untracked 
|   9|0x0000000085500000, 0x0000000085500000, 0x0000000085600000|  0%| F|  |TAMS 0x0000000085500000| PB 0x0000000085500000| Untracked 
|  10|0x0000000085600000, 0x0000000085600000, 0x0000000085700000|  0%| F|  |TAMS 0x0000000085600000| PB 0x0000000085600000| Untracked 
|  11|0x0000000085700000, 0x0000000085700000, 0x0000000085800000|  0%| F|  |TAMS 0x0000000085700000| PB 0x0000000085700000| Untracked 
|  12|0x0000000085800000, 0x0000000085800000, 0x0000000085900000|  0%| F|  |TAMS 0x0000000085800000| PB 0x0000000085800000| Untracked 
|  13|0x0000000085900000, 0x0000000085900000, 0x0000000085a00000|  0%| F|  |TAMS 0x0000000085900000| PB 0x0000000085900000| Untracked 
|  14|0x0000000085a00000, 0x0000000085a00000, 0x0000000085b00000|  0%| F|  |TAMS 0x0000000085a00000| PB 0x0000000085a00000| Untracked 
|  15|0x0000000085b00000, 0x0000000085b00000, 0x0000000085c00000|  0%| F|  |TAMS 0x0000000085b00000| PB 0x0000000085b00000| Untracked 
|  16|0x0000000085c00000, 0x0000000085c00000, 0x0000000085d00000|  0%| F|  |TAMS 0x0000000085c00000| PB 0x0000000085c00000| Untracked 
|  17|0x0000000085d00000, 0x0000000085d00000, 0x0000000085e00000|  0%| F|  |TAMS 0x0000000085d00000| PB 0x0000000085d00000| Untracked 
|  18|0x0000000085e00000, 0x0000000085e00000, 0x0000000085f00000|  0%| F|  |TAMS 0x0000000085e00000| PB 0x0000000085e00000| Untracked 
|  19|0x0000000085f00000, 0x0000000085f00000, 0x0000000086000000|  0%| F|  |TAMS 0x0000000085f00000| PB 0x0000000085f00000| Untracked 
|  20|0x0000000086000000, 0x0000000086000000, 0x0000000086100000|  0%| F|  |TAMS 0x0000000086000000| PB 0x0000000086000000| Untracked 
|  21|0x0000000086100000, 0x0000000086100000, 0x0000000086200000|  0%| F|  |TAMS 0x0000000086100000| PB 0x0000000086100000| Untracked 
|  22|0x0000000086200000, 0x0000000086200000, 0x0000000086300000|  0%| F|  |TAMS 0x0000000086200000| PB 0x0000000086200000| Untracked 
|  23|0x0000000086300000, 0x0000000086300000, 0x0000000086400000|  0%| F|  |TAMS 0x0000000086300000| PB 0x0000000086300000| Untracked 
|  24|0x0000000086400000, 0x0000000086400000, 0x0000000086500000|  0%| F|  |TAMS 0x0000000086400000| PB 0x0000000086400000| Untracked 
|  25|0x0000000086500000, 0x0000000086500000, 0x0000000086600000|  0%| F|  |TAMS 0x0000000086500000| PB 0x0000000086500000| Untracked 
|  26|0x0000000086600000, 0x0000000086600000, 0x0000000086700000|  0%| F|  |TAMS 0x0000000086600000| PB 0x0000000086600000| Untracked 
|  27|0x0000000086700000, 0x0000000086700000, 0x0000000086800000|  0%| F|  |TAMS 0x0000000086700000| PB 0x0000000086700000| Untracked 
|  28|0x0000000086800000, 0x0000000086800000, 0x0000000086900000|  0%| F|  |TAMS 0x0000000086800000| PB 0x0000000086800000| Untracked 
|  29|0x0000000086900000, 0x0000000086900000, 0x0000000086a00000|  0%| F|  |TAMS 0x0000000086900000| PB 0x0000000086900000| Untracked 
|  30|0x0000000086a00000, 0x0000000086a00000, 0x0000000086b00000|  0%| F|  |TAMS 0x0000000086a00000| PB 0x0000000086a00000| Untracked 
|  31|0x0000000086b00000, 0x0000000086b00000, 0x0000000086c00000|  0%| F|  |TAMS 0x0000000086b00000| PB 0x0000000086b00000| Untracked 
|  32|0x0000000086c00000, 0x0000000086c00000, 0x0000000086d00000|  0%| F|  |TAMS 0x0000000086c00000| PB 0x0000000086c00000| Untracked 
|  33|0x0000000086d00000, 0x0000000086d00000, 0x0000000086e00000|  0%| F|  |TAMS 0x0000000086d00000| PB 0x0000000086d00000| Untracked 
|  34|0x0000000086e00000, 0x0000000086e00000, 0x0000000086f00000|  0%| F|  |TAMS 0x0000000086e00000| PB 0x0000000086e00000| Untracked 
|  35|0x0000000086f00000, 0x0000000086f00000, 0x0000000087000000|  0%| F|  |TAMS 0x0000000086f00000| PB 0x0000000086f00000| Untracked 
|  36|0x0000000087000000, 0x0000000087000000, 0x0000000087100000|  0%| F|  |TAMS 0x0000000087000000| PB 0x0000000087000000| Untracked 
|  37|0x0000000087100000, 0x0000000087100000, 0x0000000087200000|  0%| F|  |TAMS 0x0000000087100000| PB 0x0000000087100000| Untracked 
|  38|0x0000000087200000, 0x0000000087200000, 0x0000000087300000|  0%| F|  |TAMS 0x0000000087200000| PB 0x0000000087200000| Untracked 
|  39|0x0000000087300000, 0x0000000087300000, 0x0000000087400000|  0%| F|  |TAMS 0x0000000087300000| PB 0x0000000087300000| Untracked 
|  40|0x0000000087400000, 0x0000000087400000, 0x0000000087500000|  0%| F|  |TAMS 0x0000000087400000| PB 0x0000000087400000| Untracked 
|  41|0x0000000087500000, 0x0000000087500000, 0x0000000087600000|  0%| F|  |TAMS 0x0000000087500000| PB 0x0000000087500000| Untracked 
|  42|0x0000000087600000, 0x0000000087600000, 0x0000000087700000|  0%| F|  |TAMS 0x0000000087600000| PB 0x0000000087600000| Untracked 
|  43|0x0000000087700000, 0x0000000087700000, 0x0000000087800000|  0%| F|  |TAMS 0x0000000087700000| PB 0x0000000087700000| Untracked 
|  44|0x0000000087800000, 0x0000000087800000, 0x0000000087900000|  0%| F|  |TAMS 0x0000000087800000| PB 0x0000000087800000| Untracked 
|  45|0x0000000087900000, 0x0000000087900000, 0x0000000087a00000|  0%| F|  |TAMS 0x0000000087900000| PB 0x0000000087900000| Untracked 
|  46|0x0000000087a00000, 0x0000000087a00000, 0x0000000087b00000|  0%| F|  |TAMS 0x0000000087a00000| PB 0x0000000087a00000| Untracked 
|  47|0x0000000087b00000, 0x0000000087b00000, 0x0000000087c00000|  0%| F|  |TAMS 0x0000000087b00000| PB 0x0000000087b00000| Untracked 
|  48|0x0000000087c00000, 0x0000000087c00000, 0x0000000087d00000|  0%| F|  |TAMS 0x0000000087c00000| PB 0x0000000087c00000| Untracked 
|  49|0x0000000087d00000, 0x0000000087d00000, 0x0000000087e00000|  0%| F|  |TAMS 0x0000000087d00000| PB 0x0000000087d00000| Untracked 
|  50|0x0000000087e00000, 0x0000000087e00000, 0x0000000087f00000|  0%| F|  |TAMS 0x0000000087e00000| PB 0x0000000087e00000| Untracked 
|  51|0x0000000087f00000, 0x0000000087f00000, 0x0000000088000000|  0%| F|  |TAMS 0x0000000087f00000| PB 0x0000000087f00000| Untracked 
|  52|0x0000000088000000, 0x0000000088000000, 0x0000000088100000|  0%| F|  |TAMS 0x0000000088000000| PB 0x0000000088000000| Untracked 
|  53|0x0000000088100000, 0x0000000088100000, 0x0000000088200000|  0%| F|  |TAMS 0x0000000088100000| PB 0x0000000088100000| Untracked 
|  54|0x0000000088200000, 0x0000000088200000, 0x0000000088300000|  0%| F|  |TAMS 0x0000000088200000| PB 0x0000000088200000| Untracked 
|  55|0x0000000088300000, 0x0000000088300000, 0x0000000088400000|  0%| F|  |TAMS 0x0000000088300000| PB 0x0000000088300000| Untracked 
|  56|0x0000000088400000, 0x0000000088400000, 0x0000000088500000|  0%| F|  |TAMS 0x0000000088400000| PB 0x0000000088400000| Untracked 
|  57|0x0000000088500000, 0x0000000088500000, 0x0000000088600000|  0%| F|  |TAMS 0x0000000088500000| PB 0x0000000088500000| Untracked 
|  58|0x0000000088600000, 0x0000000088600000, 0x0000000088700000|  0%| F|  |TAMS 0x0000000088600000| PB 0x0000000088600000| Untracked 
|  59|0x0000000088700000, 0x0000000088700000, 0x0000000088800000|  0%| F|  |TAMS 0x0000000088700000| PB 0x0000000088700000| Untracked 
|  60|0x0000000088800000, 0x0000000088800000, 0x0000000088900000|  0%| F|  |TAMS 0x0000000088800000| PB 0x0000000088800000| Untracked 
|  61|0x0000000088900000, 0x0000000088900000, 0x0000000088a00000|  0%| F|  |TAMS 0x0000000088900000| PB 0x0000000088900000| Untracked 
|  62|0x0000000088a00000, 0x0000000088a00000, 0x0000000088b00000|  0%| F|  |TAMS 0x0000000088a00000| PB 0x0000000088a00000| Untracked 
|  63|0x0000000088b00000, 0x0000000088b00000, 0x0000000088c00000|  0%| F|  |TAMS 0x0000000088b00000| PB 0x0000000088b00000| Untracked 
|  64|0x0000000088c00000, 0x0000000088c00000, 0x0000000088d00000|  0%| F|  |TAMS 0x0000000088c00000| PB 0x0000000088c00000| Untracked 
|  65|0x0000000088d00000, 0x0000000088d00000, 0x0000000088e00000|  0%| F|  |TAMS 0x0000000088d00000| PB 0x0000000088d00000| Untracked 
|  66|0x0000000088e00000, 0x0000000088e00000, 0x0000000088f00000|  0%| F|  |TAMS 0x0000000088e00000| PB 0x0000000088e00000| Untracked 
|  67|0x0000000088f00000, 0x0000000088f00000, 0x0000000089000000|  0%| F|  |TAMS 0x0000000088f00000| PB 0x0000000088f00000| Untracked 
|  68|0x0000000089000000, 0x0000000089000000, 0x0000000089100000|  0%| F|  |TAMS 0x0000000089000000| PB 0x0000000089000000| Untracked 
|  69|0x0000000089100000, 0x0000000089100000, 0x0000000089200000|  0%| F|  |TAMS 0x0000000089100000| PB 0x0000000089100000| Untracked 
|  70|0x0000000089200000, 0x0000000089200000, 0x0000000089300000|  0%| F|  |TAMS 0x0000000089200000| PB 0x0000000089200000| Untracked 
|  71|0x0000000089300000, 0x0000000089300000, 0x0000000089400000|  0%| F|  |TAMS 0x0000000089300000| PB 0x0000000089300000| Untracked 
|  72|0x0000000089400000, 0x0000000089400000, 0x0000000089500000|  0%| F|  |TAMS 0x0000000089400000| PB 0x0000000089400000| Untracked 
|  73|0x0000000089500000, 0x0000000089500000, 0x0000000089600000|  0%| F|  |TAMS 0x0000000089500000| PB 0x0000000089500000| Untracked 
|  74|0x0000000089600000, 0x0000000089600000, 0x0000000089700000|  0%| F|  |TAMS 0x0000000089600000| PB 0x0000000089600000| Untracked 
|  75|0x0000000089700000, 0x0000000089700000, 0x0000000089800000|  0%| F|  |TAMS 0x0000000089700000| PB 0x0000000089700000| Untracked 
|  76|0x0000000089800000, 0x0000000089800000, 0x0000000089900000|  0%| F|  |TAMS 0x0000000089800000| PB 0x0000000089800000| Untracked 
|  77|0x0000000089900000, 0x0000000089900000, 0x0000000089a00000|  0%| F|  |TAMS 0x0000000089900000| PB 0x0000000089900000| Untracked 
|  78|0x0000000089a00000, 0x0000000089afa598, 0x0000000089b00000| 97%| E|  |TAMS 0x0000000089a00000| PB 0x0000000089a00000| Complete 
|  79|0x0000000089b00000, 0x0000000089c00000, 0x0000000089c00000|100%| E|CS|TAMS 0x0000000089b00000| PB 0x0000000089b00000| Complete 
|  80|0x0000000089c00000, 0x0000000089d00000, 0x0000000089d00000|100%| E|CS|TAMS 0x0000000089c00000| PB 0x0000000089c00000| Complete 
|  81|0x0000000089d00000, 0x0000000089e00000, 0x0000000089e00000|100%| E|CS|TAMS 0x0000000089d00000| PB 0x0000000089d00000| Complete 
|  82|0x0000000089e00000, 0x0000000089f00000, 0x0000000089f00000|100%| E|CS|TAMS 0x0000000089e00000| PB 0x0000000089e00000| Complete 
|  83|0x0000000089f00000, 0x000000008a000000, 0x000000008a000000|100%| E|CS|TAMS 0x0000000089f00000| PB 0x0000000089f00000| Complete 
|  84|0x000000008a000000, 0x000000008a100000, 0x000000008a100000|100%| E|CS|TAMS 0x000000008a000000| PB 0x000000008a000000| Complete 
|  85|0x000000008a100000, 0x000000008a200000, 0x000000008a200000|100%| E|CS|TAMS 0x000000008a100000| PB 0x000000008a100000| Complete 
|  86|0x000000008a200000, 0x000000008a300000, 0x000000008a300000|100%| E|CS|TAMS 0x000000008a200000| PB 0x000000008a200000| Complete 
|  87|0x000000008a300000, 0x000000008a400000, 0x000000008a400000|100%| E|CS|TAMS 0x000000008a300000| PB 0x000000008a300000| Complete 
|  88|0x000000008a400000, 0x000000008a500000, 0x000000008a500000|100%| E|CS|TAMS 0x000000008a400000| PB 0x000000008a400000| Complete 
|  89|0x000000008a500000, 0x000000008a600000, 0x000000008a600000|100%| E|CS|TAMS 0x000000008a500000| PB 0x000000008a500000| Complete 
|  90|0x000000008a600000, 0x000000008a700000, 0x000000008a700000|100%| E|CS|TAMS 0x000000008a600000| PB 0x000000008a600000| Complete 
|  91|0x000000008a700000, 0x000000008a800000, 0x000000008a800000|100%| E|CS|TAMS 0x000000008a700000| PB 0x000000008a700000| Complete 
|  92|0x000000008a800000, 0x000000008a900000, 0x000000008a900000|100%| E|CS|TAMS 0x000000008a800000| PB 0x000000008a800000| Complete 
|  93|0x000000008a900000, 0x000000008aa00000, 0x000000008aa00000|100%| E|CS|TAMS 0x000000008a900000| PB 0x000000008a900000| Complete 
|  94|0x000000008aa00000, 0x000000008ab00000, 0x000000008ab00000|100%| E|  |TAMS 0x000000008aa00000| PB 0x000000008aa00000| Complete 
|  95|0x000000008ab00000, 0x000000008ac00000, 0x000000008ac00000|100%| E|CS|TAMS 0x000000008ab00000| PB 0x000000008ab00000| Complete 
|  96|0x000000008ac00000, 0x000000008ad00000, 0x000000008ad00000|100%| E|CS|TAMS 0x000000008ac00000| PB 0x000000008ac00000| Complete 
|  97|0x000000008ad00000, 0x000000008ae00000, 0x000000008ae00000|100%| E|CS|TAMS 0x000000008ad00000| PB 0x000000008ad00000| Complete 
|  98|0x000000008ae00000, 0x000000008af00000, 0x000000008af00000|100%| E|CS|TAMS 0x000000008ae00000| PB 0x000000008ae00000| Complete 
|  99|0x000000008af00000, 0x000000008b000000, 0x000000008b000000|100%| E|CS|TAMS 0x000000008af00000| PB 0x000000008af00000| Complete 
| 100|0x000000008b000000, 0x000000008b100000, 0x000000008b100000|100%| E|CS|TAMS 0x000000008b000000| PB 0x000000008b000000| Complete 
| 101|0x000000008b100000, 0x000000008b200000, 0x000000008b200000|100%| E|CS|TAMS 0x000000008b100000| PB 0x000000008b100000| Complete 
| 102|0x000000008b200000, 0x000000008b300000, 0x000000008b300000|100%| E|CS|TAMS 0x000000008b200000| PB 0x000000008b200000| Complete 
| 103|0x000000008b300000, 0x000000008b400000, 0x000000008b400000|100%| E|CS|TAMS 0x000000008b300000| PB 0x000000008b300000| Complete 
| 104|0x000000008b400000, 0x000000008b500000, 0x000000008b500000|100%| E|CS|TAMS 0x000000008b400000| PB 0x000000008b400000| Complete 
| 105|0x000000008b500000, 0x000000008b5ccbf0, 0x000000008b600000| 79%| S|CS|TAMS 0x000000008b500000| PB 0x000000008b500000| Complete 
| 106|0x000000008b600000, 0x000000008b700000, 0x000000008b700000|100%| E|CS|TAMS 0x000000008b600000| PB 0x000000008b600000| Complete 
| 107|0x000000008b700000, 0x000000008b800000, 0x000000008b800000|100%| E|CS|TAMS 0x000000008b700000| PB 0x000000008b700000| Complete 
| 108|0x000000008b800000, 0x000000008b900000, 0x000000008b900000|100%| E|CS|TAMS 0x000000008b800000| PB 0x000000008b800000| Complete 
| 109|0x000000008b900000, 0x000000008ba00000, 0x000000008ba00000|100%| E|CS|TAMS 0x000000008b900000| PB 0x000000008b900000| Complete 
| 110|0x000000008ba00000, 0x000000008bb00000, 0x000000008bb00000|100%| E|CS|TAMS 0x000000008ba00000| PB 0x000000008ba00000| Complete 
| 111|0x000000008bb00000, 0x000000008bc00000, 0x000000008bc00000|100%| E|CS|TAMS 0x000000008bb00000| PB 0x000000008bb00000| Complete 
| 112|0x000000008bc00000, 0x000000008bd00000, 0x000000008bd00000|100%| E|CS|TAMS 0x000000008bc00000| PB 0x000000008bc00000| Complete 
| 113|0x000000008bd00000, 0x000000008be00000, 0x000000008be00000|100%| E|CS|TAMS 0x000000008bd00000| PB 0x000000008bd00000| Complete 
| 114|0x000000008be00000, 0x000000008bf00000, 0x000000008bf00000|100%| E|CS|TAMS 0x000000008be00000| PB 0x000000008be00000| Complete 
| 115|0x000000008bf00000, 0x000000008c000000, 0x000000008c000000|100%| E|CS|TAMS 0x000000008bf00000| PB 0x000000008bf00000| Complete 
| 116|0x000000008c000000, 0x000000008c100000, 0x000000008c100000|100%| E|CS|TAMS 0x000000008c000000| PB 0x000000008c000000| Complete 
| 117|0x000000008c100000, 0x000000008c200000, 0x000000008c200000|100%| E|CS|TAMS 0x000000008c100000| PB 0x000000008c100000| Complete 
| 118|0x000000008c200000, 0x000000008c300000, 0x000000008c300000|100%| E|CS|TAMS 0x000000008c200000| PB 0x000000008c200000| Complete 
| 119|0x000000008c300000, 0x000000008c400000, 0x000000008c400000|100%| E|CS|TAMS 0x000000008c300000| PB 0x000000008c300000| Complete 
| 120|0x000000008c400000, 0x000000008c500000, 0x000000008c500000|100%| E|CS|TAMS 0x000000008c400000| PB 0x000000008c400000| Complete 
| 121|0x000000008c500000, 0x000000008c600000, 0x000000008c600000|100%| E|CS|TAMS 0x000000008c500000| PB 0x000000008c500000| Complete 
| 122|0x000000008c600000, 0x000000008c700000, 0x000000008c700000|100%| E|CS|TAMS 0x000000008c600000| PB 0x000000008c600000| Complete 
| 123|0x000000008c700000, 0x000000008c800000, 0x000000008c800000|100%| E|CS|TAMS 0x000000008c700000| PB 0x000000008c700000| Complete 

Card table byte_map: [0x000001d69abc0000,0x000001d69afa0000] _byte_map_base: 0x000001d69a79a000

Marking Bits: (CMBitMap*) 0x000001d68339a060
 Bits: [0x000001d69afa0000, 0x000001d69ce70000)

Polling page: 0x000001d6812c0000

Metaspace:

Usage:
  Non-class:     12.36 MB used.
      Class:      1.67 MB used.
       Both:     14.04 MB used.

Virtual space:
  Non-class space:       64.00 MB reserved,      12.44 MB ( 19%) committed,  1 nodes.
      Class space:        1.00 GB reserved,       1.75 MB ( <1%) committed,  1 nodes.
             Both:        1.06 GB reserved,      14.19 MB (  1%) committed. 

Chunk freelists:
   Non-Class:  2.88 MB
       Class:  14.06 MB
        Both:  16.94 MB

MaxMetaspaceSize: unlimited
CompressedClassSpaceSize: 1.00 GB
Initial GC threshold: 21.00 MB
Current GC threshold: 21.00 MB
CDS: on
 - commit_granule_bytes: 65536.
 - commit_granule_words: 8192.
 - virtual_space_node_default_size: 8388608.
 - enlarge_chunks_in_place: 1.
 - use_allocation_guard: 0.


Internal statistics:

num_allocs_failed_limit: 0.
num_arena_births: 148.
num_arena_deaths: 0.
num_vsnodes_births: 2.
num_vsnodes_deaths: 0.
num_space_committed: 227.
num_space_uncommitted: 0.
num_chunks_returned_to_freelist: 0.
num_chunks_taken_from_freelist: 605.
num_chunk_merges: 0.
num_chunk_splits: 437.
num_chunks_enlarged: 364.
num_inconsistent_stats: 0.

CodeHeap 'non-profiled nmethods': size=120000Kb used=1035Kb max_used=1035Kb free=118964Kb
 bounds [0x000001d6932b0000, 0x000001d693520000, 0x000001d69a7e0000]
CodeHeap 'profiled nmethods': size=120000Kb used=5618Kb max_used=5618Kb free=114381Kb
 bounds [0x000001d68b7e0000, 0x000001d68bd60000, 0x000001d692d10000]
CodeHeap 'non-nmethods': size=5760Kb used=1531Kb max_used=1547Kb free=4228Kb
 bounds [0x000001d692d10000, 0x000001d692f80000, 0x000001d6932b0000]
 total_blobs=3320 nmethods=2834 adapters=390
 compilation: enabled
              stopped_count=0, restarted_count=0
 full_count=0

Compilation events (20 events):
Event: 3.225 Thread 0x000001d6e5d79200 2804       4       java.util.LinkedHashMap::afterNodeInsertion (40 bytes)
Event: 3.225 Thread 0x000001d69f35fa40 2805       1       org.codehaus.plexus.util.xml.pull.MXParser::getLineNumber (5 bytes)
Event: 3.225 Thread 0x000001d69f35fa40 nmethod 2805 0x000001d6933b0a10 code [0x000001d6933b0ba0, 0x000001d6933b0c68]
Event: 3.225 Thread 0x000001d69f35fa40 2806       1       org.codehaus.plexus.util.xml.pull.MXParser::getColumnNumber (5 bytes)
Event: 3.225 Thread 0x000001d69f35fa40 nmethod 2806 0x000001d6933b0d10 code [0x000001d6933b0ea0, 0x000001d6933b0f68]
Event: 3.225 Thread 0x000001d69f35fa40 2807       3       java.lang.String::valueOf (39 bytes)
Event: 3.225 Thread 0x000001d6e5d79200 nmethod 2804 0x000001d6933b1010 code [0x000001d6933b11a0, 0x000001d6933b1248]
Event: 3.226 Thread 0x000001d69f35fa40 nmethod 2807 0x000001d68bd4eb90 code [0x000001d68bd4ed80, 0x000001d68bd4f480]
Event: 3.226 Thread 0x000001d69f35fa40 2808       3       java.lang.StringLatin1::toBytes (9 bytes)
Event: 3.226 Thread 0x000001d69f35fa40 nmethod 2808 0x000001d68bd4f690 code [0x000001d68bd4f820, 0x000001d68bd4f9b0]
Event: 3.230 Thread 0x000001d69f35fa40 2809       3       java.lang.Byte::hashCode (8 bytes)
Event: 3.230 Thread 0x000001d69f35fa40 nmethod 2809 0x000001d68bd4fa90 code [0x000001d68bd4fc40, 0x000001d68bd4fda8]
Event: 3.230 Thread 0x000001d69f35fa40 2810       3       java.lang.Byte::hashCode (2 bytes)
Event: 3.230 Thread 0x000001d69f35fa40 nmethod 2810 0x000001d68bd4fe90 code [0x000001d68bd50020, 0x000001d68bd50110]
Event: 3.231 Thread 0x000001d69f35fa40 2811       1       java.lang.invoke.DirectMethodHandle::isCrackable (5 bytes)
Event: 3.231 Thread 0x000001d6e5d79200 2813       4       jdk.internal.org.objectweb.asm.SymbolTable$Entry::<init> (17 bytes)
Event: 3.231 Thread 0x000001d69f35fa40 nmethod 2811 0x000001d6933b1310 code [0x000001d6933b14a0, 0x000001d6933b1570]
Event: 3.231 Thread 0x000001d69f35fa40 2812       3       jdk.internal.misc.CDS::isDumpingArchive (4 bytes)
Event: 3.231 Thread 0x000001d69f35fa40 nmethod 2812 0x000001d68bd50190 code [0x000001d68bd50320, 0x000001d68bd50410]
Event: 3.233 Thread 0x000001d6e5d79200 nmethod 2813 0x000001d6933b1a90 code [0x000001d6933b1c20, 0x000001d6933b1e58]

GC Heap History (4 events):
Event: 1.133 GC heap before
{Heap before GC invocations=0 (full 0):
 garbage-first heap   total 126976K, used 13312K [0x0000000084c00000, 0x0000000100000000)
  region size 1024K, 13 young (13312K), 0 survivors (0K)
 Metaspace       used 3639K, committed 3776K, reserved 1114112K
  class space    used 366K, committed 448K, reserved 1048576K
}
Event: 1.139 GC heap after
{Heap after GC invocations=1 (full 0):
 garbage-first heap   total 126976K, used 3232K [0x0000000084c00000, 0x0000000100000000)
  region size 1024K, 2 young (2048K), 2 survivors (2048K)
 Metaspace       used 3639K, committed 3776K, reserved 1114112K
  class space    used 366K, committed 448K, reserved 1048576K
}
Event: 1.619 GC heap before
{Heap before GC invocations=1 (full 0):
 garbage-first heap   total 126976K, used 18592K [0x0000000084c00000, 0x0000000100000000)
  region size 1024K, 18 young (18432K), 2 survivors (2048K)
 Metaspace       used 6153K, committed 6336K, reserved 1114112K
  class space    used 716K, committed 832K, reserved 1048576K
}
Event: 1.624 GC heap after
{Heap after GC invocations=2 (full 0):
 garbage-first heap   total 126976K, used 4242K [0x0000000084c00000, 0x0000000100000000)
  region size 1024K, 1 young (1024K), 1 survivors (1024K)
 Metaspace       used 6153K, committed 6336K, reserved 1114112K
  class space    used 716K, committed 832K, reserved 1048576K
}

Dll operation events (8 events):
Event: 0.013 Loaded shared library C:\Program Files\Java\jdk-21\bin\java.dll
Event: 0.078 Loaded shared library C:\Program Files\Java\jdk-21\bin\jsvml.dll
Event: 0.122 Loaded shared library C:\Program Files\Java\jdk-21\bin\net.dll
Event: 0.124 Loaded shared library C:\Program Files\Java\jdk-21\bin\nio.dll
Event: 0.131 Loaded shared library C:\Program Files\Java\jdk-21\bin\zip.dll
Event: 0.522 Loaded shared library C:\Program Files\Java\jdk-21\bin\jimage.dll
Event: 0.524 Loaded shared library C:\Program Files\apache-maven-3.9.11\lib\jansi-native\Windows\x86_64\jansi.dll
Event: 0.575 Loaded shared library C:\Program Files\Java\jdk-21\bin\verify.dll

Deoptimization events (20 events):
Event: 3.047 Thread 0x000001d6810dd380 Uncommon trap: trap_request=0xffffffd6 fr.pc=0x000001d69339d98c relative=0x0000000000000b4c
Event: 3.047 Thread 0x000001d6810dd380 Uncommon trap: reason=array_check action=maybe_recompile pc=0x000001d69339d98c method=com.google.inject.internal.MoreTypes$ParameterizedTypeImpl.<init>(Ljava/lang/reflect/Type;Ljava/lang/reflect/Type;[Ljava/lang/reflect/Type;)V @ 200 c2
Event: 3.047 Thread 0x000001d6810dd380 DEOPT PACKING pc=0x000001d69339d98c sp=0x00000067823faf70
Event: 3.047 Thread 0x000001d6810dd380 DEOPT UNPACKING pc=0x000001d692d67da2 sp=0x00000067823fae88 mode 2
Event: 3.071 Thread 0x000001d6810dd380 Uncommon trap: trap_request=0xffffff45 fr.pc=0x000001d6933a45d4 relative=0x0000000000000734
Event: 3.071 Thread 0x000001d6810dd380 Uncommon trap: reason=unstable_if action=reinterpret pc=0x000001d6933a45d4 method=org.eclipse.sisu.inject.InjectorBindings.isAssignableFrom(Lcom/google/inject/TypeLiteral;Lcom/google/inject/Binding;)Z @ 15 c2
Event: 3.071 Thread 0x000001d6810dd380 DEOPT PACKING pc=0x000001d6933a45d4 sp=0x00000067823fdc40
Event: 3.071 Thread 0x000001d6810dd380 DEOPT UNPACKING pc=0x000001d692d67da2 sp=0x00000067823fdc00 mode 2
Event: 3.099 Thread 0x000001d6810dd380 Uncommon trap: trap_request=0xffffff45 fr.pc=0x000001d693310a10 relative=0x00000000000008f0
Event: 3.099 Thread 0x000001d6810dd380 Uncommon trap: reason=unstable_if action=reinterpret pc=0x000001d693310a10 method=sun.nio.cs.StreamDecoder.implRead([CII)I @ 36 c2
Event: 3.099 Thread 0x000001d6810dd380 DEOPT PACKING pc=0x000001d693310a10 sp=0x00000067823fe6b0
Event: 3.099 Thread 0x000001d6810dd380 DEOPT UNPACKING pc=0x000001d692d67da2 sp=0x00000067823fe670 mode 2
Event: 3.099 Thread 0x000001d6810dd380 Uncommon trap: trap_request=0x00000259 fr.pc=0x000001d6932dfb84 relative=0x00000000000000e4
Event: 3.099 Thread 0x000001d6810dd380 Uncommon trap: reason=unloaded action=reinterpret pc=0x000001d6932dfb84 method=org.codehaus.plexus.util.xml.pull.MXParser.more()C @ 22 c2
Event: 3.099 Thread 0x000001d6810dd380 DEOPT PACKING pc=0x000001d6932dfb84 sp=0x00000067823fe9f0
Event: 3.099 Thread 0x000001d6810dd380 DEOPT UNPACKING pc=0x000001d692d67da2 sp=0x00000067823fe990 mode 2
Event: 3.216 Thread 0x000001d6810dd380 Uncommon trap: trap_request=0xffffff45 fr.pc=0x000001d6933ad390 relative=0x0000000000000070
Event: 3.216 Thread 0x000001d6810dd380 Uncommon trap: reason=unstable_if action=reinterpret pc=0x000001d6933ad390 method=org.codehaus.plexus.util.xml.pull.MXParser.isValidCodePoint(I)Z @ 15 c2
Event: 3.217 Thread 0x000001d6810dd380 DEOPT PACKING pc=0x000001d6933ad390 sp=0x00000067823fdfb0
Event: 3.217 Thread 0x000001d6810dd380 DEOPT UNPACKING pc=0x000001d692d67da2 sp=0x00000067823fdf48 mode 2

Classes loaded (20 events):
Event: 3.178 Loading class jdk/internal/misc/ThreadTracker
Event: 3.179 Loading class jdk/internal/misc/ThreadTracker done
Event: 3.179 Loading class jdk/internal/misc/ThreadTracker$ThreadRef
Event: 3.179 Loading class jdk/internal/misc/ThreadTracker$ThreadRef done
Event: 3.179 Loading class java/net/URL$2
Event: 3.179 Loading class java/net/URL$2 done
Event: 3.179 Loading class java/net/URL$1
Event: 3.179 Loading class java/net/URL$1 done
Event: 3.179 Loading class java/net/spi/URLStreamHandlerProvider
Event: 3.179 Loading class java/net/spi/URLStreamHandlerProvider done
Event: 3.179 Loading class sun/net/www/protocol/https/Handler
Event: 3.179 Loading class sun/net/www/protocol/http/Handler
Event: 3.179 Loading class sun/net/www/protocol/http/Handler done
Event: 3.179 Loading class sun/net/www/protocol/https/Handler done
Event: 3.182 Loading class java/util/regex/Pattern$Pos
Event: 3.182 Loading class java/util/regex/Pattern$Pos done
Event: 3.187 Loading class java/util/ArrayList$SubList$1
Event: 3.187 Loading class java/util/ArrayList$SubList$1 done
Event: 3.194 Loading class java/util/concurrent/atomic/AtomicReference
Event: 3.194 Loading class java/util/concurrent/atomic/AtomicReference done

Classes unloaded (0 events):
No events

Classes redefined (0 events):
No events

Internal exceptions (20 events):
Event: 1.236 Thread 0x000001d6810dd380 Exception <a 'java/lang/NoSuchMethodError'{0x000000008c5ba1c8}: 'int java.lang.invoke.DirectMethodHandle$Holder.invokeStatic(java.lang.Object, java.lang.Object, java.lang.Object, java.lang.Object)'> (0x000000008c5ba1c8) 
thrown [s\open\src\hotspot\share\interpreter\linkResolver.cpp, line 773]
Event: 1.237 Thread 0x000001d6810dd380 Exception <a 'java/lang/NoSuchMethodError'{0x000000008c5bd858}: 'java.lang.Object java.lang.invoke.Invokers$Holder.invokeExact_MT(java.lang.Object, java.lang.Object, java.lang.Object, java.lang.Object, java.lang.Object, java.lang.Object)'> (0x000000008c5bd858) 
thrown [s\open\src\hotspot\share\interpreter\linkResolver.cpp, line 773]
Event: 1.240 Thread 0x000001d6810dd380 Exception <a 'java/lang/NoSuchMethodError'{0x000000008c5cbf58}: 'int java.lang.invoke.DirectMethodHandle$Holder.invokeSpecialIFC(java.lang.Object, java.lang.Object, java.lang.Object, java.lang.Object, java.lang.Object)'> (0x000000008c5cbf58) 
thrown [s\open\src\hotspot\share\interpreter\linkResolver.cpp, line 773]
Event: 1.303 Thread 0x000001d6810dd380 Exception <a 'java/lang/NoSuchMethodError'{0x000000008c369f78}: 'java.lang.Object java.lang.invoke.DirectMethodHandle$Holder.newInvokeSpecial(java.lang.Object, java.lang.Object, java.lang.Object, java.lang.Object, java.lang.Object)'> (0x000000008c369f78) 
thrown [s\open\src\hotspot\share\interpreter\linkResolver.cpp, line 773]
Event: 1.356 Thread 0x000001d6810dd380 Exception <a 'java/lang/NoSuchMethodError'{0x000000008c287de8}: 'int java.lang.invoke.DirectMethodHandle$Holder.invokeStaticInit(java.lang.Object, java.lang.Object)'> (0x000000008c287de8) 
thrown [s\open\src\hotspot\share\interpreter\linkResolver.cpp, line 773]
Event: 1.367 Thread 0x000001d6810dd380 Exception <a 'java/lang/NoClassDefFoundError'{0x000000008c2bf878}: javax/enterprise/inject/Typed> (0x000000008c2bf878) 
thrown [s\open\src\hotspot\share\classfile\systemDictionary.cpp, line 301]
Event: 2.449 Thread 0x000001d6810dd380 Exception <a 'java/lang/NoSuchMethodError'{0x000000008ab78240}: 'void java.lang.invoke.DirectMethodHandle$Holder.invokeStaticInit(java.lang.Object, java.lang.Object, java.lang.Object)'> (0x000000008ab78240) 
thrown [s\open\src\hotspot\share\interpreter\linkResolver.cpp, line 773]
Event: 2.462 Thread 0x000001d6810dd380 Exception <a 'java/lang/ExceptionInInitializerError'{0x000000008aba5970}> (0x000000008aba5970) 
thrown [s\open\src\hotspot\share\oops\instanceKlass.cpp, line 1192]
Event: 2.490 Thread 0x000001d6810dd380 Exception <a 'java/lang/NoSuchMethodError'{0x000000008aa0f448}: 'long java.lang.invoke.DirectMethodHandle$Holder.invokeStatic(java.lang.Object, java.lang.Object, int)'> (0x000000008aa0f448) 
thrown [s\open\src\hotspot\share\interpreter\linkResolver.cpp, line 773]
Event: 2.492 Thread 0x000001d6810dd380 Exception <a 'java/lang/NoSuchMethodError'{0x000000008aa22520}: 'java.lang.Object java.lang.invoke.DirectMethodHandle$Holder.invokeStatic(java.lang.Object, java.lang.Object, java.lang.Object, java.lang.Object, int)'> (0x000000008aa22520) 
thrown [s\open\src\hotspot\share\interpreter\linkResolver.cpp, line 773]
Event: 2.493 Thread 0x000001d6810dd380 Exception <a 'java/lang/NoSuchMethodError'{0x000000008aa2a458}: 'java.lang.Object java.lang.invoke.DirectMethodHandle$Holder.invokeSpecial(java.lang.Object, java.lang.Object, java.lang.Object, java.lang.Object, long)'> (0x000000008aa2a458) 
thrown [s\open\src\hotspot\share\interpreter\linkResolver.cpp, line 773]
Event: 2.495 Thread 0x000001d6810dd380 Exception <a 'java/lang/NoSuchMethodError'{0x000000008aa35f78}: 'java.lang.Object java.lang.invoke.DirectMethodHandle$Holder.invokeSpecial(java.lang.Object, java.lang.Object, java.lang.Object, int, java.lang.Object)'> (0x000000008aa35f78) 
thrown [s\open\src\hotspot\share\interpreter\linkResolver.cpp, line 773]
Event: 2.497 Thread 0x000001d6810dd380 Exception <a 'java/lang/NoSuchMethodError'{0x000000008aa3e0b8}: 'int java.lang.invoke.DirectMethodHandle$Holder.invokeSpecial(java.lang.Object, java.lang.Object, java.lang.Object, int)'> (0x000000008aa3e0b8) 
thrown [s\open\src\hotspot\share\interpreter\linkResolver.cpp, line 773]
Event: 2.502 Thread 0x000001d6810dd380 Implicit null exception at 0x000001d69333beda to 0x000001d69333c0d4
Event: 2.504 Thread 0x000001d6810dd380 Exception <a 'java/lang/NoSuchMethodError'{0x000000008aa62b50}: 'java.lang.Object java.lang.invoke.Invokers$Holder.invokeExact_MT(java.lang.Object, int, java.lang.Object)'> (0x000000008aa62b50) 
thrown [s\open\src\hotspot\share\interpreter\linkResolver.cpp, line 773]
Event: 2.825 Thread 0x000001d6810dd380 Exception <a 'java/lang/NoSuchMethodError'{0x000000008a25e6d0}: 'void java.lang.invoke.Invokers$Holder.invokeExact_MT(java.lang.Object, java.lang.Object, java.lang.Object, java.lang.Object)'> (0x000000008a25e6d0) 
thrown [s\open\src\hotspot\share\interpreter\linkResolver.cpp, line 773]
Event: 2.846 Thread 0x000001d6810dd380 Exception <a 'java/lang/NoClassDefFoundError'{0x000000008a2ec128}: com/google/inject/servlet/ServletModuleTargetVisitor> (0x000000008a2ec128) 
thrown [s\open\src\hotspot\share\classfile\systemDictionary.cpp, line 301]
Event: 2.952 Thread 0x000001d6810dd380 Exception <a 'java/lang/NoSuchMethodError'{0x000000008a0b06d0}: 'void java.lang.invoke.DirectMethodHandle$Holder.invokeVirtual(java.lang.Object, java.lang.Object)'> (0x000000008a0b06d0) 
thrown [s\open\src\hotspot\share\interpreter\linkResolver.cpp, line 773]
Event: 3.007 Thread 0x000001d6810dd380 Exception <a 'java/lang/NoSuchMethodError'{0x0000000089f302a8}: 'java.lang.Object java.lang.invoke.DirectMethodHandle$Holder.invokeStaticInit(java.lang.Object, int, int, int, int)'> (0x0000000089f302a8) 
thrown [s\open\src\hotspot\share\interpreter\linkResolver.cpp, line 773]
Event: 3.230 Thread 0x000001d6810dd380 Exception <a 'java/lang/NoSuchMethodError'{0x0000000089be2668}: 'void java.lang.invoke.DirectMethodHandle$Holder.invokeSpecial(java.lang.Object, java.lang.Object, java.lang.Object, java.lang.Object, java.lang.Object)'> (0x0000000089be2668) 
thrown [s\open\src\hotspot\share\interpreter\linkResolver.cpp, line 773]

ZGC Phase Switch (0 events):
No events

VM Operations (20 events):
Event: 2.476 Executing VM operation: HandshakeAllThreads (Deoptimize)
Event: 2.476 Executing VM operation: HandshakeAllThreads (Deoptimize) done
Event: 2.550 Executing VM operation: HandshakeAllThreads (Deoptimize)
Event: 2.550 Executing VM operation: HandshakeAllThreads (Deoptimize) done
Event: 2.552 Executing VM operation: HandshakeAllThreads (Deoptimize)
Event: 2.552 Executing VM operation: HandshakeAllThreads (Deoptimize) done
Event: 2.626 Executing VM operation: HandshakeAllThreads (Deoptimize)
Event: 2.626 Executing VM operation: HandshakeAllThreads (Deoptimize) done
Event: 2.819 Executing VM operation: HandshakeAllThreads (Deoptimize)
Event: 2.819 Executing VM operation: HandshakeAllThreads (Deoptimize) done
Event: 2.823 Executing VM operation: ICBufferFull
Event: 2.823 Executing VM operation: ICBufferFull done
Event: 2.969 Executing VM operation: HandshakeAllThreads (Deoptimize)
Event: 2.969 Executing VM operation: HandshakeAllThreads (Deoptimize) done
Event: 3.037 Executing VM operation: HandshakeAllThreads (Deoptimize)
Event: 3.037 Executing VM operation: HandshakeAllThreads (Deoptimize) done
Event: 3.100 Executing VM operation: HandshakeAllThreads (Deoptimize)
Event: 3.100 Executing VM operation: HandshakeAllThreads (Deoptimize) done
Event: 3.180 Executing VM operation: HandshakeAllThreads (Deoptimize)
Event: 3.180 Executing VM operation: HandshakeAllThreads (Deoptimize) done

Events (17 events):
Event: 0.051 Thread 0x000001d6810dd380 Thread added: 0x000001d6810dd380
Event: 0.075 Thread 0x000001d69f349ab0 Thread added: 0x000001d69f349ab0
Event: 0.075 Thread 0x000001d69f34f320 Thread added: 0x000001d69f34f320
Event: 0.075 Thread 0x000001d69f355740 Thread added: 0x000001d69f355740
Event: 0.076 Thread 0x000001d69f356280 Thread added: 0x000001d69f356280
Event: 0.076 Thread 0x000001d69f357ae0 Thread added: 0x000001d69f357ae0
Event: 0.076 Thread 0x000001d69f359340 Thread added: 0x000001d69f359340
Event: 0.076 Thread 0x000001d69f35a1b0 Thread added: 0x000001d69f35a1b0
Event: 0.076 Thread 0x000001d69f35fa40 Thread added: 0x000001d69f35fa40
Event: 0.110 Thread 0x000001d69f5cb160 Thread added: 0x000001d69f5cb160
Event: 0.116 Thread 0x000001d69f5f21c0 Thread added: 0x000001d69f5f21c0
Event: 0.518 Thread 0x000001d6e5100220 Thread added: 0x000001d6e5100220
Event: 0.929 Thread 0x000001d6e5100220 Thread exited: 0x000001d6e5100220
Event: 1.416 Thread 0x000001d6e58ff310 Thread added: 0x000001d6e58ff310
Event: 2.156 Thread 0x000001d6e58ff310 Thread exited: 0x000001d6e58ff310
Event: 2.592 Thread 0x000001d6e5d79200 Thread added: 0x000001d6e5d79200
Event: 3.128 Thread 0x000001d6e5c655c0 Thread added: 0x000001d6e5c655c0


Dynamic libraries:
0x00007ff6fbda0000 - 0x00007ff6fbdb0000 	C:\Program Files\Java\jdk-21\bin\java.exe
0x00007ffb74840000 - 0x00007ffb74aa8000 	C:\WINDOWS\SYSTEM32\ntdll.dll
0x00007ffb73b80000 - 0x00007ffb73c49000 	C:\WINDOWS\System32\KERNEL32.DLL
0x00007ffb720b0000 - 0x00007ffb724a2000 	C:\WINDOWS\System32\KERNELBASE.dll
0x00007ffb71f60000 - 0x00007ffb720ab000 	C:\WINDOWS\System32\ucrtbase.dll
0x00007ffb6c1f0000 - 0x00007ffb6c209000 	C:\Program Files\Java\jdk-21\bin\jli.dll
0x00007ffb6c700000 - 0x00007ffb6c71b000 	C:\Program Files\Java\jdk-21\bin\VCRUNTIME140.dll
0x00007ffb72d90000 - 0x00007ffb72e44000 	C:\WINDOWS\System32\ADVAPI32.dll
0x00007ffb73df0000 - 0x00007ffb73e99000 	C:\WINDOWS\System32\msvcrt.dll
0x00007ffb73180000 - 0x00007ffb73226000 	C:\WINDOWS\System32\sechost.dll
0x00007ffb74570000 - 0x00007ffb74688000 	C:\WINDOWS\System32\RPCRT4.dll
0x00007ffb738c0000 - 0x00007ffb73a85000 	C:\WINDOWS\System32\USER32.dll
0x00007ffb719d0000 - 0x00007ffb719f7000 	C:\WINDOWS\System32\win32u.dll
0x00007ffb746e0000 - 0x00007ffb7470b000 	C:\WINDOWS\System32\GDI32.dll
0x00007ffb71a00000 - 0x00007ffb71b2d000 	C:\WINDOWS\System32\gdi32full.dll
0x00007ffb71bc0000 - 0x00007ffb71c63000 	C:\WINDOWS\System32\msvcp_win.dll
0x00007ffb63690000 - 0x00007ffb6369b000 	C:\WINDOWS\SYSTEM32\VERSION.dll
0x00007ffb52d00000 - 0x00007ffb52f93000 	C:\WINDOWS\WinSxS\amd64_microsoft.windows.common-controls_6595b64144ccf1df_6.0.26100.6899_none_3e0efeeae32e88c1\COMCTL32.dll
0x00007ffb741b0000 - 0x00007ffb741df000 	C:\WINDOWS\System32\IMM32.DLL
0x00007ffb6c260000 - 0x00007ffb6c26c000 	C:\Program Files\Java\jdk-21\bin\vcruntime140_1.dll
0x00007ffb5b550000 - 0x00007ffb5b5de000 	C:\Program Files\Java\jdk-21\bin\msvcp140.dll
0x00007ffacd450000 - 0x00007fface16d000 	C:\Program Files\Java\jdk-21\bin\server\jvm.dll
0x00007ffb73d70000 - 0x00007ffb73de4000 	C:\WINDOWS\System32\WS2_32.dll
0x00007ffb71850000 - 0x00007ffb718ae000 	C:\WINDOWS\SYSTEM32\POWRPROF.dll
0x00007ffb5c710000 - 0x00007ffb5c745000 	C:\WINDOWS\SYSTEM32\WINMM.dll
0x00007ffb71830000 - 0x00007ffb71844000 	C:\WINDOWS\SYSTEM32\UMPDC.dll
0x00007ffb70780000 - 0x00007ffb7079b000 	C:\WINDOWS\SYSTEM32\kernel.appcore.dll
0x00007ffb63f20000 - 0x00007ffb63f2a000 	C:\Program Files\Java\jdk-21\bin\jimage.dll
0x00007ffb6eed0000 - 0x00007ffb6f112000 	C:\WINDOWS\SYSTEM32\DBGHELP.DLL
0x00007ffb741f0000 - 0x00007ffb7456b000 	C:\WINDOWS\System32\combase.dll
0x00007ffb73aa0000 - 0x00007ffb73b77000 	C:\WINDOWS\System32\OLEAUT32.dll
0x00007ffb52060000 - 0x00007ffb5209c000 	C:\WINDOWS\SYSTEM32\dbgcore.DLL
0x00007ffb724b0000 - 0x00007ffb72548000 	C:\WINDOWS\System32\bcryptPrimitives.dll
0x00007ffb63f00000 - 0x00007ffb63f1f000 	C:\Program Files\Java\jdk-21\bin\java.dll
0x00007ffb72640000 - 0x00007ffb72d8d000 	C:\WINDOWS\System32\SHELL32.dll
0x00007ffb71c70000 - 0x00007ffb71ddb000 	C:\WINDOWS\System32\wintypes.dll
0x00007ffb6f610000 - 0x00007ffb6fe6d000 	C:\WINDOWS\SYSTEM32\windows.storage.dll
0x00007ffb73c70000 - 0x00007ffb73d62000 	C:\WINDOWS\System32\SHCORE.dll
0x00007ffb74710000 - 0x00007ffb74772000 	C:\WINDOWS\System32\shlwapi.dll
0x00007ffb718f0000 - 0x00007ffb71919000 	C:\WINDOWS\SYSTEM32\profapi.dll
0x00007ffb1bf80000 - 0x00007ffb1c057000 	C:\Program Files\Java\jdk-21\bin\jsvml.dll
0x00007ffb63a70000 - 0x00007ffb63a80000 	C:\Program Files\Java\jdk-21\bin\net.dll
0x00007ffb645b0000 - 0x00007ffb646cf000 	C:\WINDOWS\SYSTEM32\WINHTTP.dll
0x00007ffb70d10000 - 0x00007ffb70d7b000 	C:\WINDOWS\system32\mswsock.dll
0x00007ffb63a50000 - 0x00007ffb63a66000 	C:\Program Files\Java\jdk-21\bin\nio.dll
0x00007ffb63930000 - 0x00007ffb63948000 	C:\Program Files\Java\jdk-21\bin\zip.dll
0x00007ffb55e60000 - 0x00007ffb55e84000 	C:\Program Files\apache-maven-3.9.11\lib\jansi-native\Windows\x86_64\jansi.dll
0x00007ffb63900000 - 0x00007ffb63910000 	C:\Program Files\Java\jdk-21\bin\verify.dll

dbghelp: loaded successfully - version: 4.0.5 - missing functions: none
symbol engine: initialized successfully - sym options: 0x614 - pdb path: .;C:\Program Files\Java\jdk-21\bin;C:\WINDOWS\SYSTEM32;C:\WINDOWS\WinSxS\amd64_microsoft.windows.common-controls_6595b64144ccf1df_6.0.26100.6899_none_3e0efeeae32e88c1;C:\Program Files\Java\jdk-21\bin\server;C:\Program Files\apache-maven-3.9.11\lib\jansi-native\Windows\x86_64

VM Arguments:
jvm_args: --enable-native-access=ALL-UNNAMED -Dclassworlds.conf=C:\Program Files\apache-maven-3.9.11\bin\m2.conf -Dmaven.home=C:\Program Files\apache-maven-3.9.11 -Dlibrary.jansi.path=C:\Program Files\apache-maven-3.9.11\lib\jansi-native -Dmaven.multiModuleProjectDirectory=C:\Users\SUJITHA\eclipse-workspace\My Maven project 2025\qa-framework 
java_command: org.codehaus.plexus.classworlds.launcher.Launcher clean test
java_class_path (initial): C:\Program Files\apache-maven-3.9.11\boot\plexus-classworlds-2.9.0.jar
Launcher Type: SUN_STANDARD

[Global flags]
     intx CICompilerCount                          = 3                                         {product} {ergonomic}
     uint ConcGCThreads                            = 1                                         {product} {ergonomic}
     uint G1ConcRefinementThreads                  = 4                                         {product} {ergonomic}
   size_t G1HeapRegionSize                         = 1048576                                   {product} {ergonomic}
    uintx GCDrainStackTargetSize                   = 64                                        {product} {ergonomic}
   size_t InitialHeapSize                          = 130023424                                 {product} {ergonomic}
   size_t MarkStackSize                            = 4194304                                   {product} {ergonomic}
   size_t MaxHeapSize                              = 2067791872                                {product} {ergonomic}
   size_t MaxNewSize                               = 1240465408                                {product} {ergonomic}
   size_t MinHeapDeltaBytes                        = 1048576                                   {product} {ergonomic}
   size_t MinHeapSize                              = 8388608                                   {product} {ergonomic}
    uintx NonNMethodCodeHeapSize                   = 5832780                                {pd product} {ergonomic}
    uintx NonProfiledCodeHeapSize                  = 122912730                              {pd product} {ergonomic}
    uintx ProfiledCodeHeapSize                     = 122912730                              {pd product} {ergonomic}
    uintx ReservedCodeCacheSize                    = 251658240                              {pd product} {ergonomic}
     bool SegmentedCodeCache                       = true                                      {product} {ergonomic}
   size_t SoftMaxHeapSize                          = 2067791872                             {manageable} {ergonomic}
     bool UseCompressedOops                        = true                           {product lp64_product} {ergonomic}
     bool UseG1GC                                  = true                                      {product} {ergonomic}
     bool UseLargePagesIndividualAllocation        = false                                  {pd product} {ergonomic}

Logging:
Log output configuration:
 #0: stdout all=warning uptime,level,tags foldmultilines=false
 #1: stderr all=off uptime,level,tags foldmultilines=false

Environment Variables:
JAVA_HOME=C:\Program Files\Java\jdk-21
PATH=C:\Program Files\Common Files\Oracle\Java\javapath;C:\WINDOWS\system32;C:\WINDOWS;C:\WINDOWS\System32\Wbem;C:\WINDOWS\System32\WindowsPowerShell\v1.0\;C:\WINDOWS\System32\OpenSSH\;C:\Program Files\nodejs\;C:\Program Files\Docker\Docker\resources\bin;C:\Users\SUJITHA\AppData\Local\Microsoft\WindowsApps;C:\Users\SUJITHA\AppData\Roaming\npm;C:\Program Files\nodejs;C:\Program Files\nodejs\node_modules;C:\Program Files\Java\jdk-21\bin;C:\Program Files\apache-maven-3.9.11\bin;
USERNAME=SUJITHA
OS=Windows_NT
PROCESSOR_IDENTIFIER=Intel64 Family 6 Model 126 Stepping 5, GenuineIntel
TMP=C:\Users\SUJITHA\AppData\Local\Temp
TEMP=C:\Users\SUJITHA\AppData\Local\Temp




Periodic native trim disabled

---------------  S Y S T E M  ---------------

OS:
 Windows 11 , 64 bit Build 26100 (10.0.26100.6725)
OS uptime: 0 days 1:22 hours
Hyper-V role detected

CPU: total 4 (initial active 4) (2 cores per cpu, 2 threads per core) family 6 model 126 stepping 5 microcode 0xa0, cx8, cmov, fxsr, ht, mmx, 3dnowpref, sse, sse2, sse3, ssse3, sse4.1, sse4.2, popcnt, lzcnt, tsc, tscinvbit, avx, avx2, aes, erms, clmul, bmi1, bmi2, adx, avx512f, avx512dq, avx512cd, avx512bw, avx512vl, sha, fma, vzeroupper, avx512_vpopcntdq, avx512_vpclmulqdq, avx512_vaes, avx512_vnni, clflush, clflushopt, avx512_vbmi2, avx512_vbmi, hv, rdtscp, rdpid, fsrm, gfni, avx512_bitalg, f16c, avx512_ifma
Processor Information for processor 0
  Max Mhz: 1190, Current Mhz: 1190, Mhz Limit: 1190
Processor Information for processor 1
  Max Mhz: 1190, Current Mhz: 1190, Mhz Limit: 1190
Processor Information for processor 2
  Max Mhz: 1190, Current Mhz: 1190, Mhz Limit: 1190
Processor Information for processor 3
  Max Mhz: 1190, Current Mhz: 991, Mhz Limit: 1190

Memory: 4k page, system-wide physical 7880M (737M free)
TotalPageFile size 9928M (AvailPageFile size 5M)
current process WorkingSet (physical memory assigned to process): 127M, peak: 127M
current process commit charge ("private bytes"): 235M, peak: 235M

vm_info: Java HotSpot(TM) 64-Bit Server VM (21.0.8+12-LTS-250) for windows-amd64 JRE (21.0.8+12-LTS-250), built on 2025-06-27T08:11:22Z by "mach5one" with MS VC++ 17.6 (VS2022)

END.
